"D:/GitHub Repositories/UMGMenuSystem/UMGMenuExample.uproject" 1
"../../../Engine/Plugins/2D/Paper2D/Paper2D.uplugin" 2
"../../../Engine/Plugins/Developer/BlankPlugin/BlankPlugin.uplugin" 3
"../../../Engine/Plugins/Developer/GitSourceControl/GitSourceControl.uplugin" 4
"../../../Engine/Plugins/Developer/KDevelopSourceCodeAccess/KDevelopSourceCodeAccess.uplugin" 5
"../../../Engine/Plugins/Developer/PerforceSourceControl/PerforceSourceControl.uplugin" 6
"../../../Engine/Plugins/Developer/SubversionSourceControl/SubversionSourceControl.uplugin" 7
"../../../Engine/Plugins/Developer/UObjectPlugin/UObjectPlugin.uplugin" 8
"../../../Engine/Plugins/Developer/VisualStudioSourceCodeAccess/VisualStudioSourceCodeAccess.uplugin" 9
"../../../Engine/Plugins/Developer/XCodeSourceCodeAccess/XCodeSourceCodeAccess.uplugin" 10
"../../../Engine/Plugins/Editor/EpicSurvey/EpicSurvey.uplugin" 11
"../../../Engine/Plugins/Editor/MacGraphicsSwitching/MacGraphicsSwitching.uplugin" 12
"../../../Engine/Plugins/Editor/PluginsEditor/PluginsEditor.uplugin" 13
"../../../Engine/Plugins/Editor/SpeedTreeImporter/SpeedTreeImporter.uplugin" 14
"../../../Engine/Plugins/Experimental/BlueprintStats/BlueprintStats.uplugin" 15
"../../../Engine/Plugins/Experimental/CharacterAI/CharacterAI.uplugin" 16
"../../../Engine/Plugins/Experimental/CodeView/CodeView.uplugin" 17
"../../../Engine/Plugins/Experimental/LiveEditor/LiveEditor.uplugin" 18
"../../../Engine/Plugins/Experimental/Phya/Phya.uplugin" 19
"../../../Engine/Plugins/Experimental/SimpleHMD/SimpleHMD.uplugin" 20
"../../../Engine/Plugins/Experimental/SteamVR/SteamVR.uplugin" 21
"../../../Engine/Plugins/Media/AndroidMedia/AndroidMedia.uplugin" 22
"../../../Engine/Plugins/Media/AvfMedia/AvfMedia.uplugin" 23
"../../../Engine/Plugins/Media/MediaPlayerEditor/MediaPlayerEditor.uplugin" 24
"../../../Engine/Plugins/Media/WmfMedia/WmfMedia.uplugin" 25
"../../../Engine/Plugins/Messaging/MessagingDebugger/MessagingDebugger.uplugin" 26
"../../../Engine/Plugins/Messaging/ShmMessaging/ShmMessaging.uplugin" 27
"../../../Engine/Plugins/Messaging/UdpMessaging/UdpMessaging.uplugin" 28
"../../../Engine/Plugins/Runtime/Advertising/IOSTapJoy/IOSTapJoy.uplugin" 29
"../../../Engine/Plugins/Runtime/Analytics/AnalyticsBlueprintLibrary/AnalyticsBlueprintLibrary.uplugin" 30
"../../../Engine/Plugins/Runtime/Analytics/Apsalar/IOSApsalar/IOSApsalar.uplugin" 31
"../../../Engine/Plugins/Runtime/Analytics/FileLogging/FileLogging.uplugin" 32
"../../../Engine/Plugins/Runtime/AndroidDeviceProfileSelector/AndroidDeviceProfileSelector.uplugin" 33
"../../../Engine/Plugins/Runtime/AndroidMoviePlayer/AndroidMoviePlayer.uplugin" 34
"../../../Engine/Plugins/Runtime/AppleMoviePlayer/AppleMoviePlayer.uplugin" 35
"../../../Engine/Plugins/Runtime/CableComponent/CableComponent.uplugin" 36
"../../../Engine/Plugins/Runtime/CustomMeshComponent/CustomMeshComponent.uplugin" 37
"../../../Engine/Plugins/Runtime/ExampleDeviceProfileSelector/ExampleDeviceProfileSelector.uplugin" 38
"../../../Engine/Plugins/Runtime/GearVR/GearVR.uplugin" 39
"../../../Engine/Plugins/Runtime/IOSDeviceProfileSelector/IOSDeviceProfileSelector.uplugin" 40
"../../../Engine/Plugins/Runtime/LiveEditorListenServer/LiveEditorListenServer.uplugin" 41
"../../../Engine/Plugins/Runtime/OculusRift/OculusRift.uplugin" 42
"../../../Engine/Plugins/Runtime/SoundMod/SoundMod.uplugin" 43
"../../../Engine/Plugins/Runtime/SoundVisualizations/SoundVisualizations.uplugin" 44
"../../../Engine/Plugins/Runtime/TwitchLiveStreaming/TwitchLiveStreaming.uplugin" 45
"../../../Engine/Plugins/Runtime/WindowsDeviceProfileSelector/WindowsDeviceProfileSelector.uplugin" 46
"../../../Engine/Plugins/Runtime/WindowsMoviePlayer/WindowsMoviePlayer.uplugin" 47
"../../../Engine/Plugins/ScriptGeneratorPlugin/ScriptGeneratorPlugin.uplugin" 48
"../../../Engine/Plugins/ScriptPlugin/ScriptPlugin.uplugin" 49
"../../../Engine/Plugins/Slate/SlateRemote/SlateRemote.uplugin" 50
"..\..\..\Engine\Content\Internationalization\icudt53l\cnvalias.icu" 51
"..\..\..\Engine\Content\Internationalization\icudt53l\en_US_POSIX.res" 52
"..\..\..\Engine\Content\Internationalization\icudt53l\pool.res" 53
"..\..\..\Engine\Content\Internationalization\icudt53l\en_US.res" 54
"..\..\..\Engine\Content\Internationalization\icudt53l\en.res" 55
"..\..\..\Engine\Content\Internationalization\icudt53l\root.res" 56
"..\..\..\Engine\Content\Internationalization\icudt53l\coll\ucadata.icu" 57
"..\..\..\Engine\Content\Internationalization\icudt53l\nfc.nrm" 58
"..\..\..\Engine\Content\Internationalization\icudt53l\coll\en_US_POSIX.res" 59
"..\..\..\Engine\Content\Internationalization\icudt53l\coll\en_US.res" 60
"..\..\..\Engine\Content\Internationalization\icudt53l\coll\en.res" 61
"..\..\..\Engine\Content\Internationalization\icudt53l\coll\root.res" 62
"..\..\..\Engine\Content\Internationalization\icudt53l\numberingSystems.res" 63
"..\..\..\Engine\Content\Internationalization\icudt53l\curr\supplementalData.res" 64
"..\..\..\Engine\Content\Internationalization\icudt53l\curr\pool.res" 65
"..\..\..\Engine\Content\Internationalization\icudt53l\curr\en.res" 66
"..\..\..\Engine\Content\Internationalization\icudt53l\curr\root.res" 67
"..\..\..\Engine\Content\Internationalization\icudt53l\plurals.res" 68
"..\..\..\Engine\Content\Internationalization\icudt53l\windowsZones.res" 69
"..\..\..\Engine\Content\Internationalization\icudt53l\zoneinfo64.res" 70
"..\..\..\Engine\Content\Internationalization\icudt53l\keyTypeData.res" 71
"..\..\..\Engine\Content\Internationalization\icudt53l\timezoneTypes.res" 72
"..\..\..\Engine\Content\Internationalization\icudt53l\supplementalData.res" 73
"..\..\..\Engine\Content\Internationalization\icudt53l\likelySubtags.res" 74
"../../../Engine/Config/Base.ini" 75
"../../../Engine/Config/BaseEngine.ini" 76
"D:/GitHub Repositories/UMGMenuSystem/Config/DefaultEngine.ini" 77
"../../../Engine/Config/Windows/WindowsEngine.ini" 78
"D:/GitHub Repositories/UMGMenuSystem/Intermediate/Config/CoalescedSourceConfigs/Engine.ini" 79
"../../../Engine/Config/BaseGame.ini" 80
"D:/GitHub Repositories/UMGMenuSystem/Config/DefaultGame.ini" 81
"D:/GitHub Repositories/UMGMenuSystem/Saved/Config/Windows/Game.ini" 82
"D:/GitHub Repositories/UMGMenuSystem/Intermediate/Config/CoalescedSourceConfigs/Game.ini" 83
"../../../Engine/Config/BaseInput.ini" 84
"D:/GitHub Repositories/UMGMenuSystem/Config/DefaultInput.ini" 85
"D:/GitHub Repositories/UMGMenuSystem/Intermediate/Config/CoalescedSourceConfigs/Input.ini" 86
"../../../Engine/Config/BaseEditor.ini" 87
"D:/GitHub Repositories/UMGMenuSystem/Config/DefaultEditor.ini" 88
"D:/GitHub Repositories/UMGMenuSystem/Saved/Config/Windows/Editor.ini" 89
"D:/GitHub Repositories/UMGMenuSystem/Intermediate/Config/CoalescedSourceConfigs/Editor.ini" 90
"../../../Engine/Config/BaseEditorLayout.ini" 91
"D:/GitHub Repositories/UMGMenuSystem/Saved/Config/Windows/EditorLayout.ini" 92
"D:/GitHub Repositories/UMGMenuSystem/Intermediate/Config/CoalescedSourceConfigs/EditorLayout.ini" 93
"../../../Engine/Config/BaseEditorUserSettings.ini" 94
"D:/GitHub Repositories/UMGMenuSystem/Config/DefaultEditorUserSettings.ini" 95
"D:/GitHub Repositories/UMGMenuSystem/Intermediate/Config/CoalescedSourceConfigs/EditorUserSettings.ini" 96
"../../../Engine/Config/BaseEditorKeyBindings.ini" 97
"D:/GitHub Repositories/UMGMenuSystem/Intermediate/Config/CoalescedSourceConfigs/EditorKeyBindings.ini" 98
"../../../Engine/Config/BaseCompat.ini" 99
"D:/GitHub Repositories/UMGMenuSystem/Intermediate/Config/CoalescedSourceConfigs/Compat.ini" 100
"../../../Engine/Config/BaseLightmass.ini" 101
"D:/GitHub Repositories/UMGMenuSystem/Intermediate/Config/CoalescedSourceConfigs/Lightmass.ini" 102
"../../../Engine/Config/BaseScalability.ini" 103
"D:/GitHub Repositories/UMGMenuSystem/Intermediate/Config/CoalescedSourceConfigs/Scalability.ini" 104
"D:/GitHub Repositories/UMGMenuSystem/Config/DefaultGameUserSettings.ini" 105
"D:/GitHub Repositories/UMGMenuSystem/Intermediate/Config/CoalescedSourceConfigs/GameUserSettings.ini" 106
"../../../Engine/Config/BaseDeviceProfiles.ini" 107
"D:/GitHub Repositories/UMGMenuSystem/Intermediate/Config/CoalescedSourceConfigs/DeviceProfiles.ini" 108
"../../../Engine/Config/ConsoleVariables.ini" 109
"..\..\..\Engine\Content\Internationalization\icudt53l\es.res" 110
"..\..\..\Engine\Content\Internationalization\icudt53l\coll\es.res" 111
"..\..\..\Engine\Content\Internationalization\icudt53l\curr\es.res" 112
"..\..\..\Engine\Content\Internationalization\icudt53l\es_ES.res" 113
"..\..\..\Engine\Content\Internationalization\icudt53l\ja.res" 114
"..\..\..\Engine\Content\Internationalization\icudt53l\coll\ja.res" 115
"..\..\..\Engine\Content\Internationalization\icudt53l\curr\ja.res" 116
"..\..\..\Engine\Content\Internationalization\icudt53l\ja_JP.res" 117
"..\..\..\Engine\Content\Internationalization\icudt53l\ko.res" 118
"..\..\..\Engine\Content\Internationalization\icudt53l\coll\ko.res" 119
"..\..\..\Engine\Content\Internationalization\icudt53l\curr\ko.res" 120
"..\..\..\Engine\Content\Internationalization\icudt53l\ko_KR.res" 121
"..\..\..\Engine\Content\Internationalization\icudt53l\pt_BR.res" 122
"..\..\..\Engine\Content\Internationalization\icudt53l\pt.res" 123
"..\..\..\Engine\Content\Internationalization\icudt53l\coll\pt.res" 124
"..\..\..\Engine\Content\Internationalization\icudt53l\curr\pt.res" 125
"..\..\..\Engine\Content\Internationalization\icudt53l\zh_CN.res" 126
"..\..\..\Engine\Content\Internationalization\icudt53l\zh_Hans_CN.res" 127
"..\..\..\Engine\Content\Internationalization\icudt53l\zh_Hans.res" 128
"..\..\..\Engine\Content\Internationalization\icudt53l\zh.res" 129
"..\..\..\Engine\Content\Internationalization\icudt53l\coll\zh_CN.res" 130
"..\..\..\Engine\Content\Internationalization\icudt53l\coll\zh_Hans_CN.res" 131
"..\..\..\Engine\Content\Internationalization\icudt53l\coll\zh_Hans.res" 132
"..\..\..\Engine\Content\Internationalization\icudt53l\coll\zh.res" 133
"..\..\..\Engine\Content\Internationalization\icudt53l\curr\zh_CN.res" 134
"..\..\..\Engine\Content\Internationalization\icudt53l\curr\zh_Hans_CN.res" 135
"..\..\..\Engine\Content\Internationalization\icudt53l\curr\zh_Hans.res" 136
"..\..\..\Engine\Content\Internationalization\icudt53l\curr\zh.res" 137
"C:/Program Files/Epic Games/4.7/Engine/Content/Localization/Editor/en/Editor.locres" 138
"C:/Program Files/Epic Games/4.7/Engine/Content/Localization/EditorTutorials/en/EditorTutorials.locres" 139
"C:/Program Files/Epic Games/4.7/Engine/Content/Localization/Engine/en/Engine.locres" 140
"../../../Engine/Content/Slate/Fonts/Roboto-Regular.ttf" 141
"../../../Engine/Content/Slate/Fonts/DroidSansMono.ttf" 142
"../../../Engine/Content/Slate/Fonts/Roboto-Bold.ttf" 143
"../../../Engine/Content/Slate/Fonts/Roboto-Light.ttf" 144
"C:/Program Files/Epic Games/4.7/Engine/Binaries/Win64/../../../Engine/Shaders/ParticleSpriteVertexFactory.usf" 145
"C:/Program Files/Epic Games/4.7/Engine/Binaries/Win64/../../../Engine/Shaders/VertexFactoryCommon.usf" 146
"C:/Program Files/Epic Games/4.7/Engine/Binaries/Win64/../../../Engine/Shaders/Common.usf" 147
"C:/Program Files/Epic Games/4.7/Engine/Binaries/Win64/../../../Engine/Shaders/MetalCommon.usf" 148
"C:/Program Files/Epic Games/4.7/Engine/Binaries/Win64/../../../Engine/Shaders/ShaderVersion.usf" 149
"C:/Program Files/Epic Games/4.7/Engine/Binaries/Win64/../../../Engine/Shaders/Definitions.usf" 150
"C:/Program Files/Epic Games/4.7/Engine/Binaries/Win64/../../../Engine/Shaders/Random.usf" 151
"C:/Program Files/Epic Games/4.7/Engine/Binaries/Win64/../../../Engine/Shaders/ParticleVertexFactoryCommon.usf" 152
"C:/Program Files/Epic Games/4.7/Engine/Binaries/Win64/../../../Engine/Shaders/ParticleGPUSpriteVertexFactory.usf" 153
"C:/Program Files/Epic Games/4.7/Engine/Binaries/Win64/../../../Engine/Shaders/ParticleBeamTrailVertexFactory.usf" 154
"C:/Program Files/Epic Games/4.7/Engine/Binaries/Win64/../../../Engine/Shaders/VectorFieldVisualizationVertexFactory.usf" 155
"C:/Program Files/Epic Games/4.7/Engine/Binaries/Win64/../../../Engine/Shaders/LocalVertexFactory.usf" 156
"C:/Program Files/Epic Games/4.7/Engine/Binaries/Win64/../../../Engine/Shaders/LocalVertexFactoryCommon.usf" 157
"C:/Program Files/Epic Games/4.7/Engine/Binaries/Win64/../../../Engine/Shaders/MeshParticleVertexFactory.usf" 158
"C:/Program Files/Epic Games/4.7/Engine/Binaries/Win64/../../../Engine/Shaders/GpuSkinVertexFactory.usf" 159
"C:/Program Files/Epic Games/4.7/Engine/Binaries/Win64/../../../Engine/Shaders/GpuSkinCacheCommon.usf" 160
"C:/Program Files/Epic Games/4.7/Engine/Binaries/Win64/../../../Engine/Shaders/LandscapeVertexFactory.usf" 161
"C:/Program Files/Epic Games/4.7/Engine/Binaries/Win64/../../../Engine/Shaders/SlateElementPixelShader.usf" 162
"C:/Program Files/Epic Games/4.7/Engine/Binaries/Win64/../../../Engine/Shaders/MaterialTemplate.usf" 163
"C:/Program Files/Epic Games/4.7/Engine/Binaries/Win64/../../../Engine/Shaders/DepthOfFieldCommon.usf" 164
"C:/Program Files/Epic Games/4.7/Engine/Binaries/Win64/../../../Engine/Shaders/SpeedTreeCommon.usf" 165
"C:/Program Files/Epic Games/4.7/Engine/Binaries/Win64/../../../Engine/Shaders/AtmosphereCommon.usf" 166
"C:/Program Files/Epic Games/4.7/Engine/Binaries/Win64/../../../Engine/Shaders/PostProcessCommon.usf" 167
"C:/Program Files/Epic Games/4.7/Engine/Binaries/Win64/../../../Engine/Shaders/DeferredShadingCommon.usf" 168
"C:/Program Files/Epic Games/4.7/Engine/Binaries/Win64/../../../Engine/Shaders/LightAccumulator.usf" 169
"C:/Program Files/Epic Games/4.7/Engine/Binaries/Win64/../../../Engine/Shaders/SlateVertexShader.usf" 170
"C:/Program Files/Epic Games/4.7/Engine/Binaries/Win64/../../../Engine/Shaders/OneColorShader.usf" 171
"C:/Program Files/Epic Games/4.7/Engine/Binaries/Win64/../../../Engine/Shaders/ResolveVertexShader.usf" 172
"C:/Program Files/Epic Games/4.7/Engine/Binaries/Win64/../../../Engine/Shaders/ResolvePixelShader.usf" 173
"C:/Program Files/Epic Games/4.7/Engine/Binaries/Win64/../../../Engine/Shaders/VisualizeTexture.usf" 174
"C:/Program Files/Epic Games/4.7/Engine/Binaries/Win64/../../../Engine/Shaders/ScreenSpaceReflections.usf" 175
"C:/Program Files/Epic Games/4.7/Engine/Binaries/Win64/../../../Engine/Shaders/BRDF.usf" 176
"C:/Program Files/Epic Games/4.7/Engine/Binaries/Win64/../../../Engine/Shaders/MonteCarlo.usf" 177
"C:/Program Files/Epic Games/4.7/Engine/Binaries/Win64/../../../Engine/Shaders/FilterVertexShader.usf" 178
"C:/Program Files/Epic Games/4.7/Engine/Binaries/Win64/../../../Engine/Shaders/FilterPixelShader.usf" 179
"C:/Program Files/Epic Games/4.7/Engine/Binaries/Win64/../../../Engine/Shaders/PostProcessVisualizeHDR.usf" 180
"C:/Program Files/Epic Games/4.7/Engine/Binaries/Win64/../../../Engine/Shaders/PostProcessHistogramCommon.usf" 181
"C:/Program Files/Epic Games/4.7/Engine/Binaries/Win64/../../../Engine/Shaders/TonemapCommon.usf" 182
"C:/Program Files/Epic Games/4.7/Engine/Binaries/Win64/../../../Engine/Shaders/MiniFontCommon.usf" 183
"C:/Program Files/Epic Games/4.7/Engine/Binaries/Win64/../../../Engine/Shaders/PostProcessVisualizeBuffer.usf" 184
"C:/Program Files/Epic Games/4.7/Engine/Binaries/Win64/../../../Engine/Shaders/PostProcessUpscale.usf" 185
"C:/Program Files/Epic Games/4.7/Engine/Binaries/Win64/../../../Engine/Shaders/PostProcessTonemap.usf" 186
"C:/Program Files/Epic Games/4.7/Engine/Binaries/Win64/../../../Engine/Shaders/PostProcessTestImage.usf" 187
"C:/Program Files/Epic Games/4.7/Engine/Binaries/Win64/../../../Engine/Shaders/PostProcessTemporalAA.usf" 188
"C:/Program Files/Epic Games/4.7/Engine/Binaries/Win64/../../../Engine/Shaders/PostProcessTemporalCommon.usf" 189
"C:/Program Files/Epic Games/4.7/Engine/Binaries/Win64/../../../Engine/Shaders/PostProcessSubsurface.usf" 190
"C:/Program Files/Epic Games/4.7/Engine/Binaries/Win64/../../../Engine/Shaders/SeparableSSS.usf" 191
"C:/Program Files/Epic Games/4.7/Engine/Binaries/Win64/../../../Engine/Shaders/PostProcessSelectionOutline.usf" 192
"C:/Program Files/Epic Games/4.7/Engine/Binaries/Win64/../../../Engine/Shaders/PostProcessSceneColorFringe.usf" 193
"C:/Program Files/Epic Games/4.7/Engine/Binaries/Win64/../../../Engine/Shaders/PostProcessNoiseBlur.usf" 194
"C:/Program Files/Epic Games/4.7/Engine/Binaries/Win64/../../../Engine/Shaders/PostProcessMotionBlur.usf" 195
"C:/Program Files/Epic Games/4.7/Engine/Binaries/Win64/../../../Engine/Shaders/PostProcessMobile.usf" 196
"C:/Program Files/Epic Games/4.7/Engine/Binaries/Win64/../../../Engine/Shaders/PostProcessMaterialShaders.usf" 197
"C:/Program Files/Epic Games/4.7/Engine/Binaries/Win64/../../../Engine/Shaders/PostProcessLensFlares.usf" 198
"C:/Program Files/Epic Games/4.7/Engine/Binaries/Win64/../../../Engine/Shaders/PostProcessLensBlur.usf" 199
"C:/Program Files/Epic Games/4.7/Engine/Binaries/Win64/../../../Engine/Shaders/PostProcessBloom.usf" 200
"C:/Program Files/Epic Games/4.7/Engine/Binaries/Win64/../../../Engine/Shaders/PostProcessHMD.usf" 201
"C:/Program Files/Epic Games/4.7/Engine/Binaries/Win64/../../../Engine/Shaders/PostProcessHistogramReduce.usf" 202
"C:/Program Files/Epic Games/4.7/Engine/Binaries/Win64/../../../Engine/Shaders/PostProcessHistogram.usf" 203
"C:/Program Files/Epic Games/4.7/Engine/Binaries/Win64/../../../Engine/Shaders/PostProcessGBufferHints.usf" 204
"C:/Program Files/Epic Games/4.7/Engine/Binaries/Win64/../../../Engine/Shaders/PostProcessEyeAdaptation.usf" 205
"C:/Program Files/Epic Games/4.7/Engine/Binaries/Win64/../../../Engine/Shaders/PostProcessDownsample.usf" 206
"C:/Program Files/Epic Games/4.7/Engine/Binaries/Win64/../../../Engine/Shaders/PostProcessDOF.usf" 207
"C:/Program Files/Epic Games/4.7/Engine/Binaries/Win64/../../../Engine/Shaders/PostProcessCompositeEditorPrimitives.usf" 208
"C:/Program Files/Epic Games/4.7/Engine/Binaries/Win64/../../../Engine/Shaders/PostProcessCombineLUTs.usf" 209
"C:/Program Files/Epic Games/4.7/Engine/Binaries/Win64/../../../Engine/Shaders/PostProcessBusyWait.usf" 210
"C:/Program Files/Epic Games/4.7/Engine/Binaries/Win64/../../../Engine/Shaders/PostProcessBokehDOF.usf" 211
"C:/Program Files/Epic Games/4.7/Engine/Binaries/Win64/../../../Engine/Shaders/FXAAShader.usf" 212
"C:/Program Files/Epic Games/4.7/Engine/Binaries/Win64/../../../Engine/Shaders/Fxaa3_11.usf" 213
"C:/Program Files/Epic Games/4.7/Engine/Binaries/Win64/../../../Engine/Shaders/PostProcessPassThrough.usf" 214
"C:/Program Files/Epic Games/4.7/Engine/Binaries/Win64/../../../Engine/Shaders/PostProcessLpvIndirect.usf" 215
"C:/Program Files/Epic Games/4.7/Engine/Binaries/Win64/../../../Engine/Shaders/DeferredLightingCommon.usf" 216
"C:/Program Files/Epic Games/4.7/Engine/Binaries/Win64/../../../Engine/Shaders/DynamicLightingCommon.usf" 217
"C:/Program Files/Epic Games/4.7/Engine/Binaries/Win64/../../../Engine/Shaders/IESLightProfilesCommon.usf" 218
"C:/Program Files/Epic Games/4.7/Engine/Binaries/Win64/../../../Engine/Shaders/LPVFinalPass.usf" 219
"C:/Program Files/Epic Games/4.7/Engine/Binaries/Win64/../../../Engine/Shaders/LPVCommon.usf" 220
"C:/Program Files/Epic Games/4.7/Engine/Binaries/Win64/../../../Engine/Shaders/DeferredDecal.usf" 221
"C:/Program Files/Epic Games/4.7/Engine/Binaries/Win64/../../../Engine/Shaders/PostProcessAmbientOcclusion.usf" 222
"C:/Program Files/Epic Games/4.7/Engine/Binaries/Win64/../../../Engine/Shaders/PostProcessAmbient.usf" 223
"C:/Program Files/Epic Games/4.7/Engine/Binaries/Win64/../../../Engine/Shaders/CubemapCommon.usf" 224
"C:/Program Files/Epic Games/4.7/Engine/Binaries/Win64/../../../Engine/Shaders/VelocityShader.usf" 225
"C:/Program Files/Epic Games/4.7/Engine/Binaries/Win64/../../../Engine/Shaders/Tessellation.usf" 226
"C:/Program Files/Epic Games/4.7/Engine/Binaries/Win64/../../../Engine/Shaders/FlatTessellation.usf" 227
"C:/Program Files/Epic Games/4.7/Engine/Binaries/Win64/../../../Engine/Shaders/PNTriangles.usf" 228
"C:/Program Files/Epic Games/4.7/Engine/Binaries/Win64/../../../Engine/Shaders/TranslucentLightingShaders.usf" 229
"C:/Program Files/Epic Games/4.7/Engine/Binaries/Win64/../../../Engine/Shaders/SHCommon.usf" 230
"C:/Program Files/Epic Games/4.7/Engine/Binaries/Win64/../../../Engine/Shaders/ShadowProjectionCommon.usf" 231
"C:/Program Files/Epic Games/4.7/Engine/Binaries/Win64/../../../Engine/Shaders/TranslucentLightInjectionShaders.usf" 232
"C:/Program Files/Epic Games/4.7/Engine/Binaries/Win64/../../../Engine/Shaders/LightFunctionCommon.usf" 233
"C:/Program Files/Epic Games/4.7/Engine/Binaries/Win64/../../../Engine/Shaders/TranslucentShadowDepthShaders.usf" 234
"C:/Program Files/Epic Games/4.7/Engine/Binaries/Win64/../../../Engine/Shaders/ShadowDepthCommon.usf" 235
"C:/Program Files/Epic Games/4.7/Engine/Binaries/Win64/../../../Engine/Shaders/TiledDeferredLightShaders.usf" 236
"C:/Program Files/Epic Games/4.7/Engine/Binaries/Win64/../../../Engine/Shaders/ShadowProjectionPixelShader.usf" 237
"C:/Program Files/Epic Games/4.7/Engine/Binaries/Win64/../../../Engine/Shaders/ShadowFilteringCommon.usf" 238
"C:/Program Files/Epic Games/4.7/Engine/Binaries/Win64/../../../Engine/Shaders/ShadowProjectionVertexShader.usf" 239
"C:/Program Files/Epic Games/4.7/Engine/Binaries/Win64/../../../Engine/Shaders/ShadowDepthPixelShader.usf" 240
"C:/Program Files/Epic Games/4.7/Engine/Binaries/Win64/../../../Engine/Shaders/LPVWriteVplCommon.usf" 241
"C:/Program Files/Epic Games/4.7/Engine/Binaries/Win64/../../../Engine/Shaders/LPVWriteCommon.usf" 242
"C:/Program Files/Epic Games/4.7/Engine/Binaries/Win64/../../../Engine/Shaders/ShadowDepthVertexShader.usf" 243
"C:/Program Files/Epic Games/4.7/Engine/Binaries/Win64/../../../Engine/Shaders/ShaderComplexityApplyPixelShader.usf" 244
"C:/Program Files/Epic Games/4.7/Engine/Binaries/Win64/../../../Engine/Shaders/ShaderComplexityApplyVertexShader.usf" 245
"C:/Program Files/Epic Games/4.7/Engine/Binaries/Win64/../../../Engine/Shaders/ShaderComplexityAccumulatePixelShader.usf" 246
"C:/Program Files/Epic Games/4.7/Engine/Binaries/Win64/../../../Engine/Shaders/HZBOcclusion.usf" 247
"C:/Program Files/Epic Games/4.7/Engine/Binaries/Win64/../../../Engine/Shaders/OcclusionQueryVertexShader.usf" 248
"C:/Program Files/Epic Games/4.7/Engine/Binaries/Win64/../../../Engine/Shaders/HitProxyPixelShader.usf" 249
"C:/Program Files/Epic Games/4.7/Engine/Binaries/Win64/../../../Engine/Shaders/HitProxyVertexShader.usf" 250
"C:/Program Files/Epic Games/4.7/Engine/Binaries/Win64/../../../Engine/Shaders/ReflectionEnvironmentShaders.usf" 251
"C:/Program Files/Epic Games/4.7/Engine/Binaries/Win64/../../../Engine/Shaders/ReflectionEnvironmentShared.usf" 252
"C:/Program Files/Epic Games/4.7/Engine/Binaries/Win64/../../../Engine/Shaders/SkyLightingShared.usf" 253
"C:/Program Files/Epic Games/4.7/Engine/Binaries/Win64/../../../Engine/Shaders/ReflectionEnvironmentComputeShaders.usf" 254
"C:/Program Files/Epic Games/4.7/Engine/Binaries/Win64/../../../Engine/Shaders/LightShaftShader.usf" 255
"C:/Program Files/Epic Games/4.7/Engine/Binaries/Win64/../../../Engine/Shaders/StationaryLightOverlapShaders.usf" 256
"C:/Program Files/Epic Games/4.7/Engine/Binaries/Win64/../../../Engine/Shaders/DeferredLightPixelShaders.usf" 257
"C:/Program Files/Epic Games/4.7/Engine/Binaries/Win64/../../../Engine/Shaders/DeferredLightVertexShaders.usf" 258
"C:/Program Files/Epic Games/4.7/Engine/Binaries/Win64/../../../Engine/Shaders/LPVVisualise.usf" 259
"C:/Program Files/Epic Games/4.7/Engine/Binaries/Win64/../../../Engine/Shaders/LPVGeometryVolumeCommon.usf" 260
"C:/Program Files/Epic Games/4.7/Engine/Binaries/Win64/../../../Engine/Shaders/LPVDirectLightInject.usf" 261
"C:/Program Files/Epic Games/4.7/Engine/Binaries/Win64/../../../Engine/Shaders/LPVPropagate.usf" 262
"C:/Program Files/Epic Games/4.7/Engine/Binaries/Win64/../../../Engine/Shaders/LPVBuildGeometryVolume.usf" 263
"C:/Program Files/Epic Games/4.7/Engine/Binaries/Win64/../../../Engine/Shaders/LPVInject_AccumulateVplLists.usf" 264
"C:/Program Files/Epic Games/4.7/Engine/Binaries/Win64/../../../Engine/Shaders/LPVInject_GenerateVplLists.usf" 265
"C:/Program Files/Epic Games/4.7/Engine/Binaries/Win64/../../../Engine/Shaders/LPVClearLists.usf" 266
"C:/Program Files/Epic Games/4.7/Engine/Binaries/Win64/../../../Engine/Shaders/LPVClear.usf" 267
"C:/Program Files/Epic Games/4.7/Engine/Binaries/Win64/../../../Engine/Shaders/LightMapDensityShader.usf" 268
"C:/Program Files/Epic Games/4.7/Engine/Binaries/Win64/../../../Engine/Shaders/LightFunctionPixelShader.usf" 269
"C:/Program Files/Epic Games/4.7/Engine/Binaries/Win64/../../../Engine/Shaders/LightFunctionVertexShader.usf" 270
"C:/Program Files/Epic Games/4.7/Engine/Binaries/Win64/../../../Engine/Shaders/HdrCustomResolveShaders.usf" 271
"C:/Program Files/Epic Games/4.7/Engine/Binaries/Win64/../../../Engine/Shaders/GPUBenchmark.usf" 272
"C:/Program Files/Epic Games/4.7/Engine/Binaries/Win64/../../../Engine/Shaders/GammaCorrection.usf" 273
"C:/Program Files/Epic Games/4.7/Engine/Binaries/Win64/../../../Engine/Shaders/BasePassForForwardShadingPixelShader.usf" 274
"C:/Program Files/Epic Games/4.7/Engine/Binaries/Win64/../../../Engine/Shaders/BasePassForForwardShadingCommon.usf" 275
"C:/Program Files/Epic Games/4.7/Engine/Binaries/Win64/../../../Engine/Shaders/LightmapCommon.usf" 276
"C:/Program Files/Epic Games/4.7/Engine/Binaries/Win64/../../../Engine/Shaders/BasePassForForwardShadingVertexShader.usf" 277
"C:/Program Files/Epic Games/4.7/Engine/Binaries/Win64/../../../Engine/Shaders/HeightFogCommon.usf" 278
"C:/Program Files/Epic Games/4.7/Engine/Binaries/Win64/../../../Engine/Shaders/HeightFogPixelShader.usf" 279
"C:/Program Files/Epic Games/4.7/Engine/Binaries/Win64/../../../Engine/Shaders/HeightFogVertexShader.usf" 280
"C:/Program Files/Epic Games/4.7/Engine/Binaries/Win64/../../../Engine/Shaders/DistortAccumulatePS.usf" 281
"C:/Program Files/Epic Games/4.7/Engine/Binaries/Win64/../../../Engine/Shaders/DistortAccumulateVS.usf" 282
"C:/Program Files/Epic Games/4.7/Engine/Binaries/Win64/../../../Engine/Shaders/DistortApplyScreenPS.usf" 283
"C:/Program Files/Epic Games/4.7/Engine/Binaries/Win64/../../../Engine/Shaders/DistanceFieldSurfaceCacheLighting.usf" 284
"C:/Program Files/Epic Games/4.7/Engine/Binaries/Win64/../../../Engine/Shaders/DistanceFieldLightingShared.usf" 285
"C:/Program Files/Epic Games/4.7/Engine/Binaries/Win64/../../../Engine/Shaders/DistanceFieldAOShared.usf" 286
"C:/Program Files/Epic Games/4.7/Engine/Binaries/Win64/../../../Engine/Shaders/SkyLighting.usf" 287
"C:/Program Files/Epic Games/4.7/Engine/Binaries/Win64/../../../Engine/Shaders/DistanceFieldSurfaceCacheLightingCompute.usf" 288
"C:/Program Files/Epic Games/4.7/Engine/Binaries/Win64/../../../Engine/Shaders/DistanceFieldShadowing.usf" 289
"C:/Program Files/Epic Games/4.7/Engine/Binaries/Win64/../../../Engine/Shaders/DepthOnlyPixelShader.usf" 290
"C:/Program Files/Epic Games/4.7/Engine/Binaries/Win64/../../../Engine/Shaders/DepthOnlyVertexShader.usf" 291
"C:/Program Files/Epic Games/4.7/Engine/Binaries/Win64/../../../Engine/Shaders/PositionOnlyDepthVertexShader.usf" 292
"C:/Program Files/Epic Games/4.7/Engine/Binaries/Win64/../../../Engine/Shaders/DownsampleDepthPixelShader.usf" 293
"C:/Program Files/Epic Games/4.7/Engine/Binaries/Win64/../../../Engine/Shaders/BasePassPixelShader.usf" 294
"C:/Program Files/Epic Games/4.7/Engine/Binaries/Win64/../../../Engine/Shaders/BasePassCommon.usf" 295
"C:/Program Files/Epic Games/4.7/Engine/Binaries/Win64/../../../Engine/Shaders/BasePassVertexShader.usf" 296
"C:/Program Files/Epic Games/4.7/Engine/Binaries/Win64/../../../Engine/Shaders/BasePassVertexCommon.usf" 297
"C:/Program Files/Epic Games/4.7/Engine/Binaries/Win64/../../../Engine/Shaders/BasePassTessellationShaders.usf" 298
"C:/Program Files/Epic Games/4.7/Engine/Binaries/Win64/../../../Engine/Shaders/AtmospherePrecompute.usf" 299
"C:/Program Files/Epic Games/4.7/Engine/Binaries/Win64/../../../Engine/Shaders/AtmospherePrecomputeCommon.usf" 300
"C:/Program Files/Epic Games/4.7/Engine/Binaries/Win64/../../../Engine/Shaders/AtmospherePrecomputeInscatter.usf" 301
"C:/Program Files/Epic Games/4.7/Engine/Binaries/Win64/../../../Engine/Shaders/AtmosphericFogShader.usf" 302
"C:/Program Files/Epic Games/4.7/Engine/Binaries/Win64/../../../Engine/Shaders/ParticleSortKeyGen.usf" 303
"C:/Program Files/Epic Games/4.7/Engine/Binaries/Win64/../../../Engine/Shaders/ParticleBoundsShader.usf" 304
"C:/Program Files/Epic Games/4.7/Engine/Binaries/Win64/../../../Engine/Shaders/ParticleSimVisualizeShader.usf" 305
"C:/Program Files/Epic Games/4.7/Engine/Binaries/Win64/../../../Engine/Shaders/ParticleInjectionShader.usf" 306
"C:/Program Files/Epic Games/4.7/Engine/Binaries/Win64/../../../Engine/Shaders/ParticleSimulationShader.usf" 307
"C:/Program Files/Epic Games/4.7/Engine/Binaries/Win64/../../../Engine/Shaders/ParticleCurveInjectionShader.usf" 308
"C:/Program Files/Epic Games/4.7/Engine/Binaries/Win64/../../../Engine/Shaders/VectorFieldCompositeShaders.usf" 309
"C:/Program Files/Epic Games/4.7/Engine/Binaries/Win64/../../../Engine/Shaders/UpdateTextureShaders.usf" 310
"C:/Program Files/Epic Games/4.7/Engine/Binaries/Win64/../../../Engine/Shaders/SimpleElementColorChannelMaskPixelShader.usf" 311
"C:/Program Files/Epic Games/4.7/Engine/Binaries/Win64/../../../Engine/Shaders/SimpleElementHitProxyPixelShader.usf" 312
"C:/Program Files/Epic Games/4.7/Engine/Binaries/Win64/../../../Engine/Shaders/SimpleElementPixelShader.usf" 313
"C:/Program Files/Epic Games/4.7/Engine/Binaries/Win64/../../../Engine/Shaders/ColorUtils.usf" 314
"C:/Program Files/Epic Games/4.7/Engine/Binaries/Win64/../../../Engine/Shaders/SimpleElementVertexShader.usf" 315
"C:/Program Files/Epic Games/4.7/Engine/Binaries/Win64/../../../Engine/Shaders/ScreenVertexShader.usf" 316
"C:/Program Files/Epic Games/4.7/Engine/Binaries/Win64/../../../Engine/Shaders/ScreenPixelShader.usf" 317
"C:/Program Files/Epic Games/4.7/Engine/Binaries/Win64/../../../Engine/Shaders/RadixSortShaders.usf" 318
"C:/Program Files/Epic Games/4.7/Engine/Binaries/Win64/../../../Engine/Shaders/GpuSkinCacheComputeShader.usf" 319
"C:/Program Files/Epic Games/4.7/Engine/Binaries/Win64/../../../Engine/Shaders/NullPixelShader.usf" 320
"C:/Program Files/Epic Games/4.7/Engine/Binaries/Win64/../../../Engine/Shaders/ClearReplacementShaders.usf" 321
"C:/Program Files/Epic Games/4.7/Engine/Binaries/Win64/../../../Engine/Shaders/SimpleElementTexture2DPreviewPixelShader.usf" 322
"C:/Program Files/Epic Games/4.7/Engine/Binaries/Win64/../../../Engine/Shaders/SimpleElementNormalMapPixelShader.usf" 323
"C:/Program Files/Epic Games/4.7/Engine/Binaries/Win64/../../../Engine/Shaders/meshpaintdilatepixelshader.usf" 324
"C:/Program Files/Epic Games/4.7/Engine/Binaries/Win64/../../../Engine/Shaders/meshpaintdilatevertexshader.usf" 325
"C:/Program Files/Epic Games/4.7/Engine/Binaries/Win64/../../../Engine/Shaders/MeshPaintPixelShader.usf" 326
"C:/Program Files/Epic Games/4.7/Engine/Binaries/Win64/../../../Engine/Shaders/MeshPaintVertexShader.usf" 327
"D:/GitHub Repositories/UMGMenuSystem/Saved/Config/Windows/Engine.ini" 328
"../../../Engine/Config/Android/AndroidEngine.ini" 329
"../../../Engine/Config/HTML5/HTML5Engine.ini" 330
"../../../Engine/Config/IOS/IOSEngine.ini" 331
"../../../Engine/Config/Linux/LinuxEngine.ini" 332
"C:/Users/Rohit/AppData/Local/UnrealEngine/4.7/DerivedDataCache/Boot.ddc" 333
"../../../Engine/DerivedDataCache/Compressed.ddp" 334
"../../../Engine/Content/EngineFonts/Roboto.uasset" 335
"../../../Engine/Content/EngineMaterials/Widget3DPassThrough_Translucent.uasset" 336
"../../../Engine/Content/EngineMaterials/Widget3DPassThrough.uasset" 337
"../../../Engine/Content/EngineResources/WhiteSquareTexture.uasset" 338
"../../../Engine/Content/Functions/Engine_MaterialFunctions01/Shading/PowerToRoughness.uasset" 339
"../../../Engine/Content/Functions/Engine_MaterialFunctions01/Shading/ConvertFromDiffSpec.uasset" 340
"../../../Engine/Content/EngineMaterials/WorldGridMaterial.uasset" 341
"../../../Engine/Content/Functions/Engine_MaterialFunctions01/Opacity/CameraDepthFade.uasset" 342
"../../../Engine/Content/EngineMaterials/T_Default_Material_Grid_M.uasset" 343
"../../../Engine/Content/EngineMaterials/T_Default_Material_Grid_N.uasset" 344
"../../../Engine/Content/EngineMaterials/DefaultDeferredDecalMaterial.uasset" 345
"../../../Engine/Content/EngineMaterials/DefaultDiffuse.uasset" 346
"../../../Engine/Content/EngineMaterials/DefaultLightFunctionMaterial.uasset" 347
"../../../Engine/Content/EngineMaterials/DefaultPostProcessMaterial.uasset" 348
"../../../Engine/Content/Functions/Engine_MaterialFunctions02/Utility/BreakOutFloat2Components.uasset" 349
"../../../Engine/Content/EngineResources/DefaultTexture.uasset" 350
"../../../Engine/Content/EngineMaterials/Widget3DPassThrough_Translucent_OneSided.uasset" 351
"../../../Engine/Content/EngineMaterials/Widget3DPassThrough_Opaque.uasset" 352
"../../../Engine/Content/EngineMaterials/Widget3DPassThrough_Opaque_OneSided.uasset" 353
"../../../Engine/Content/EditorResources/S_Actor.uasset" 354
"../../../Engine/Content/EditorLandscapeResources/DataLayer.uasset" 355
"../../../Engine/Content/Maps/Templates/Thumbnails/Default.uasset" 356
"../../../Engine/Content/EditorMaterials/ParticleSystems/PSysThumbnail_NoImage.uasset" 357
"../../../Engine/Content/EditorMaterials/ParticleSystems/PSysThumbnail_OOD.uasset" 358
"../../../Engine/Content/EngineDamageTypes/DmgTypeBP_Environmental.uasset" 359
"../../../Engine/Content/EngineMeshes/Sphere.uasset" 360
"../../../Engine/Content/EngineFonts/RobotoDistanceField.uasset" 361
"../../../Engine/Content/EngineMaterials/DefaultTextMaterialOpaque.uasset" 362
"../../../Engine/Content/EditorResources/S_Trigger.uasset" 363
"../../../Engine/Content/EngineResources/GradientTexture0.uasset" 364
"../../../Engine/Content/EngineResources/Black.uasset" 365
"../../../Engine/Content/EditorMaterials/MatineeGroups/MAT_Groups_Float.uasset" 366
"../../../Engine/Content/EditorMaterials/MatineeGroups/MAT_Groups_Director.uasset" 367
"../../../Engine/Content/EditorMaterials/MatineeGroups/MAT_Groups_Event.uasset" 368
"../../../Engine/Content/EditorMaterials/MatineeGroups/MAT_Groups_Anim.uasset" 369
"../../../Engine/Content/EditorMaterials/MatineeGroups/MAT_Groups_Fade.uasset" 370
"../../../Engine/Content/EditorMaterials/MatineeGroups/MAT_Groups_Move.uasset" 371
"../../../Engine/Content/EditorMaterials/MatineeGroups/MAT_Groups_Slomo.uasset" 372
"../../../Engine/Content/EditorMaterials/MatineeGroups/MAT_ColorTrack.uasset" 373
"../../../Engine/Content/EditorMaterials/MAT_Groups_Toggle.uasset" 374
"../../../Engine/Content/EditorMaterials/MatineeGroups/MAT_Groups_AudioMaster.uasset" 375
"../../../Engine/Content/EditorMaterials/MatineeGroups/MAT_Groups_Sound.uasset" 376
"../../../Engine/Content/EditorMaterials/MatineeGroups/MAT_Groups_Vector.uasset" 377
"../../../Engine/Content/EditorMaterials/MAT_Groups_Visibility.uasset" 378
"../../../Engine/Content/EngineResources/DefaultTextureCube.uasset" 379
"../../../Engine/Content/EngineSounds/Master.uasset" 380
"../../../Engine/Content/EngineSounds/Music.uasset" 381
"../../../Engine/Content/EngineSounds/SFX.uasset" 382
"../../../Engine/Content/EngineSounds/Normal_Attack.uasset" 383
"../../../Engine/Content/EngineSounds/Special_Attack_PSM.uasset" 384
"../../../Engine/Content/EngineSounds/Duck_Normal_Attack_MixMod.uasset" 385
"../../../Engine/Content/EngineSounds/Voice.uasset" 386
"../../../Engine/Content/EngineMeshes/Cylinder.uasset" 387
"../../../Engine/Content/EngineMaterials/DefaultMaterial.uasset" 388
"../../../Engine/Content/EngineTireTypes/DefaultTireType.uasset" 389
"../../../Engine/Content/Editor/Slate/Fonts/FontAwesome.ttf" 390
"../../../Engine/Content/Editor/Slate/Fonts/DroidSansMono.ttf" 391
"../../../Engine/Content/Editor/Slate/Fonts/Roboto-BoldCondensed.ttf" 392
"../../../Engine/Content/Editor/Slate/Fonts/Roboto-Black.ttf" 393
"../../../Engine/Content/Editor/Slate/Fonts/Roboto-Italic.ttf" 394
"../../../Engine/Content/Editor/Slate/Fonts/Roboto-BoldCondensedItalic.ttf" 395
"../../../Engine/Plugins/2D/Paper2D/Content/MaskedUnlitSpriteMaterial.uasset" 396
"../../../Engine/Plugins/2D/Paper2D/Content/DefaultSpriteMaterial.uasset" 397
"../../../Engine/Plugins/2D/Paper2D/Content/DummySpriteTexture.uasset" 398
"../../../Engine/Plugins/2D/Paper2D/Content/OpaqueUnlitSpriteMaterial.uasset" 399
"../../../Engine/Plugins/2D/Paper2D/Content/DefaultPaperTerrainMaterial.uasset" 400
"../../../Engine/Plugins/2D/Paper2D/Content/DummySprite.uasset" 401
"C:/Users/Rohit/AppData/Local/UnrealEngine/4.7/Saved/Config/Windows/SourceControlSettings.ini" 402
"D:/GitHub Repositories/UMGMenuSystem/Intermediate/Config/CoalescedSourceConfigs/SourceControlSettings.ini" 403
"../../../Engine/Content/EngineMaterials/RemoveSurfaceMaterial.uasset" 404
"../../../Engine/Content/EngineDebugMaterials/DebugMeshMaterial.uasset" 405
"../../../Engine/Content/EngineMaterials/M_InvalidLightmapSettings.uasset" 406
"../../../Engine/Content/EngineMaterials/InvalidLightmapSettings.uasset" 407
"../../../Engine/Content/EditorMaterials/GizmoMaterial.uasset" 408
"../../../Engine/Content/EngineMaterials/Good64x64TilingNoiseHighFreq.uasset" 409
"../../../Engine/Content/EngineMaterials/DefaultBokeh.uasset" 410
"../../../Engine/Content/EngineMaterials/PreintegratedSkinBRDF.uasset" 411
"../../../Engine/Content/EngineMaterials/MiniFont.uasset" 412
"../../../Engine/Content/EngineMaterials/WeightMapPlaceholderTexture.uasset" 413
"../../../Engine/Content/EngineMaterials/DefaultWhiteGrid.uasset" 414
"../../../Engine/Content/EngineMaterials/DefaultPhysicalMaterial.uasset" 415
"../../../Engine/Content/EngineFonts/RobotoTiny.uasset" 416
"D:/GitHub Repositories/UMGMenuSystem/Intermediate/CachedAssetRegistry.bin" 417
"D:/GitHub Repositories/UMGMenuSystem/Content/UI/Widgets/WidgetBP_MainMenuScreen.uasset" 418
"D:/GitHub Repositories/UMGMenuSystem/Saved/Config/Windows/Input.ini" 419
"C:/Users/Rohit/AppData/Local/UnrealEngine/Common/DerivedDataCache/6/2/0/B043470143CFD7F63B8117B0A3BD4E11.udd" 420
"C:/Users/Rohit/AppData/Local/UnrealEngine/Common/DerivedDataCache/7/2/4/A047B50D4C15F0B5529FB3A1A80643D5.udd" 421
"C:/Users/Rohit/AppData/Local/UnrealEngine/Common/DerivedDataCache/6/0/9/67BCFD1443D8532E28F6CE89895EA918.udd" 422
"C:/Users/Rohit/AppData/Local/UnrealEngine/Common/DerivedDataCache/7/2/5/7D9D800B417C3DDC086749AC80F7D571.udd" 423
"C:/Users/Rohit/AppData/Local/UnrealEngine/Common/DerivedDataCache/8/2/1/AF991A43496CAB6D186FBCA503A546FA.udd" 424
"C:/Users/Rohit/AppData/Local/UnrealEngine/Common/DerivedDataCache/8/9/6/F51815C0484DB091CA7E3AA3453E6B8A.udd" 425
"C:/Users/Rohit/AppData/Local/UnrealEngine/Common/DerivedDataCache/2/5/0/36E6F69D4FE6BA597B6158BFF4F74687.udd" 426
"C:/Users/Rohit/AppData/Local/UnrealEngine/Common/DerivedDataCache/8/9/2/3182F6AE464F13E8E2149BA8BFFC4C95.udd" 427
"C:/Users/Rohit/AppData/Local/UnrealEngine/Common/DerivedDataCache/7/0/0/692E53BF4ED77F3951A9029B879F04FB.udd" 428
"C:/Users/Rohit/AppData/Local/UnrealEngine/Common/DerivedDataCache/2/8/6/847E88F24C8BE58A12DA4DAD631D3BFE.udd" 429
"C:/Users/Rohit/AppData/Local/UnrealEngine/Common/DerivedDataCache/3/8/7/35C7D27E437A3CE93D0EE8B0DCBAF4BF.udd" 430
"../../../Engine/Content/MobileResources/HUD/VirtualJoystick_Thumb.uasset" 431
"../../../Engine/Content/MobileResources/HUD/VirtualJoystick_Background.uasset" 432
"../../../Engine/Content/MobileResources/HUD/T_Castle_ThumbstickOutter.uasset" 433
"../../../Engine/Content/MobileResources/HUD/T_Castle_ThumbstickInner.uasset" 434
"../../../Engine/Content/MobileResources/HUD/MobileHUDDirectionStick.uasset" 435
"../../../Engine/Content/MobileResources/HUD/MobileHUDDirectionPad3.uasset" 436
"../../../Engine/Content/MobileResources/HUD/MobileHUDDirectionPad2.uasset" 437
"../../../Engine/Content/MobileResources/HUD/MobileHUDDirectionPad.uasset" 438
"../../../Engine/Content/MobileResources/HUD/MobileHUDButtonFire.uasset" 439
"../../../Engine/Content/MobileResources/HUD/MobileHUDButton3.uasset" 440
"../../../Engine/Content/MobileResources/HUD/MobileHUDButton2_on.uasset" 441
"../../../Engine/Content/MobileResources/HUD/MobileHUDButton2_off.uasset" 442
"../../../Engine/Content/MobileResources/HUD/MobileHUDButton1_on.uasset" 443
"../../../Engine/Content/MobileResources/HUD/MobileHUDButton1_off.uasset" 444
"../../../Engine/Content/MobileResources/HUD/LeftVirtualJoystickOnly.uasset" 445
"../../../Engine/Content/MobileResources/HUD/DefaultVirtualJoysticks.uasset" 446
"../../../Engine/Content/MobileResources/HUD/AnalogHat.uasset" 447
"../../../Engine/Content/MobileResources/T_MobileMenu2.uasset" 448
"../../../Engine/Content/MobileResources/T_MobileControls_texture.uasset" 449
"D:/GitHub Repositories/UMGMenuSystem/Content/Blueprints/BP_MenuFlowGameInstance.uasset" 450
"D:/GitHub Repositories/UMGMenuSystem/Content/Blueprints/BP_SaveSettings.uasset" 451
"D:/GitHub Repositories/UMGMenuSystem/Content/Blueprints/Enums/EGameState.uasset" 452
"D:/GitHub Repositories/UMGMenuSystem/Content/Blueprints/BP_MainMenuGameMode.uasset" 453
"D:/GitHub Repositories/UMGMenuSystem/Content/Blueprints/BP_MyHUD.uasset" 454
"D:/GitHub Repositories/UMGMenuSystem/Content/UI/Widgets/WidgetBP_VideoOptionScreen.uasset" 455
"../../../Engine/Content/EditorBlueprintResources/StandardMacros.uasset" 456
"D:/GitHub Repositories/UMGMenuSystem/Content/Sound/InterfaceAudio/Stereo/MenuAccept_Stereo_Cue.uasset" 457
"D:/GitHub Repositories/UMGMenuSystem/Content/Sound/InterfaceAudio/Stereo/MenuAccept_Stereo.uasset" 458
"D:/GitHub Repositories/UMGMenuSystem/Content/Sound/SoundClassesAndMixes/UIControllerSounds.uasset" 459
"D:/GitHub Repositories/UMGMenuSystem/Content/Sound/SoundClassesAndMixes/UI.uasset" 460
"D:/GitHub Repositories/UMGMenuSystem/Content/Sound/SoundClassesAndMixes/Master.uasset" 461
"D:/GitHub Repositories/UMGMenuSystem/Content/Sound/SoundClassesAndMixes/Music.uasset" 462
"D:/GitHub Repositories/UMGMenuSystem/Content/Sound/SoundClassesAndMixes/SFX.uasset" 463
"D:/GitHub Repositories/UMGMenuSystem/Content/Sound/SoundClassesAndMixes/Ambient.uasset" 464
"D:/GitHub Repositories/UMGMenuSystem/Content/Sound/SoundClassesAndMixes/Characters.uasset" 465
"D:/GitHub Repositories/UMGMenuSystem/Content/Sound/SoundClassesAndMixes/Weapons.uasset" 466
"D:/GitHub Repositories/UMGMenuSystem/Content/Sound/SoundClassesAndMixes/PSM_DuckEnvironment.uasset" 467
"D:/GitHub Repositories/UMGMenuSystem/Content/Sound/InterfaceAudio/Stereo/MenuCursor_UpDown_Stereo_Cue.uasset" 468
"D:/GitHub Repositories/UMGMenuSystem/Content/Sound/InterfaceAudio/Stereo/MenuCursor02_Stereo.uasset" 469
"D:/GitHub Repositories/UMGMenuSystem/Content/Textures/LoadingScreen.uasset" 470
"D:/GitHub Repositories/UMGMenuSystem/Content/Textures/T_Button.uasset" 471
"D:/GitHub Repositories/UMGMenuSystem/Content/UI/Widgets/WidgetBP_Anti-Aliasing.uasset" 472
"D:/GitHub Repositories/UMGMenuSystem/Content/UI/Widgets/WidgetBP_Effects.uasset" 473
"D:/GitHub Repositories/UMGMenuSystem/Content/UI/Widgets/WidgetBP_ScreenResolution.uasset" 474
"D:/GitHub Repositories/UMGMenuSystem/Content/UI/Widgets/WidgetBP_Shadows.uasset" 475
"D:/GitHub Repositories/UMGMenuSystem/Content/UI/Widgets/WidgetBP_Textures.uasset" 476
"C:/Users/Rohit/AppData/Local/UnrealEngine/Common/DerivedDataCache/2/3/8/TEXTURE_75F87CE100B546AAB8A1C4132AF9DB17_AUTODXT_0F3BA2D5435812765DA8BEA008510__42A67AAD671E50382D980B24CB90257C0B36527D.udd" 477
"C:/Users/Rohit/AppData/Local/UnrealEngine/Common/DerivedDataCache/7/3/9/TEXTURE_75F87CE100B546AAB8A1C4132AF9DB17_AUTODXT_8EB8D8FF418B92547FAC60A9206AF__D6D762CCEDCBBCF83860FCEF5E8F32C9B1A20EE6.udd" 478
"C:/Users/Rohit/AppData/Local/UnrealEngine/Common/DerivedDataCache/0/5/2/TEXTURE_75F87CE100B546AAB8A1C4132AF9DB17_AUTODXT_8EB8D8FF418B92547FAC60A9206AF__D2EAA2A64108ED665B04ACC00A77F65878EBCE99.udd" 479
"C:/Users/Rohit/AppData/Local/UnrealEngine/Common/DerivedDataCache/1/8/9/TEXTURE_75F87CE100B546AAB8A1C4132AF9DB17_AUTODXT_8EB8D8FF418B92547FAC60A9206AF__A8DCCBFD78E074B5EDFAFE95502A4B2E585FF4EE.udd" 480
"C:/Users/Rohit/AppData/Local/UnrealEngine/Common/DerivedDataCache/3/5/3/AUDIO_0002_0000_OGG_0001_49DB79934CFFD853FE321A917E48D449.udd" 481
"C:/Users/Rohit/AppData/Local/UnrealEngine/Common/DerivedDataCache/9/0/6/AUDIO_0002_0000_OGG_0001_900254F445AA9B120AC933B3CDDF4660.udd" 482
"../../../Engine/Content/Maps/Entry.umap" 483
"../../../Engine/Content/EngineMaterials/DefaultNormal.uasset" 484
"D:/GitHub Repositories/UMGMenuSystem/Content/Maps/MainMenu_Map.umap" 485
"D:/GitHub Repositories/UMGMenuSystem/Content/Blueprints/BP_MainMenuActor.uasset" 486
"D:/GitHub Repositories/UMGMenuSystem/Content/UI/Widgets/WidgetBP_LoadingScreen.uasset" 487
"D:/GitHub Repositories/UMGMenuSystem/Content/UI/Widgets/WidgetBP_OptionsMenuScreen.uasset" 488
"D:/GitHub Repositories/UMGMenuSystem/Content/Sound/Music/ShooterGame_Music_Cue.uasset" 489
"D:/GitHub Repositories/UMGMenuSystem/Content/Sound/Music/ShooterGame_Music.uasset" 490
"C:/Users/Rohit/AppData/Local/UnrealEngine/Common/DerivedDataCache/1/9/1/AUDIO_0002_0000_OGG_0001_24E41BBD4DF2A5C27B07E9AFACEBBA12.udd" 491
"../../../Engine/Content/EditorResources/EmptyActor.uasset" 492
"../../../Engine/Content/EditorResources/AudioIcons/S_AudioComponent_AutoActivate.uasset" 493
"D:/GitHub Repositories/UMGMenuSystem/Content/Maps/PrototypeLevel_Map.umap" 494
"D:/GitHub Repositories/UMGMenuSystem/Content/Blueprints/BP_InGameActor.uasset" 495
"D:/GitHub Repositories/UMGMenuSystem/Content/UI/Widgets/WidgetBP_GameScreen.uasset" 496
"D:/GitHub Repositories/UMGMenuSystem/Content/UI/Widgets/WidgetBP_InGameMenu.uasset" 497
"D:/GitHub Repositories/UMGMenuSystem/Content/Blueprints/BP_InGameGameMode.uasset" 498
"D:/GitHub Repositories/UMGMenuSystem/Content/Blueprints/BP_MyController.uasset" 499
"D:/GitHub Repositories/UMGMenuSystem/Content/Sound/Music/ShooterGame_Music_Intro_Cue.uasset" 500
"D:/GitHub Repositories/UMGMenuSystem/Content/Sound/Music/ShooterGame_Music_Intro.uasset" 501
"C:/Users/Rohit/AppData/Local/UnrealEngine/Common/DerivedDataCache/4/3/7/PHYSX_$7B1F0627AE$2DABEB$2D4206$2D8D78$2DE16BEB5DDC7E$7D_PHYSXPC_22A4CA2646A8022A1D672DB773F2FDCD__1_0_13075_0.udd" 502
"C:/Users/Rohit/AppData/Local/UnrealEngine/Common/DerivedDataCache/2/0/6/AUDIO_0002_0000_OGG_0001_6E1F7E7A414CED3A5A23F398C853F2C7.udd" 503
"D:/GitHub Repositories/UMGMenuSystem/Content/Maps/PrototypeLevel2_Map.umap" 504
"../../../Engine/Content/EngineSky/BP_Sky_Sphere.uasset" 505
"../../../Engine/Content/EngineSky/C_Sky_Cloud_Color.uasset" 506
"../../../Engine/Content/EngineSky/C_Sky_Horizon_Color.uasset" 507
"../../../Engine/Content/EngineSky/C_Sky_Zenith_Color.uasset" 508
"../../../Engine/Content/EngineSky/M_Sky_Panning_Clouds2.uasset" 509
"../../../Engine/Content/EngineSky/T_Sky_Blue.uasset" 510
"../../../Engine/Content/EngineSky/T_Sky_Clouds_M.uasset" 511
"../../../Engine/Content/EngineSky/T_Sky_Stars.uasset" 512
"../../../Engine/Content/EngineSky/SM_SkySphere.uasset" 513
"../../../Engine/Content/MapTemplates/SM_Template_Map_Floor.uasset" 514
"D:/GitHub Repositories/UMGMenuSystem/Content/Textures/T_Button_Hover.uasset" 515
"C:/Users/Rohit/AppData/Local/UnrealEngine/Common/DerivedDataCache/9/5/7/TEXTURE_75F87CE100B546AAB8A1C4132AF9DB17_AUTODXT_3714609246ED04860324ADB40A699__073C55EAB390FC4041C85C1D979122E67F5381BB.udd" 516
"C:/Users/Rohit/AppData/Local/UnrealEngine/Common/DerivedDataCache/8/3/4/TEXTURE_75F87CE100B546AAB8A1C4132AF9DB17_AUTODXT_3714609246ED04860324ADB40A699__02E17E8BD5A6E92E4711A37F044DE98FFE2CB4DB.udd" 517
"C:/Users/Rohit/AppData/Local/UnrealEngine/Common/DerivedDataCache/6/0/6/TEXTURE_75F87CE100B546AAB8A1C4132AF9DB17_AUTODXT_3714609246ED04860324ADB40A699__98D450215698479E59111FFEABC17C3DD56EB73D.udd" 518
