Log file open, 04/30/15 21:21:38
LogInit:Display: Running engine for game: UMGMenuExample
LogInit: Version: 4.7.6-2513093+++depot+UE4-Releases+4.7
LogInit: API Version: 2455222
LogInit: Compiled (64-bit): Apr 15 2015 12:09:54
LogInit: Compiled with Visual C++: 18.00.21005.01
LogInit: Build Configuration: Development
LogInit: Branch Name: ++depot+UE4-Releases+4.7
LogInit: Command line:  
LogInit: Base directory: C:/Program Files/Epic Games/4.7/Engine/Binaries/Win64/
LogInit: Rocket: 1
[2015.04.30-15.51.38:413][  0]LogTaskGraph: Started task graph with 3 named threads and 6 total threads.
[2015.04.30-15.51.38:489][  0]LogOnline:Warning: No default platform service specified for OnlineSubsystem
[2015.04.30-15.51.38:507][  0]LogInit: Presizing for 0 objects not considered by GC, pre-allocating 0 bytes.
[2015.04.30-15.51.38:516][  0]LogInit: Object subsystem initialized
[2015.04.30-15.51.38:518][  0]LogConsoleResponse:Warning: Skipping Unknown console variable: 'UIScaleRule = ShortestSide'
[2015.04.30-15.51.38:518][  0]LogConsoleResponse:Warning:   Found in ini file 'D:/GitHub Repositories/UMGMenuSystem/Saved/Config/Windows/Engine.ini', in section '[/Script/Engine.RendererSettings]'
[2015.04.30-15.51.38:518][  0]LogConsoleResponse:Warning: Skipping Unknown console variable: 'UIScaleCurve = (EditorCurveData=(Keys=),ExternalCurve=None)'
[2015.04.30-15.51.38:518][  0]LogConsoleResponse:Warning:   Found in ini file 'D:/GitHub Repositories/UMGMenuSystem/Saved/Config/Windows/Engine.ini', in section '[/Script/Engine.RendererSettings]'
[2015.04.30-15.51.38:518][  0]LogConsoleManager:Warning: Console variable 'r.MSAA.CompositingSampleCount' wasn't set (Priority ProjectSetting < Scalability)
[2015.04.30-15.51.38:518][  0]LogInit: Selected Device Profile: [Windows]
[2015.04.30-15.51.38:518][  0]LogInit: Applying CVar settings loaded from the selected device profile: [Windows]
[2015.04.30-15.51.38:523][  0]LogInit: Computer: PROTEUS_CORE
[2015.04.30-15.51.38:523][  0]LogInit: User: Rohit
[2015.04.30-15.51.38:523][  0]LogInit: CPU Page size=4096, Cores=4
[2015.04.30-15.51.38:523][  0]LogInit: High frequency timer resolution =3.027402 MHz
[2015.04.30-15.51.38:523][  0]LogMemory: Memory total: Physical=7.9GB (8GB approx) Virtual=8192.0GB
[2015.04.30-15.51.38:523][  0]LogMemory: Platform Memory Stats for Windows
[2015.04.30-15.51.38:523][  0]LogMemory: Process Physical Memory: 47.65 MB used, 47.65 MB peak
[2015.04.30-15.51.38:523][  0]LogMemory: Process Virtual Memory: 26.62 MB used, 26.62 MB peak
[2015.04.30-15.51.38:523][  0]LogMemory: Physical Memory: 2841.10 MB used, 8136.00 MB total
[2015.04.30-15.51.38:523][  0]LogMemory: Virtual Memory: 280.86 MB used, 8388608.00 MB total
[2015.04.30-15.51.38:553][  0]LogD3D11RHI: Found D3D11 adapter 0: NVIDIA GeForce GTX 660   (Feature Level 11_0)
[2015.04.30-15.51.38:553][  0]LogD3D11RHI: Adapter has 1990MB of dedicated video memory, 0MB of dedicated system memory, and 2048MB of shared system memory, 1 output[s]
[2015.04.30-15.51.38:553][  0]LogD3D11RHI: Chosen D3D11 Adapter Id = 0
[2015.04.30-15.51.38:559][  0]LogRHI: Texture pool is 1361 MB (70% of 1945 MB)
[2015.04.30-15.51.38:569][  0]LogD3D11RHI: Async texture creation enabled
[2015.04.30-15.51.38:636][  0]LogTextLocalizationManager: The requested culture ('en_US') has no localization data; parent culture's ('en') localization data will be used.
[2015.04.30-15.51.38:691][  0]LogTextLocalizationManager:Warning: Loading localization resources contain conflicting entries for (Namespace:UICommands, Key:Save_ToolTip):
Resource: (C:/Program Files/Epic Games/4.7/Engine/Content/Localization/Editor/en/Editor.locres) Hash: (-29098895) String: (Saves the current level to disk)
Resource: (C:/Program Files/Epic Games/4.7/Engine/Content/Localization/Engine/en/Engine.locres) Hash: (-1280300587) String: (Save selected data to vlog file)
[2015.04.30-15.51.38:691][  0]LogTextLocalizationManager:Warning: Loading localization resources contain conflicting entries for (Namespace:ContentBrowser, Key:ImportAssetToolTip):
Resource: (C:/Program Files/Epic Games/4.7/Engine/Content/Localization/Editor/en/Editor.locres) Hash: (-630476809) String: (Import to {0}...)
Resource: (C:/Program Files/Epic Games/4.7/Engine/Content/Localization/Editor/en/Editor.locres) Hash: (1271782899) String: (Imports an asset from file to this folder.)
[2015.04.30-15.51.38:766][  0]LogContentStreaming: Texture pool size is 0.000000MB
[2015.04.30-15.51.41:328][  0]LogTargetPlatformManager:Display: Building Assets For Windows
[2015.04.30-15.51.41:964][  0]LogTargetPlatformManager:Display: Building Assets For Windows
[2015.04.30-15.51.42:042][  0]LogDerivedDataCache:Display: Max Cache Size: 512 MB
[2015.04.30-15.51.42:077][  0]LogDerivedDataCache: Loaded boot cache 0.03s 39MB C:/Users/Rohit/AppData/Local/UnrealEngine/4.7/DerivedDataCache/Boot.ddc.
[2015.04.30-15.51.42:077][  0]LogDerivedDataCache:Display: Loaded Boot cache: C:/Users/Rohit/AppData/Local/UnrealEngine/4.7/DerivedDataCache/Boot.ddc
[2015.04.30-15.51.42:077][  0]LogDerivedDataCache: FDerivedDataBackendGraph:  Pak pak cache file D:/GitHub Repositories/UMGMenuSystem/DerivedDataCache/DDC.ddp not found, will not use a pak cache.
[2015.04.30-15.51.42:077][  0]LogDerivedDataCache: Unable to find inner node Pak for hierarchical cache Hierarchy.
[2015.04.30-15.51.42:194][  0]LogDerivedDataCache:Display: Pak cache opened for reading ../../../Engine/DerivedDataCache/Compressed.ddp.
[2015.04.30-15.51.42:206][  0]LogDerivedDataCache: Using Local data cache path C:/Users/Rohit/AppData/Local/UnrealEngine/Common/DerivedDataCache: Writable
[2015.04.30-15.51.42:514][  0]LogMeshUtilities: No automatic mesh reduction module available
[2015.04.30-15.51.42:515][  0]LogMeshUtilities: No automatic mesh merging module available
[2015.04.30-15.51.42:902][  0]LogInit: WinSock: version 1.1 (2.2), MaxSocks=32767, MaxUdp=65467
[2015.04.30-15.51.43:011][  0]LogSlate:Warning: Failed to load font data from '../../../Engine/Content/Slate/Fonts/Roboto-Italic.ttf'
[2015.04.30-15.51.43:915][  0]UdpMessaging: Initializing bridge on interface 0.0.0.0:0 to multicast group 230.0.0.1:6666.
[2015.04.30-15.51.44:204][  0]SourceControl: Info Source control is disabled
[2015.04.30-15.51.44:204][  0]SourceControl: Info Source control is disabled
[2015.04.30-15.51.44:205][  0]SourceControl: Info Source control is disabled
[2015.04.30-15.51.44:205][  0]LogSourceControl: RunCommandInternalRaw: 'git version'
[2015.04.30-15.51.44:205][  0]LogSourceControl: RunCommandInternalRaw: ExecProcess ReturnCode=2 OutResults=''
[2015.04.30-15.51.44:218][  0]SourceControl: Info Source control is disabled
[2015.04.30-15.51.44:468][  0]LogObj: 24232 objects as part of root set at end of initial load.
[2015.04.30-15.51.44:468][  0]LogUObjectAllocator: 5137168 out of 0 bytes used by permanent object pool.
[2015.04.30-15.51.44:554][  0]LogEngine: Initializing Engine...
[2015.04.30-15.51.46:761][  0]LogInit: XAudio2 using 'Speakers (Realtek High Definition Audio)' : 2 channels at 48 kHz using 32 bits per sample (channel mask 0x3)
[2015.04.30-15.51.46:834][  0]LogInit: FAudioDevice initialized.
[2015.04.30-15.51.46:885][  0]LogAIModule: Creating AISystem for world NewWorld
[2015.04.30-15.51.46:905][  0]LogDerivedDataCache: Saved boot cache 0.02s 39MB C:/Users/Rohit/AppData/Local/UnrealEngine/4.7/DerivedDataCache/Boot.ddc.
[2015.04.30-15.51.46:907][  0]LogInit: Texture streaming: Enabled
[2015.04.30-15.51.47:009][  0]LogAnalytics: Creating configured Analytics provider AnalyticsET
[2015.04.30-15.51.47:009][  0]LogAnalytics: ET APIKey = Rocket.Release. APIServer = http://et2.epicgames.com/ET2/. AppVersion = 4.7.6-2513093+++depot+UE4-Releases+4.7
[2015.04.30-15.51.47:009][  0]LogAnalytics: ET APIKey = Rocket.Release. DataRouterUploadURL = https://datarouter-public-service-gamedev.ol.epicgames.net/datarouter/api/v1/public/data. AppVersion = 4.7.6-2513093+++depot+UE4-Releases+4.7
[2015.04.30-15.51.47:009][  0]LogAnalytics: SetUserId 013718ab4e6dec0f6374d59520a1ab13|7b8e2bb8b466411588cadfe08ecd7de9|6951b782-1f02-4763-a464-5016cbe33e2c
[2015.04.30-15.51.47:010][  0]LogAnalytics: AnalyticsET::StartSession [Rocket.Release]
[2015.04.30-15.51.47:071][  0]LogInit: Transaction tracking system initialized
[2015.04.30-15.51.47:296][  0]BlueprintLog: New page: Editor Load
[2015.04.30-15.51.47:339][  0]LogAssetRegistry: FAssetRegistry took 0.0095 seconds to start up
[2015.04.30-15.51.47:339][  0]LogDirectoryWatcher:Warning: Failed to begin reading directory changes for ../../../Engine/Plugins/Experimental/CharacterAI/Content/. Error: 0
[2015.04.30-15.51.47:972][  0]LogTargetPlatformManager:Display: Building Assets For Windows
[2015.04.30-15.51.48:384][  0]LogTargetPlatformManager:Display: Building Assets For Windows
[2015.04.30-15.51.48:727][  0]LogSlate:Warning: Failed to load font data from '../../../Engine/Content/Editor/Slate/Fonts/Roboto-Regular.ttf'
[2015.04.30-15.51.48:727][  0]LogSlate:Warning: Failed to load font data from '../../../Engine/Content/Editor/Slate/Fonts/Roboto-Bold.ttf'
[2015.04.30-15.51.48:732][  0]LogConsoleResponse:Display: 
[2015.04.30-15.51.48:870][  0]LogCook:Display: Done creating registry. It took  0.00s.
[2015.04.30-15.51.49:068][  0]SourceControl: Info Source control is disabled
[2015.04.30-15.51.49:068][  0]Cmd: MAP LOAD FILE="D:/GitHub Repositories/UMGMenuSystem/Content/Maps/MainMenu_Map.umap" TEMPLATE=0 SHOWPROGRESS=1 FEATURELEVEL=3
[2015.04.30-15.51.49:069][  0]LightingResults: New page: Lighting Build
[2015.04.30-15.51.49:086][  0]MapCheck: New page: Map Check
[2015.04.30-15.51.49:086][  0]LightingResults: New page: Lighting Build
[2015.04.30-15.51.49:094][  0]LogParticles: Destroying 0 GPU particle simulations for FXSystem 0x00000000132BE980
[2015.04.30-15.51.51:449][  0]LogLinker:Warning: CreateImport: Object 'StateChanged__DelegateSignature' isn't imported, because its outer is a placeholder. Archive: 'D:/GitHub Repositories/UMGMenuSystem/Content/Blueprints/BP_MainMenuActor.uasset'
[2015.04.30-15.51.51:965][  0]LogEditorServer: Finished looking for orphan Actors (0.000 secs)
[2015.04.30-15.51.51:967][  0]LogAIModule: Creating AISystem for world MainMenu_Map
[2015.04.30-15.51.51:968][  0]Cmd: MAP CHECKDEP
[2015.04.30-15.51.51:968][  0]MapCheck: New page: MainMenu_Map - May 1, 2015, 2:51:51 AM
[2015.04.30-15.51.52:086][  0]MapCheck: Info Map check complete: 0 Error(s), 0 Warning(s), took 118.27ms to complete.
[2015.04.30-15.51.52:086][  0]LogFileHelpers: Loading map 'MainMenu_Map' took 3.018
[2015.04.30-15.51.52:239][  0]LogCollectionManager: Loaded 0 collections in 0.002083 seconds
[2015.04.30-15.51.52:254][  0]LogContentBrowser: Native class hierarchy populated in 0.0153 seconds. Added 1696 classes and 261 folders.
[2015.04.30-15.51.52:297][  0]LogContentBrowser: Native class hierarchy updated for 'SceneOutliner' in 0.0040 seconds. Added 1 classes and 2 folders.
[2015.04.30-15.51.52:356][  0]LogCrashTracker: Crashtracker disabled due to settings.
[2015.04.30-15.51.52:357][  0]LogSlate:Warning: Failed to load font data from 'Veranda'
[2015.04.30-15.51.52:363][  0]LogUObjectGlobals:Warning: Failed to find object 'Class None.'
[2015.04.30-15.51.52:396][  0]LogLoad: Full Startup: 16.25 seconds (BP compile: 1.28 seconds)
[2015.04.30-15.51.52:765][  0]LogContentBrowser:Verbose: The content browser source was changed by the sources view to '/Game/Blueprints'
[2015.04.30-15.51.52:937][  0]LogRenderer:Warning: Reallocating scene render targets to support 1208x576 (Frame:2).
[2015.04.30-15.51.55:742][  9]LogAssetRegistry: Asset discovery search completed in 8.4122 seconds
[2015.04.30-15.52.19:895][632]Cmd: OBJ SAVEPACKAGE PACKAGE="/Game/Maps/MainMenu_Map" FILE="D:/GitHub Repositories/UMGMenuSystem/Saved/Autosaves/Game/Maps/UEDPCMainMenu_Map.umap" SILENT=true AUTOSAVING=true KEEPDIRTY=true
[2015.04.30-15.52.19:947][632]LogSavePackage: Save=42.468758ms
[2015.04.30-15.52.19:948][632]LogSavePackage: Moving 'D:/GitHub Repositories/UMGMenuSystem/Saved/UEDPCMainMenu_MapFE6D9F3B4F73C3C13B96B7B9DF6FF7FE.tmp' to 'D:/GitHub Repositories/UMGMenuSystem/Saved/Autosaves/Game/Maps/UEDPCMainMenu_Map.umap'
[2015.04.30-15.52.35:642][223]LogContentBrowser:Verbose: The content browser source was changed by the sources view to '/Game/Textures'
[2015.04.30-15.52.36:412][313]LogContentBrowser:Verbose: The content browser source was changed by the sources view to '/Game/Sound'
[2015.04.30-15.52.37:266][415]LogContentBrowser:Verbose: The content browser source was changed by the sources view to '/Game/Maps'
[2015.04.30-15.52.37:727][470]LogContentBrowser:Verbose: The content browser source was changed by the sources view to '/Game/Blueprints'
[2015.04.30-15.54.17:708][384]BlueprintLog: New page: Compile BP_MainMenuActor
[2015.04.30-15.54.17:850][384]BlueprintEditorCompileResults: Info [0161.70] Compile of BP_MainMenuActor successful! [in 141 ms]
[2015.04.30-15.54.21:636][827]BlueprintLog: New page: Compile BP_MainMenuActor
[2015.04.30-15.54.21:780][827]BlueprintEditorCompileResults: Info [0165.63] Compile of BP_MainMenuActor successful! [in 144 ms]
[2015.04.30-15.54.25:560][ 87]Cmd: OBJ SAVEPACKAGE PACKAGE="/Game/Blueprints/BP_MainMenuActor" FILE="D:/GitHub Repositories/UMGMenuSystem/Content/Blueprints/BP_MainMenuActor.uasset" SILENT=true
[2015.04.30-15.54.25:733][ 87]LogSavePackage: Save=152.328629ms
[2015.04.30-15.54.25:733][ 87]LogSavePackage: Moving 'D:/GitHub Repositories/UMGMenuSystem/Saved/BP_MainMenuActorC1F1A4A144420B624EA0C2A29484D185.tmp' to 'D:/GitHub Repositories/UMGMenuSystem/Content/Blueprints/BP_MainMenuActor.uasset'
[2015.04.30-15.54.25:809][ 87]Cmd: OBJ SAVEPACKAGE PACKAGE="/Game/Maps/MainMenu_Map" FILE="D:/GitHub Repositories/UMGMenuSystem/Saved/Autosaves/Game/Maps/UEDPCMainMenu_Map.umap" SILENT=true AUTOSAVING=true KEEPDIRTY=true
[2015.04.30-15.54.25:872][ 87]LogSavePackage: Save=52.682465ms
[2015.04.30-15.54.25:872][ 87]LogSavePackage: Moving 'D:/GitHub Repositories/UMGMenuSystem/Saved/UEDPCMainMenu_Map83F107854148DD20B5AB7AA17C45C706.tmp' to 'D:/GitHub Repositories/UMGMenuSystem/Saved/Autosaves/Game/Maps/UEDPCMainMenu_Map.umap'
[2015.04.30-15.55.23:579][150]BlueprintLog: New page: Compile BP_MainMenuActor
[2015.04.30-15.55.23:718][150]BlueprintEditorCompileResults: Info [0227.57] Compile of BP_MainMenuActor successful! [in 138 ms]
[2015.04.30-15.55.24:134][191]Cmd: OBJ SAVEPACKAGE PACKAGE="/Game/Blueprints/BP_MainMenuActor" FILE="D:/GitHub Repositories/UMGMenuSystem/Content/Blueprints/BP_MainMenuActor.uasset" SILENT=true
[2015.04.30-15.55.24:296][191]LogSavePackage: Save=151.553711ms
[2015.04.30-15.55.24:296][191]LogSavePackage: Moving 'D:/GitHub Repositories/UMGMenuSystem/Saved/BP_MainMenuActor1832FCCC45FE11D257E6BAB8AB53FD2A.tmp' to 'D:/GitHub Repositories/UMGMenuSystem/Content/Blueprints/BP_MainMenuActor.uasset'
[2015.04.30-15.55.35:713][934]LogContentBrowser:Verbose: The content browser source was changed by the sources view to '/Game/UI'
[2015.04.30-15.55.36:551][ 34]LogContentBrowser:Verbose: The content browser source was changed by the sources view to '/Game/UI/Widgets'
[2015.04.30-15.58.06:247][518]LogContentBrowser:Verbose: The content browser source was changed by the sources view to '/Game/Blueprints'
[2015.04.30-15.58.15:791][602]LogPlayLevel: PIE:  No blueprints needed recompiling
[2015.04.30-15.58.15:791][602]PIE: New page: PIE session: MainMenu_Map (May 1, 2015, 2:58:15 AM)
[2015.04.30-15.58.15:793][602]LogPlayLevel: PIE: StaticDuplicateObject took: (0.001463s)
[2015.04.30-15.58.15:793][602]LogPlayLevel: PIE: World Init took: (0.000437s)
[2015.04.30-15.58.15:794][602]LogPlayLevel: PIE: Created PIE world by copying editor world from /Game/Maps/MainMenu_Map.MainMenu_Map to /Game/Maps/UEDPIE_0_MainMenu_Map.MainMenu_Map (0.002097s)
[2015.04.30-15.58.15:848][602]LogWorld: Game class is 'BP_GameMode_C'
[2015.04.30-15.58.15:850][602]LogAIModule: Creating AISystem for world MainMenu_Map
[2015.04.30-15.58.15:851][602]LogWorld: Bringing World /Game/Maps/UEDPIE_0_MainMenu_Map.MainMenu_Map up for play (max tick rate 0) at 2015.04.30-21.28.15
[2015.04.30-15.58.15:852][602]LogWorld: Bringing up level for play took: 0.001526
[2015.04.30-15.58.15:852][602]LogGameMode: Warning - PATHS NOT DEFINED or NO PLAYERSTART with positive rating
[2015.04.30-15.58.15:854][602]Cmd: R.SetRes 1280x720f
[2015.04.30-15.58.15:854][602]r.SetRes = "1280x720f"
[2015.04.30-15.58.15:886][602]LogRenderer:Warning: Reallocating scene render targets to support 1208x600 (Frame:15957).
[2015.04.30-15.58.15:959][602]LogRenderer:Warning: Reallocating scene render targets to support 1208x632 (Frame:15958).
[2015.04.30-15.58.15:959][602]Cmd: r.PostProcessAAQuality 2
[2015.04.30-15.58.15:959][602]r.PostProcessAAQuality = "2"
[2015.04.30-15.58.15:959][602]Cmd: sg.EffectsQuality 1
[2015.04.30-15.58.15:959][602]LogConsoleManager:Warning: Console variable 'r.MaterialQualityLevel' wasn't set (Priority Console < Scalability)
[2015.04.30-15.58.15:959][602]sg.EffectsQuality = "1"
[2015.04.30-15.58.15:959][602]Cmd: sg.ShadowQuality 1
[2015.04.30-15.58.15:959][602]sg.ShadowQuality = "1"
[2015.04.30-15.58.15:959][602]Cmd: sg.TextureQuality 1
[2015.04.30-15.58.15:959][602]LogConsoleManager:Warning: Console variable 'r.Streaming.PoolSize' wasn't set (Priority Code < Scalability)
[2015.04.30-15.58.15:959][602]sg.TextureQuality = "1"
[2015.04.30-15.58.15:972][602]PIE: Info Play in editor start time for /Game/Maps/UEDPIE_0_MainMenu_Map 1
[2015.04.30-15.58.17:328][745]LogPackageName: SearchForPackageOnDisk took   0.104s to resolve PrototypeLevel_Map.umap
[2015.04.30-15.58.17:428][746]LogPackageName: SearchForPackageOnDisk took   0.092s to resolve PrototypeLevel_Map.umap
[2015.04.30-15.58.17:428][746]LogNet: Browse: /Game/Maps/PrototypeLevel_Map
[2015.04.30-15.58.17:428][746]LogLoad: LoadMap: /Game/Maps/PrototypeLevel_Map
[2015.04.30-15.58.17:447][746]LogParticles: Destroying 0 GPU particle simulations for FXSystem 0x0000000014594720
[2015.04.30-15.58.17:454][746]Cmd: MEM
[2015.04.30-15.58.17:472][746]LogMemory: Platform Memory Stats for Windows
[2015.04.30-15.58.17:472][746]LogMemory: Process Physical Memory: 547.23 MB used, 549.92 MB peak
[2015.04.30-15.58.17:472][746]LogMemory: Process Virtual Memory: 450.88 MB used, 456.14 MB peak
[2015.04.30-15.58.17:472][746]LogMemory: Physical Memory: 3446.75 MB used, 8136.00 MB total
[2015.04.30-15.58.17:472][746]LogMemory: Virtual Memory: 1010.56 MB used, 8388608.00 MB total
[2015.04.30-15.58.17:472][746]LogMemory: 
[2015.04.30-15.58.17:472][746]Allocator Stats for TBB: (not implemented)
[2015.04.30-15.58.17:572][746]LogLinker:Warning: CreateImport: Object 'StateChanged__DelegateSignature' isn't imported, because its outer is a placeholder. Archive: 'D:/GitHub Repositories/UMGMenuSystem/Content/Blueprints/BP_InGameActor.uasset'
[2015.04.30-15.58.19:012][746]LogWorld: Game class is 'BP_GameMode_C'
[2015.04.30-15.58.19:014][746]LogAIModule: Creating AISystem for world PrototypeLevel_Map
[2015.04.30-15.58.19:015][746]LogWorld: Bringing World /Game/Maps/UEDPIE_0_PrototypeLevel_Map.PrototypeLevel_Map up for play (max tick rate 0) at 2015.04.30-21.28.19
[2015.04.30-15.58.19:015][746]LogWorld: Bringing up level for play took: 0.001243
[2015.04.30-15.58.19:016][746]LogGameMode: Warning - PATHS NOT DEFINED or NO PLAYERSTART with positive rating
[2015.04.30-15.58.23:777][309]LogParticles: Destroying 0 GPU particle simulations for FXSystem 0x00000000179BEC00
[2015.04.30-16.03.09:646][935]LogContentBrowser:Verbose: The content browser source was changed by the sources view to '/Game/UI/Widgets'
[2015.04.30-16.06.28:272][875]BlueprintLog: New page: Compile WidgetBP_InGameMenu
[2015.04.30-16.06.28:346][875]LogParticles: Destroying 0 GPU particle simulations for FXSystem 0x0000000026DC1120
[2015.04.30-16.06.28:346][875]LogParticles: Destroying 0 GPU particle simulations for FXSystem 0x000000002113E980
[2015.04.30-16.06.28:346][875]LogParticles: Destroying 0 GPU particle simulations for FXSystem 0x000000002104DC60
[2015.04.30-16.06.28:347][875]LogParticles: Destroying 0 GPU particle simulations for FXSystem 0x000000002104E700
[2015.04.30-16.06.28:347][875]LogParticles: Destroying 0 GPU particle simulations for FXSystem 0x000000002064EAC0
[2015.04.30-16.06.28:347][875]LogParticles: Destroying 0 GPU particle simulations for FXSystem 0x000000000CA23740
[2015.04.30-16.06.28:348][875]LogParticles: Destroying 0 GPU particle simulations for FXSystem 0x0000000027B6BC40
[2015.04.30-16.06.28:363][875]LogParticles: Destroying 0 GPU particle simulations for FXSystem 0x000000000D092520
[2015.04.30-16.06.28:363][875]BlueprintEditorCompileResults: Info [0892.20] Compile of WidgetBP_InGameMenu successful! [in 90 ms]
[2015.04.30-16.06.28:721][912]Cmd: OBJ SAVEPACKAGE PACKAGE="/Game/UI/Widgets/WidgetBP_InGameMenu" FILE="D:/GitHub Repositories/UMGMenuSystem/Content/UI/Widgets/WidgetBP_InGameMenu.uasset" SILENT=true
[2015.04.30-16.06.28:769][912]LogSavePackage: Save=37.464466ms
[2015.04.30-16.06.28:769][912]LogSavePackage: Moving 'D:/GitHub Repositories/UMGMenuSystem/Saved/WidgetBP_InGameMenuCDC4F17D43D7B125C58EE3B404A50869.tmp' to 'D:/GitHub Repositories/UMGMenuSystem/Content/UI/Widgets/WidgetBP_InGameMenu.uasset'
[2015.04.30-16.06.47:210][988]LogParticles: Destroying 0 GPU particle simulations for FXSystem 0x00000000114FB1A0
[2015.04.30-16.06.47:210][988]LogParticles: Destroying 0 GPU particle simulations for FXSystem 0x00000000114FA980
[2015.04.30-16.06.47:210][988]LogParticles: Destroying 0 GPU particle simulations for FXSystem 0x0000000027D12340
[2015.04.30-16.06.47:211][988]LogParticles: Destroying 0 GPU particle simulations for FXSystem 0x0000000027D13880
[2015.04.30-16.06.47:211][988]LogParticles: Destroying 0 GPU particle simulations for FXSystem 0x00000000112698A0
[2015.04.30-16.06.47:211][988]LogParticles: Destroying 0 GPU particle simulations for FXSystem 0x0000000021FF5580
[2015.04.30-16.06.47:212][988]LogParticles: Destroying 0 GPU particle simulations for FXSystem 0x000000002F799D00
[2015.04.30-16.06.47:212][988]LogParticles: Destroying 0 GPU particle simulations for FXSystem 0x000000002F79A8E0
[2015.04.30-16.06.47:402][988]Cmd: OBJ SAVEPACKAGE PACKAGE="/Game/Maps/MainMenu_Map" FILE="D:/GitHub Repositories/UMGMenuSystem/Content/Maps/MainMenu_Map.umap" SILENT=true AUTOSAVING=false KEEPDIRTY=false
[2015.04.30-16.06.47:507][988]LogSavePackage: Save=74.588379ms
[2015.04.30-16.06.47:507][988]LogSavePackage: Moving 'D:/GitHub Repositories/UMGMenuSystem/Saved/MainMenu_Map4382BC094EEC5EE55F59C7A4301556DB.tmp' to 'D:/GitHub Repositories/UMGMenuSystem/Content/Maps/MainMenu_Map.umap'
[2015.04.30-16.06.47:539][988]LogFileHelpers: Saving map 'MainMenu_Map' took 0.285
[2015.04.30-16.06.47:544][988]Cmd: OBJ SAVEPACKAGE PACKAGE="/Game/Blueprints/BP_MyController" FILE="D:/GitHub Repositories/UMGMenuSystem/Content/Blueprints/BP_MyController.uasset" SILENT=true
[2015.04.30-16.06.47:589][988]LogSavePackage: Save=34.783951ms
[2015.04.30-16.06.47:589][988]LogSavePackage: Moving 'D:/GitHub Repositories/UMGMenuSystem/Saved/BP_MyController58D9FAF748A3BA6771A6F7917B25FF84.tmp' to 'D:/GitHub Repositories/UMGMenuSystem/Content/Blueprints/BP_MyController.uasset'
[2015.04.30-16.06.58:497][224]Cmd: QUIT_EDITOR
[2015.04.30-16.06.59:025][224]LogExit: Preparing to exit.
[2015.04.30-16.06.59:418][224]LogExit: Editor shut down
[2015.04.30-16.06.59:418][224]LogExit: Transaction tracking system shut down
[2015.04.30-16.06.59:421][224]LogParticles: Destroying 0 GPU particle simulations for FXSystem 0x000000000CF9CD60
[2015.04.30-16.06.59:421][224]LogParticles: Destroying 0 GPU particle simulations for FXSystem 0x000000001672F380
[2015.04.30-16.06.59:422][224]LogParticles: Destroying 0 GPU particle simulations for FXSystem 0x000000002049B4C0
[2015.04.30-16.06.59:490][224]LogExit: Object subsystem successfully closed.
[2015.04.30-16.06.59:552][224]LogModuleManager: Shutting down and abandoning module SequencerWidgets (179)
[2015.04.30-16.06.59:552][224]LogModuleManager: Shutting down and abandoning module ExternalImagePicker (178)
[2015.04.30-16.06.59:552][224]LogModuleManager: Shutting down and abandoning module CrashTracker (177)
[2015.04.30-16.06.59:552][224]LogModuleManager: Shutting down and abandoning module SuperSearch (176)
[2015.04.30-16.06.59:552][224]LogModuleManager: Shutting down and abandoning module SceneOutliner (175)
[2015.04.30-16.06.59:552][224]LogModuleManager: Shutting down and abandoning module EditorWidgets (174)
[2015.04.30-16.06.59:552][224]LogModuleManager: Shutting down and abandoning module CollectionManager (173)
[2015.04.30-16.06.59:552][224]LogModuleManager: Shutting down and abandoning module StatsViewer (172)
[2015.04.30-16.06.59:552][224]LogModuleManager: Shutting down and abandoning module FoliageEdit (171)
[2015.04.30-16.06.59:552][224]LogModuleManager: Shutting down and abandoning module LandscapeEditor (170)
[2015.04.30-16.06.59:552][224]LogModuleManager: Shutting down and abandoning module MeshPaint (169)
[2015.04.30-16.06.59:552][224]LogModuleManager: Shutting down and abandoning module ActorPickerMode (168)
[2015.04.30-16.06.59:552][224]LogModuleManager: Shutting down and abandoning module GeometryMode (167)
[2015.04.30-16.06.59:552][224]LogModuleManager: Shutting down and abandoning module TextureAlignMode (166)
[2015.04.30-16.06.59:552][224]LogModuleManager: Shutting down and abandoning module BspMode (165)
[2015.04.30-16.06.59:552][224]LogModuleManager: Shutting down and abandoning module PlacementMode (164)
[2015.04.30-16.06.59:552][224]LogModuleManager: Shutting down and abandoning module AutomationWorker (163)
[2015.04.30-16.06.59:552][224]LogModuleManager: Shutting down and abandoning module CharacterAI (162)
[2015.04.30-16.06.59:552][224]LogModuleManager: Shutting down and abandoning module SmartSnapping (161)
[2015.04.30-16.06.59:552][224]LogModuleManager: Shutting down and abandoning module ViewportSnapping (160)
[2015.04.30-16.06.59:552][224]LogModuleManager: Shutting down and abandoning module LogVisualizer (159)
[2015.04.30-16.06.59:553][224]LogModuleManager: Shutting down and abandoning module GameProjectGeneration (158)
[2015.04.30-16.06.59:553][224]LogModuleManager: Shutting down and abandoning module IntroTutorials (157)
[2015.04.30-16.06.59:553][224]LogModuleManager: Shutting down and abandoning module EditorLiveStreaming (156)
[2015.04.30-16.06.59:553][224]LogModuleManager: Shutting down and abandoning module HardwareTargeting (155)
[2015.04.30-16.06.59:553][224]LogModuleManager: Shutting down and abandoning module DeviceProfileEditor (154)
[2015.04.30-16.06.59:553][224]LogModuleManager: Shutting down and abandoning module UndoHistory (153)
[2015.04.30-16.06.59:553][224]LogModuleManager: Shutting down and abandoning module GameplayTagsEditor (152)
[2015.04.30-16.06.59:553][224]LogModuleManager: Shutting down and abandoning module UserFeedback (151)
[2015.04.30-16.06.59:553][224]LogModuleManager: Shutting down and abandoning module XmlParser (150)
[2015.04.30-16.06.59:553][224]LogModuleManager: Shutting down and abandoning module Blutility (149)
[2015.04.30-16.06.59:553][224]LogModuleManager: Shutting down and abandoning module IOSPlatformEditor (148)
[2015.04.30-16.06.59:553][224]LogModuleManager: Shutting down and abandoning module IOSRuntimeSettings (147)
[2015.04.30-16.06.59:553][224]LogModuleManager: Shutting down and abandoning module AndroidDeviceDetection (146)
[2015.04.30-16.07.00:538][224]LogModuleManager: Shutting down and abandoning module AndroidPlatformEditor (145)
[2015.04.30-16.07.00:538][224]LogModuleManager: Shutting down and abandoning module AndroidRuntimeSettings (144)
[2015.04.30-16.07.00:538][224]LogModuleManager: Shutting down and abandoning module ProjectTargetPlatformEditor (143)
[2015.04.30-16.07.00:538][224]LogModuleManager: Shutting down and abandoning module ProjectSettingsViewer (142)
[2015.04.30-16.07.00:538][224]LogModuleManager: Shutting down and abandoning module InputBindingEditor (141)
[2015.04.30-16.07.00:539][224]LogModuleManager: Shutting down and abandoning module EditorSettingsViewer (140)
[2015.04.30-16.07.00:539][224]LogModuleManager: Shutting down and abandoning module SettingsEditor (139)
[2015.04.30-16.07.00:539][224]LogModuleManager: Shutting down and abandoning module ProjectLauncher (138)
[2015.04.30-16.07.00:539][224]LogModuleManager: Shutting down and abandoning module SessionFrontend (137)
[2015.04.30-16.07.00:539][224]LogModuleManager: Shutting down and abandoning module ProfilerClient (136)
[2015.04.30-16.07.00:539][224]LogModuleManager: Shutting down and abandoning module TargetDeviceServices (135)
[2015.04.30-16.07.00:539][224]LogModuleManager: Shutting down and abandoning module DeviceManager (134)
[2015.04.30-16.07.00:539][224]LogModuleManager: Shutting down and abandoning module AutomationController (133)
[2015.04.30-16.07.00:539][224]LogModuleManager: Shutting down and abandoning module AutomationWindow (132)
[2015.04.30-16.07.00:539][224]LogModuleManager: Shutting down and abandoning module Layers (131)
[2015.04.30-16.07.00:539][224]LogModuleManager: Shutting down and abandoning module ComponentVisualizers (130)
[2015.04.30-16.07.00:540][224]LogModuleManager: Shutting down and abandoning module DetailCustomizations (129)
[2015.04.30-16.07.00:540][224]LogModuleManager: Shutting down and abandoning module PackagesDialog (128)
[2015.04.30-16.07.00:540][224]LogModuleManager: Shutting down and abandoning module AssetRegistry (127)
[2015.04.30-16.07.00:633][224]LogModuleManager: Shutting down and abandoning module Persona (126)
[2015.04.30-16.07.00:633][224]LogModuleManager: Shutting down and abandoning module SlateReflector (125)
[2015.04.30-16.07.00:633][224]LogModuleManager: Shutting down and abandoning module LevelEditor (124)
[2015.04.30-16.07.00:634][224]LogModuleManager: Shutting down and abandoning module Kismet (123)
[2015.04.30-16.07.00:634][224]LogModuleManager: Shutting down and abandoning module GraphEditor (122)
[2015.04.30-16.07.00:634][224]LogModuleManager: Shutting down and abandoning module ClassViewer (121)
[2015.04.30-16.07.00:634][224]LogModuleManager: Shutting down and abandoning module Toolbox (120)
[2015.04.30-16.07.00:634][224]LogModuleManager: Shutting down and abandoning module ModuleUI (119)
[2015.04.30-16.07.00:634][224]LogModuleManager: Shutting down and abandoning module MovieSceneTools (118)
[2015.04.30-16.07.00:635][224]LogModuleManager: Shutting down and abandoning module OutputLog (117)
[2015.04.30-16.07.00:635][224]LogModuleManager: Shutting down and abandoning module GammaUI (116)
[2015.04.30-16.07.00:635][224]LogModuleManager: Shutting down and abandoning module Documentation (115)
[2015.04.30-16.07.00:635][224]LogModuleManager: Shutting down and abandoning module GameLiveStreaming (114)
[2015.04.30-16.07.00:635][224]LogModuleManager: Shutting down and abandoning module StreamingPauseRendering (113)
[2015.04.30-16.07.00:635][224]LogModuleManager: Shutting down and abandoning module HTTP (112)
[2015.04.30-16.07.00:635][224]LogModuleManager: Shutting down and abandoning module AnalyticsET (111)
[2015.04.30-16.07.00:635][224]LogModuleManager: Shutting down and abandoning module Analytics (110)
[2015.04.30-16.07.00:635][224]LogModuleManager: Shutting down and abandoning module AITestSuite (109)
[2015.04.30-16.07.00:635][224]LogModuleManager: Shutting down and abandoning module GameplayDebugger (108)
[2015.04.30-16.07.00:635][224]LogModuleManager: Shutting down and abandoning module AIModule (107)
[2015.04.30-16.07.00:635][224]LogModuleManager: Shutting down and abandoning module ProfilerService (106)
[2015.04.30-16.07.00:808][224]LogModuleManager: Shutting down and abandoning module TaskGraph (105)
[2015.04.30-16.07.00:808][224]LogModuleManager: Shutting down and abandoning module SlateRemote (104)
[2015.04.30-16.07.00:808][224]LogModuleManager: Shutting down and abandoning module ScriptEditorPlugin (103)
[2015.04.30-16.07.00:808][224]LogModuleManager: Shutting down and abandoning module CustomMeshComponent (102)
[2015.04.30-16.07.00:808][224]LogModuleManager: Shutting down and abandoning module CableComponent (101)
[2015.04.30-16.07.00:808][224]LogModuleManager: Shutting down and abandoning module MessagingDebugger (100)
[2015.04.30-16.07.00:808][224]LogModuleManager: Shutting down and abandoning module MediaPlayerEditor (99)
[2015.04.30-16.07.00:809][224]LogModuleManager: Shutting down and abandoning module SpeedTreeImporter (98)
[2015.04.30-16.07.00:809][224]LogModuleManager: Shutting down and abandoning module PluginsEditor (97)
[2015.04.30-16.07.00:809][224]LogModuleManager: Shutting down and abandoning module MainFrame (96)
[2015.04.30-16.07.00:809][224]LogModuleManager: Shutting down and abandoning module EpicSurvey (95)
[2015.04.30-16.07.00:809][224]LogModuleManager: Shutting down and abandoning module DesktopPlatform (94)
[2015.04.30-16.07.00:809][224]LogModuleManager: Shutting down and abandoning module DirectoryWatcher (93)
[2015.04.30-16.07.00:810][224]LogModuleManager: Shutting down and abandoning module HotReload (92)
[2015.04.30-16.07.00:810][224]LogModuleManager: Shutting down and abandoning module VisualStudioSourceCodeAccess (91)
[2015.04.30-16.07.00:810][224]LogModuleManager: Shutting down and abandoning module UObjectPlugin (90)
[2015.04.30-16.07.00:810][224]LogModuleManager: Shutting down and abandoning module SubversionSourceControl (89)
[2015.04.30-16.07.00:810][224]LogModuleManager: Shutting down and abandoning module PerforceSourceControl (88)
[2015.04.30-16.07.00:810][224]LogModuleManager: Shutting down and abandoning module SourceControl (87)
[2015.04.30-16.07.00:810][224]LogModuleManager: Shutting down and abandoning module GitSourceControl (86)
[2015.04.30-16.07.00:810][224]LogModuleManager: Shutting down and abandoning module BlankPlugin (85)
[2015.04.30-16.07.00:810][224]LogModuleManager: Shutting down and abandoning module PaperTiledImporter (84)
[2015.04.30-16.07.00:810][224]LogModuleManager: Shutting down and abandoning module PaperJsonImporter (83)
[2015.04.30-16.07.00:810][224]LogModuleManager: Shutting down and abandoning module ContentBrowser (82)
[2015.04.30-16.07.00:812][224]LogModuleManager: Shutting down and abandoning module Paper2DEditor (81)
[2015.04.30-16.07.00:812][224]LogModuleManager: Shutting down and abandoning module ScriptPlugin (80)
[2015.04.30-16.07.00:812][224]LogModuleManager: Shutting down and abandoning module UdpMessaging (79)
[2015.04.30-16.07.00:913][224]LogModuleManager: Shutting down and abandoning module Paper2D (78)
[2015.04.30-16.07.00:913][224]LogModuleManager: Shutting down and abandoning module WindowsMoviePlayer (77)
[2015.04.30-16.07.00:919][224]LogModuleManager: Shutting down and abandoning module Media (76)
[2015.04.30-16.07.00:919][224]LogModuleManager: Shutting down and abandoning module WmfMedia (75)
[2015.04.30-16.07.00:920][224]LogModuleManager: Shutting down and abandoning module OnlineBlueprintSupport (74)
[2015.04.30-16.07.00:920][224]LogModuleManager: Shutting down and abandoning module PropertyEditor (73)
[2015.04.30-16.07.00:920][224]LogModuleManager: Shutting down and abandoning module BehaviorTreeEditor (72)
[2015.04.30-16.07.00:920][224]LogModuleManager: Shutting down and abandoning module FunctionalTesting (71)
[2015.04.30-16.07.00:920][224]LogModuleManager: Shutting down and abandoning module CollisionAnalyzer (70)
[2015.04.30-16.07.00:920][224]LogModuleManager: Shutting down and abandoning module WorkspaceMenuStructure (69)
[2015.04.30-16.07.00:920][224]LogModuleManager: Shutting down and abandoning module MessageLog (68)
[2015.04.30-16.07.00:920][224]LogModuleManager: Shutting down and abandoning module Sequencer (67)
[2015.04.30-16.07.00:920][224]LogModuleManager: Shutting down and abandoning module AssetTools (66)
[2015.04.30-16.07.00:920][224]LogModuleManager: Shutting down and abandoning module UMGEditor (65)
[2015.04.30-16.07.00:920][224]LogModuleManager: Shutting down and abandoning module UMG (64)
[2015.04.30-16.07.00:920][224]LogModuleManager: Shutting down and abandoning module Slate (63)
[2015.04.30-16.07.00:920][224]LogModuleManager: Shutting down and abandoning module EditorStyle (62)
[2015.04.30-16.07.00:938][224]LogModuleManager: Shutting down and abandoning module SessionServices (61)
[2015.04.30-16.07.00:938][224]LogModuleManager: Shutting down and abandoning module SourceCodeAccess (60)
[2015.04.30-16.07.00:938][224]LogModuleManager: Shutting down and abandoning module HeadMountedDisplay (59)
[2015.04.30-16.07.00:938][224]LogModuleManager: Shutting down and abandoning module XAudio2 (58)
[2015.04.30-16.07.00:938][224]LogModuleManager: Shutting down and abandoning module Networking (56)
[2015.04.30-16.07.00:938][224]LogModuleManager: Shutting down and abandoning module Core (55)
[2015.04.30-16.07.00:938][224]LogModuleManager: Shutting down and abandoning module KismetCompiler (54)
[2015.04.30-16.07.00:938][224]LogModuleManager: Shutting down and abandoning module PhysXFormats (53)
[2015.04.30-16.07.00:938][224]LogModuleManager: Shutting down and abandoning module MeshUtilities (52)
[2015.04.30-16.07.00:938][224]LogModuleManager: Shutting down and abandoning module DerivedDataCache (51)
[2015.04.30-16.07.01:006][224]LogDerivedDataCache: Shutdown
[2015.04.30-16.07.01:006][224]LogModuleManager: Shutting down and abandoning module ShaderFormatOpenGL (50)
[2015.04.30-16.07.01:006][224]LogModuleManager: Shutting down and abandoning module ShaderFormatD3D (49)
[2015.04.30-16.07.01:006][224]LogModuleManager: Shutting down and abandoning module MetalShaderFormat (48)
[2015.04.30-16.07.01:006][224]LogModuleManager: Shutting down and abandoning module TextureFormatUncompressed (47)
[2015.04.30-16.07.01:006][224]LogModuleManager: Shutting down and abandoning module TextureFormatPVR (46)
[2015.04.30-16.07.01:006][224]LogModuleManager: Shutting down and abandoning module TextureFormatIntelISPCTexComp (45)
[2015.04.30-16.07.01:006][224]LogModuleManager: Shutting down and abandoning module TextureFormatDXT (44)
[2015.04.30-16.07.01:006][224]LogModuleManager: Shutting down and abandoning module ImageWrapper (43)
[2015.04.30-16.07.01:006][224]LogModuleManager: Shutting down and abandoning module TextureFormatASTC (42)
[2015.04.30-16.07.01:006][224]LogModuleManager: Shutting down and abandoning module TextureFormatAndroid (41)
[2015.04.30-16.07.01:006][224]LogModuleManager: Shutting down and abandoning module AudioFormatOpus (40)
[2015.04.30-16.07.01:006][224]LogModuleManager: Shutting down and abandoning module AudioFormatOgg (39)
[2015.04.30-16.07.01:006][224]LogModuleManager: Shutting down and abandoning module AudioFormatADPCM (38)
[2015.04.30-16.07.01:006][224]LogModuleManager: Shutting down and abandoning module LinuxTargetPlatform (37)
[2015.04.30-16.07.01:006][224]LogModuleManager: Shutting down and abandoning module LinuxServerTargetPlatform (36)
[2015.04.30-16.07.01:006][224]LogModuleManager: Shutting down and abandoning module LinuxNoEditorTargetPlatform (35)
[2015.04.30-16.07.01:007][224]LogModuleManager: Shutting down and abandoning module Messaging (34)
[2015.04.30-16.07.01:007][224]LogModuleManager: Shutting down and abandoning module IOSTargetPlatform (33)
[2015.04.30-16.07.01:007][224]LogModuleManager: Shutting down and abandoning module HTML5TargetPlatform (32)
[2015.04.30-16.07.01:007][224]LogModuleManager: Shutting down and abandoning module Android_PVRTCTargetPlatform (31)
[2015.04.30-16.07.01:007][224]LogModuleManager: Shutting down and abandoning module Android_ETC2TargetPlatform (30)
[2015.04.30-16.07.01:007][224]LogModuleManager: Shutting down and abandoning module Android_ETC1TargetPlatform (29)
[2015.04.30-16.07.01:007][224]LogModuleManager: Shutting down and abandoning module Android_ES31TargetPlatform (28)
[2015.04.30-16.07.01:007][224]LogModuleManager: Shutting down and abandoning module Android_DXTTargetPlatform (27)
[2015.04.30-16.07.01:007][224]LogModuleManager: Shutting down and abandoning module Android_ATCTargetPlatform (26)
[2015.04.30-16.07.01:007][224]LogModuleManager: Shutting down and abandoning module AndroidTargetPlatform (25)
[2015.04.30-16.07.01:007][224]LogModuleManager: Shutting down and abandoning module WindowsTargetPlatform (24)
[2015.04.30-16.07.01:007][224]LogModuleManager: Shutting down and abandoning module WindowsServerTargetPlatform (23)
[2015.04.30-16.07.01:007][224]LogModuleManager: Shutting down and abandoning module WindowsNoEditorTargetPlatform (22)
[2015.04.30-16.07.01:007][224]LogModuleManager: Shutting down and abandoning module WindowsClientTargetPlatform (21)
[2015.04.30-16.07.01:007][224]LogModuleManager: Shutting down and abandoning module TargetPlatform (20)
[2015.04.30-16.07.01:007][224]LogModuleManager: Shutting down and abandoning module InputCore (19)
[2015.04.30-16.07.01:007][224]LogModuleManager: Shutting down and abandoning module Settings (18)
[2015.04.30-16.07.01:007][224]LogModuleManager: Shutting down and abandoning module OnlineSubsystem (16)
[2015.04.30-16.07.01:007][224]LogModuleManager: Shutting down and abandoning module OculusRift (15)
[2015.04.30-16.07.01:007][224]LogModuleManager: Shutting down and abandoning module ExampleDeviceProfileSelector (14)
[2015.04.30-16.07.01:007][224]LogModuleManager: Shutting down and abandoning module TextureCompressor (13)
[2015.04.30-16.07.01:008][224]LogModuleManager: Shutting down and abandoning module ShaderCore (12)
[2015.04.30-16.07.01:008][224]LogModuleManager: Shutting down and abandoning module Landscape (11)
[2015.04.30-16.07.01:008][224]LogModuleManager: Shutting down and abandoning module SlateRHIRenderer (10)
[2015.04.30-16.07.01:013][224]LogModuleManager: Shutting down and abandoning module OpenGLDrv (9)
[2015.04.30-16.07.01:013][224]LogModuleManager: Shutting down and abandoning module D3D11RHI (8)
[2015.04.30-16.07.01:013][224]LogModuleManager: Shutting down and abandoning module Renderer (7)
[2015.04.30-16.07.01:013][224]LogModuleManager: Shutting down and abandoning module Engine (6)
[2015.04.30-16.07.01:013][224]LogModuleManager: Shutting down and abandoning module CoreUObject (5)
[2015.04.30-16.07.01:013][224]LogModuleManager: Shutting down and abandoning module NetworkFile (4)
[2015.04.30-16.07.01:013][224]LogModuleManager: Shutting down and abandoning module StreamingFile (3)
[2015.04.30-16.07.01:013][224]LogModuleManager: Shutting down and abandoning module SandboxFile (2)
[2015.04.30-16.07.01:013][224]LogModuleManager: Shutting down and abandoning module PakFile (1)
[2015.04.30-16.07.01:013][224]LogExit: Exiting.
[2015.04.30-16.07.01:032][224]Log file closed, 04/30/15 21:37:01
