Log file open, 10/12/17 19:58:30
LogInit:Display: Running engine for game: UMGMenuExample
LogPlatformFile: Not using cached read wrapper
LogInit:Display: RandInit(-379313576) SRandInit(-379313576).
LogTaskGraph: Started task graph with 5 named threads and 8 total threads with 1 sets of task threads.
LogStats: Stats thread started at 0.094580
LogInit: Using libcurl 7.47.1
LogInit:  - built for x86_64-pc-win32
LogInit:  - supports SSL with OpenSSL/1.0.2g
LogInit:  - supports HTTP deflate (compression) using libz 1.2.8
LogInit:  - other features:
LogInit:      CURL_VERSION_SSL
LogInit:      CURL_VERSION_LIBZ
LogInit:      CURL_VERSION_IPV6
LogInit:      CURL_VERSION_ASYNCHDNS
LogInit:      CURL_VERSION_LARGEFILE
LogInit:      CURL_VERSION_IDN
LogInit:  CurlRequestOptions (configurable via config and command line):
LogInit:  - bVerifyPeer = false  - Libcurl will NOT verify peer certificate
LogInit:  - bUseHttpProxy = false  - Libcurl will NOT use HTTP proxy
LogInit:  - bDontReuseConnections = false  - Libcurl will reuse connections
LogInit:  - CertBundlePath = nullptr  - Libcurl will use whatever was configured at build time.
LogInit: Build: ++UE4+Release-4.16-CL-3561208
LogInit: Engine Version: 4.16.3-3561208+++UE4+Release-4.16
LogInit: Compatible Engine Version: 4.16.0-3452394+++UE4+Release-4.16
LogInit: Net CL: 3452394
LogDevObjectVersion: Number of dev versions registered: 16
LogDevObjectVersion:   Dev-Blueprints (B0D832E4-1F89-4F0D-ACCF-7EB736FD4AA2): 9
LogDevObjectVersion:   Dev-Build (E1C64328-A22C-4D53-A36C-8E866417BD8C): 0
LogDevObjectVersion:   Dev-Core (375EC13C-06E4-48FB-B500-84F0262A717E): 2
LogDevObjectVersion:   Dev-Editor (E4B068ED-F494-42E9-A231-DA0B2E46BB41): 17
LogDevObjectVersion:   Dev-Framework (CFFC743F-43B0-4480-9391-14DF171D2073): 23
LogDevObjectVersion:   Dev-Mobile (B02B49B5-BB20-44E9-A304-32B752E40360): 0
LogDevObjectVersion:   Dev-Networking (A4E4105C-59A1-49B5-A7C5-40C4547EDFEE): 0
LogDevObjectVersion:   Dev-Online (39C831C9-5AE6-47DC-9A44-9C173E1C8E7C): 0
LogDevObjectVersion:   Dev-Physics (78F01B33-EBEA-4F98-B9B4-84EACCB95AA2): 0
LogDevObjectVersion:   Dev-Platform (6631380F-2D4D-43E0-8009-CF276956A95A): 0
LogDevObjectVersion:   Dev-Rendering (12F88B9F-8875-4AFC-A67C-D90C383ABD29): 15
LogDevObjectVersion:   Dev-Sequencer (7B5AE74C-D270-4C10-A958-57980B212A5A): 4
LogDevObjectVersion:   Dev-VR (D7296918-1DD6-4BDD-9DE2-64A83CC13884): 0
LogDevObjectVersion:   Dev-LoadTimes (C2A15278-BFE7-4AFE-6C17-90FF531DF755): 1
LogDevObjectVersion:   Private-Geometry (6EACA3D4-40EC-4CC1-B786-8BED09428FC5): 1
LogDevObjectVersion:   Dev-AnimPhys (29E575DD-E0A3-4627-9D10-D276232CDCEA): 3
LogInit: Compiled (64-bit): Jul 28 2017 11:49:47
LogInit: Compiled with Visual C++: 19.00.24215.01
LogInit: Build Configuration: Development
LogInit: Branch Name: ++UE4+Release-4.16
LogInit: Command line: -EpicPortal 
LogInit: Base directory: C:/Program Files/Epic Games/UE_4.16/Engine/Binaries/Win64/
LogInit: Installed Engine Build: 1
LogInit: Presizing for max 8388607 objects, including 0 objects not considered by GC, pre-allocating 0 bytes for permanent pool.
LogInit: Object subsystem initialized
[2017.10.12-14.28.31:222][  0]LogInit: Selected Device Profile: [Windows]
[2017.10.12-14.28.31:222][  0]LogInit: Applying CVar settings loaded from the selected device profile: [Windows]
[2017.10.12-14.28.31:232][  0]LogInit: Computer: ROHIT-PC
[2017.10.12-14.28.31:232][  0]LogInit: User: Rohit
[2017.10.12-14.28.31:232][  0]LogInit: CPU Page size=4096, Cores=4
[2017.10.12-14.28.31:232][  0]LogInit: High frequency timer resolution =3.027353 MHz
[2017.10.12-14.28.31:233][  0]LogMemory: Memory total: Physical=7.9GB (8GB approx)
[2017.10.12-14.28.31:233][  0]LogMemory: Platform Memory Stats for Windows
[2017.10.12-14.28.31:233][  0]LogMemory: Process Physical Memory: 272.81 MB used, 272.81 MB peak
[2017.10.12-14.28.31:233][  0]LogMemory: Process Virtual Memory: 266.77 MB used, 266.77 MB peak
[2017.10.12-14.28.31:233][  0]LogMemory: Physical Memory: 3828.06 MB used,  4307.94 MB free, 8136.00 MB total
[2017.10.12-14.28.31:233][  0]LogMemory: Virtual Memory: 643.39 MB used,  4307.94 MB free, 134217728.00 MB total
[2017.10.12-14.28.31:301][  0]LogInit: Using OS detected language (en-US).
[2017.10.12-14.28.31:301][  0]LogInit: Using OS detected locale (en-US).
[2017.10.12-14.28.31:304][  0]LogTextLocalizationManager: No specific localization for 'en-US' exists, so the 'en' localization will be used.
[2017.10.12-14.28.32:307][  0]LogD3D11RHI: D3D11 adapters:
[2017.10.12-14.28.32:348][  0]LogD3D11RHI:    0. 'NVIDIA GeForce GTX 660' (Feature Level 11_0)
[2017.10.12-14.28.32:348][  0]LogD3D11RHI:       2015/0/4068 MB DedicatedVideo/DedicatedSystem/SharedSystem, Outputs:1, VendorId:0x10de
[2017.10.12-14.28.32:349][  0]LogD3D11RHI:    1. 'Microsoft Basic Render Driver' (Feature Level 11_0)
[2017.10.12-14.28.32:349][  0]LogD3D11RHI:       0/0/4068 MB DedicatedVideo/DedicatedSystem/SharedSystem, Outputs:0, VendorId:0x1414
[2017.10.12-14.28.32:349][  0]LogD3D11RHI: Chosen D3D11 Adapter: 0
[2017.10.12-14.28.32:352][  0]LogD3D11RHI: Creating new Direct3DDevice
[2017.10.12-14.28.32:352][  0]LogD3D11RHI:     GPU DeviceId: 0x11c0 (for the marketing name, search the web for "GPU Device Id")
[2017.10.12-14.28.32:352][  0]LogWindows: EnumDisplayDevices:
[2017.10.12-14.28.32:352][  0]LogWindows:    0. 'NVIDIA GeForce GTX 660' (P:1 D:1)
[2017.10.12-14.28.32:352][  0]LogWindows:    1. 'NVIDIA GeForce GTX 660' (P:0 D:0)
[2017.10.12-14.28.32:352][  0]LogWindows:    2. 'NVIDIA GeForce GTX 660' (P:0 D:0)
[2017.10.12-14.28.32:352][  0]LogWindows:    3. 'NVIDIA GeForce GTX 660' (P:0 D:0)
[2017.10.12-14.28.32:352][  0]LogWindows: DebugString: FoundDriverCount:4 
[2017.10.12-14.28.32:352][  0]LogD3D11RHI:     Adapter Name: NVIDIA GeForce GTX 660
[2017.10.12-14.28.32:352][  0]LogD3D11RHI:   Driver Version: 385.69 (internal:22.21.13.8569, unified:385.69)
[2017.10.12-14.28.32:352][  0]LogD3D11RHI:      Driver Date: 9-16-2017
[2017.10.12-14.28.32:352][  0]LogRHI: Texture pool is 1361 MB (70% of 1945 MB)
[2017.10.12-14.28.32:373][  0]LogD3D11RHI: Async texture creation enabled
[2017.10.12-14.28.32:391][  0]LogD3D11RHI: GPU Timing Frequency: 1000.000000 (Debug: 2 2)
[2017.10.12-14.28.32:392][  0]LogShaderCompilers: Guid format shader working directory is 15 characters bigger than the processId version (F:/GitHubProjects/UMGMenuSystem/Intermediate/Shaders/WorkingDirectory/4048/).
[2017.10.12-14.28.32:392][  0]LogShaderCompilers: Cleaned the shader compiler working directory 'C:/Users/Rohit/AppData/Local/Temp/UnrealShaderWorkingDir/81F9A540483842D9AC231A90C98AB52C/'.
[2017.10.12-14.28.32:392][  0]LogShaderCompilers:Display: Using Local Shader Compiler.
[2017.10.12-14.28.33:594][  0]LogTemp:Display: Loaded TP AllDesktopTargetPlatform
[2017.10.12-14.28.33:647][  0]LogTemp:Display: Loaded TP MacClientTargetPlatform
[2017.10.12-14.28.33:700][  0]LogTemp:Display: Loaded TP MacNoEditorTargetPlatform
[2017.10.12-14.28.33:763][  0]LogTemp:Display: Loaded TP MacServerTargetPlatform
[2017.10.12-14.28.33:825][  0]LogTemp:Display: Loaded TP MacTargetPlatform
[2017.10.12-14.28.33:888][  0]LogTemp:Display: Loaded TP WindowsClientTargetPlatform
[2017.10.12-14.28.33:945][  0]LogTemp:Display: Loaded TP WindowsNoEditorTargetPlatform
[2017.10.12-14.28.34:006][  0]LogTemp:Display: Loaded TP WindowsServerTargetPlatform
[2017.10.12-14.28.34:056][  0]LogTemp:Display: Loaded TP WindowsTargetPlatform
[2017.10.12-14.28.34:115][  0]LogTemp:Display: Loaded TP AndroidTargetPlatform
[2017.10.12-14.28.34:172][  0]LogTemp:Display: Loaded TP Android_ASTCTargetPlatform
[2017.10.12-14.28.34:228][  0]LogTemp:Display: Loaded TP Android_ATCTargetPlatform
[2017.10.12-14.28.34:289][  0]LogTemp:Display: Loaded TP Android_DXTTargetPlatform
[2017.10.12-14.28.34:345][  0]LogTemp:Display: Loaded TP Android_ETC1TargetPlatform
[2017.10.12-14.28.34:403][  0]LogTemp:Display: Loaded TP Android_ETC2TargetPlatform
[2017.10.12-14.28.34:516][  0]LogTemp:Display: Loaded TP Android_MultiTargetPlatform
[2017.10.12-14.28.34:516][  0]LogTemp:Display: Loaded TP Android_PVRTCTargetPlatform
[2017.10.12-14.28.34:557][  0]LogTemp:Display: Loaded TP HTML5TargetPlatform
[2017.10.12-14.28.34:659][  0]LogTemp:Display: Loaded TP IOSTargetPlatform
[2017.10.12-14.28.34:692][  0]LogTemp:Display: Loaded TP TVOSTargetPlatform
[2017.10.12-14.28.34:744][  0]LogTemp:Display: Loaded TP LinuxClientTargetPlatform
[2017.10.12-14.28.34:802][  0]LogTemp:Display: Loaded TP LinuxNoEditorTargetPlatform
[2017.10.12-14.28.34:859][  0]LogTemp:Display: Loaded TP LinuxServerTargetPlatform
[2017.10.12-14.28.34:919][  0]LogTemp:Display: Loaded TP LinuxTargetPlatform
[2017.10.12-14.28.34:919][  0]LogTargetPlatformManager:Display: Building Assets For Windows
[2017.10.12-14.28.35:494][  0]LogDerivedDataCache:Display: Max Cache Size: 512 MB
[2017.10.12-14.28.35:577][  0]LogDerivedDataCache: Loaded boot cache 0.08s 102MB C:/Users/Rohit/AppData/Local/UnrealEngine/4.16/DerivedDataCache/Boot.ddc.
[2017.10.12-14.28.35:578][  0]LogDerivedDataCache:Display: Loaded Boot cache: C:/Users/Rohit/AppData/Local/UnrealEngine/4.16/DerivedDataCache/Boot.ddc
[2017.10.12-14.28.35:578][  0]LogDerivedDataCache: FDerivedDataBackendGraph:  Pak pak cache file F:/GitHubProjects/UMGMenuSystem/DerivedDataCache/DDC.ddp not found, will not use a pak cache.
[2017.10.12-14.28.35:578][  0]LogDerivedDataCache: Unable to find inner node Pak for hierarchical cache Hierarchy.
[2017.10.12-14.28.35:578][  0]LogDerivedDataCache: FDerivedDataBackendGraph:  CompressedPak pak cache file F:/GitHubProjects/UMGMenuSystem/DerivedDataCache/Compressed.ddp not found, will not use a pak cache.
[2017.10.12-14.28.35:578][  0]LogDerivedDataCache: Unable to find inner node CompressedPak for hierarchical cache Hierarchy.
[2017.10.12-14.28.35:599][  0]LogDerivedDataCache:Display: Pak cache opened for reading ../../../Engine/DerivedDataCache/Compressed.ddp.
[2017.10.12-14.28.35:612][  0]LogDerivedDataCache: Using Local data cache path C:/Users/Rohit/AppData/Local/UnrealEngine/Common/DerivedDataCache: Writable
[2017.10.12-14.28.35:624][  0]LogMaterial: Verifying Global Shaders for PCD3D_SM5
[2017.10.12-14.28.35:624][  0]LogSlate: Using Freetype 2.6.0
[2017.10.12-14.28.35:625][  0]LogSlate: SlateFontCache - WITH_FREETYPE: 1, WITH_HARFBUZZ: 1
[2017.10.12-14.28.35:625][  0]LogSlate: SlateFontCache - WITH_FREETYPE: 1, WITH_HARFBUZZ: 1
[2017.10.12-14.28.35:982][  0]LogInit: Selected Device Profile: [Windows]
[2017.10.12-14.28.36:047][  0]LogContentStreaming: Texture pool size is 0.00 MB
[2017.10.12-14.28.36:211][  0]LogMeshUtilities: Using QuadricMeshReduction for automatic static mesh reduction
[2017.10.12-14.28.36:256][  0]LogSimplygon: Simplygon DLL not present - disabling.
[2017.10.12-14.28.36:309][  0]LogMeshUtilities: Using SimplygonSwarm for distributed automatic mesh merging
[2017.10.12-14.28.36:309][  0]LogMeshUtilities: No automatic skeletal mesh reduction module available
[2017.10.12-14.28.36:309][  0]LogMeshUtilities: No automatic mesh merging module available
[2017.10.12-14.28.36:877][  0]LogNetVersion: UMGMenuExample , NetCL: 3452394, EngineNetVer: 2, GameNetVer: 0 (Checksum: 182780301)
[2017.10.12-14.28.36:944][  0]LogAssetRegistry: FAssetRegistry took 0.0268 seconds to start up
[2017.10.12-14.28.37:006][  0]LogPackageLocalizationCache: Processed 4 localized package path(s) for 2 prioritized culture(s) in 0.033542 seconds
[2017.10.12-14.28.37:012][  0]LogUObjectArray: 34194 objects as part of root set at end of initial load.
[2017.10.12-14.28.37:012][  0]LogUObjectAllocator: 7260416 out of 0 bytes used by permanent object pool.
[2017.10.12-14.28.37:012][  0]LogUObjectArray: CloseDisregardForGC: 0/0 objects in disregard for GC pool
[2017.10.12-14.28.37:094][  0]LogInit: WinSock: version 1.1 (2.2), MaxSocks=32767, MaxUdp=65467
[2017.10.12-14.28.40:066][  0]LogTcpMessaging: Initializing TcpMessaging bridge
[2017.10.12-14.28.40:116][  0]LogUdpMessaging: Initializing bridge on interface 0.0.0.0:0 to multicast group 230.0.0.1:6666.
[2017.10.12-14.28.40:721][  0]LogMaterial: Uniform references updated for custom material expression Custom.
[2017.10.12-14.28.41:170][  0]SourceControl: Info Source control is disabled
[2017.10.12-14.28.41:171][  0]SourceControl: Info Source control is disabled
[2017.10.12-14.28.41:228][  0]SourceControl: Info Source control is disabled
[2017.10.12-14.28.41:284][  0]SourceControl: Info Source control is disabled
[2017.10.12-14.28.42:071][  0]LogAndroidPermission: UAndroidPermissionCallbackProxy::GetInstance
[2017.10.12-14.28.42:786][  0]LogEngine: Initializing Engine...
[2017.10.12-14.28.42:786][  0]LogHMD: Failed to initialize OpenVR with code 110
[2017.10.12-14.28.42:985][  0]LogStats: UGameplayTagsManager::ConstructGameplayTagTree: Construct from data asset -  0.000 s
[2017.10.12-14.28.42:985][  0]LogStats: UGameplayTagsManager::ConstructGameplayTagTree: GameplayTagTreeChangedEvent.Broadcast -  0.000 s
[2017.10.12-14.28.43:136][  0]LogAIModule: Creating AISystem for world Untitled
[2017.10.12-14.28.43:143][  0]LogInit: XAudio2 using 'Speakers (High Definition Audio Device)' : 2 channels at 44.1 kHz using 16 bits per sample (channel mask 0x3)
[2017.10.12-14.28.43:166][  0]LogInit: FAudioDevice initialized.
[2017.10.12-14.28.43:214][  0]LogDerivedDataCache: Saved boot cache 0.05s 102MB C:/Users/Rohit/AppData/Local/UnrealEngine/4.16/DerivedDataCache/Boot.ddc.
[2017.10.12-14.28.43:231][  0]LogInit: Texture streaming: Enabled
[2017.10.12-14.28.43:347][  0]LogEngineSessionManager: EngineSessionManager initialized
[2017.10.12-14.28.43:609][  0]LogInit: Transaction tracking system initialized
[2017.10.12-14.28.43:983][  0]BlueprintLog: New page: Editor Load
[2017.10.12-14.28.45:020][  0]LocalizationService: Info Localization service is disabled
[2017.10.12-14.28.45:783][  0]LogConsoleResponse:Display: 
[2017.10.12-14.28.45:939][  0]LogAutoReimportManager:Warning: Unable to watch directory F:/GitHubProjects/UMGMenuSystem/Content/ as it will conflict with another watching F:/GitHubProjects/UMGMenuSystem/Content/.
[2017.10.12-14.28.45:950][  0]LogCook:Display: Max memory allowance for cook 16384mb min free memory 0mb
[2017.10.12-14.28.45:950][  0]LogCook:Display: Mobile HDR setting 1
[2017.10.12-14.28.47:097][  0]LogFileCache: Scanning file cache for directory 'F:/GitHubProjects/UMGMenuSystem/Content/' took 0.01s
[2017.10.12-14.28.47:152][  0]SourceControl: Info Source control is disabled
[2017.10.12-14.28.47:152][  0]Cmd: MAP LOAD FILE="F:/GitHubProjects/UMGMenuSystem/Content/Maps/MainMenu_Map.umap" TEMPLATE=0 SHOWPROGRESS=1 FEATURELEVEL=3
[2017.10.12-14.28.47:153][  0]LightingResults: New page: Lighting Build
[2017.10.12-14.28.47:201][  0]MapCheck: New page: Map Check
[2017.10.12-14.28.47:201][  0]LightingResults: New page: Lighting Build
[2017.10.12-14.28.47:281][  0]LogClass:Warning: Enum '/Game/Blueprints/Enums/EGameState.EGameState' was upgraded to use FText to store its display name data. Please re-save this asset to avoid issues with localization and determinstic cooking.
[2017.10.12-14.28.47:764][  0]LogAIModule: Creating AISystem for world MainMenu_Map
[2017.10.12-14.28.47:768][  0]LogEditorServer: Finished looking for orphan Actors (0.000 secs)
[2017.10.12-14.28.47:786][  0]Cmd: MAP CHECKDEP NOCLEARLOG
[2017.10.12-14.28.47:839][  0]MapCheck: Info Map check complete: 0 Error(s), 0 Warning(s), took 52.521ms to complete.
[2017.10.12-14.28.47:839][  0]LogFileHelpers: Loading map 'MainMenu_Map' took 0.687
[2017.10.12-14.28.47:899][  0]LogWindowsTextInputMethodSystem:Display: IME system now deactivated.
[2017.10.12-14.28.47:986][  0]LogCollectionManager: Loaded 0 collections in 0.001997 seconds
[2017.10.12-14.28.48:069][  0]LogFileCache: Scanning file cache for directory 'F:/GitHubProjects/UMGMenuSystem/Saved/Collections/' took 0.01s
[2017.10.12-14.28.48:069][  0]LogFileCache: Scanning file cache for directory 'F:/GitHubProjects/UMGMenuSystem/Content/Developers/Rohit/Collections/' took 0.01s
[2017.10.12-14.28.48:069][  0]LogFileCache: Scanning file cache for directory 'F:/GitHubProjects/UMGMenuSystem/Content/Collections/' took 0.01s
[2017.10.12-14.28.48:069][  0]LogCollectionManager: Rebuilt the GUID cache for 0 collections in 0.000002 seconds
[2017.10.12-14.28.48:080][  0]LogContentBrowser: Native class hierarchy populated in 0.0111 seconds. Added 2329 classes and 491 folders.
[2017.10.12-14.28.48:171][  0]LogContentBrowser: Native class hierarchy updated for 'WidgetCarousel' in 0.0009 seconds. Added 0 classes and 0 folders.
[2017.10.12-14.28.48:225][  0]LogContentBrowser: Native class hierarchy updated for 'AddContentDialog' in 0.0008 seconds. Added 0 classes and 0 folders.
[2017.10.12-14.28.48:274][  0]LogContentBrowser: Native class hierarchy updated for 'SceneOutliner' in 0.0009 seconds. Added 1 classes and 2 folders.
[2017.10.12-14.28.48:323][  0]LogCrashTracker: Crashtracker disabled due to settings.
[2017.10.12-14.28.48:329][  0]LogSlate: Took 0.000263 seconds to synchronously load lazily loaded font '../../../Engine/Content/Slate/Fonts/Roboto-Regular.ttf' (155K)
[2017.10.12-14.28.48:332][  0]LogSlate: Took 0.000275 seconds to synchronously load lazily loaded font '../../../Engine/Content/Slate/Fonts/Roboto-Bold.ttf' (160K)
[2017.10.12-14.28.48:339][  0]LogSlate: Took 0.000463 seconds to synchronously load lazily loaded font '../../../Engine/Content/Editor/Slate/Fonts/FontAwesome.ttf' (139K)
[2017.10.12-14.28.48:471][  0]LogRenderer: Reallocating scene render targets to support 1008x572 NumSamples 1 (Frame:1).
[2017.10.12-14.28.48:637][  0]LogUObjectGlobals:Warning: Failed to find object 'Class None.'
[2017.10.12-14.28.48:702][  0]LogContentBrowser: Native class hierarchy updated for 'HierarchicalLODOutliner' in 0.0008 seconds. Added 1 classes and 2 folders.
[2017.10.12-14.28.48:702][  0]LogLoad: (Engine Initialization) Total time: 19.09 seconds
[2017.10.12-14.28.48:702][  0]LogLoad: (Engine Initialization) Total Blueprint compile time: 0.24 seconds
[2017.10.12-14.28.48:702][  0]LogExternalProfiler: No external profilers were discovered.  External profiling features will not be available.
[2017.10.12-14.28.48:712][  0]LogOcInput: OculusInput pre-init called
[2017.10.12-14.28.48:712][  0]LogHMD: Starting GearVRController plugin
[2017.10.12-14.28.48:731][  0]LogAssetRegistry: Asset discovery search completed in 11.8082 seconds
[2017.10.12-14.28.48:733][  0]LogCollectionManager: Rebuilt the object cache for 0 collections in 0.000001 seconds (found 0 objects)
[2017.10.12-14.28.48:733][  0]LogCollectionManager: Fixed up redirectors for 0 collections in 0.000029 seconds (updated 0 objects)
[2017.10.12-14.28.48:736][  0]LogContentStreaming: Texture pool size now 3000 MB
[2017.10.12-14.28.48:788][  0]LogSlate: Took 0.000204 seconds to synchronously load lazily loaded font '../../../Engine/Content/Slate/Fonts/Roboto-Light.ttf' (159K)
[2017.10.12-14.29.31:001][ 45]LogBlueprint:Warning: [Compiler BP_InGameActor] Warning  Set Input Mode Game And UI (Deprecated)  is deprecated; Use the new version of Set Input Mode Game And UI instead
[2017.10.12-14.29.31:003][ 45]LogBlueprint:Warning: [Compiler BP_InGameActor] Warning [0061.39] Compile of BP_InGameActor successful, but with 1 Warning(s) [in 5 ms] (/Game/Blueprints/BP_InGameActor.BP_InGameActor)
[2017.10.12-14.29.31:003][ 45]LogBlueprint:Warning: [Compiler BP_InGameActor] Warning [0061.39] Compile of BP_InGameActor successful, but with 2 Warning(s) [in 0 ms] (/Game/Blueprints/BP_InGameActor.BP_InGameActor)
[2017.10.12-14.29.31:003][ 45]LogBlueprint:Warning: [Compiler BP_InGameActor] Warning [0061.40] Compile of BP_InGameActor successful, but with 3 Warning(s) [in 0 ms] (/Game/Blueprints/BP_InGameActor.BP_InGameActor)
[2017.10.12-14.29.31:007][ 45]LogBlueprint:Warning: [Compiler BP_InGameActor] Warning  Set Input Mode Game And UI (Deprecated)  is deprecated; Use the new version of Set Input Mode Game And UI instead
[2017.10.12-14.29.31:009][ 45]LogBlueprint:Warning: [Compiler BP_InGameActor] Warning [0061.40] Compile of BP_InGameActor successful, but with 1 Warning(s) [in 5 ms] (/Game/Blueprints/BP_InGameActor.BP_InGameActor)
[2017.10.12-14.29.31:009][ 45]LogBlueprint:Warning: [Compiler BP_InGameActor] Warning [0061.40] Compile of BP_InGameActor successful, but with 2 Warning(s) [in 0 ms] (/Game/Blueprints/BP_InGameActor.BP_InGameActor)
[2017.10.12-14.29.31:009][ 45]LogBlueprint:Warning: [Compiler BP_InGameActor] Warning [0061.40] Compile of BP_InGameActor successful, but with 3 Warning(s) [in 0 ms] (/Game/Blueprints/BP_InGameActor.BP_InGameActor)
[2017.10.12-14.29.31:028][ 45]LogSlate: Took 0.000142 seconds to synchronously load lazily loaded font '../../../Engine/Content/Slate/Fonts/Roboto-Light.ttf' (159K)
[2017.10.12-14.29.31:456][ 45]LogContentBrowser: Native class hierarchy updated for 'BlueprintGraph' in 0.0014 seconds. Added 112 classes and 0 folders.
[2017.10.12-14.29.32:039][ 45]LogSlate: Took 0.000137 seconds to synchronously load lazily loaded font '../../../Engine/Content/Slate/Fonts/Roboto-Regular.ttf' (155K)
[2017.10.12-14.29.32:102][ 45]LogSlate: Took 0.000182 seconds to synchronously load lazily loaded font '../../../Engine/Content/Editor/Slate/Fonts/Roboto-BoldCondensed.ttf' (158K)
[2017.10.12-14.29.32:196][ 46]LogSlate: Took 0.000191 seconds to synchronously load lazily loaded font '../../../Engine/Content/Editor/Slate/Fonts/Roboto-Italic.ttf' (157K)
[2017.10.12-14.30.02:335][693]BlueprintLog: New page: Compile BP_InGameActor
[2017.10.12-14.30.02:745][712]Cmd: OBJ SAVEPACKAGE PACKAGE="/Game/Blueprints/BP_InGameActor" FILE="F:/GitHubProjects/UMGMenuSystem/Content/Blueprints/BP_InGameActor.uasset" SILENT=true
[2017.10.12-14.30.02:833][712]LogSavePackage: Save=77.76ms
[2017.10.12-14.30.02:833][712]LogSavePackage: Moving 'F:/GitHubProjects/UMGMenuSystem/Saved/BP_InGameActor93685BB544052BC5715143B8CBB11A61.tmp' to 'F:/GitHubProjects/UMGMenuSystem/Content/Blueprints/BP_InGameActor.uasset'
[2017.10.12-14.30.02:835][712]LogSavePackage:Display: Finished SavePackage F:/GitHubProjects/UMGMenuSystem/Content/Blueprints/BP_InGameActor.uasset
[2017.10.12-14.30.04:564][862]LogScript:Warning: Accessed None trying to read property GameInstanceRef
	BP_InGameActor_C /Engine/Transient.World_0:PersistentLevel.BP_InGameActor_C_0
	Function /Game/Blueprints/BP_InGameActor.BP_InGameActor_C:ExecuteUbergraph_BP_InGameActor:069E
[2017.10.12-14.30.06:911][126]LogBlueprintUserMessages: Early PlayInEditor Detection: Level '/Game/Maps/MainMenu_Map.MainMenu_Map:PersistentLevel' has LevelScriptBlueprint '/Game/Maps/MainMenu_Map.MainMenu_Map:PersistentLevel.MainMenu_Map' with GeneratedClass '/Game/Maps/MainMenu_Map.MainMenu_Map_C' with ClassGeneratedBy '/Game/Maps/MainMenu_Map.MainMenu_Map:PersistentLevel.MainMenu_Map'
[2017.10.12-14.30.06:911][126]LogPlayLevel: PlayLevel: No blueprints needed recompiling
[2017.10.12-14.30.06:911][126]PIE: New page: PIE session: MainMenu_Map (Oct 13, 2017, 1:30:06 AM)
[2017.10.12-14.30.06:911][126]LogPlayLevel: Creating play world package: /Game/Maps/UEDPIE_0_MainMenu_Map
[2017.10.12-14.30.06:912][126]LogPlayLevel: PIE: StaticDuplicateObject took: (0.000943s)
[2017.10.12-14.30.06:913][126]LogAIModule: Creating AISystem for world MainMenu_Map
[2017.10.12-14.30.06:913][126]LogPlayLevel: PIE: World Init took: (0.000662s)
[2017.10.12-14.30.06:913][126]LogPlayLevel: PIE: Created PIE world by copying editor world from /Game/Maps/MainMenu_Map.MainMenu_Map to /Game/Maps/UEDPIE_0_MainMenu_Map.MainMenu_Map (0.001804s)
[2017.10.12-14.30.06:938][126]LogInit: XAudio2 using 'Speakers (High Definition Audio Device)' : 2 channels at 44.1 kHz using 16 bits per sample (channel mask 0x3)
[2017.10.12-14.30.06:947][126]LogInit: FAudioDevice initialized.
[2017.10.12-14.30.06:997][126]LogLoad: Game class is 'BP_MainMenuGameMode_C'
[2017.10.12-14.30.07:001][126]LogWorld: Bringing World /Game/Maps/UEDPIE_0_MainMenu_Map.MainMenu_Map up for play (max tick rate 0) at 2017.10.12-20.00.07
[2017.10.12-14.30.07:002][126]LogWorld: Bringing up level for play took: 0.001036
[2017.10.12-14.30.07:054][126]LogContentBrowser: Native class hierarchy updated for 'MovieSceneCapture' in 0.0009 seconds. Added 11 classes and 0 folders.
[2017.10.12-14.30.07:054][126]LogGameMode:Display: Match State Changed from EnteringMap to WaitingToStart
[2017.10.12-14.30.07:054][126]LogGameState: Match State Changed from EnteringMap to WaitingToStart
[2017.10.12-14.30.07:054][126]LogGameMode:Display: Match State Changed from WaitingToStart to InProgress
[2017.10.12-14.30.07:058][126]LogGameState: Match State Changed from WaitingToStart to InProgress
[2017.10.12-14.30.07:062][126]PIE: Info Play in editor start time for /Game/Maps/UEDPIE_0_MainMenu_Map -0.282
[2017.10.12-14.30.07:062][126]LogBlueprintUserMessages: Late PlayInEditor Detection: Level '/Game/Maps/MainMenu_Map.MainMenu_Map:PersistentLevel' has LevelScriptBlueprint '/Game/Maps/MainMenu_Map.MainMenu_Map:PersistentLevel.MainMenu_Map' with GeneratedClass '/Game/Maps/MainMenu_Map.MainMenu_Map_C' with ClassGeneratedBy '/Game/Maps/MainMenu_Map.MainMenu_Map:PersistentLevel.MainMenu_Map'
[2017.10.12-14.30.07:070][126]LogRenderer: Reallocating scene render targets to support 1292x756 NumSamples 1 (Frame:1).
[2017.10.12-14.30.07:161][127]Cmd: R.SetRes 1280x720
[2017.10.12-14.30.07:161][127]r.SetRes = "1280x720"
[2017.10.12-14.30.07:161][127]Cmd: r.PostProcessAAQuality 6
[2017.10.12-14.30.07:162][127]r.PostProcessAAQuality = "6"
[2017.10.12-14.30.07:162][127]Cmd: sg.ShadowQuality 3
[2017.10.12-14.30.07:162][127]sg.ShadowQuality = "3"
[2017.10.12-14.30.07:162][127]Cmd: sg.TextureQuality 3
[2017.10.12-14.30.07:162][127]sg.TextureQuality = "3"
[2017.10.12-14.30.07:162][127]Cmd: sg.EffectsQuality 3
[2017.10.12-14.30.07:162][127]sg.EffectsQuality = "3"
[2017.10.12-14.30.07:162][127]Cmd: r.ScreenPercentage 100
[2017.10.12-14.30.07:162][127]r.ScreenPercentage = "100"
[2017.10.12-14.30.07:162][127]Cmd: r.VSync 0
[2017.10.12-14.30.07:162][127]r.VSync = "0"
[2017.10.12-14.30.07:162][127]LogContentStreaming: Texture pool size now 1000 MB
[2017.10.12-14.30.07:175][128]LogRenderer: Reallocating scene render targets to support 1292x756 NumSamples 1 (Frame:3).
[2017.10.12-14.30.09:242][367]LogGameMode:Display: Match State Changed from InProgress to LeavingMap
[2017.10.12-14.30.09:242][367]LogGameState: Match State Changed from InProgress to LeavingMap
[2017.10.12-14.30.09:242][367]LogNet: Browse: /Game/Maps/PrototypeLevel_Map
[2017.10.12-14.30.09:242][367]LogLoad: LoadMap: /Game/Maps/PrototypeLevel_Map
[2017.10.12-14.30.09:261][367]Cmd: MEM
[2017.10.12-14.30.09:277][367]LogMemory: Platform Memory Stats for Windows
[2017.10.12-14.30.09:277][367]LogMemory: Process Physical Memory: 1231.57 MB used, 1232.63 MB peak
[2017.10.12-14.30.09:277][367]LogMemory: Process Virtual Memory: 1725.16 MB used, 1725.77 MB peak
[2017.10.12-14.30.09:277][367]LogMemory: Physical Memory: 4030.52 MB used,  4105.48 MB free, 8136.00 MB total
[2017.10.12-14.30.09:277][367]LogMemory: Virtual Memory: 2543.44 MB used,  4105.48 MB free, 134217728.00 MB total
[2017.10.12-14.30.09:277][367]LogMemory: 
[2017.10.12-14.30.09:277][367]Allocator Stats for TBB: (not implemented)
[2017.10.12-14.30.09:669][367]LogAIModule: Creating AISystem for world PrototypeLevel_Map
[2017.10.12-14.30.09:670][367]LogLoad: Game class is 'BP_InGameGameMode_C'
[2017.10.12-14.30.09:672][367]LogActorComponent: RegisterComponentWithWorld: (/Game/Maps/UEDPIE_0_PrototypeLevel_Map.PrototypeLevel_Map:PersistentLevel.WorldSettings.StaticMeshComponent0) Trying to register component with IsPendingKill() == true. Aborting.
[2017.10.12-14.30.09:672][367]LogWorld: Bringing World /Game/Maps/UEDPIE_0_PrototypeLevel_Map.PrototypeLevel_Map up for play (max tick rate 0) at 2017.10.12-20.00.09
[2017.10.12-14.30.09:672][367]LogWorld: Bringing up level for play took: 0.001333
[2017.10.12-14.30.09:673][367]LogGameMode: FindPlayerStart: PATHS NOT DEFINED or NO PLAYERSTART with positive rating
[2017.10.12-14.30.09:673][367]LogGameMode:Display: Match State Changed from EnteringMap to WaitingToStart
[2017.10.12-14.30.09:673][367]LogGameState: Match State Changed from EnteringMap to WaitingToStart
[2017.10.12-14.30.09:673][367]LogGameMode:Display: Match State Changed from WaitingToStart to InProgress
[2017.10.12-14.30.09:675][367]LogGameState: Match State Changed from WaitingToStart to InProgress
[2017.10.12-14.30.09:675][367]LogLoad: Took 0.432077 seconds to LoadMap(/Game/Maps/PrototypeLevel_Map)
[2017.10.12-14.30.11:607][591]LogGameMode:Display: Match State Changed from InProgress to LeavingMap
[2017.10.12-14.30.11:607][591]LogGameState: Match State Changed from InProgress to LeavingMap
[2017.10.12-14.30.11:607][591]LogNet: Browse: /Game/Maps/PrototypeLevel2_Map
[2017.10.12-14.30.11:608][591]LogLoad: LoadMap: /Game/Maps/PrototypeLevel2_Map
[2017.10.12-14.30.11:626][591]Cmd: MEM
[2017.10.12-14.30.11:643][591]LogMemory: Platform Memory Stats for Windows
[2017.10.12-14.30.11:643][591]LogMemory: Process Physical Memory: 1335.55 MB used, 1342.81 MB peak
[2017.10.12-14.30.11:643][591]LogMemory: Process Virtual Memory: 1755.31 MB used, 1865.82 MB peak
[2017.10.12-14.30.11:643][591]LogMemory: Physical Memory: 4074.82 MB used,  4061.18 MB free, 8136.00 MB total
[2017.10.12-14.30.11:643][591]LogMemory: Virtual Memory: 2594.63 MB used,  4061.18 MB free, 134217728.00 MB total
[2017.10.12-14.30.11:643][591]LogMemory: 
[2017.10.12-14.30.11:643][591]Allocator Stats for TBB: (not implemented)
[2017.10.12-14.30.11:778][591]LogAIModule: Creating AISystem for world PrototypeLevel2_Map
[2017.10.12-14.30.11:778][591]LogLoad: Game class is 'BP_InGameGameMode_C'
[2017.10.12-14.30.11:780][591]LogActorComponent: RegisterComponentWithWorld: (/Game/Maps/UEDPIE_0_PrototypeLevel2_Map.PrototypeLevel2_Map:PersistentLevel.WorldSettings_1.StaticMeshComponent0) Trying to register component with IsPendingKill() == true. Aborting.
[2017.10.12-14.30.11:781][591]LogWorld: Bringing World /Game/Maps/UEDPIE_0_PrototypeLevel2_Map.PrototypeLevel2_Map up for play (max tick rate 0) at 2017.10.12-20.00.11
[2017.10.12-14.30.11:781][591]LogWorld: Bringing up level for play took: 0.001543
[2017.10.12-14.30.11:781][591]LogGameMode:Display: Match State Changed from EnteringMap to WaitingToStart
[2017.10.12-14.30.11:782][591]LogGameState: Match State Changed from EnteringMap to WaitingToStart
[2017.10.12-14.30.11:782][591]LogGameMode:Display: Match State Changed from WaitingToStart to InProgress
[2017.10.12-14.30.11:783][591]LogGameState: Match State Changed from WaitingToStart to InProgress
[2017.10.12-14.30.11:783][591]LogLoad: Took 0.175084 seconds to LoadMap(/Game/Maps/PrototypeLevel2_Map)
[2017.10.12-14.30.12:683][695]LogGameMode:Display: Match State Changed from InProgress to LeavingMap
[2017.10.12-14.30.12:683][695]LogGameState: Match State Changed from InProgress to LeavingMap
[2017.10.12-14.30.12:684][695]LogNet: Browse: /Game/Maps/PrototypeLevel_Map
[2017.10.12-14.30.12:684][695]LogLoad: LoadMap: /Game/Maps/PrototypeLevel_Map
[2017.10.12-14.30.12:701][695]Cmd: MEM
[2017.10.12-14.30.12:719][695]LogMemory: Platform Memory Stats for Windows
[2017.10.12-14.30.12:719][695]LogMemory: Process Physical Memory: 1361.84 MB used, 1386.30 MB peak
[2017.10.12-14.30.12:719][695]LogMemory: Process Virtual Memory: 1704.13 MB used, 1865.82 MB peak
[2017.10.12-14.30.12:719][695]LogMemory: Physical Memory: 4095.36 MB used,  4040.64 MB free, 8136.00 MB total
[2017.10.12-14.30.12:719][695]LogMemory: Virtual Memory: 2585.25 MB used,  4040.64 MB free, 134217728.00 MB total
[2017.10.12-14.30.12:719][695]LogMemory: 
[2017.10.12-14.30.12:719][695]Allocator Stats for TBB: (not implemented)
[2017.10.12-14.30.12:769][695]LogAIModule: Creating AISystem for world PrototypeLevel_Map
[2017.10.12-14.30.12:769][695]LogLoad: Game class is 'BP_InGameGameMode_C'
[2017.10.12-14.30.12:771][695]LogActorComponent: RegisterComponentWithWorld: (/Game/Maps/UEDPIE_0_PrototypeLevel_Map.PrototypeLevel_Map:PersistentLevel.WorldSettings.StaticMeshComponent0) Trying to register component with IsPendingKill() == true. Aborting.
[2017.10.12-14.30.12:772][695]LogWorld: Bringing World /Game/Maps/UEDPIE_0_PrototypeLevel_Map.PrototypeLevel_Map up for play (max tick rate 0) at 2017.10.12-20.00.12
[2017.10.12-14.30.12:772][695]LogWorld: Bringing up level for play took: 0.001348
[2017.10.12-14.30.12:772][695]LogGameMode: FindPlayerStart: PATHS NOT DEFINED or NO PLAYERSTART with positive rating
[2017.10.12-14.30.12:773][695]LogGameMode:Display: Match State Changed from EnteringMap to WaitingToStart
[2017.10.12-14.30.12:773][695]LogGameState: Match State Changed from EnteringMap to WaitingToStart
[2017.10.12-14.30.12:773][695]LogGameMode:Display: Match State Changed from WaitingToStart to InProgress
[2017.10.12-14.30.12:774][695]LogGameState: Match State Changed from WaitingToStart to InProgress
[2017.10.12-14.30.12:774][695]LogLoad: Took 0.089920 seconds to LoadMap(/Game/Maps/PrototypeLevel_Map)
[2017.10.12-14.30.15:542][ 25]LogGameMode:Display: Match State Changed from InProgress to LeavingMap
[2017.10.12-14.30.15:542][ 25]LogGameState: Match State Changed from InProgress to LeavingMap
[2017.10.12-14.30.15:542][ 25]LogNet: Browse: /Game/Maps/MainMenu_Map
[2017.10.12-14.30.15:542][ 25]LogLoad: LoadMap: /Game/Maps/MainMenu_Map
[2017.10.12-14.30.15:558][ 25]Cmd: MEM
[2017.10.12-14.30.15:576][ 25]LogMemory: Platform Memory Stats for Windows
[2017.10.12-14.30.15:576][ 25]LogMemory: Process Physical Memory: 1353.55 MB used, 1386.30 MB peak
[2017.10.12-14.30.15:576][ 25]LogMemory: Process Virtual Memory: 1676.48 MB used, 1865.82 MB peak
[2017.10.12-14.30.15:576][ 25]LogMemory: Physical Memory: 4086.66 MB used,  4049.34 MB free, 8136.00 MB total
[2017.10.12-14.30.15:576][ 25]LogMemory: Virtual Memory: 2580.25 MB used,  4049.34 MB free, 134217728.00 MB total
[2017.10.12-14.30.15:576][ 25]LogMemory: 
[2017.10.12-14.30.15:576][ 25]Allocator Stats for TBB: (not implemented)
[2017.10.12-14.30.15:576][ 25]LogPlayLevel: Creating play world package: /Game/Maps/UEDPIE_0_MainMenu_Map
[2017.10.12-14.30.15:577][ 25]LogPlayLevel: PIE: StaticDuplicateObject took: (0.001250s)
[2017.10.12-14.30.15:578][ 25]LogAIModule: Creating AISystem for world MainMenu_Map
[2017.10.12-14.30.15:578][ 25]LogPlayLevel: PIE: World Init took: (0.000802s)
[2017.10.12-14.30.15:578][ 25]LogPlayLevel: PIE: Created PIE world by copying editor world from /Game/Maps/MainMenu_Map.MainMenu_Map to /Game/Maps/UEDPIE_0_MainMenu_Map.MainMenu_Map (0.002278s)
[2017.10.12-14.30.15:578][ 25]LogLoad: Game class is 'BP_MainMenuGameMode_C'
[2017.10.12-14.30.15:583][ 25]LogWorld: Bringing World /Game/Maps/UEDPIE_0_MainMenu_Map.MainMenu_Map up for play (max tick rate 0) at 2017.10.12-20.00.15
[2017.10.12-14.30.15:583][ 25]LogWorld: Bringing up level for play took: 0.003707
[2017.10.12-14.30.15:584][ 25]LogGameMode: FindPlayerStart: PATHS NOT DEFINED or NO PLAYERSTART with positive rating
[2017.10.12-14.30.15:584][ 25]LogGameMode:Display: Match State Changed from EnteringMap to WaitingToStart
[2017.10.12-14.30.15:584][ 25]LogGameState: Match State Changed from EnteringMap to WaitingToStart
[2017.10.12-14.30.15:584][ 25]LogGameMode:Display: Match State Changed from WaitingToStart to InProgress
[2017.10.12-14.30.15:589][ 25]LogGameState: Match State Changed from WaitingToStart to InProgress
[2017.10.12-14.30.15:589][ 25]LogLoad: Took 0.046208 seconds to LoadMap(/Game/Maps/UEDPIE_0_MainMenu_Map)
[2017.10.12-14.30.22:310][810]Cmd: R.SetRes 1280x720
[2017.10.12-14.30.22:310][810]r.SetRes = "1280x720"
[2017.10.12-14.30.22:310][810]Cmd: sg.EffectsQuality 3
[2017.10.12-14.30.22:311][810]sg.EffectsQuality = "3"
[2017.10.12-14.30.22:311][810]Cmd: r.PostProcessAAQuality 6
[2017.10.12-14.30.22:311][810]r.PostProcessAAQuality = "6"
[2017.10.12-14.30.22:311][810]Cmd: sg.ShadowQuality 3
[2017.10.12-14.30.22:311][810]sg.ShadowQuality = "3"
[2017.10.12-14.30.22:311][810]Cmd: sg.TextureQuality 3
[2017.10.12-14.30.22:311][810]sg.TextureQuality = "3"
[2017.10.12-14.30.26:636][303]Cmd: R.SetRes 1366x768
[2017.10.12-14.30.26:636][303]r.SetRes = "1366x768"
[2017.10.12-14.30.26:679][303]LogRenderer: Reallocating scene render targets to support 1356x756 NumSamples 1 (Frame:1279).
[2017.10.12-14.30.32:212][952]LogBlueprintUserMessages: Early EndPlayMap Detection: Level '/Game/Maps/MainMenu_Map.MainMenu_Map:PersistentLevel' has LevelScriptBlueprint '/Game/Maps/MainMenu_Map.MainMenu_Map:PersistentLevel.MainMenu_Map' with GeneratedClass '/Game/Maps/MainMenu_Map.MainMenu_Map_C' with ClassGeneratedBy '/Game/Maps/MainMenu_Map.MainMenu_Map:PersistentLevel.MainMenu_Map'
[2017.10.12-14.30.32:242][952]LogBlueprintUserMessages: Late EndPlayMap Detection: Level '/Game/Maps/MainMenu_Map.MainMenu_Map:PersistentLevel' has LevelScriptBlueprint '/Game/Maps/MainMenu_Map.MainMenu_Map:PersistentLevel.MainMenu_Map' with GeneratedClass '/Game/Maps/MainMenu_Map.MainMenu_Map_C' with ClassGeneratedBy '/Game/Maps/MainMenu_Map.MainMenu_Map:PersistentLevel.MainMenu_Map'
[2017.10.12-14.30.36:229][409]LogWindowsTextInputMethodSystem:Display: IME system now deactivated.
[2017.10.12-14.30.36:397][410]Cmd: QUIT_EDITOR
[2017.10.12-14.30.37:243][410]LogExit: Preparing to exit.
[2017.10.12-14.30.38:328][410]LogExit: Editor shut down
[2017.10.12-14.30.38:331][410]LogExit: Transaction tracking system shut down
[2017.10.12-14.30.38:422][410]LogObj: Freed 0b from 0 cluster array pools.
[2017.10.12-14.30.38:422][410]LogExit: Object subsystem successfully closed.
[2017.10.12-14.30.38:442][410]LogD3D11RHI: Shutdown
[2017.10.12-14.30.38:442][410]LogD3D11RHI: CleanupD3DDevice
[2017.10.12-14.30.38:497][410]LogD3D11RHI: ~FD3D11DynamicRHI
[2017.10.12-14.30.38:514][410]LogModuleManager: Shutting down and abandoning module MovieSceneCapture (530)
[2017.10.12-14.30.38:514][410]LogModuleManager: Shutting down and abandoning module BlueprintGraph (528)
[2017.10.12-14.30.38:514][410]LogModuleManager: Shutting down and abandoning module BlueprintProfiler (526)
[2017.10.12-14.30.38:514][410]LogModuleManager: Shutting down and abandoning module HierarchicalLODOutliner (524)
[2017.10.12-14.30.38:514][410]LogModuleManager: Shutting down and abandoning module CrashTracker (522)
[2017.10.12-14.30.38:514][410]LogModuleManager: Shutting down and abandoning module SceneOutliner (520)
[2017.10.12-14.30.38:514][410]LogModuleManager: Shutting down and abandoning module AddContentDialog (518)
[2017.10.12-14.30.38:514][410]LogDirectoryWatcher: A directory notification for 'C:/Program Files/Epic Games/UE_4.16/FeaturePacks/' was aborted.
[2017.10.12-14.30.38:515][410]LogModuleManager: Shutting down and abandoning module WidgetCarousel (517)
[2017.10.12-14.30.38:515][410]LogModuleManager: Shutting down and abandoning module EditorWidgets (514)
[2017.10.12-14.30.38:515][410]LogModuleManager: Shutting down and abandoning module CollectionManager (512)
[2017.10.12-14.30.38:515][410]LogDirectoryWatcher: A directory notification for 'F:/GitHubProjects/UMGMenuSystem/Content/Collections/' was aborted.
[2017.10.12-14.30.38:515][410]LogDirectoryWatcher: A directory notification for 'F:/GitHubProjects/UMGMenuSystem/Content/Developers/Rohit/Collections/' was aborted.
[2017.10.12-14.30.38:515][410]LogDirectoryWatcher: A directory notification for 'F:/GitHubProjects/UMGMenuSystem/Saved/Collections/' was aborted.
[2017.10.12-14.30.38:515][410]LogModuleManager: Shutting down and abandoning module StatsViewer (510)
[2017.10.12-14.30.38:515][410]LogModuleManager: Shutting down and abandoning module FoliageEdit (508)
[2017.10.12-14.30.38:515][410]LogModuleManager: Shutting down and abandoning module LandscapeEditor (506)
[2017.10.12-14.30.38:515][410]LogModuleManager: Shutting down and abandoning module MeshPaintMode (504)
[2017.10.12-14.30.38:515][410]LogModuleManager: Shutting down and abandoning module SceneDepthPickerMode (502)
[2017.10.12-14.30.38:515][410]LogModuleManager: Shutting down and abandoning module ActorPickerMode (500)
[2017.10.12-14.30.38:515][410]LogModuleManager: Shutting down and abandoning module GeometryMode (498)
[2017.10.12-14.30.38:515][410]LogModuleManager: Shutting down and abandoning module TextureAlignMode (496)
[2017.10.12-14.30.38:515][410]LogModuleManager: Shutting down and abandoning module BspMode (494)
[2017.10.12-14.30.38:515][410]LogModuleManager: Shutting down and abandoning module HardwareSurvey (492)
[2017.10.12-14.30.38:515][410]LogModuleManager: Shutting down and abandoning module SequenceRecorderSections (490)
[2017.10.12-14.30.38:515][410]LogModuleManager: Shutting down and abandoning module AutomationWorker (488)
[2017.10.12-14.30.38:515][410]LogModuleManager: Shutting down and abandoning module MatineeToLevelSequence (486)
[2017.10.12-14.30.38:515][410]LogModuleManager: Shutting down and abandoning module LevelSequenceEditor (484)
[2017.10.12-14.30.38:515][410]LogModuleManager: Shutting down and abandoning module PlacementMode (483)
[2017.10.12-14.30.38:515][410]LogModuleManager: Shutting down and abandoning module WmfMediaFactory (480)
[2017.10.12-14.30.38:515][410]LogModuleManager: Shutting down and abandoning module WmfMediaEditor (478)
[2017.10.12-14.30.38:515][410]LogModuleManager: Shutting down and abandoning module AvfMediaFactory (476)
[2017.10.12-14.30.38:515][410]LogModuleManager: Shutting down and abandoning module AvfMediaEditor (474)
[2017.10.12-14.30.38:515][410]LogModuleManager: Shutting down and abandoning module AndroidMediaFactory (472)
[2017.10.12-14.30.38:515][410]LogModuleManager: Shutting down and abandoning module Media (471)
[2017.10.12-14.30.38:515][410]LogModuleManager: Shutting down and abandoning module AndroidMediaEditor (468)
[2017.10.12-14.30.38:515][410]LogModuleManager: Shutting down and abandoning module CharacterAI (466)
[2017.10.12-14.30.38:515][410]LogModuleManager: Shutting down and abandoning module AudioCapture (464)
[2017.10.12-14.30.38:515][410]LogModuleManager: Shutting down and abandoning module SequenceRecorder (463)
[2017.10.12-14.30.38:515][410]LogModuleManager: Shutting down and abandoning module SmartSnapping (460)
[2017.10.12-14.30.38:515][410]LogModuleManager: Shutting down and abandoning module SessionServices (458)
[2017.10.12-14.30.38:515][410]LogModuleManager: Shutting down and abandoning module ViewportSnapping (456)
[2017.10.12-14.30.38:515][410]LogModuleManager: Shutting down and abandoning module ViewportInteraction (454)
[2017.10.12-14.30.38:515][410]LogModuleManager: Shutting down and abandoning module ClothPainter (452)
[2017.10.12-14.30.38:515][410]LogModuleManager: Shutting down and abandoning module LogVisualizer (450)
[2017.10.12-14.30.38:516][410]LogModuleManager: Shutting down and abandoning module IntroTutorials (448)
[2017.10.12-14.30.38:516][410]LogModuleManager: Shutting down and abandoning module GameProjectGeneration (447)
[2017.10.12-14.30.38:516][410]LogModuleManager: Shutting down and abandoning module EditorLiveStreaming (444)
[2017.10.12-14.30.38:516][410]LogModuleManager: Shutting down and abandoning module IOSPlatformEditor (442)
[2017.10.12-14.30.38:516][410]LogModuleManager: Shutting down and abandoning module HTML5PlatformEditor (440)
[2017.10.12-14.30.38:516][410]LogModuleManager: Shutting down and abandoning module AndroidPlatformEditor (438)
[2017.10.12-14.30.38:516][410]LogModuleManager: Shutting down and abandoning module AndroidDeviceDetection (437)
[2017.10.12-14.30.38:607][410]LogModuleManager: Shutting down and abandoning module IOSRuntimeSettings (434)
[2017.10.12-14.30.38:607][410]LogModuleManager: Shutting down and abandoning module AndroidRuntimeSettings (432)
[2017.10.12-14.30.38:607][410]LogModuleManager: Shutting down and abandoning module InputBindingEditor (430)
[2017.10.12-14.30.38:607][410]LogModuleManager: Shutting down and abandoning module MergeActors (428)
[2017.10.12-14.30.38:607][410]LogModuleManager: Shutting down and abandoning module SizeMap (426)
[2017.10.12-14.30.38:608][410]LogModuleManager: Shutting down and abandoning module TreeMap (424)
[2017.10.12-14.30.38:608][410]LogModuleManager: Shutting down and abandoning module ReferenceViewer (422)
[2017.10.12-14.30.38:608][410]LogModuleManager: Shutting down and abandoning module LocalizationDashboard (420)
[2017.10.12-14.30.38:608][410]LogModuleManager: Shutting down and abandoning module LocalizationService (419)
[2017.10.12-14.30.38:608][410]LogModuleManager: Shutting down and abandoning module HardwareTargeting (416)
[2017.10.12-14.30.38:608][410]LogModuleManager: Shutting down and abandoning module DeviceProfileEditor (414)
[2017.10.12-14.30.38:608][410]LogModuleManager: Shutting down and abandoning module UndoHistory (412)
[2017.10.12-14.30.38:608][410]LogModuleManager: Shutting down and abandoning module UserFeedback (410)
[2017.10.12-14.30.38:608][410]LogModuleManager: Shutting down and abandoning module XmlParser (408)
[2017.10.12-14.30.38:608][410]LogModuleManager: Shutting down and abandoning module Blutility (406)
[2017.10.12-14.30.38:608][410]LogModuleManager: Shutting down and abandoning module ProjectSettingsViewer (404)
[2017.10.12-14.30.38:608][410]LogModuleManager: Shutting down and abandoning module ProjectTargetPlatformEditor (403)
[2017.10.12-14.30.38:608][410]LogModuleManager: Shutting down and abandoning module EditorSettingsViewer (400)
[2017.10.12-14.30.38:608][410]LogModuleManager: Shutting down and abandoning module SettingsEditor (398)
[2017.10.12-14.30.38:608][410]LogModuleManager: Shutting down and abandoning module ProjectLauncher (396)
[2017.10.12-14.30.38:608][410]LogModuleManager: Shutting down and abandoning module SessionFrontend (394)
[2017.10.12-14.30.38:608][410]LogModuleManager: Shutting down and abandoning module ProfilerClient (392)
[2017.10.12-14.30.38:608][410]LogModuleManager: Shutting down and abandoning module DeviceManager (390)
[2017.10.12-14.30.38:608][410]LogModuleManager: Shutting down and abandoning module TargetDeviceServices (389)
[2017.10.12-14.30.38:662][410]LogModuleManager: Shutting down and abandoning module AutomationController (386)
[2017.10.12-14.30.38:662][410]LogModuleManager: Shutting down and abandoning module AutomationWindow (384)
[2017.10.12-14.30.38:662][410]LogModuleManager: Shutting down and abandoning module Layers (382)
[2017.10.12-14.30.38:662][410]LogModuleManager: Shutting down and abandoning module ComponentVisualizers (380)
[2017.10.12-14.30.38:662][410]LogModuleManager: Shutting down and abandoning module DetailCustomizations (378)
[2017.10.12-14.30.38:662][410]LogModuleManager: Shutting down and abandoning module PackagesDialog (376)
[2017.10.12-14.30.38:662][410]LogModuleManager: Shutting down and abandoning module Persona (374)
[2017.10.12-14.30.38:663][410]LogModuleManager: Shutting down and abandoning module AdvancedPreviewScene (373)
[2017.10.12-14.30.38:663][410]LogModuleManager: Shutting down and abandoning module AnimGraph (371)
[2017.10.12-14.30.38:663][410]LogModuleManager: Shutting down and abandoning module Kismet (368)
[2017.10.12-14.30.38:683][410]LogModuleManager: Shutting down and abandoning module ClassViewer (366)
[2017.10.12-14.30.38:683][410]LogModuleManager: Shutting down and abandoning module Toolbox (364)
[2017.10.12-14.30.38:683][410]LogModuleManager: Shutting down and abandoning module ModuleUI (362)
[2017.10.12-14.30.38:683][410]LogModuleManager: Shutting down and abandoning module MovieSceneTools (360)
[2017.10.12-14.30.38:683][410]LogModuleManager: Shutting down and abandoning module OutputLog (358)
[2017.10.12-14.30.38:683][410]LogModuleManager: Shutting down and abandoning module GammaUI (356)
[2017.10.12-14.30.38:683][410]LogModuleManager: Shutting down and abandoning module Documentation (354)
[2017.10.12-14.30.38:683][410]LogModuleManager: Shutting down and abandoning module MovieSceneTracks (352)
[2017.10.12-14.30.38:683][410]LogModuleManager: Shutting down and abandoning module MovieScene (350)
[2017.10.12-14.30.38:683][410]LogModuleManager: Shutting down and abandoning module Niagara (348)
[2017.10.12-14.30.38:683][410]LogModuleManager: Shutting down and abandoning module NiagaraEditor (347)
[2017.10.12-14.30.38:683][410]LogModuleManager: Shutting down and abandoning module StreamingPauseRendering (344)
[2017.10.12-14.30.38:683][410]LogModuleManager: Shutting down and abandoning module AnalyticsET (342)
[2017.10.12-14.30.38:683][410]LogModuleManager: Shutting down and abandoning module PortalServices (340)
[2017.10.12-14.30.38:683][410]LogModuleManager: Shutting down and abandoning module PortalRpc (338)
[2017.10.12-14.30.38:684][410]LogModuleManager: Shutting down and abandoning module MessagingRpc (336)
[2017.10.12-14.30.38:684][410]LogModuleManager: Shutting down and abandoning module AIModule (334)
[2017.10.12-14.30.38:684][410]LogModuleManager: Shutting down and abandoning module GameplayDebugger (333)
[2017.10.12-14.30.38:684][410]LogModuleManager: Shutting down and abandoning module AITestSuite (331)
[2017.10.12-14.30.38:684][410]LogModuleManager: Shutting down and abandoning module ProfilerService (328)
[2017.10.12-14.30.38:876][410]LogModuleManager: Shutting down and abandoning module TaskGraph (326)
[2017.10.12-14.30.38:876][410]LogModuleManager: Shutting down and abandoning module SteamVRController (324)
[2017.10.12-14.30.38:876][410]LogModuleManager: Shutting down and abandoning module SteamVR (322)
[2017.10.12-14.30.38:876][410]LogModuleManager: Shutting down and abandoning module ProceduralMeshComponentEditor (320)
[2017.10.12-14.30.38:876][410]LogModuleManager: Shutting down and abandoning module ProceduralMeshComponent (318)
[2017.10.12-14.30.38:876][410]LogModuleManager: Shutting down and abandoning module OculusLibrary (316)
[2017.10.12-14.30.38:876][410]LogModuleManager: Shutting down and abandoning module OculusInput (314)
[2017.10.12-14.30.38:876][410]LogModuleManager: Shutting down and abandoning module MobilePatchingUtils (312)
[2017.10.12-14.30.38:876][410]LogModuleManager: Shutting down and abandoning module CustomMeshComponent (310)
[2017.10.12-14.30.38:876][410]LogModuleManager: Shutting down and abandoning module CableComponent (308)
[2017.10.12-14.30.38:876][410]LogModuleManager: Shutting down and abandoning module ArchVisCharacter (306)
[2017.10.12-14.30.38:876][410]LogModuleManager: Shutting down and abandoning module AndroidPermission (304)
[2017.10.12-14.30.38:876][410]LogModuleManager: Shutting down and abandoning module MediaPlayerEditor (300)
[2017.10.12-14.30.38:876][410]LogModuleManager: Shutting down and abandoning module HTML5Networking (298)
[2017.10.12-14.30.38:876][410]LogModuleManager: Shutting down and abandoning module AlembicImporter (296)
[2017.10.12-14.30.38:877][410]LogModuleManager: Shutting down and abandoning module AlembicLibrary (295)
[2017.10.12-14.30.38:877][410]LogModuleManager: Shutting down and abandoning module GeometryCache (294)
[2017.10.12-14.30.38:877][410]LogModuleManager: Shutting down and abandoning module GeometryCacheEd (293)
[2017.10.12-14.30.38:877][410]LogModuleManager: Shutting down and abandoning module SuperSearchEditor (288)
[2017.10.12-14.30.38:877][410]LogModuleManager: Shutting down and abandoning module SuperSearch (287)
[2017.10.12-14.30.38:877][410]LogModuleManager: Shutting down and abandoning module SpeedTreeImporter (284)
[2017.10.12-14.30.38:877][410]LogModuleManager: Shutting down and abandoning module PluginBrowser (282)
[2017.10.12-14.30.38:877][410]LogModuleManager: Shutting down and abandoning module MobileLauncherProfileWizard (280)
[2017.10.12-14.30.38:877][410]LogModuleManager: Shutting down and abandoning module VisualStudioSourceCodeAccess (278)
[2017.10.12-14.30.38:877][410]LogModuleManager: Shutting down and abandoning module DesktopPlatform (277)
[2017.10.12-14.30.38:877][410]LogModuleManager: Shutting down and abandoning module UObjectPlugin (274)
[2017.10.12-14.30.38:877][410]LogModuleManager: Shutting down and abandoning module SubversionSourceControl (272)
[2017.10.12-14.30.38:877][410]LogModuleManager: Shutting down and abandoning module PerforceSourceControl (270)
[2017.10.12-14.30.38:877][410]LogModuleManager: Shutting down and abandoning module GitSourceControl (268)
[2017.10.12-14.30.38:877][410]LogModuleManager: Shutting down and abandoning module SourceControl (267)
[2017.10.12-14.30.38:877][410]LogModuleManager: Shutting down and abandoning module LightPropagationVolumeEditor (264)
[2017.10.12-14.30.38:877][410]LogModuleManager: Shutting down and abandoning module PaperTiledImporter (262)
[2017.10.12-14.30.38:877][410]LogModuleManager: Shutting down and abandoning module PaperSpriteSheetImporter (260)
[2017.10.12-14.30.38:877][410]LogModuleManager: Shutting down and abandoning module Paper2DEditor (258)
[2017.10.12-14.30.38:877][410]LogModuleManager: Shutting down and abandoning module MeshPaint (257)
[2017.10.12-14.30.38:878][410]LogModuleManager: Shutting down and abandoning module LevelEditor (255)
[2017.10.12-14.30.38:879][410]LogModuleManager: Shutting down and abandoning module PixelInspectorModule (254)
[2017.10.12-14.30.38:880][410]LogModuleManager: Shutting down and abandoning module MainFrame (252)
[2017.10.12-14.30.38:880][410]LogModuleManager: Shutting down and abandoning module HotReload (251)
[2017.10.12-14.30.38:881][410]LogModuleManager: Shutting down and abandoning module PhysXVehiclesEditor (246)
[2017.10.12-14.30.38:881][410]LogModuleManager: Shutting down and abandoning module PhysXVehicles (244)
[2017.10.12-14.30.38:881][410]LogModuleManager: Shutting down and abandoning module LocationServicesBPLibrary (242)
[2017.10.12-14.30.38:881][410]LogModuleManager: Shutting down and abandoning module ImmediatePhysicsEditor (240)
[2017.10.12-14.30.38:881][410]LogModuleManager: Shutting down and abandoning module ImmediatePhysics (238)
[2017.10.12-14.30.38:881][410]LogModuleManager: Shutting down and abandoning module UdpMessaging (236)
[2017.10.12-14.30.38:982][410]LogModuleManager: Shutting down and abandoning module TcpMessaging (234)
[2017.10.12-14.30.39:109][410]LogModuleManager: Shutting down and abandoning module GameplayTagsEditor (232)
[2017.10.12-14.30.39:109][410]LogModuleManager: Shutting down and abandoning module FacialAnimationEditor (230)
[2017.10.12-14.30.39:109][410]LogModuleManager: Shutting down and abandoning module FacialAnimation (228)
[2017.10.12-14.30.39:109][410]LogModuleManager: Shutting down and abandoning module AssetManagerEditor (226)
[2017.10.12-14.30.39:109][410]LogModuleManager: Shutting down and abandoning module GraphEditor (225)
[2017.10.12-14.30.39:109][410]LogModuleManager: Shutting down and abandoning module ContentBrowser (223)
[2017.10.12-14.30.39:112][410]LogModuleManager: Shutting down and abandoning module LightPropagationVolumeRuntime (220)
[2017.10.12-14.30.39:112][410]LogModuleManager: Shutting down and abandoning module Paper2D (218)
[2017.10.12-14.30.39:112][410]LogModuleManager: Shutting down and abandoning module WindowsMoviePlayer (216)
[2017.10.12-14.30.39:112][410]LogModuleManager: Shutting down and abandoning module WmfMedia (214)
[2017.10.12-14.30.39:113][410]LogModuleManager: Shutting down and abandoning module ClothingSystemEditor (212)
[2017.10.12-14.30.39:113][410]LogModuleManager: Shutting down and abandoning module ClothingSystemRuntime (210)
[2017.10.12-14.30.39:113][410]LogModuleManager: Shutting down and abandoning module MediaAssets (208)
[2017.10.12-14.30.39:113][410]LogModuleManager: Shutting down and abandoning module GameLiveStreaming (206)
[2017.10.12-14.30.39:113][410]LogModuleManager: Shutting down and abandoning module VREditor (204)
[2017.10.12-14.30.39:113][410]LogModuleManager: Shutting down and abandoning module StringTableEditor (202)
[2017.10.12-14.30.39:113][410]LogModuleManager: Shutting down and abandoning module GameplayTasksEditor (200)
[2017.10.12-14.30.39:114][410]LogModuleManager: Shutting down and abandoning module BehaviorTreeEditor (198)
[2017.10.12-14.30.39:114][410]LogModuleManager: Shutting down and abandoning module FunctionalTesting (196)
[2017.10.12-14.30.39:114][410]LogModuleManager: Shutting down and abandoning module CollisionAnalyzer (194)
[2017.10.12-14.30.39:114][410]LogModuleManager: Shutting down and abandoning module UMG (192)
[2017.10.12-14.30.39:114][410]LogModuleManager: Shutting down and abandoning module UMGEditor (191)
[2017.10.12-14.30.39:114][410]LogModuleManager: Shutting down and abandoning module Sequencer (190)
[2017.10.12-14.30.39:114][410]LogModuleManager: Shutting down and abandoning module AssetTools (188)
[2017.10.12-14.30.39:114][410]LogModuleManager: Shutting down and abandoning module MessageLog (187)
[2017.10.12-14.30.39:114][410]LogModuleManager: Shutting down and abandoning module WorkspaceMenuStructure (186)
[2017.10.12-14.30.39:114][410]LogModuleManager: Shutting down and abandoning module SlateReflector (180)
[2017.10.12-14.30.39:114][410]LogModuleManager: Shutting down and abandoning module Slate (178)
[2017.10.12-14.30.39:114][410]LogModuleManager: Shutting down and abandoning module EditorStyle (176)
[2017.10.12-14.30.39:123][410]LogModuleManager: Shutting down and abandoning module SourceCodeAccess (174)
[2017.10.12-14.30.39:123][410]LogModuleManager: Shutting down and abandoning module HeadMountedDisplay (172)
[2017.10.12-14.30.39:123][410]LogModuleManager: Shutting down and abandoning module XAudio2 (170)
[2017.10.12-14.30.39:123][410]LogModuleManager: Shutting down and abandoning module Networking (168)
[2017.10.12-14.30.39:123][410]LogModuleManager: Shutting down and abandoning module Core (164)
[2017.10.12-14.30.39:123][410]LogModuleManager: Shutting down and abandoning module AssetRegistry (162)
[2017.10.12-14.30.39:293][410]LogDirectoryWatcher: A directory notification for '../../../Engine/Content/' was aborted.
[2017.10.12-14.30.39:293][410]LogDirectoryWatcher: A directory notification for 'F:/GitHubProjects/UMGMenuSystem/Content/' was aborted.
[2017.10.12-14.30.39:293][410]LogDirectoryWatcher: A directory notification for '../../../Engine/Plugins/2D/Paper2D/Content/' was aborted.
[2017.10.12-14.30.39:293][410]LogDirectoryWatcher: A directory notification for '../../../Engine/Plugins/Runtime/GearVR/Content/' was aborted.
[2017.10.12-14.30.39:295][410]LogModuleManager: Shutting down and abandoning module DirectoryWatcher (161)
[2017.10.12-14.30.39:296][410]LogModuleManager: Shutting down and abandoning module KismetCompiler (158)
[2017.10.12-14.30.39:296][410]LogModuleManager: Shutting down and abandoning module LevelSequence (156)
[2017.10.12-14.30.39:296][410]LogModuleManager: Shutting down and abandoning module PhysXFormats (154)
[2017.10.12-14.30.39:296][410]LogModuleManager: Shutting down and abandoning module MeshUtilities (152)
[2017.10.12-14.30.39:296][410]LogModuleManager: Shutting down and abandoning module SimplygonSwarm (151)
[2017.10.12-14.30.39:296][410]LogModuleManager: Shutting down and abandoning module SimplygonMeshReduction (149)
[2017.10.12-14.30.39:296][410]LogModuleManager: Shutting down and abandoning module QuadricMeshReduction (147)
[2017.10.12-14.30.39:296][410]LogModuleManager: Shutting down and abandoning module DerivedDataCache (144)
[2017.10.12-14.30.39:310][410]LogDerivedDataCache: Shutdown
[2017.10.12-14.30.39:310][410]LogModuleManager: Shutting down and abandoning module TargetPlatform (142)
[2017.10.12-14.30.39:310][410]LogModuleManager: Shutting down and abandoning module VulkanShaderFormat (141)
[2017.10.12-14.30.39:310][410]LogModuleManager: Shutting down and abandoning module ShaderFormatVectorVM (139)
[2017.10.12-14.30.39:310][410]LogModuleManager: Shutting down and abandoning module ShaderFormatOpenGL (137)
[2017.10.12-14.30.39:310][410]LogModuleManager: Shutting down and abandoning module ShaderFormatD3D (135)
[2017.10.12-14.30.39:310][410]LogModuleManager: Shutting down and abandoning module MetalShaderFormat (133)
[2017.10.12-14.30.39:310][410]LogModuleManager: Shutting down and abandoning module TextureFormatUncompressed (131)
[2017.10.12-14.30.39:310][410]LogModuleManager: Shutting down and abandoning module TextureFormatPVR (129)
[2017.10.12-14.30.39:310][410]LogModuleManager: Shutting down and abandoning module TextureFormatDXT (127)
[2017.10.12-14.30.39:310][410]LogModuleManager: Shutting down and abandoning module TextureFormatIntelISPCTexComp (125)
[2017.10.12-14.30.39:310][410]LogModuleManager: Shutting down and abandoning module TextureFormatASTC (123)
[2017.10.12-14.30.39:310][410]LogModuleManager: Shutting down and abandoning module ImageWrapper (122)
[2017.10.12-14.30.39:310][410]LogModuleManager: Shutting down and abandoning module TextureFormatAndroid (119)
[2017.10.12-14.30.39:310][410]LogModuleManager: Shutting down and abandoning module AudioFormatOpus (117)
[2017.10.12-14.30.39:310][410]LogModuleManager: Shutting down and abandoning module AudioFormatOgg (115)
[2017.10.12-14.30.39:310][410]LogModuleManager: Shutting down and abandoning module AudioFormatADPCM (113)
[2017.10.12-14.30.39:310][410]LogModuleManager: Shutting down and abandoning module LinuxTargetPlatform (111)
[2017.10.12-14.30.39:310][410]LogModuleManager: Shutting down and abandoning module LinuxServerTargetPlatform (109)
[2017.10.12-14.30.39:310][410]LogModuleManager: Shutting down and abandoning module LinuxNoEditorTargetPlatform (107)
[2017.10.12-14.30.39:310][410]LogModuleManager: Shutting down and abandoning module LinuxClientTargetPlatform (105)
[2017.10.12-14.30.39:310][410]LogModuleManager: Shutting down and abandoning module TVOSTargetPlatform (103)
[2017.10.12-14.30.39:310][410]LogModuleManager: Shutting down and abandoning module Messaging (101)
[2017.10.12-14.30.39:310][410]LogModuleManager: Shutting down and abandoning module IOSTargetPlatform (99)
[2017.10.12-14.30.39:310][410]LogModuleManager: Shutting down and abandoning module HTML5TargetPlatform (97)
[2017.10.12-14.30.39:310][410]LogModuleManager: Shutting down and abandoning module Android_PVRTCTargetPlatform (95)
[2017.10.12-14.30.39:310][410]LogModuleManager: Shutting down and abandoning module Android_MultiTargetPlatform (93)
[2017.10.12-14.30.39:310][410]LogModuleManager: Shutting down and abandoning module Android_ETC2TargetPlatform (91)
[2017.10.12-14.30.39:310][410]LogModuleManager: Shutting down and abandoning module Android_ETC1TargetPlatform (89)
[2017.10.12-14.30.39:310][410]LogModuleManager: Shutting down and abandoning module Android_DXTTargetPlatform (87)
[2017.10.12-14.30.39:310][410]LogModuleManager: Shutting down and abandoning module Android_ATCTargetPlatform (85)
[2017.10.12-14.30.39:310][410]LogModuleManager: Shutting down and abandoning module Android_ASTCTargetPlatform (83)
[2017.10.12-14.30.39:310][410]LogModuleManager: Shutting down and abandoning module AndroidTargetPlatform (81)
[2017.10.12-14.30.39:310][410]LogModuleManager: Shutting down and abandoning module WindowsTargetPlatform (79)
[2017.10.12-14.30.39:310][410]LogModuleManager: Shutting down and abandoning module WindowsServerTargetPlatform (77)
[2017.10.12-14.30.39:310][410]LogModuleManager: Shutting down and abandoning module WindowsNoEditorTargetPlatform (75)
[2017.10.12-14.30.39:310][410]LogModuleManager: Shutting down and abandoning module WindowsClientTargetPlatform (73)
[2017.10.12-14.30.39:310][410]LogModuleManager: Shutting down and abandoning module MacTargetPlatform (71)
[2017.10.12-14.30.39:310][410]LogModuleManager: Shutting down and abandoning module MacServerTargetPlatform (69)
[2017.10.12-14.30.39:310][410]LogModuleManager: Shutting down and abandoning module MacNoEditorTargetPlatform (67)
[2017.10.12-14.30.39:310][410]LogModuleManager: Shutting down and abandoning module MacClientTargetPlatform (65)
[2017.10.12-14.30.39:310][410]LogModuleManager: Shutting down and abandoning module AllDesktopTargetPlatform (63)
[2017.10.12-14.30.39:311][410]LogModuleManager: Shutting down and abandoning module InputCore (60)
[2017.10.12-14.30.39:311][410]LogModuleManager: Shutting down and abandoning module Settings (58)
[2017.10.12-14.30.39:311][410]LogModuleManager: Shutting down and abandoning module OculusRift (56)
[2017.10.12-14.30.39:311][410]LogModuleManager: Shutting down and abandoning module GearVRController (54)
[2017.10.12-14.30.39:311][410]LogModuleManager: Shutting down and abandoning module GearVR (52)
[2017.10.12-14.30.39:311][410]LogModuleManager: Shutting down and abandoning module ExampleDeviceProfileSelector (50)
[2017.10.12-14.30.39:311][410]LogModuleManager: Shutting down and abandoning module OnlineBlueprintSupport (48)
[2017.10.12-14.30.39:311][410]LogModuleManager: Shutting down and abandoning module OnlineSubsystem (44)
[2017.10.12-14.30.39:311][410]LogOnline:Display: Unloading online subsystem: NULL
[2017.10.12-14.30.39:311][410]LogModuleManager: Shutting down and abandoning module XMPP (43)
[2017.10.12-14.30.39:311][410]LogModuleManager: Shutting down and abandoning module HTTP (41)
[2017.10.12-14.30.39:311][410]LogHttp:Display: Http module shutting down, but needs to wait on 1 outstanding Http requests:
[2017.10.12-14.30.39:311][410]LogHttp:Display: 	verb=[POST] url=[https://datarouter.ol.epicgames.com/datarouter/api/v1/public/data?SessionID=%7BE0E2DBA6-4DE5-415F-88D4-B9A9C38E4020%7D&AppID=UEEditor.Rocket.Release&AppVersion=4.16.3-3561208%2B%2B%2BUE4%2BRelease-4.16&UserID=207490d14633a12c7c1977a0b44dabee%7C7b8e2bb8b466411588cadfe08ecd7de9%7C61e4c100-ac35-48f5-b2e6-89807693b8fd&AppEnvironment=datacollector-binary&UploadType=eteventstream] status=Processing
[2017.10.12-14.30.39:318][410]LogModuleManager: Shutting down and abandoning module SSL (40)
[2017.10.12-14.30.39:319][410]LogModuleManager: Shutting down and abandoning module HTTPChunkInstaller (36)
[2017.10.12-14.30.39:319][410]LogModuleManager: Shutting down and abandoning module AnimationModifiers (34)
[2017.10.12-14.30.39:319][410]LogModuleManager: Shutting down and abandoning module PropertyEditor (33)
[2017.10.12-14.30.39:319][410]LogModuleManager: Shutting down and abandoning module AudioEditor (30)
[2017.10.12-14.30.39:319][410]LogModuleManager: Shutting down and abandoning module TextureCompressor (28)
[2017.10.12-14.30.39:320][410]LogModuleManager: Shutting down and abandoning module ShaderCore (26)
[2017.10.12-14.30.39:320][410]LogModuleManager: Shutting down and abandoning module Landscape (24)
[2017.10.12-14.30.39:320][410]LogModuleManager: Shutting down and abandoning module SlateRHIRenderer (22)
[2017.10.12-14.30.39:320][410]LogModuleManager: Shutting down and abandoning module OpenGLDrv (20)
[2017.10.12-14.30.39:320][410]LogModuleManager: Shutting down and abandoning module D3D11RHI (18)
[2017.10.12-14.30.39:320][410]LogModuleManager: Shutting down and abandoning module AnimGraphRuntime (16)
[2017.10.12-14.30.39:320][410]LogModuleManager: Shutting down and abandoning module Renderer (14)
[2017.10.12-14.30.39:320][410]LogModuleManager: Shutting down and abandoning module Engine (12)
[2017.10.12-14.30.39:320][410]LogModuleManager: Shutting down and abandoning module CoreUObject (10)
[2017.10.12-14.30.39:320][410]LogModuleManager: Shutting down and abandoning module NetworkFile (8)
[2017.10.12-14.30.39:320][410]LogModuleManager: Shutting down and abandoning module StreamingFile (6)
[2017.10.12-14.30.39:320][410]LogModuleManager: Shutting down and abandoning module SandboxFile (4)
[2017.10.12-14.30.39:320][410]LogModuleManager: Shutting down and abandoning module PakFile (2)
[2017.10.12-14.30.39:322][410]LogExit: Exiting.
[2017.10.12-14.30.39:332][410]Log file closed, 10/12/17 20:00:39
