Log file open, 04/27/15 11:56:27
LogInit:Display: Running engine for game: UMGMenuExample
LogInit: Version: 4.7.6-2513093+++depot+UE4-Releases+4.7
LogInit: API Version: 2455222
LogInit: Compiled (64-bit): Apr 15 2015 12:09:54
LogInit: Compiled with Visual C++: 18.00.21005.01
LogInit: Build Configuration: Development
LogInit: Branch Name: ++depot+UE4-Releases+4.7
LogInit: Command line:  
LogInit: Base directory: C:/Program Files/Epic Games/4.7/Engine/Binaries/Win64/
LogInit: Rocket: 1
[2015.04.27-06.26.27:831][  0]LogTaskGraph: Started task graph with 3 named threads and 6 total threads.
[2015.04.27-06.26.27:914][  0]LogOnline:Warning: No default platform service specified for OnlineSubsystem
[2015.04.27-06.26.27:952][  0]LogInit: Presizing for 0 objects not considered by GC, pre-allocating 0 bytes.
[2015.04.27-06.26.27:961][  0]LogInit: Object subsystem initialized
[2015.04.27-06.26.27:962][  0]LogConsoleResponse:Warning: Skipping Unknown console variable: 'UIScaleRule = ShortestSide'
[2015.04.27-06.26.27:962][  0]LogConsoleResponse:Warning:   Found in ini file 'D:/GitHub Repositories/UMGMenuSystem/Saved/Config/Windows/Engine.ini', in section '[/Script/Engine.RendererSettings]'
[2015.04.27-06.26.27:962][  0]LogConsoleResponse:Warning: Skipping Unknown console variable: 'UIScaleCurve = (EditorCurveData=(Keys=),ExternalCurve=None)'
[2015.04.27-06.26.27:962][  0]LogConsoleResponse:Warning:   Found in ini file 'D:/GitHub Repositories/UMGMenuSystem/Saved/Config/Windows/Engine.ini', in section '[/Script/Engine.RendererSettings]'
[2015.04.27-06.26.27:963][  0]LogConsoleManager:Warning: Console variable 'r.MSAA.CompositingSampleCount' wasn't set (Priority ProjectSetting < Scalability)
[2015.04.27-06.26.27:963][  0]LogInit: Selected Device Profile: [Windows]
[2015.04.27-06.26.27:963][  0]LogInit: Applying CVar settings loaded from the selected device profile: [Windows]
[2015.04.27-06.26.27:976][  0]LogInit: Computer: PROTEUS_CORE
[2015.04.27-06.26.27:976][  0]LogInit: User: Rohit
[2015.04.27-06.26.27:976][  0]LogInit: CPU Page size=4096, Cores=4
[2015.04.27-06.26.27:976][  0]LogInit: High frequency timer resolution =3.027382 MHz
[2015.04.27-06.26.27:976][  0]LogMemory: Memory total: Physical=7.9GB (8GB approx) Virtual=8192.0GB
[2015.04.27-06.26.27:976][  0]LogMemory: Platform Memory Stats for Windows
[2015.04.27-06.26.27:976][  0]LogMemory: Process Physical Memory: 47.51 MB used, 47.51 MB peak
[2015.04.27-06.26.27:976][  0]LogMemory: Process Virtual Memory: 27.55 MB used, 27.55 MB peak
[2015.04.27-06.26.27:976][  0]LogMemory: Physical Memory: 3207.48 MB used, 8136.00 MB total
[2015.04.27-06.26.27:976][  0]LogMemory: Virtual Memory: 281.80 MB used, 8388608.00 MB total
[2015.04.27-06.26.28:035][  0]LogD3D11RHI: Found D3D11 adapter 0: NVIDIA GeForce GTX 660   (Feature Level 11_0)
[2015.04.27-06.26.28:035][  0]LogD3D11RHI: Adapter has 1990MB of dedicated video memory, 0MB of dedicated system memory, and 2048MB of shared system memory, 1 output[s]
[2015.04.27-06.26.28:035][  0]LogD3D11RHI: Chosen D3D11 Adapter Id = 0
[2015.04.27-06.26.28:040][  0]LogRHI: Texture pool is 1361 MB (70% of 1945 MB)
[2015.04.27-06.26.28:049][  0]LogD3D11RHI: Async texture creation enabled
[2015.04.27-06.26.28:208][  0]LogTextLocalizationManager: The requested culture ('en_US') has no localization data; parent culture's ('en') localization data will be used.
[2015.04.27-06.26.28:262][  0]LogTextLocalizationManager:Warning: Loading localization resources contain conflicting entries for (Namespace:UICommands, Key:Save_ToolTip):
Resource: (C:/Program Files/Epic Games/4.7/Engine/Content/Localization/Editor/en/Editor.locres) Hash: (-29098895) String: (Saves the current level to disk)
Resource: (C:/Program Files/Epic Games/4.7/Engine/Content/Localization/Engine/en/Engine.locres) Hash: (-1280300587) String: (Save selected data to vlog file)
[2015.04.27-06.26.28:262][  0]LogTextLocalizationManager:Warning: Loading localization resources contain conflicting entries for (Namespace:ContentBrowser, Key:ImportAssetToolTip):
Resource: (C:/Program Files/Epic Games/4.7/Engine/Content/Localization/Editor/en/Editor.locres) Hash: (-630476809) String: (Import to {0}...)
Resource: (C:/Program Files/Epic Games/4.7/Engine/Content/Localization/Editor/en/Editor.locres) Hash: (1271782899) String: (Imports an asset from file to this folder.)
[2015.04.27-06.26.28:338][  0]LogContentStreaming: Texture pool size is 0.000000MB
[2015.04.27-06.26.31:004][  0]LogTargetPlatformManager:Display: Building Assets For Windows
[2015.04.27-06.26.31:673][  0]LogTargetPlatformManager:Display: Building Assets For Windows
[2015.04.27-06.26.31:752][  0]LogDerivedDataCache:Display: Max Cache Size: 512 MB
[2015.04.27-06.26.31:787][  0]LogDerivedDataCache: Loaded boot cache 0.03s 39MB C:/Users/Rohit/AppData/Local/UnrealEngine/4.7/DerivedDataCache/Boot.ddc.
[2015.04.27-06.26.31:787][  0]LogDerivedDataCache:Display: Loaded Boot cache: C:/Users/Rohit/AppData/Local/UnrealEngine/4.7/DerivedDataCache/Boot.ddc
[2015.04.27-06.26.31:787][  0]LogDerivedDataCache: FDerivedDataBackendGraph:  Pak pak cache file D:/GitHub Repositories/UMGMenuSystem/DerivedDataCache/DDC.ddp not found, will not use a pak cache.
[2015.04.27-06.26.31:787][  0]LogDerivedDataCache: Unable to find inner node Pak for hierarchical cache Hierarchy.
[2015.04.27-06.26.31:904][  0]LogDerivedDataCache:Display: Pak cache opened for reading ../../../Engine/DerivedDataCache/Compressed.ddp.
[2015.04.27-06.26.31:916][  0]LogDerivedDataCache: Using Local data cache path C:/Users/Rohit/AppData/Local/UnrealEngine/Common/DerivedDataCache: Writable
[2015.04.27-06.26.32:226][  0]LogMeshUtilities: No automatic mesh reduction module available
[2015.04.27-06.26.32:226][  0]LogMeshUtilities: No automatic mesh merging module available
[2015.04.27-06.26.32:615][  0]LogInit: WinSock: version 1.1 (2.2), MaxSocks=32767, MaxUdp=65467
[2015.04.27-06.26.32:724][  0]LogSlate:Warning: Failed to load font data from '../../../Engine/Content/Slate/Fonts/Roboto-Italic.ttf'
[2015.04.27-06.26.33:643][  0]UdpMessaging: Initializing bridge on interface 0.0.0.0:0 to multicast group 230.0.0.1:6666.
[2015.04.27-06.26.33:917][  0]SourceControl: Info Source control is disabled
[2015.04.27-06.26.33:917][  0]SourceControl: Info Source control is disabled
[2015.04.27-06.26.33:917][  0]SourceControl: Info Source control is disabled
[2015.04.27-06.26.33:917][  0]LogSourceControl: RunCommandInternalRaw: 'git version'
[2015.04.27-06.26.33:918][  0]LogSourceControl: RunCommandInternalRaw: ExecProcess ReturnCode=2 OutResults=''
[2015.04.27-06.26.33:931][  0]SourceControl: Info Source control is disabled
[2015.04.27-06.26.34:193][  0]LogObj: 24232 objects as part of root set at end of initial load.
[2015.04.27-06.26.34:193][  0]LogUObjectAllocator: 5137176 out of 0 bytes used by permanent object pool.
[2015.04.27-06.26.34:280][  0]LogEngine: Initializing Engine...
[2015.04.27-06.26.36:488][  0]LogInit: XAudio2 using 'Speakers (Realtek High Definition Audio)' : 2 channels at 48 kHz using 32 bits per sample (channel mask 0x3)
[2015.04.27-06.26.36:531][  0]LogInit: FAudioDevice initialized.
[2015.04.27-06.26.36:584][  0]LogAIModule: Creating AISystem for world NewWorld
[2015.04.27-06.26.36:603][  0]LogDerivedDataCache: Saved boot cache 0.02s 39MB C:/Users/Rohit/AppData/Local/UnrealEngine/4.7/DerivedDataCache/Boot.ddc.
[2015.04.27-06.26.36:606][  0]LogInit: Texture streaming: Enabled
[2015.04.27-06.26.36:710][  0]LogAnalytics: Creating configured Analytics provider AnalyticsET
[2015.04.27-06.26.36:710][  0]LogAnalytics: ET APIKey = Rocket.Release. APIServer = http://et2.epicgames.com/ET2/. AppVersion = 4.7.6-2513093+++depot+UE4-Releases+4.7
[2015.04.27-06.26.36:710][  0]LogAnalytics: ET APIKey = Rocket.Release. DataRouterUploadURL = https://datarouter-public-service-gamedev.ol.epicgames.net/datarouter/api/v1/public/data. AppVersion = 4.7.6-2513093+++depot+UE4-Releases+4.7
[2015.04.27-06.26.36:710][  0]LogAnalytics: SetUserId 013718ab4e6dec0f6374d59520a1ab13|7b8e2bb8b466411588cadfe08ecd7de9|6951b782-1f02-4763-a464-5016cbe33e2c
[2015.04.27-06.26.36:710][  0]LogAnalytics: AnalyticsET::StartSession [Rocket.Release]
[2015.04.27-06.26.36:772][  0]LogInit: Transaction tracking system initialized
[2015.04.27-06.26.36:998][  0]BlueprintLog: New page: Editor Load
[2015.04.27-06.26.37:042][  0]LogAssetRegistry: FAssetRegistry took 0.0094 seconds to start up
[2015.04.27-06.26.37:042][  0]LogDirectoryWatcher:Warning: Failed to begin reading directory changes for ../../../Engine/Plugins/Experimental/CharacterAI/Content/. Error: 0
[2015.04.27-06.26.37:683][  0]LogTargetPlatformManager:Display: Building Assets For Windows
[2015.04.27-06.26.38:098][  0]LogTargetPlatformManager:Display: Building Assets For Windows
[2015.04.27-06.26.38:445][  0]LogSlate:Warning: Failed to load font data from '../../../Engine/Content/Editor/Slate/Fonts/Roboto-Regular.ttf'
[2015.04.27-06.26.38:446][  0]LogSlate:Warning: Failed to load font data from '../../../Engine/Content/Editor/Slate/Fonts/Roboto-Bold.ttf'
[2015.04.27-06.26.38:451][  0]LogConsoleResponse:Display: 
[2015.04.27-06.26.38:590][  0]LogCook:Display: Done creating registry. It took  0.00s.
[2015.04.27-06.26.38:791][  0]SourceControl: Info Source control is disabled
[2015.04.27-06.26.38:791][  0]Cmd: MAP LOAD FILE="D:/GitHub Repositories/UMGMenuSystem/Content/Maps/MainMenu_Map.umap" TEMPLATE=0 SHOWPROGRESS=1 FEATURELEVEL=3
[2015.04.27-06.26.38:854][  0]LightingResults: New page: Lighting Build
[2015.04.27-06.26.38:871][  0]MapCheck: New page: Map Check
[2015.04.27-06.26.38:871][  0]LightingResults: New page: Lighting Build
[2015.04.27-06.26.38:878][  0]LogParticles: Destroying 0 GPU particle simulations for FXSystem 0x0000000016725DA0
[2015.04.27-06.26.42:169][  0]LogBlueprint:Warning: [WidgetBP_MainMenuScreen] CreatePinForVariable: 'MainMenuSoundtrack' variable not found. Base class was probably changed.
[2015.04.27-06.26.42:198][  0]LogBlueprint:Warning: [compiler] Warning Could not find a variable named "MainMenuSoundtrack" in 'BP_GameMode_C'.
Make sure 'BP_GameMode_C' has been compiled for  Get MainMenuSoundtrack 
[2015.04.27-06.26.42:203][  0]LogBlueprint:Warning: [compiler] Warning [0017.15] Compile of WidgetBP_MainMenuScreen successful, but with 1 Warning(s) [in 25 ms]
[2015.04.27-06.26.42:203][  0]LogBlueprint:Warning: [compiler] Warning [0017.15] Compile of WidgetBP_MainMenuScreen successful, but with 2 Warning(s) [in 0 ms]
[2015.04.27-06.26.42:204][  0]LogBlueprint:Warning: [compiler] Warning [0017.15] Compile of WidgetBP_MainMenuScreen successful, but with 3 Warning(s) [in 0 ms]
[2015.04.27-06.26.42:204][  0]LogBlueprint:Warning: [compiler] Warning [0017.15] Compile of WidgetBP_MainMenuScreen successful, but with 4 Warning(s) [in 0 ms]
[2015.04.27-06.26.42:205][  0]LogBlueprint:Warning: [WidgetBP_MainMenuScreen] CreatePinForVariable: 'MainMenuSoundtrack' variable not found. Base class was probably changed.
[2015.04.27-06.26.42:231][  0]LogBlueprint:Warning: [compiler] Warning Could not find a variable named "MainMenuSoundtrack" in 'BP_GameMode_C'.
Make sure 'BP_GameMode_C' has been compiled for  Get MainMenuSoundtrack 
[2015.04.27-06.26.42:236][  0]LogBlueprint:Warning: [compiler] Warning [0017.18] Compile of WidgetBP_MainMenuScreen successful, but with 1 Warning(s) [in 27 ms]
[2015.04.27-06.26.42:236][  0]LogBlueprint:Warning: [compiler] Warning [0017.18] Compile of WidgetBP_MainMenuScreen successful, but with 2 Warning(s) [in 0 ms]
[2015.04.27-06.26.42:345][  0]LogLinker:Warning: CreateImport: Object 'StateChanged__DelegateSignature' isn't imported, because its outer is a placeholder. Archive: 'D:/GitHub Repositories/UMGMenuSystem/Content/Blueprints/BP_MainMenuActor.uasset'
[2015.04.27-06.26.43:322][  0]LogEditorServer: Finished looking for orphan Actors (0.000 secs)
[2015.04.27-06.26.43:331][  0]LogAIModule: Creating AISystem for world MainMenu_Map
[2015.04.27-06.26.43:332][  0]Cmd: MAP CHECKDEP
[2015.04.27-06.26.43:333][  0]MapCheck: New page: MainMenu_Map - Apr 27, 2015, 5:26:43 PM
[2015.04.27-06.26.43:478][  0]MapCheck: Info Map check complete: 0 Error(s), 0 Warning(s), took 144.965ms to complete.
[2015.04.27-06.26.43:478][  0]LogFileHelpers: Loading map 'MainMenu_Map' took 4.686
[2015.04.27-06.26.43:627][  0]LogCollectionManager: Loaded 0 collections in 0.002025 seconds
[2015.04.27-06.26.43:642][  0]LogContentBrowser: Native class hierarchy populated in 0.0155 seconds. Added 1696 classes and 261 folders.
[2015.04.27-06.26.43:686][  0]LogContentBrowser: Native class hierarchy updated for 'SceneOutliner' in 0.0040 seconds. Added 1 classes and 2 folders.
[2015.04.27-06.26.43:764][  0]LogCrashTracker: Crashtracker disabled due to settings.
[2015.04.27-06.26.43:765][  0]LogSlate:Warning: Failed to load font data from 'Veranda'
[2015.04.27-06.26.43:771][  0]LogUObjectGlobals:Warning: Failed to find object 'Class None.'
[2015.04.27-06.26.43:804][  0]LogLoad: Full Startup: 18.75 seconds (BP compile: 1.48 seconds)
[2015.04.27-06.26.44:160][  0]LogContentBrowser:Verbose: The content browser source was changed by the sources view to '/Game/UI/Widgets'
[2015.04.27-06.26.44:352][  0]LogRenderer:Warning: Reallocating scene render targets to support 1208x576 (Frame:2).
[2015.04.27-06.26.46:153][  6]LogAssetRegistry: Asset discovery search completed in 9.1198 seconds
[2015.04.27-06.27.31:931][618]LogContentBrowser:Verbose: The content browser source was changed by the sources view to '/Game/Blueprints/Enums'
[2015.04.27-06.32.29:532][ 42]LogContentBrowser:Verbose: The content browser source was changed by the sources view to '/Game/Blueprints'
[2015.04.27-06.38.00:145][ 33]LogContentBrowser:Verbose: The content browser source was changed by the sources view to '/Game/UI/Widgets'
[2015.04.27-06.38.21:923][616]LogParticles: Destroying 0 GPU particle simulations for FXSystem 0x0000000016162480
[2015.04.27-06.38.21:924][616]LogParticles: Destroying 0 GPU particle simulations for FXSystem 0x000000001A86AAC0
[2015.04.27-06.38.45:045][757]AssetRegistry: New page: Content migration completed successfully!
[2015.04.27-06.38.45:045][757]AssetRegistry: Info /Game/UI/Widgets/WidgetBP_Anti-Aliasing
[2015.04.27-06.38.45:045][757]AssetRegistry: Info /Game/Blueprints/BP_MenuFlowGameInstance
[2015.04.27-06.38.45:045][757]AssetRegistry: Info /Game/Blueprints/Enums/EGameState
[2015.04.27-06.38.45:045][757]AssetRegistry: Info /Game/Blueprints/BP_MyHUD
[2015.04.27-06.38.45:045][757]AssetRegistry: Info /Game/UI/Widgets/WidgetBP_VideoOptionScreen
[2015.04.27-06.38.45:045][757]AssetRegistry: Info /Game/Sound/InterfaceAudio/Stereo/MenuAccept_Stereo_Cue
[2015.04.27-06.38.45:045][757]AssetRegistry: Info /Game/Sound/InterfaceAudio/Stereo/MenuAccept_Stereo
[2015.04.27-06.38.45:045][757]AssetRegistry: Info /Game/Sound/SoundClassesAndMixes/UIControllerSounds
[2015.04.27-06.38.45:045][757]AssetRegistry: Info /Game/Sound/SoundClassesAndMixes/UI
[2015.04.27-06.38.45:045][757]AssetRegistry: Info /Game/Sound/SoundClassesAndMixes/Master
[2015.04.27-06.38.45:045][757]AssetRegistry: Info /Game/Sound/SoundClassesAndMixes/Music
[2015.04.27-06.38.45:046][757]AssetRegistry: Info /Game/Sound/SoundClassesAndMixes/SFX
[2015.04.27-06.38.45:046][757]AssetRegistry: Info /Game/Sound/SoundClassesAndMixes/Ambient
[2015.04.27-06.38.45:046][757]AssetRegistry: Info /Game/Sound/SoundClassesAndMixes/Characters
[2015.04.27-06.38.45:046][757]AssetRegistry: Info /Game/Sound/SoundClassesAndMixes/Weapons
[2015.04.27-06.38.45:046][757]AssetRegistry: Info /Game/Sound/SoundClassesAndMixes/PSM_DuckEnvironment
[2015.04.27-06.38.45:046][757]AssetRegistry: Info /Game/Sound/InterfaceAudio/Stereo/MenuCursor_UpDown_Stereo_Cue
[2015.04.27-06.38.45:046][757]AssetRegistry: Info /Game/Sound/InterfaceAudio/Stereo/MenuCursor02_Stereo
[2015.04.27-06.38.45:046][757]AssetRegistry: Info /Game/Textures/LoadingScreen
[2015.04.27-06.38.45:046][757]AssetRegistry: Info /Game/Textures/T_Button
[2015.04.27-06.38.45:046][757]AssetRegistry: Info /Game/UI/Widgets/WidgetBP_Effects
[2015.04.27-06.38.45:046][757]AssetRegistry: Info /Game/UI/Widgets/WidgetBP_ScreenResolution
[2015.04.27-06.38.45:046][757]AssetRegistry: Info /Game/UI/Widgets/WidgetBP_Shadows
[2015.04.27-06.38.45:046][757]AssetRegistry: Info /Game/UI/Widgets/WidgetBP_Textures
[2015.04.27-06.38.45:046][757]AssetRegistry: Info /Game/UI/Widgets/WidgetBP_LoadingScreen
[2015.04.27-06.38.45:046][757]AssetRegistry: Info /Game/UI/Widgets/WidgetBP_MainMenuScreen
[2015.04.27-06.38.45:046][757]AssetRegistry: Info /Game/Blueprints/BP_GameMode
[2015.04.27-06.38.45:046][757]AssetRegistry: Info /Game/Blueprints/BP_MyController
[2015.04.27-06.38.45:046][757]AssetRegistry: Info /Game/UI/Widgets/WidgetBP_InGameMenu
[2015.04.27-06.38.45:046][757]AssetRegistry: Info /Game/UI/Widgets/WidgetBP_OptionsMenuScreen
[2015.04.27-07.01.20:683][957]LogContentBrowser:Verbose: The content browser source was changed by the sources view to '/Game/Maps'
[2015.04.27-07.01.21:131][  7]LogContentBrowser:Verbose: The content browser source was changed by the sources view to '/Game/Blueprints'
[2015.04.27-07.02.02:948][ 84]AssetRegistry: New page: Content migration completed successfully!
[2015.04.27-07.02.02:948][ 84]AssetRegistry: Info /Game/Blueprints/BP_MainMenuActor
[2015.04.27-07.02.02:948][ 84]AssetRegistry: Info /Game/Blueprints/BP_GameMode
[2015.04.27-07.02.02:949][ 84]AssetRegistry: Info /Game/Blueprints/BP_MyController
[2015.04.27-07.02.02:949][ 84]AssetRegistry: Info /Game/UI/Widgets/WidgetBP_InGameMenu
[2015.04.27-07.03.26:591][506]LogEditorTransaction: Undo Add In Parameter
[2015.04.27-07.03.26:969][512]LogEditorTransaction: Undo Add In Parameter
[2015.04.27-07.03.27:236][515]LogEditorTransaction: Undo Rename Node
[2015.04.27-07.03.27:552][526]LogEditorTransaction: Undo Add Node
[2015.04.27-07.03.27:874][542]LogEditorTransaction: Undo Delete current selection
[2015.04.27-07.03.28:953][630]LogEditorTransaction: Undo Delete current selection
[2015.04.27-07.03.29:169][639]LogEditorTransaction: Undo Delete current selection
[2015.04.27-07.03.29:357][645]LogEditorTransaction: Undo Delete current selection
[2015.04.27-07.03.29:549][652]LogEditorTransaction: Undo AddPin
[2015.04.27-07.03.29:726][658]LogEditorTransaction: Undo AddPin
[2015.04.27-07.03.29:896][663]LogEditorTransaction: Undo AddPin
[2015.04.27-07.03.30:088][670]LogEditorTransaction: Undo AddPin
[2015.04.27-07.03.32:699][933]BlueprintLog: New page: Compile BP_MainMenuActor
[2015.04.27-07.03.32:860][933]BlueprintEditorCompileResults: Info [2227.78] Compile of BP_MainMenuActor successful! [in 161 ms]
[2015.04.27-07.16.50:981][152]LogContentBrowser:Verbose: The content browser source was changed by the sources view to '/Game/Blueprints/Enums'
[2015.04.27-07.17.00:115][512]LogContentBrowser:Verbose: The content browser source was changed by the sources view to '/Game/Blueprints'
[2015.04.27-07.20.30:174][225]LogContentBrowser:Verbose: The content browser source was changed by the sources view to '/Game/Textures'
[2015.04.27-07.20.30:477][254]LogContentBrowser:Verbose: The content browser source was changed by the sources view to '/Game/Sound'
[2015.04.27-07.20.30:947][310]LogContentBrowser:Verbose: The content browser source was changed by the sources view to '/Game/Textures'
[2015.04.27-07.20.32:039][440]LogContentBrowser:Verbose: The content browser source was changed by the sources view to '/Game/Sound'
[2015.04.27-07.20.33:160][574]LogContentBrowser:Verbose: The content browser source was changed by the sources view to '/Game/Textures'
[2015.04.27-07.20.33:785][648]LogContentBrowser:Verbose: The content browser source was changed by the sources view to '/Game/Sound'
[2015.04.27-07.20.34:139][690]LogContentBrowser:Verbose: The content browser source was changed by the sources view to '/Game/Maps'
[2015.04.27-07.20.34:477][730]LogContentBrowser:Verbose: The content browser source was changed by the sources view to '/Game/Blueprints/Enums'
[2015.04.27-07.20.35:205][817]LogContentBrowser:Verbose: The content browser source was changed by the sources view to '/Game/Blueprints'
[2015.04.27-07.20.42:258][660]LogContentBrowser:Verbose: The content browser source was changed by the sources view to '/Game/UI/Widgets'
[2015.04.27-07.20.43:459][800]LogContentBrowser:Verbose: The content browser source was changed by the sources view to '/Game/UI'
[2015.04.27-07.26.19:253][248]LogContentBrowser:Verbose: The content browser source was changed by the sources view to '/Game/Maps'
[2015.04.27-07.26.19:559][284]LogContentBrowser:Verbose: The content browser source was changed by the sources view to '/Game/Blueprints/Enums'
[2015.04.27-07.26.19:962][332]LogContentBrowser:Verbose: The content browser source was changed by the sources view to '/Game/Blueprints'
[2015.04.27-08.32.58:357][928]LogContentBrowser:Verbose: The content browser source was changed by the sources view to '/Game/UI/Widgets'
[2015.04.27-08.47.28:521][ 97]BlueprintLog: New page: Compile WidgetBP_MainMenuScreen
[2015.04.27-08.47.28:561][ 97]LogBlueprint:Warning: [compiler] Warning Could not find a variable named "MainMenuSoundtrack" in 'BP_GameMode_C'.
Make sure 'BP_GameMode_C' has been compiled for  Get MainMenuSoundtrack 
[2015.04.27-08.47.28:616][ 97]LogParticles: Destroying 0 GPU particle simulations for FXSystem 0x000000000DF6EB60
[2015.04.27-08.47.28:616][ 97]LogParticles: Destroying 0 GPU particle simulations for FXSystem 0x000000000DF6FA60
[2015.04.27-08.47.28:616][ 97]LogParticles: Destroying 0 GPU particle simulations for FXSystem 0x000000000CF9A200
[2015.04.27-08.47.28:617][ 97]LogParticles: Destroying 0 GPU particle simulations for FXSystem 0x000000000DF6CAE0
[2015.04.27-08.47.28:617][ 97]LogParticles: Destroying 0 GPU particle simulations for FXSystem 0x000000000B5316C0
[2015.04.27-08.47.28:617][ 97]LogParticles: Destroying 0 GPU particle simulations for FXSystem 0x000000001CAC6CA0
[2015.04.27-08.47.28:617][ 97]LogParticles: Destroying 0 GPU particle simulations for FXSystem 0x000000001CAC5120
[2015.04.27-08.47.28:617][ 97]LogParticles: Destroying 0 GPU particle simulations for FXSystem 0x000000000CF44CC0
[2015.04.27-08.47.28:618][ 97]LogParticles: Destroying 0 GPU particle simulations for FXSystem 0x000000000AAB8B80
[2015.04.27-08.47.28:618][ 97]LogParticles: Destroying 0 GPU particle simulations for FXSystem 0x000000000EE6F240
[2015.04.27-08.47.28:634][ 97]LogBlueprint:Warning: [compiler] Warning [8463.47] Compile of WidgetBP_MainMenuScreen successful, but with 1 Warning(s) [in 112 ms]
[2015.04.27-08.47.28:634][ 97]BlueprintEditorCompileResults:Warning: Warning Could not find a variable named "MainMenuSoundtrack" in 'BP_GameMode_C'.
Make sure 'BP_GameMode_C' has been compiled for  Get MainMenuSoundtrack 
[2015.04.27-08.47.28:634][ 97]BlueprintEditorCompileResults:Warning: Warning [8463.47] Compile of WidgetBP_MainMenuScreen successful, but with 1 Warning(s) [in 112 ms]
[2015.04.27-08.47.33:732][674]BlueprintLog: New page: Compile WidgetBP_MainMenuScreen
[2015.04.27-08.47.33:820][674]BlueprintEditorCompileResults: Info [8468.65] Compile of WidgetBP_MainMenuScreen successful! [in 88 ms]
[2015.04.27-08.47.34:215][714]Cmd: OBJ SAVEPACKAGE PACKAGE="/Game/UI/Widgets/WidgetBP_MainMenuScreen" FILE="D:/GitHub Repositories/UMGMenuSystem/Content/UI/Widgets/WidgetBP_MainMenuScreen.uasset" SILENT=true
[2015.04.27-08.47.34:378][714]LogSavePackage: Save=61.037228ms
[2015.04.27-08.47.34:378][714]LogSavePackage: Moving 'D:/GitHub Repositories/UMGMenuSystem/Saved/WidgetBP_MainMenuScreen84BB8FA2494CC69B31677E9886587B54.tmp' to 'D:/GitHub Repositories/UMGMenuSystem/Content/UI/Widgets/WidgetBP_MainMenuScreen.uasset'
[2015.04.27-08.47.39:326][284]BlueprintLog: New page: Pre-PIE auto-recompile
[2015.04.27-08.47.39:330][284]LogPlayLevel: [PIE] Compiling BP_MainMenuActor before PIE...
[2015.04.27-08.47.39:473][284]LogParticles: Destroying 0 GPU particle simulations for FXSystem 0x0000000018F98B80
[2015.04.27-08.47.39:473][284]LogParticles: Destroying 0 GPU particle simulations for FXSystem 0x0000000018F98AE0
[2015.04.27-08.47.39:473][284]LogParticles: Destroying 0 GPU particle simulations for FXSystem 0x000000001D4FAD40
[2015.04.27-08.47.39:473][284]LogParticles: Destroying 0 GPU particle simulations for FXSystem 0x000000000B57FBA0
[2015.04.27-08.47.39:478][284]LogPlayLevel: PIE:  Blueprint regeneration took 151 ms (1 blueprints)
[2015.04.27-08.47.39:513][284]PIE: New page: PIE session: MainMenu_Map (Apr 27, 2015, 7:47:39 PM)
[2015.04.27-08.47.39:548][284]LogPlayLevel: PIE: StaticDuplicateObject took: (0.034509s)
[2015.04.27-08.47.39:550][284]LogPlayLevel: PIE: World Init took: (0.001231s)
[2015.04.27-08.47.39:557][284]LogPlayLevel: PIE: Created PIE world by copying editor world from /Game/Maps/MainMenu_Map.MainMenu_Map to /Game/Maps/UEDPIE_0_MainMenu_Map.MainMenu_Map (0.042824s)
[2015.04.27-08.47.39:680][284]LogWorld: Game class is 'BP_GameMode_C'
[2015.04.27-08.47.39:694][284]LogAIModule: Creating AISystem for world MainMenu_Map
[2015.04.27-08.47.39:699][284]LogWorld: Bringing World /Game/Maps/UEDPIE_0_MainMenu_Map.MainMenu_Map up for play (max tick rate 0) at 2015.04.27-14.17.39
[2015.04.27-08.47.39:718][284]LogWorld: Bringing up level for play took: 0.022421
[2015.04.27-08.47.39:873][284]Cmd: R.SetRes 1280x720F
[2015.04.27-08.47.39:914][284]r.SetRes = "1280x720F"
[2015.04.27-08.47.39:994][284]LogRenderer:Warning: Reallocating scene render targets to support 1208x600 (Frame:61961).
[2015.04.27-08.47.40:116][284]LogRenderer:Warning: Reallocating scene render targets to support 1208x632 (Frame:61962).
[2015.04.27-08.47.40:116][284]Cmd: r.PostProcessAAQuality 2
[2015.04.27-08.47.40:116][284]r.PostProcessAAQuality = "2"
[2015.04.27-08.47.40:116][284]Cmd: sg.EffectsQuality 1
[2015.04.27-08.47.40:117][284]LogConsoleManager:Warning: Console variable 'r.MaterialQualityLevel' wasn't set (Priority Console < Scalability)
[2015.04.27-08.47.40:117][284]sg.EffectsQuality = "1"
[2015.04.27-08.47.40:117][284]Cmd: sg.ShadowQuality 1
[2015.04.27-08.47.40:117][284]sg.ShadowQuality = "1"
[2015.04.27-08.47.40:117][284]Cmd: sg.TextureQuality 1
[2015.04.27-08.47.40:118][284]LogConsoleManager:Warning: Console variable 'r.Streaming.PoolSize' wasn't set (Priority Code < Scalability)
[2015.04.27-08.47.40:118][284]sg.TextureQuality = "1"
[2015.04.27-08.47.40:188][284]PIE: Info Play in editor start time for /Game/Maps/UEDPIE_0_MainMenu_Map 0.264
[2015.04.27-08.47.42:157][474]LogParticles: Destroying 0 GPU particle simulations for FXSystem 0x000000000F5ACFE0
[2015.04.27-08.47.42:860][557]LogPlayLevel: PIE:  No blueprints needed recompiling
[2015.04.27-08.47.42:861][557]PIE: New page: PIE session: MainMenu_Map (Apr 27, 2015, 7:47:42 PM)
[2015.04.27-08.47.42:862][557]LogPlayLevel: PIE: StaticDuplicateObject took: (0.001188s)
[2015.04.27-08.47.42:863][557]LogPlayLevel: PIE: World Init took: (0.000442s)
[2015.04.27-08.47.42:863][557]LogPlayLevel: PIE: Created PIE world by copying editor world from /Game/Maps/MainMenu_Map.MainMenu_Map to /Game/Maps/UEDPIE_0_MainMenu_Map.MainMenu_Map (0.001755s)
[2015.04.27-08.47.42:900][557]LogWorld: Game class is 'BP_GameMode_C'
[2015.04.27-08.47.42:902][557]LogAIModule: Creating AISystem for world MainMenu_Map
[2015.04.27-08.47.42:904][557]LogWorld: Bringing World /Game/Maps/UEDPIE_0_MainMenu_Map.MainMenu_Map up for play (max tick rate 0) at 2015.04.27-14.17.42
[2015.04.27-08.47.42:904][557]LogWorld: Bringing up level for play took: 0.001421
[2015.04.27-08.47.42:906][557]Cmd: R.SetRes 1280x720F
[2015.04.27-08.47.42:906][557]r.SetRes = "1280x720F"
[2015.04.27-08.47.42:906][557]Cmd: r.PostProcessAAQuality 2
[2015.04.27-08.47.42:906][557]r.PostProcessAAQuality = "2"
[2015.04.27-08.47.42:906][557]Cmd: sg.EffectsQuality 1
[2015.04.27-08.47.42:906][557]LogConsoleManager:Warning: Console variable 'r.MaterialQualityLevel' wasn't set (Priority Console < Scalability)
[2015.04.27-08.47.42:906][557]sg.EffectsQuality = "1"
[2015.04.27-08.47.42:906][557]Cmd: sg.ShadowQuality 1
[2015.04.27-08.47.42:906][557]sg.ShadowQuality = "1"
[2015.04.27-08.47.42:906][557]Cmd: sg.TextureQuality 1
[2015.04.27-08.47.42:906][557]LogConsoleManager:Warning: Console variable 'r.Streaming.PoolSize' wasn't set (Priority Code < Scalability)
[2015.04.27-08.47.42:906][557]sg.TextureQuality = "1"
[2015.04.27-08.47.42:920][557]PIE: Info Play in editor start time for /Game/Maps/UEDPIE_0_MainMenu_Map 0.995
[2015.04.27-08.47.42:955][557]LogRenderer:Warning: Reallocating scene render targets to support 1672x912 (Frame:62226).
[2015.04.27-08.47.48:277][182]Cmd: R.SetRes 1600x900F
[2015.04.27-08.47.48:277][182]r.SetRes = "1600x900F"
[2015.04.27-08.47.50:116][388]Cmd: R.SetRes 1920x1080F
[2015.04.27-08.47.50:116][388]r.SetRes = "1920x1080F"
[2015.04.27-08.47.50:238][388]LogRenderer:Warning: Reallocating scene render targets to support 1672x944 (Frame:63062).
[2015.04.27-08.47.51:484][534]Cmd: R.SetRes 1366x768F
[2015.04.27-08.47.51:484][534]r.SetRes = "1366x768F"
[2015.04.27-08.47.53:422][742]Cmd: r.ScreenPercentage 98
[2015.04.27-08.47.53:422][742]r.ScreenPercentage = "98"
[2015.04.27-08.47.53:422][742]Cmd: r.ScreenPercentage 98
[2015.04.27-08.47.53:422][742]r.ScreenPercentage = "98"
[2015.04.27-08.47.53:431][743]Cmd: r.ScreenPercentage 97
[2015.04.27-08.47.53:431][743]r.ScreenPercentage = "97"
[2015.04.27-08.47.53:441][744]Cmd: r.ScreenPercentage 96
[2015.04.27-08.47.53:441][744]r.ScreenPercentage = "96"
[2015.04.27-08.47.53:454][745]Cmd: r.ScreenPercentage 95
[2015.04.27-08.47.53:454][745]r.ScreenPercentage = "95"
[2015.04.27-08.47.53:464][746]Cmd: r.ScreenPercentage 92
[2015.04.27-08.47.53:464][746]r.ScreenPercentage = "92"
[2015.04.27-08.47.53:473][747]Cmd: r.ScreenPercentage 90
[2015.04.27-08.47.53:473][747]r.ScreenPercentage = "90"
[2015.04.27-08.47.53:481][748]Cmd: r.ScreenPercentage 87
[2015.04.27-08.47.53:481][748]r.ScreenPercentage = "87"
[2015.04.27-08.47.53:481][748]Cmd: r.ScreenPercentage 86
[2015.04.27-08.47.53:481][748]r.ScreenPercentage = "86"
[2015.04.27-08.47.53:489][749]Cmd: r.ScreenPercentage 84
[2015.04.27-08.47.53:489][749]r.ScreenPercentage = "84"
[2015.04.27-08.47.53:498][750]Cmd: r.ScreenPercentage 82
[2015.04.27-08.47.53:498][750]r.ScreenPercentage = "82"
[2015.04.27-08.47.53:506][751]Cmd: r.ScreenPercentage 78
[2015.04.27-08.47.53:506][751]r.ScreenPercentage = "78"
[2015.04.27-08.47.53:514][752]Cmd: r.ScreenPercentage 75
[2015.04.27-08.47.53:514][752]r.ScreenPercentage = "75"
[2015.04.27-08.47.53:523][753]Cmd: r.ScreenPercentage 71
[2015.04.27-08.47.53:523][753]r.ScreenPercentage = "71"
[2015.04.27-08.47.53:531][754]Cmd: r.ScreenPercentage 66
[2015.04.27-08.47.53:531][754]r.ScreenPercentage = "66"
[2015.04.27-08.47.53:531][754]Cmd: r.ScreenPercentage 64
[2015.04.27-08.47.53:531][754]r.ScreenPercentage = "64"
[2015.04.27-08.47.53:540][755]Cmd: r.ScreenPercentage 62
[2015.04.27-08.47.53:541][755]r.ScreenPercentage = "62"
[2015.04.27-08.47.53:549][756]Cmd: r.ScreenPercentage 57
[2015.04.27-08.47.53:549][756]r.ScreenPercentage = "57"
[2015.04.27-08.47.53:549][756]Cmd: r.ScreenPercentage 56
[2015.04.27-08.47.53:549][756]r.ScreenPercentage = "56"
[2015.04.27-08.47.53:557][757]Cmd: r.ScreenPercentage 54
[2015.04.27-08.47.53:557][757]r.ScreenPercentage = "54"
[2015.04.27-08.47.53:557][757]Cmd: r.ScreenPercentage 53
[2015.04.27-08.47.53:558][757]r.ScreenPercentage = "53"
[2015.04.27-08.47.53:566][758]Cmd: r.ScreenPercentage 52
[2015.04.27-08.47.53:566][758]r.ScreenPercentage = "52"
[2015.04.27-08.47.53:575][759]Cmd: r.ScreenPercentage 48
[2015.04.27-08.47.53:575][759]r.ScreenPercentage = "48"
[2015.04.27-08.47.53:583][760]Cmd: r.ScreenPercentage 45
[2015.04.27-08.47.53:583][760]r.ScreenPercentage = "45"
[2015.04.27-08.47.53:583][760]Cmd: r.ScreenPercentage 44
[2015.04.27-08.47.53:583][760]r.ScreenPercentage = "44"
[2015.04.27-08.47.53:591][761]Cmd: r.ScreenPercentage 44
[2015.04.27-08.47.53:591][761]r.ScreenPercentage = "44"
[2015.04.27-08.47.53:600][762]Cmd: r.ScreenPercentage 43
[2015.04.27-08.47.53:600][762]r.ScreenPercentage = "43"
[2015.04.27-08.47.54:481][866]Cmd: r.PostProcessAAQuality 2
[2015.04.27-08.47.54:481][866]r.PostProcessAAQuality = "2"
[2015.04.27-08.47.56:000][ 45]Cmd: r.PostProcessAAQuality 0
[2015.04.27-08.47.56:000][ 45]r.PostProcessAAQuality = "0"
[2015.04.27-08.47.57:420][215]Cmd: sg.ShadowQuality 2
[2015.04.27-08.47.57:421][215]sg.ShadowQuality = "2"
[2015.04.27-08.47.58:545][349]Cmd: sg.TextureQuality 0
[2015.04.27-08.47.58:545][349]LogConsoleManager:Warning: Console variable 'r.Streaming.PoolSize' wasn't set (Priority Code < Scalability)
[2015.04.27-08.47.58:545][349]sg.TextureQuality = "0"
[2015.04.27-08.48.01:719][725]Cmd: sg.EffectsQuality 3
[2015.04.27-08.48.01:719][725]LogConsoleManager:Warning: Console variable 'r.MaterialQualityLevel' wasn't set (Priority Console < Scalability)
[2015.04.27-08.48.01:719][725]sg.EffectsQuality = "3"
[2015.04.27-08.48.01:729][726]LogRenderer:Warning: Reallocating scene render targets to support 1672x944 (Frame:64405).
[2015.04.27-08.48.04:665][ 72]LogBlueprintUserMessages: LoadButtonClicked
[2015.04.27-08.48.05:754][200]LogNet: Browse: /Game/Maps/PrototypeLevel_Map
[2015.04.27-08.48.05:766][200]LogLoad: LoadMap: /Game/Maps/PrototypeLevel_Map
[2015.04.27-08.48.05:796][200]LogParticles: Destroying 0 GPU particle simulations for FXSystem 0x000000001BEAE520
[2015.04.27-08.48.05:796][200]Cmd: MEM
[2015.04.27-08.48.05:816][200]LogMemory: Platform Memory Stats for Windows
[2015.04.27-08.48.05:816][200]LogMemory: Process Physical Memory: 710.87 MB used, 717.04 MB peak
[2015.04.27-08.48.05:816][200]LogMemory: Process Virtual Memory: 607.16 MB used, 610.41 MB peak
[2015.04.27-08.48.05:816][200]LogMemory: Physical Memory: 4512.94 MB used, 8136.00 MB total
[2015.04.27-08.48.05:816][200]LogMemory: Virtual Memory: 1168.15 MB used, 8388608.00 MB total
[2015.04.27-08.48.05:816][200]LogMemory: 
[2015.04.27-08.48.05:816][200]Allocator Stats for TBB: (not implemented)
[2015.04.27-08.48.05:862][200]LogLinker:Warning: CreateImport: Object 'StateChanged__DelegateSignature' isn't imported, because its outer is a placeholder. Archive: 'D:/GitHub Repositories/UMGMenuSystem/Content/Blueprints/BP_InGameActor.uasset'
[2015.04.27-08.48.07:224][200]LogWorld: Game class is 'BP_GameMode_C'
[2015.04.27-08.48.07:226][200]LogAIModule: Creating AISystem for world PrototypeLevel_Map
[2015.04.27-08.48.07:228][200]LogWorld: Bringing World /Game/Maps/UEDPIE_0_PrototypeLevel_Map.PrototypeLevel_Map up for play (max tick rate 0) at 2015.04.27-14.18.07
[2015.04.27-08.48.07:228][200]LogWorld: Bringing up level for play took: 0.001232
[2015.04.27-08.48.07:238][200]LogGameMode: Warning - PATHS NOT DEFINED or NO PLAYERSTART with positive rating
[2015.04.27-08.48.12:476][822]LogNet: Browse: /Game/Maps/MainMenu_Map
[2015.04.27-08.48.12:476][822]LogLoad: LoadMap: /Game/Maps/MainMenu_Map
[2015.04.27-08.48.12:495][822]LogParticles: Destroying 0 GPU particle simulations for FXSystem 0x000000000CDB5EE0
[2015.04.27-08.48.12:501][822]Cmd: MEM
[2015.04.27-08.48.12:520][822]LogMemory: Platform Memory Stats for Windows
[2015.04.27-08.48.12:520][822]LogMemory: Process Physical Memory: 764.79 MB used, 797.56 MB peak
[2015.04.27-08.48.12:520][822]LogMemory: Process Virtual Memory: 659.75 MB used, 691.82 MB peak
[2015.04.27-08.48.12:520][822]LogMemory: Physical Memory: 4577.28 MB used, 8136.00 MB total
[2015.04.27-08.48.12:520][822]LogMemory: Virtual Memory: 1219.21 MB used, 8388608.00 MB total
[2015.04.27-08.48.12:520][822]LogMemory: 
[2015.04.27-08.48.12:520][822]Allocator Stats for TBB: (not implemented)
[2015.04.27-08.48.12:523][822]LogPlayLevel: PIE: StaticDuplicateObject took: (0.002975s)
[2015.04.27-08.48.12:523][822]LogPlayLevel: PIE: World Init took: (0.000443s)
[2015.04.27-08.48.12:524][822]LogPlayLevel: PIE: Created PIE world by copying editor world from /Game/Maps/MainMenu_Map.MainMenu_Map to /Game/Maps/UEDPIE_0_MainMenu_Map.MainMenu_Map (0.003568s)
[2015.04.27-08.48.12:525][822]LogWorld: Game class is 'BP_GameMode_C'
[2015.04.27-08.48.12:527][822]LogAIModule: Creating AISystem for world MainMenu_Map
[2015.04.27-08.48.12:528][822]LogWorld: Bringing World /Game/Maps/UEDPIE_0_MainMenu_Map.MainMenu_Map up for play (max tick rate 0) at 2015.04.27-14.18.12
[2015.04.27-08.48.12:529][822]LogWorld: Bringing up level for play took: 0.001442
[2015.04.27-08.48.12:529][822]LogGameMode: Warning - PATHS NOT DEFINED or NO PLAYERSTART with positive rating
[2015.04.27-08.48.17:118][362]LogParticles: Destroying 0 GPU particle simulations for FXSystem 0x000000000F5AC5E0
[2015.04.27-08.54.34:157][102]LogContentBrowser:Verbose: The content browser source was changed by the sources view to '/Game/Sound'
[2015.04.27-08.54.34:599][154]LogContentBrowser:Verbose: The content browser source was changed by the sources view to '/Game/Maps'
[2015.04.27-08.54.35:078][211]LogContentBrowser:Verbose: The content browser source was changed by the sources view to '/Game/Blueprints'
[2015.04.27-08.55.46:477][275]BlueprintLog: New page: Compile BP_MenuFlowGameInstance
[2015.04.27-08.55.46:716][275]BlueprintEditorCompileResults: Info [8961.54] Compile of BP_MenuFlowGameInstance successful! [in 237 ms]
[2015.04.27-09.02.39:702][373]LogParticles: Destroying 0 GPU particle simulations for FXSystem 0x000000000D4618A0
[2015.04.27-09.02.44:394][373]Cmd: OBJ SAVEPACKAGE PACKAGE="/Game/Blueprints/BP_MainMenuActor" FILE="D:/GitHub Repositories/UMGMenuSystem/Content/Blueprints/BP_MainMenuActor.uasset" SILENT=true
[2015.04.27-09.02.44:583][373]LogSavePackage: Save=181.562485ms
[2015.04.27-09.02.44:583][373]LogSavePackage: Moving 'D:/GitHub Repositories/UMGMenuSystem/Saved/BP_MainMenuActorC1E449D245B45C47945FF8BD48A59F83.tmp' to 'D:/GitHub Repositories/UMGMenuSystem/Content/Blueprints/BP_MainMenuActor.uasset'
[2015.04.27-09.02.44:595][373]Cmd: OBJ SAVEPACKAGE PACKAGE="/Game/Blueprints/BP_MenuFlowGameInstance" FILE="D:/GitHub Repositories/UMGMenuSystem/Content/Blueprints/BP_MenuFlowGameInstance.uasset" SILENT=true
[2015.04.27-09.02.44:668][373]LogSavePackage: Save=65.936508ms
[2015.04.27-09.02.44:668][373]LogSavePackage: Moving 'D:/GitHub Repositories/UMGMenuSystem/Saved/BP_MenuFlowGameInstance0CAFB102409AEC79F96F2594A3088940.tmp' to 'D:/GitHub Repositories/UMGMenuSystem/Content/Blueprints/BP_MenuFlowGameInstance.uasset'
[2015.04.27-09.02.44:682][373]Cmd: OBJ SAVEPACKAGE PACKAGE="/Game/Blueprints/BP_MyHUD" FILE="D:/GitHub Repositories/UMGMenuSystem/Content/Blueprints/BP_MyHUD.uasset" SILENT=true
[2015.04.27-09.02.44:745][373]LogSavePackage: Save=55.833389ms
[2015.04.27-09.02.44:745][373]LogSavePackage: Moving 'D:/GitHub Repositories/UMGMenuSystem/Saved/BP_MyHUD014198624C0913085A9F11A1B7137E7E.tmp' to 'D:/GitHub Repositories/UMGMenuSystem/Content/Blueprints/BP_MyHUD.uasset'
[2015.04.27-09.02.44:939][373]Cmd: OBJ SAVEPACKAGE PACKAGE="/Game/Maps/MainMenu_Map" FILE="D:/GitHub Repositories/UMGMenuSystem/Content/Maps/MainMenu_Map.umap" SILENT=true AUTOSAVING=false KEEPDIRTY=false
[2015.04.27-09.02.45:063][373]LogSavePackage: Save=87.521492ms
[2015.04.27-09.02.45:063][373]LogSavePackage: Moving 'D:/GitHub Repositories/UMGMenuSystem/Saved/MainMenu_MapDF9C0F2E44CEB3FEC7E2BBAFAB560DE8.tmp' to 'D:/GitHub Repositories/UMGMenuSystem/Content/Maps/MainMenu_Map.umap'
[2015.04.27-09.02.45:118][373]LogFileHelpers: Saving map 'MainMenu_Map' took 0.367
[2015.04.27-09.02.45:125][373]Cmd: OBJ SAVEPACKAGE PACKAGE="/Game/UI/Widgets/WidgetBP_ScreenResolution" FILE="D:/GitHub Repositories/UMGMenuSystem/Content/UI/Widgets/WidgetBP_ScreenResolution.uasset" SILENT=true
[2015.04.27-09.02.45:213][373]LogSavePackage: Save=53.132706ms
[2015.04.27-09.02.45:213][373]LogSavePackage: Moving 'D:/GitHub Repositories/UMGMenuSystem/Saved/WidgetBP_ScreenResolutionD3E71DD747A6FA4716C175AAE99855C3.tmp' to 'D:/GitHub Repositories/UMGMenuSystem/Content/UI/Widgets/WidgetBP_ScreenResolution.uasset'
[2015.04.27-09.02.45:832][374]Cmd: QUIT_EDITOR
[2015.04.27-09.02.46:357][374]LogExit: Preparing to exit.
[2015.04.27-09.02.46:623][374]LogExit: Editor shut down
[2015.04.27-09.02.46:624][374]LogExit: Transaction tracking system shut down
[2015.04.27-09.02.46:626][374]LogParticles: Destroying 0 GPU particle simulations for FXSystem 0x000000000CABFA60
[2015.04.27-09.02.46:626][374]LogParticles: Destroying 0 GPU particle simulations for FXSystem 0x000000001BBF5440
[2015.04.27-09.02.46:626][374]LogParticles: Destroying 0 GPU particle simulations for FXSystem 0x000000001A795D00
[2015.04.27-09.02.46:626][374]LogParticles: Destroying 0 GPU particle simulations for FXSystem 0x000000000DFBF6A0
[2015.04.27-09.02.46:705][374]LogParticles: Destroying 0 GPU particle simulations for FXSystem 0x000000000DFBF2E0
[2015.04.27-09.02.46:705][374]LogExit: Object subsystem successfully closed.
[2015.04.27-09.02.46:777][374]LogModuleManager: Shutting down and abandoning module SequencerWidgets (178)
[2015.04.27-09.02.46:777][374]LogModuleManager: Shutting down and abandoning module CrashTracker (177)
[2015.04.27-09.02.46:777][374]LogModuleManager: Shutting down and abandoning module SuperSearch (176)
[2015.04.27-09.02.46:777][374]LogModuleManager: Shutting down and abandoning module SceneOutliner (175)
[2015.04.27-09.02.46:777][374]LogModuleManager: Shutting down and abandoning module EditorWidgets (174)
[2015.04.27-09.02.46:777][374]LogModuleManager: Shutting down and abandoning module CollectionManager (173)
[2015.04.27-09.02.46:777][374]LogModuleManager: Shutting down and abandoning module StatsViewer (172)
[2015.04.27-09.02.46:777][374]LogModuleManager: Shutting down and abandoning module FoliageEdit (171)
[2015.04.27-09.02.46:777][374]LogModuleManager: Shutting down and abandoning module LandscapeEditor (170)
[2015.04.27-09.02.46:777][374]LogModuleManager: Shutting down and abandoning module MeshPaint (169)
[2015.04.27-09.02.46:777][374]LogModuleManager: Shutting down and abandoning module ActorPickerMode (168)
[2015.04.27-09.02.46:777][374]LogModuleManager: Shutting down and abandoning module GeometryMode (167)
[2015.04.27-09.02.46:777][374]LogModuleManager: Shutting down and abandoning module TextureAlignMode (166)
[2015.04.27-09.02.46:777][374]LogModuleManager: Shutting down and abandoning module BspMode (165)
[2015.04.27-09.02.46:778][374]LogModuleManager: Shutting down and abandoning module PlacementMode (164)
[2015.04.27-09.02.46:778][374]LogModuleManager: Shutting down and abandoning module AutomationWorker (163)
[2015.04.27-09.02.46:778][374]LogModuleManager: Shutting down and abandoning module CharacterAI (162)
[2015.04.27-09.02.46:778][374]LogModuleManager: Shutting down and abandoning module SmartSnapping (161)
[2015.04.27-09.02.46:778][374]LogModuleManager: Shutting down and abandoning module ViewportSnapping (160)
[2015.04.27-09.02.46:778][374]LogModuleManager: Shutting down and abandoning module LogVisualizer (159)
[2015.04.27-09.02.46:778][374]LogModuleManager: Shutting down and abandoning module GameProjectGeneration (158)
[2015.04.27-09.02.46:778][374]LogModuleManager: Shutting down and abandoning module IntroTutorials (157)
[2015.04.27-09.02.46:778][374]LogModuleManager: Shutting down and abandoning module EditorLiveStreaming (156)
[2015.04.27-09.02.46:778][374]LogModuleManager: Shutting down and abandoning module HardwareTargeting (155)
[2015.04.27-09.02.46:778][374]LogModuleManager: Shutting down and abandoning module DeviceProfileEditor (154)
[2015.04.27-09.02.46:778][374]LogModuleManager: Shutting down and abandoning module UndoHistory (153)
[2015.04.27-09.02.46:778][374]LogModuleManager: Shutting down and abandoning module GameplayTagsEditor (152)
[2015.04.27-09.02.46:778][374]LogModuleManager: Shutting down and abandoning module UserFeedback (151)
[2015.04.27-09.02.46:778][374]LogModuleManager: Shutting down and abandoning module XmlParser (150)
[2015.04.27-09.02.46:778][374]LogModuleManager: Shutting down and abandoning module Blutility (149)
[2015.04.27-09.02.46:778][374]LogModuleManager: Shutting down and abandoning module IOSPlatformEditor (148)
[2015.04.27-09.02.46:778][374]LogModuleManager: Shutting down and abandoning module IOSRuntimeSettings (147)
[2015.04.27-09.02.46:778][374]LogModuleManager: Shutting down and abandoning module AndroidDeviceDetection (146)
[2015.04.27-09.02.47:756][374]LogModuleManager: Shutting down and abandoning module AndroidPlatformEditor (145)
[2015.04.27-09.02.47:756][374]LogModuleManager: Shutting down and abandoning module AndroidRuntimeSettings (144)
[2015.04.27-09.02.47:756][374]LogModuleManager: Shutting down and abandoning module ProjectTargetPlatformEditor (143)
[2015.04.27-09.02.47:756][374]LogModuleManager: Shutting down and abandoning module ProjectSettingsViewer (142)
[2015.04.27-09.02.47:756][374]LogModuleManager: Shutting down and abandoning module InputBindingEditor (141)
[2015.04.27-09.02.47:756][374]LogModuleManager: Shutting down and abandoning module EditorSettingsViewer (140)
[2015.04.27-09.02.47:756][374]LogModuleManager: Shutting down and abandoning module SettingsEditor (139)
[2015.04.27-09.02.47:756][374]LogModuleManager: Shutting down and abandoning module ProjectLauncher (138)
[2015.04.27-09.02.47:756][374]LogModuleManager: Shutting down and abandoning module SessionFrontend (137)
[2015.04.27-09.02.47:756][374]LogModuleManager: Shutting down and abandoning module ProfilerClient (136)
[2015.04.27-09.02.47:756][374]LogModuleManager: Shutting down and abandoning module TargetDeviceServices (135)
[2015.04.27-09.02.47:756][374]LogModuleManager: Shutting down and abandoning module DeviceManager (134)
[2015.04.27-09.02.47:756][374]LogModuleManager: Shutting down and abandoning module AutomationController (133)
[2015.04.27-09.02.47:756][374]LogModuleManager: Shutting down and abandoning module AutomationWindow (132)
[2015.04.27-09.02.47:756][374]LogModuleManager: Shutting down and abandoning module Layers (131)
[2015.04.27-09.02.47:756][374]LogModuleManager: Shutting down and abandoning module ComponentVisualizers (130)
[2015.04.27-09.02.47:756][374]LogModuleManager: Shutting down and abandoning module DetailCustomizations (129)
[2015.04.27-09.02.47:756][374]LogModuleManager: Shutting down and abandoning module PackagesDialog (128)
[2015.04.27-09.02.47:757][374]LogModuleManager: Shutting down and abandoning module AssetRegistry (127)
[2015.04.27-09.02.47:865][374]LogModuleManager: Shutting down and abandoning module Persona (126)
[2015.04.27-09.02.47:865][374]LogModuleManager: Shutting down and abandoning module SlateReflector (125)
[2015.04.27-09.02.47:865][374]LogModuleManager: Shutting down and abandoning module LevelEditor (124)
[2015.04.27-09.02.47:866][374]LogModuleManager: Shutting down and abandoning module Kismet (123)
[2015.04.27-09.02.47:866][374]LogModuleManager: Shutting down and abandoning module GraphEditor (122)
[2015.04.27-09.02.47:866][374]LogModuleManager: Shutting down and abandoning module ClassViewer (121)
[2015.04.27-09.02.47:866][374]LogModuleManager: Shutting down and abandoning module Toolbox (120)
[2015.04.27-09.02.47:866][374]LogModuleManager: Shutting down and abandoning module ModuleUI (119)
[2015.04.27-09.02.47:866][374]LogModuleManager: Shutting down and abandoning module MovieSceneTools (118)
[2015.04.27-09.02.47:866][374]LogModuleManager: Shutting down and abandoning module OutputLog (117)
[2015.04.27-09.02.47:866][374]LogModuleManager: Shutting down and abandoning module GammaUI (116)
[2015.04.27-09.02.47:866][374]LogModuleManager: Shutting down and abandoning module Documentation (115)
[2015.04.27-09.02.47:866][374]LogModuleManager: Shutting down and abandoning module GameLiveStreaming (114)
[2015.04.27-09.02.47:866][374]LogModuleManager: Shutting down and abandoning module StreamingPauseRendering (113)
[2015.04.27-09.02.47:866][374]LogModuleManager: Shutting down and abandoning module HTTP (112)
[2015.04.27-09.02.47:866][374]LogModuleManager: Shutting down and abandoning module AnalyticsET (111)
[2015.04.27-09.02.47:866][374]LogModuleManager: Shutting down and abandoning module Analytics (110)
[2015.04.27-09.02.47:866][374]LogModuleManager: Shutting down and abandoning module AITestSuite (109)
[2015.04.27-09.02.47:866][374]LogModuleManager: Shutting down and abandoning module GameplayDebugger (108)
[2015.04.27-09.02.47:866][374]LogModuleManager: Shutting down and abandoning module AIModule (107)
[2015.04.27-09.02.47:866][374]LogModuleManager: Shutting down and abandoning module ProfilerService (106)
[2015.04.27-09.02.48:021][374]LogModuleManager: Shutting down and abandoning module TaskGraph (105)
[2015.04.27-09.02.48:021][374]LogModuleManager: Shutting down and abandoning module SlateRemote (104)
[2015.04.27-09.02.48:021][374]LogModuleManager: Shutting down and abandoning module ScriptEditorPlugin (103)
[2015.04.27-09.02.48:021][374]LogModuleManager: Shutting down and abandoning module CustomMeshComponent (102)
[2015.04.27-09.02.48:021][374]LogModuleManager: Shutting down and abandoning module CableComponent (101)
[2015.04.27-09.02.48:021][374]LogModuleManager: Shutting down and abandoning module MessagingDebugger (100)
[2015.04.27-09.02.48:021][374]LogModuleManager: Shutting down and abandoning module MediaPlayerEditor (99)
[2015.04.27-09.02.48:021][374]LogModuleManager: Shutting down and abandoning module SpeedTreeImporter (98)
[2015.04.27-09.02.48:021][374]LogModuleManager: Shutting down and abandoning module PluginsEditor (97)
[2015.04.27-09.02.48:021][374]LogModuleManager: Shutting down and abandoning module MainFrame (96)
[2015.04.27-09.02.48:021][374]LogModuleManager: Shutting down and abandoning module EpicSurvey (95)
[2015.04.27-09.02.48:021][374]LogModuleManager: Shutting down and abandoning module DesktopPlatform (94)
[2015.04.27-09.02.48:021][374]LogModuleManager: Shutting down and abandoning module DirectoryWatcher (93)
[2015.04.27-09.02.48:021][374]LogModuleManager: Shutting down and abandoning module HotReload (92)
[2015.04.27-09.02.48:021][374]LogModuleManager: Shutting down and abandoning module VisualStudioSourceCodeAccess (91)
[2015.04.27-09.02.48:021][374]LogModuleManager: Shutting down and abandoning module UObjectPlugin (90)
[2015.04.27-09.02.48:021][374]LogModuleManager: Shutting down and abandoning module SubversionSourceControl (89)
[2015.04.27-09.02.48:021][374]LogModuleManager: Shutting down and abandoning module PerforceSourceControl (88)
[2015.04.27-09.02.48:021][374]LogModuleManager: Shutting down and abandoning module SourceControl (87)
[2015.04.27-09.02.48:021][374]LogModuleManager: Shutting down and abandoning module GitSourceControl (86)
[2015.04.27-09.02.48:021][374]LogModuleManager: Shutting down and abandoning module BlankPlugin (85)
[2015.04.27-09.02.48:021][374]LogModuleManager: Shutting down and abandoning module PaperTiledImporter (84)
[2015.04.27-09.02.48:021][374]LogModuleManager: Shutting down and abandoning module PaperJsonImporter (83)
[2015.04.27-09.02.48:021][374]LogModuleManager: Shutting down and abandoning module ContentBrowser (82)
[2015.04.27-09.02.48:022][374]LogModuleManager: Shutting down and abandoning module Paper2DEditor (81)
[2015.04.27-09.02.48:022][374]LogModuleManager: Shutting down and abandoning module ScriptPlugin (80)
[2015.04.27-09.02.48:022][374]LogModuleManager: Shutting down and abandoning module UdpMessaging (79)
[2015.04.27-09.02.48:122][374]LogModuleManager: Shutting down and abandoning module Paper2D (78)
[2015.04.27-09.02.48:122][374]LogModuleManager: Shutting down and abandoning module WindowsMoviePlayer (77)
[2015.04.27-09.02.48:125][374]LogModuleManager: Shutting down and abandoning module Media (76)
[2015.04.27-09.02.48:125][374]LogModuleManager: Shutting down and abandoning module WmfMedia (75)
[2015.04.27-09.02.48:125][374]LogModuleManager: Shutting down and abandoning module OnlineBlueprintSupport (74)
[2015.04.27-09.02.48:125][374]LogModuleManager: Shutting down and abandoning module PropertyEditor (73)
[2015.04.27-09.02.48:126][374]LogModuleManager: Shutting down and abandoning module BehaviorTreeEditor (72)
[2015.04.27-09.02.48:126][374]LogModuleManager: Shutting down and abandoning module FunctionalTesting (71)
[2015.04.27-09.02.48:126][374]LogModuleManager: Shutting down and abandoning module CollisionAnalyzer (70)
[2015.04.27-09.02.48:126][374]LogModuleManager: Shutting down and abandoning module WorkspaceMenuStructure (69)
[2015.04.27-09.02.48:126][374]LogModuleManager: Shutting down and abandoning module MessageLog (68)
[2015.04.27-09.02.48:126][374]LogModuleManager: Shutting down and abandoning module Sequencer (67)
[2015.04.27-09.02.48:126][374]LogModuleManager: Shutting down and abandoning module AssetTools (66)
[2015.04.27-09.02.48:126][374]LogModuleManager: Shutting down and abandoning module UMGEditor (65)
[2015.04.27-09.02.48:126][374]LogModuleManager: Shutting down and abandoning module UMG (64)
[2015.04.27-09.02.48:126][374]LogModuleManager: Shutting down and abandoning module Slate (63)
[2015.04.27-09.02.48:126][374]LogModuleManager: Shutting down and abandoning module EditorStyle (62)
[2015.04.27-09.02.48:132][374]LogModuleManager: Shutting down and abandoning module SessionServices (61)
[2015.04.27-09.02.48:132][374]LogModuleManager: Shutting down and abandoning module SourceCodeAccess (60)
[2015.04.27-09.02.48:132][374]LogModuleManager: Shutting down and abandoning module HeadMountedDisplay (59)
[2015.04.27-09.02.48:132][374]LogModuleManager: Shutting down and abandoning module XAudio2 (58)
[2015.04.27-09.02.48:132][374]LogModuleManager: Shutting down and abandoning module Networking (56)
[2015.04.27-09.02.48:132][374]LogModuleManager: Shutting down and abandoning module Core (55)
[2015.04.27-09.02.48:132][374]LogModuleManager: Shutting down and abandoning module KismetCompiler (54)
[2015.04.27-09.02.48:132][374]LogModuleManager: Shutting down and abandoning module PhysXFormats (53)
[2015.04.27-09.02.48:132][374]LogModuleManager: Shutting down and abandoning module MeshUtilities (52)
[2015.04.27-09.02.48:132][374]LogModuleManager: Shutting down and abandoning module DerivedDataCache (51)
[2015.04.27-09.02.48:145][374]LogDerivedDataCache: Shutdown
[2015.04.27-09.02.48:145][374]LogModuleManager: Shutting down and abandoning module ShaderFormatOpenGL (50)
[2015.04.27-09.02.48:145][374]LogModuleManager: Shutting down and abandoning module ShaderFormatD3D (49)
[2015.04.27-09.02.48:145][374]LogModuleManager: Shutting down and abandoning module MetalShaderFormat (48)
[2015.04.27-09.02.48:145][374]LogModuleManager: Shutting down and abandoning module TextureFormatUncompressed (47)
[2015.04.27-09.02.48:145][374]LogModuleManager: Shutting down and abandoning module TextureFormatPVR (46)
[2015.04.27-09.02.48:145][374]LogModuleManager: Shutting down and abandoning module TextureFormatIntelISPCTexComp (45)
[2015.04.27-09.02.48:145][374]LogModuleManager: Shutting down and abandoning module TextureFormatDXT (44)
[2015.04.27-09.02.48:145][374]LogModuleManager: Shutting down and abandoning module ImageWrapper (43)
[2015.04.27-09.02.48:145][374]LogModuleManager: Shutting down and abandoning module TextureFormatASTC (42)
[2015.04.27-09.02.48:145][374]LogModuleManager: Shutting down and abandoning module TextureFormatAndroid (41)
[2015.04.27-09.02.48:145][374]LogModuleManager: Shutting down and abandoning module AudioFormatOpus (40)
[2015.04.27-09.02.48:145][374]LogModuleManager: Shutting down and abandoning module AudioFormatOgg (39)
[2015.04.27-09.02.48:145][374]LogModuleManager: Shutting down and abandoning module AudioFormatADPCM (38)
[2015.04.27-09.02.48:145][374]LogModuleManager: Shutting down and abandoning module LinuxTargetPlatform (37)
[2015.04.27-09.02.48:145][374]LogModuleManager: Shutting down and abandoning module LinuxServerTargetPlatform (36)
[2015.04.27-09.02.48:145][374]LogModuleManager: Shutting down and abandoning module LinuxNoEditorTargetPlatform (35)
[2015.04.27-09.02.48:145][374]LogModuleManager: Shutting down and abandoning module Messaging (34)
[2015.04.27-09.02.48:145][374]LogModuleManager: Shutting down and abandoning module IOSTargetPlatform (33)
[2015.04.27-09.02.48:145][374]LogModuleManager: Shutting down and abandoning module HTML5TargetPlatform (32)
[2015.04.27-09.02.48:145][374]LogModuleManager: Shutting down and abandoning module Android_PVRTCTargetPlatform (31)
[2015.04.27-09.02.48:145][374]LogModuleManager: Shutting down and abandoning module Android_ETC2TargetPlatform (30)
[2015.04.27-09.02.48:145][374]LogModuleManager: Shutting down and abandoning module Android_ETC1TargetPlatform (29)
[2015.04.27-09.02.48:145][374]LogModuleManager: Shutting down and abandoning module Android_ES31TargetPlatform (28)
[2015.04.27-09.02.48:145][374]LogModuleManager: Shutting down and abandoning module Android_DXTTargetPlatform (27)
[2015.04.27-09.02.48:145][374]LogModuleManager: Shutting down and abandoning module Android_ATCTargetPlatform (26)
[2015.04.27-09.02.48:145][374]LogModuleManager: Shutting down and abandoning module AndroidTargetPlatform (25)
[2015.04.27-09.02.48:145][374]LogModuleManager: Shutting down and abandoning module WindowsTargetPlatform (24)
[2015.04.27-09.02.48:145][374]LogModuleManager: Shutting down and abandoning module WindowsServerTargetPlatform (23)
[2015.04.27-09.02.48:145][374]LogModuleManager: Shutting down and abandoning module WindowsNoEditorTargetPlatform (22)
[2015.04.27-09.02.48:145][374]LogModuleManager: Shutting down and abandoning module WindowsClientTargetPlatform (21)
[2015.04.27-09.02.48:145][374]LogModuleManager: Shutting down and abandoning module TargetPlatform (20)
[2015.04.27-09.02.48:145][374]LogModuleManager: Shutting down and abandoning module InputCore (19)
[2015.04.27-09.02.48:145][374]LogModuleManager: Shutting down and abandoning module Settings (18)
[2015.04.27-09.02.48:145][374]LogModuleManager: Shutting down and abandoning module OnlineSubsystem (16)
[2015.04.27-09.02.48:146][374]LogModuleManager: Shutting down and abandoning module OculusRift (15)
[2015.04.27-09.02.48:146][374]LogModuleManager: Shutting down and abandoning module ExampleDeviceProfileSelector (14)
[2015.04.27-09.02.48:146][374]LogModuleManager: Shutting down and abandoning module TextureCompressor (13)
[2015.04.27-09.02.48:146][374]LogModuleManager: Shutting down and abandoning module ShaderCore (12)
[2015.04.27-09.02.48:146][374]LogModuleManager: Shutting down and abandoning module Landscape (11)
[2015.04.27-09.02.48:146][374]LogModuleManager: Shutting down and abandoning module SlateRHIRenderer (10)
[2015.04.27-09.02.48:149][374]LogModuleManager: Shutting down and abandoning module OpenGLDrv (9)
[2015.04.27-09.02.48:149][374]LogModuleManager: Shutting down and abandoning module D3D11RHI (8)
[2015.04.27-09.02.48:149][374]LogModuleManager: Shutting down and abandoning module Renderer (7)
[2015.04.27-09.02.48:149][374]LogModuleManager: Shutting down and abandoning module Engine (6)
[2015.04.27-09.02.48:149][374]LogModuleManager: Shutting down and abandoning module CoreUObject (5)
[2015.04.27-09.02.48:149][374]LogModuleManager: Shutting down and abandoning module NetworkFile (4)
[2015.04.27-09.02.48:149][374]LogModuleManager: Shutting down and abandoning module StreamingFile (3)
[2015.04.27-09.02.48:149][374]LogModuleManager: Shutting down and abandoning module SandboxFile (2)
[2015.04.27-09.02.48:149][374]LogModuleManager: Shutting down and abandoning module PakFile (1)
[2015.04.27-09.02.48:150][374]LogExit: Exiting.
[2015.04.27-09.02.48:160][374]Log file closed, 04/27/15 14:32:48
