Log file open, 04/28/15 18:40:55
LogInit:Display: Running engine for game: UMGMenuExample
LogInit: Version: 4.7.6-2513093+++depot+UE4-Releases+4.7
LogInit: API Version: 2455222
LogInit: Compiled (64-bit): Apr 15 2015 12:09:54
LogInit: Compiled with Visual C++: 18.00.21005.01
LogInit: Build Configuration: Development
LogInit: Branch Name: ++depot+UE4-Releases+4.7
LogInit: Command line:  
LogInit: Base directory: C:/Program Files/Epic Games/4.7/Engine/Binaries/Win64/
LogInit: Rocket: 1
[2015.04.28-13.10.55:704][  0]LogTaskGraph: Started task graph with 3 named threads and 6 total threads.
[2015.04.28-13.10.55:762][  0]LogOnline:Warning: No default platform service specified for OnlineSubsystem
[2015.04.28-13.10.55:781][  0]LogInit: Presizing for 0 objects not considered by GC, pre-allocating 0 bytes.
[2015.04.28-13.10.55:790][  0]LogInit: Object subsystem initialized
[2015.04.28-13.10.55:792][  0]LogConsoleResponse:Warning: Skipping Unknown console variable: 'UIScaleRule = ShortestSide'
[2015.04.28-13.10.55:792][  0]LogConsoleResponse:Warning:   Found in ini file 'D:/GitHub Repositories/UMGMenuSystem/Saved/Config/Windows/Engine.ini', in section '[/Script/Engine.RendererSettings]'
[2015.04.28-13.10.55:792][  0]LogConsoleResponse:Warning: Skipping Unknown console variable: 'UIScaleCurve = (EditorCurveData=(Keys=),ExternalCurve=None)'
[2015.04.28-13.10.55:792][  0]LogConsoleResponse:Warning:   Found in ini file 'D:/GitHub Repositories/UMGMenuSystem/Saved/Config/Windows/Engine.ini', in section '[/Script/Engine.RendererSettings]'
[2015.04.28-13.10.55:792][  0]LogConsoleManager:Warning: Console variable 'r.MSAA.CompositingSampleCount' wasn't set (Priority ProjectSetting < Scalability)
[2015.04.28-13.10.55:792][  0]LogInit: Selected Device Profile: [Windows]
[2015.04.28-13.10.55:793][  0]LogInit: Applying CVar settings loaded from the selected device profile: [Windows]
[2015.04.28-13.10.55:797][  0]LogInit: Computer: PROTEUS_CORE
[2015.04.28-13.10.55:797][  0]LogInit: User: Rohit
[2015.04.28-13.10.55:797][  0]LogInit: CPU Page size=4096, Cores=4
[2015.04.28-13.10.55:797][  0]LogInit: High frequency timer resolution =3.027421 MHz
[2015.04.28-13.10.55:798][  0]LogMemory: Memory total: Physical=7.9GB (8GB approx) Virtual=8192.0GB
[2015.04.28-13.10.55:798][  0]LogMemory: Platform Memory Stats for Windows
[2015.04.28-13.10.55:798][  0]LogMemory: Process Physical Memory: 47.66 MB used, 47.66 MB peak
[2015.04.28-13.10.55:798][  0]LogMemory: Process Virtual Memory: 27.55 MB used, 27.55 MB peak
[2015.04.28-13.10.55:798][  0]LogMemory: Physical Memory: 2846.48 MB used, 8136.00 MB total
[2015.04.28-13.10.55:798][  0]LogMemory: Virtual Memory: 281.80 MB used, 8388608.00 MB total
[2015.04.28-13.10.55:829][  0]LogD3D11RHI: Found D3D11 adapter 0: NVIDIA GeForce GTX 660   (Feature Level 11_0)
[2015.04.28-13.10.55:829][  0]LogD3D11RHI: Adapter has 1990MB of dedicated video memory, 0MB of dedicated system memory, and 2048MB of shared system memory, 1 output[s]
[2015.04.28-13.10.55:829][  0]LogD3D11RHI: Chosen D3D11 Adapter Id = 0
[2015.04.28-13.10.55:835][  0]LogRHI: Texture pool is 1361 MB (70% of 1945 MB)
[2015.04.28-13.10.55:845][  0]LogD3D11RHI: Async texture creation enabled
[2015.04.28-13.10.55:913][  0]LogTextLocalizationManager: The requested culture ('en_US') has no localization data; parent culture's ('en') localization data will be used.
[2015.04.28-13.10.55:970][  0]LogTextLocalizationManager:Warning: Loading localization resources contain conflicting entries for (Namespace:UICommands, Key:Save_ToolTip):
Resource: (C:/Program Files/Epic Games/4.7/Engine/Content/Localization/Editor/en/Editor.locres) Hash: (-29098895) String: (Saves the current level to disk)
Resource: (C:/Program Files/Epic Games/4.7/Engine/Content/Localization/Engine/en/Engine.locres) Hash: (-1280300587) String: (Save selected data to vlog file)
[2015.04.28-13.10.55:970][  0]LogTextLocalizationManager:Warning: Loading localization resources contain conflicting entries for (Namespace:ContentBrowser, Key:ImportAssetToolTip):
Resource: (C:/Program Files/Epic Games/4.7/Engine/Content/Localization/Editor/en/Editor.locres) Hash: (-630476809) String: (Import to {0}...)
Resource: (C:/Program Files/Epic Games/4.7/Engine/Content/Localization/Editor/en/Editor.locres) Hash: (1271782899) String: (Imports an asset from file to this folder.)
[2015.04.28-13.10.56:048][  0]LogContentStreaming: Texture pool size is 0.000000MB
[2015.04.28-13.10.58:691][  0]LogTargetPlatformManager:Display: Building Assets For Windows
[2015.04.28-13.10.59:329][  0]LogTargetPlatformManager:Display: Building Assets For Windows
[2015.04.28-13.10.59:408][  0]LogDerivedDataCache:Display: Max Cache Size: 512 MB
[2015.04.28-13.10.59:443][  0]LogDerivedDataCache: Loaded boot cache 0.04s 39MB C:/Users/Rohit/AppData/Local/UnrealEngine/4.7/DerivedDataCache/Boot.ddc.
[2015.04.28-13.10.59:443][  0]LogDerivedDataCache:Display: Loaded Boot cache: C:/Users/Rohit/AppData/Local/UnrealEngine/4.7/DerivedDataCache/Boot.ddc
[2015.04.28-13.10.59:443][  0]LogDerivedDataCache: FDerivedDataBackendGraph:  Pak pak cache file D:/GitHub Repositories/UMGMenuSystem/DerivedDataCache/DDC.ddp not found, will not use a pak cache.
[2015.04.28-13.10.59:443][  0]LogDerivedDataCache: Unable to find inner node Pak for hierarchical cache Hierarchy.
[2015.04.28-13.10.59:561][  0]LogDerivedDataCache:Display: Pak cache opened for reading ../../../Engine/DerivedDataCache/Compressed.ddp.
[2015.04.28-13.10.59:574][  0]LogDerivedDataCache: Using Local data cache path C:/Users/Rohit/AppData/Local/UnrealEngine/Common/DerivedDataCache: Writable
[2015.04.28-13.10.59:890][  0]LogMeshUtilities: No automatic mesh reduction module available
[2015.04.28-13.10.59:890][  0]LogMeshUtilities: No automatic mesh merging module available
[2015.04.28-13.11.00:261][  0]LogInit: WinSock: version 1.1 (2.2), MaxSocks=32767, MaxUdp=65467
[2015.04.28-13.11.00:371][  0]LogSlate:Warning: Failed to load font data from '../../../Engine/Content/Slate/Fonts/Roboto-Italic.ttf'
[2015.04.28-13.11.01:275][  0]UdpMessaging: Initializing bridge on interface 0.0.0.0:0 to multicast group 230.0.0.1:6666.
[2015.04.28-13.11.01:561][  0]SourceControl: Info Source control is disabled
[2015.04.28-13.11.01:561][  0]SourceControl: Info Source control is disabled
[2015.04.28-13.11.01:561][  0]SourceControl: Info Source control is disabled
[2015.04.28-13.11.01:561][  0]LogSourceControl: RunCommandInternalRaw: 'git version'
[2015.04.28-13.11.01:562][  0]LogSourceControl: RunCommandInternalRaw: ExecProcess ReturnCode=2 OutResults=''
[2015.04.28-13.11.01:575][  0]SourceControl: Info Source control is disabled
[2015.04.28-13.11.01:837][  0]LogObj: 24232 objects as part of root set at end of initial load.
[2015.04.28-13.11.01:837][  0]LogUObjectAllocator: 5137176 out of 0 bytes used by permanent object pool.
[2015.04.28-13.11.01:926][  0]LogEngine: Initializing Engine...
[2015.04.28-13.11.04:094][  0]LogInit: XAudio2 using 'Speakers (Realtek High Definition Audio)' : 2 channels at 48 kHz using 32 bits per sample (channel mask 0x3)
[2015.04.28-13.11.04:137][  0]LogInit: FAudioDevice initialized.
[2015.04.28-13.11.04:189][  0]LogAIModule: Creating AISystem for world NewWorld
[2015.04.28-13.11.04:209][  0]LogDerivedDataCache: Saved boot cache 0.02s 39MB C:/Users/Rohit/AppData/Local/UnrealEngine/4.7/DerivedDataCache/Boot.ddc.
[2015.04.28-13.11.04:211][  0]LogInit: Texture streaming: Enabled
[2015.04.28-13.11.04:313][  0]LogAnalytics: Creating configured Analytics provider AnalyticsET
[2015.04.28-13.11.04:313][  0]LogAnalytics: ET APIKey = Rocket.Release. APIServer = http://et2.epicgames.com/ET2/. AppVersion = 4.7.6-2513093+++depot+UE4-Releases+4.7
[2015.04.28-13.11.04:313][  0]LogAnalytics: ET APIKey = Rocket.Release. DataRouterUploadURL = https://datarouter-public-service-gamedev.ol.epicgames.net/datarouter/api/v1/public/data. AppVersion = 4.7.6-2513093+++depot+UE4-Releases+4.7
[2015.04.28-13.11.04:313][  0]LogAnalytics: SetUserId 013718ab4e6dec0f6374d59520a1ab13|7b8e2bb8b466411588cadfe08ecd7de9|6951b782-1f02-4763-a464-5016cbe33e2c
[2015.04.28-13.11.04:313][  0]LogAnalytics: AnalyticsET::StartSession [Rocket.Release]
[2015.04.28-13.11.04:374][  0]LogInit: Transaction tracking system initialized
[2015.04.28-13.11.04:599][  0]BlueprintLog: New page: Editor Load
[2015.04.28-13.11.04:643][  0]LogAssetRegistry: FAssetRegistry took 0.0093 seconds to start up
[2015.04.28-13.11.04:643][  0]LogDirectoryWatcher:Warning: Failed to begin reading directory changes for ../../../Engine/Plugins/Experimental/CharacterAI/Content/. Error: 0
[2015.04.28-13.11.05:280][  0]LogTargetPlatformManager:Display: Building Assets For Windows
[2015.04.28-13.11.05:693][  0]LogTargetPlatformManager:Display: Building Assets For Windows
[2015.04.28-13.11.06:034][  0]LogSlate:Warning: Failed to load font data from '../../../Engine/Content/Editor/Slate/Fonts/Roboto-Regular.ttf'
[2015.04.28-13.11.06:034][  0]LogSlate:Warning: Failed to load font data from '../../../Engine/Content/Editor/Slate/Fonts/Roboto-Bold.ttf'
[2015.04.28-13.11.06:039][  0]LogConsoleResponse:Display: 
[2015.04.28-13.11.06:176][  0]LogCook:Display: Done creating registry. It took  0.00s.
[2015.04.28-13.11.06:374][  0]SourceControl: Info Source control is disabled
[2015.04.28-13.11.06:374][  0]Cmd: MAP LOAD FILE="D:/GitHub Repositories/UMGMenuSystem/Content/Maps/MainMenu_Map.umap" TEMPLATE=0 SHOWPROGRESS=1 FEATURELEVEL=3
[2015.04.28-13.11.06:374][  0]LightingResults: New page: Lighting Build
[2015.04.28-13.11.06:391][  0]MapCheck: New page: Map Check
[2015.04.28-13.11.06:391][  0]LightingResults: New page: Lighting Build
[2015.04.28-13.11.06:398][  0]LogParticles: Destroying 0 GPU particle simulations for FXSystem 0x000000000400DD00
[2015.04.28-13.11.08:777][  0]LogLinker:Warning: CreateImport: Object 'StateChanged__DelegateSignature' isn't imported, because its outer is a placeholder. Archive: 'D:/GitHub Repositories/UMGMenuSystem/Content/Blueprints/BP_MainMenuActor.uasset'
[2015.04.28-13.11.09:290][  0]LogEditorServer: Finished looking for orphan Actors (0.000 secs)
[2015.04.28-13.11.09:292][  0]LogAIModule: Creating AISystem for world MainMenu_Map
[2015.04.28-13.11.09:293][  0]Cmd: MAP CHECKDEP
[2015.04.28-13.11.09:293][  0]MapCheck: New page: MainMenu_Map - Apr 29, 2015, 12:11:09 AM
[2015.04.28-13.11.09:410][  0]MapCheck: Info Map check complete: 0 Error(s), 0 Warning(s), took 117.311ms to complete.
[2015.04.28-13.11.09:410][  0]LogFileHelpers: Loading map 'MainMenu_Map' took 3.035
[2015.04.28-13.11.09:598][  0]LogCollectionManager: Loaded 0 collections in 0.001933 seconds
[2015.04.28-13.11.09:613][  0]LogContentBrowser: Native class hierarchy populated in 0.0152 seconds. Added 1696 classes and 261 folders.
[2015.04.28-13.11.09:657][  0]LogContentBrowser: Native class hierarchy updated for 'SceneOutliner' in 0.0043 seconds. Added 1 classes and 2 folders.
[2015.04.28-13.11.09:718][  0]LogCrashTracker: Crashtracker disabled due to settings.
[2015.04.28-13.11.09:719][  0]LogSlate:Warning: Failed to load font data from 'Veranda'
[2015.04.28-13.11.09:725][  0]LogUObjectGlobals:Warning: Failed to find object 'Class None.'
[2015.04.28-13.11.09:758][  0]LogLoad: Full Startup: 16.36 seconds (BP compile: 1.28 seconds)
[2015.04.28-13.11.10:123][  0]LogContentBrowser:Verbose: The content browser source was changed by the sources view to '/Game/Maps'
[2015.04.28-13.11.10:294][  0]LogRenderer:Warning: Reallocating scene render targets to support 1208x576 (Frame:2).
[2015.04.28-13.11.11:766][  5]LogAssetRegistry: Asset discovery search completed in 7.1317 seconds
[2015.04.28-13.11.30:363][290]LogPlayLevel: PIE:  No blueprints needed recompiling
[2015.04.28-13.11.30:363][290]PIE: New page: PIE session: MainMenu_Map (Apr 29, 2015, 12:11:30 AM)
[2015.04.28-13.11.30:365][290]LogPlayLevel: PIE: StaticDuplicateObject took: (0.001587s)
[2015.04.28-13.11.30:366][290]LogPlayLevel: PIE: World Init took: (0.000529s)
[2015.04.28-13.11.30:366][290]LogPlayLevel: PIE: Created PIE world by copying editor world from /Game/Maps/MainMenu_Map.MainMenu_Map to /Game/Maps/UEDPIE_0_MainMenu_Map.MainMenu_Map (0.002280s)
[2015.04.28-13.11.30:505][290]LogWorld: Game class is 'BP_GameMode_C'
[2015.04.28-13.11.30:508][290]LogAIModule: Creating AISystem for world MainMenu_Map
[2015.04.28-13.11.30:509][290]LogWorld: Bringing World /Game/Maps/UEDPIE_0_MainMenu_Map.MainMenu_Map up for play (max tick rate 0) at 2015.04.28-18.41.30
[2015.04.28-13.11.30:510][290]LogWorld: Bringing up level for play took: 0.001484
[2015.04.28-13.11.30:512][290]Cmd: R.SetRes 1280x720
[2015.04.28-13.11.30:512][290]r.SetRes = "1280x720"
[2015.04.28-13.11.30:544][290]LogRenderer:Warning: Reallocating scene render targets to support 1208x600 (Frame:144).
[2015.04.28-13.11.30:635][290]LogRenderer:Warning: Reallocating scene render targets to support 1208x632 (Frame:145).
[2015.04.28-13.11.30:635][290]Cmd: r.PostProcessAAQuality 2
[2015.04.28-13.11.30:635][290]r.PostProcessAAQuality = "2"
[2015.04.28-13.11.30:636][290]Cmd: sg.EffectsQuality 1
[2015.04.28-13.11.30:636][290]LogConsoleManager:Warning: Console variable 'r.MaterialQualityLevel' wasn't set (Priority Console < Scalability)
[2015.04.28-13.11.30:636][290]sg.EffectsQuality = "1"
[2015.04.28-13.11.30:636][290]Cmd: sg.ShadowQuality 1
[2015.04.28-13.11.30:636][290]sg.ShadowQuality = "1"
[2015.04.28-13.11.30:636][290]Cmd: sg.TextureQuality 1
[2015.04.28-13.11.30:636][290]LogConsoleManager:Warning: Console variable 'r.Streaming.PoolSize' wasn't set (Priority Code < Scalability)
[2015.04.28-13.11.30:636][290]sg.TextureQuality = "1"
[2015.04.28-13.11.30:654][290]PIE: Info Play in editor start time for /Game/Maps/UEDPIE_0_MainMenu_Map -0.269
[2015.04.28-13.11.31:936][437]LogNet: Browse: /Game/Maps/PrototypeLevel_Map
[2015.04.28-13.11.31:936][437]LogLoad: LoadMap: /Game/Maps/PrototypeLevel_Map
[2015.04.28-13.11.31:967][437]LogParticles: Destroying 0 GPU particle simulations for FXSystem 0x0000000016008EA0
[2015.04.28-13.11.31:981][437]Cmd: MEM
[2015.04.28-13.11.31:992][437]LogMemory: Platform Memory Stats for Windows
[2015.04.28-13.11.31:992][437]LogMemory: Process Physical Memory: 465.17 MB used, 496.81 MB peak
[2015.04.28-13.11.31:992][437]LogMemory: Process Virtual Memory: 375.52 MB used, 422.64 MB peak
[2015.04.28-13.11.31:992][437]LogMemory: Physical Memory: 3240.43 MB used, 8136.00 MB total
[2015.04.28-13.11.31:992][437]LogMemory: Virtual Memory: 916.77 MB used, 8388608.00 MB total
[2015.04.28-13.11.31:992][437]LogMemory: 
[2015.04.28-13.11.31:992][437]Allocator Stats for TBB: (not implemented)
[2015.04.28-13.11.32:094][437]LogLinker:Warning: CreateImport: Object 'StateChanged__DelegateSignature' isn't imported, because its outer is a placeholder. Archive: 'D:/GitHub Repositories/UMGMenuSystem/Content/Blueprints/BP_InGameActor.uasset'
[2015.04.28-13.11.32:451][437]LogWorld: Game class is 'BP_GameMode_C'
[2015.04.28-13.11.32:453][437]LogAIModule: Creating AISystem for world PrototypeLevel_Map
[2015.04.28-13.11.32:454][437]LogWorld: Bringing World /Game/Maps/UEDPIE_0_PrototypeLevel_Map.PrototypeLevel_Map up for play (max tick rate 0) at 2015.04.28-18.41.32
[2015.04.28-13.11.32:455][437]LogWorld: Bringing up level for play took: 0.001225
[2015.04.28-13.11.32:455][437]LogGameMode: Warning - PATHS NOT DEFINED or NO PLAYERSTART with positive rating
[2015.04.28-13.11.50:254][561]LogParticles: Destroying 0 GPU particle simulations for FXSystem 0x000000000CCE8A40
[2015.04.28-13.11.56:416][280]LogContentBrowser:Verbose: The content browser source was changed by the sources view to '/Game/Blueprints'
[2015.04.28-13.12.27:393][753]BlueprintLog: New page: Compile BP_MenuFlowGameInstance
[2015.04.28-13.12.27:623][753]LogParticles: Destroying 0 GPU particle simulations for FXSystem 0x000000000CDAE7A0
[2015.04.28-13.12.27:623][753]BlueprintEditorCompileResults: Info [0094.23] Compile of BP_MenuFlowGameInstance successful! [in 229 ms]
[2015.04.28-13.12.27:888][777]Cmd: OBJ SAVEPACKAGE PACKAGE="/Game/Blueprints/BP_MenuFlowGameInstance" FILE="D:/GitHub Repositories/UMGMenuSystem/Content/Blueprints/BP_MenuFlowGameInstance.uasset" SILENT=true
[2015.04.28-13.12.27:963][777]LogSavePackage: Save=65.227135ms
[2015.04.28-13.12.27:963][777]LogSavePackage: Moving 'D:/GitHub Repositories/UMGMenuSystem/Saved/BP_MenuFlowGameInstance937C95B34E61D77C74D0DFAF438B7511.tmp' to 'D:/GitHub Repositories/UMGMenuSystem/Content/Blueprints/BP_MenuFlowGameInstance.uasset'
[2015.04.28-13.12.30:251][ 33]BlueprintLog: New page: Pre-PIE auto-recompile
[2015.04.28-13.12.30:254][ 33]LogPlayLevel: [PIE] Compiling BP_MainMenuActor before PIE...
[2015.04.28-13.12.30:374][ 33]LogPlayLevel: [PIE] Compiling BP_MyController before PIE...
[2015.04.28-13.12.30:438][ 33]LogPlayLevel: [PIE] Compiling BP_InGameActor before PIE...
[2015.04.28-13.12.30:521][ 33]LogPlayLevel: [PIE] Compiling WidgetBP_VideoOptionScreen before PIE...
[2015.04.28-13.12.30:846][ 33]LogPlayLevel: [PIE] Compiling WidgetBP_Anti-Aliasing before PIE...
[2015.04.28-13.12.30:918][ 33]LogPlayLevel: [PIE] Compiling WidgetBP_Effects before PIE...
[2015.04.28-13.12.30:989][ 33]LogPlayLevel: [PIE] Compiling WidgetBP_ScreenResolution before PIE...
[2015.04.28-13.12.31:060][ 33]LogPlayLevel: [PIE] Compiling WidgetBP_Shadows before PIE...
[2015.04.28-13.12.31:131][ 33]LogPlayLevel: [PIE] Compiling WidgetBP_Textures before PIE...
[2015.04.28-13.12.31:203][ 33]LogPlayLevel: [PIE] Compiling WidgetBP_MainMenuScreen before PIE...
[2015.04.28-13.12.31:268][ 33]LogPlayLevel: [PIE] Compiling WidgetBP_OptionsMenuScreen before PIE...
[2015.04.28-13.12.31:327][ 33]LogPlayLevel: [PIE] Compiling WidgetBP_InGameMenu before PIE...
[2015.04.28-13.12.31:390][ 33]LogPlayLevel: [PIE] Compiling BP_MyHUD before PIE...
[2015.04.28-13.12.31:534][ 33]LogPlayLevel: PIE:  Blueprint regeneration took 1283 ms (13 blueprints)
[2015.04.28-13.12.31:534][ 33]PIE: New page: PIE session: MainMenu_Map (Apr 29, 2015, 12:12:31 AM)
[2015.04.28-13.12.31:542][ 33]LogPlayLevel: PIE: StaticDuplicateObject took: (0.001855s)
[2015.04.28-13.12.31:543][ 33]LogPlayLevel: PIE: World Init took: (0.000459s)
[2015.04.28-13.12.31:543][ 33]LogPlayLevel: PIE: Created PIE world by copying editor world from /Game/Maps/MainMenu_Map.MainMenu_Map to /Game/Maps/UEDPIE_0_MainMenu_Map.MainMenu_Map (0.002445s)
[2015.04.28-13.12.31:578][ 33]LogWorld: Game class is 'BP_GameMode_C'
[2015.04.28-13.12.31:580][ 33]LogAIModule: Creating AISystem for world MainMenu_Map
[2015.04.28-13.12.31:581][ 33]LogWorld: Bringing World /Game/Maps/UEDPIE_0_MainMenu_Map.MainMenu_Map up for play (max tick rate 0) at 2015.04.28-18.42.31
[2015.04.28-13.12.31:582][ 33]LogWorld: Bringing up level for play took: 0.001537
[2015.04.28-13.12.31:582][ 33]LogGameMode: Warning - PATHS NOT DEFINED or NO PLAYERSTART with positive rating
[2015.04.28-13.12.31:584][ 33]Cmd: R.SetRes 1280x720
[2015.04.28-13.12.31:584][ 33]r.SetRes = "1280x720"
[2015.04.28-13.12.31:584][ 33]Cmd: r.PostProcessAAQuality 2
[2015.04.28-13.12.31:584][ 33]r.PostProcessAAQuality = "2"
[2015.04.28-13.12.31:584][ 33]Cmd: sg.EffectsQuality 1
[2015.04.28-13.12.31:584][ 33]LogConsoleManager:Warning: Console variable 'r.MaterialQualityLevel' wasn't set (Priority Console < Scalability)
[2015.04.28-13.12.31:584][ 33]sg.EffectsQuality = "1"
[2015.04.28-13.12.31:584][ 33]Cmd: sg.ShadowQuality 1
[2015.04.28-13.12.31:584][ 33]sg.ShadowQuality = "1"
[2015.04.28-13.12.31:584][ 33]Cmd: sg.TextureQuality 1
[2015.04.28-13.12.31:584][ 33]LogConsoleManager:Warning: Console variable 'r.Streaming.PoolSize' wasn't set (Priority Code < Scalability)
[2015.04.28-13.12.31:584][ 33]sg.TextureQuality = "1"
[2015.04.28-13.12.31:598][ 33]PIE: Info Play in editor start time for /Game/Maps/UEDPIE_0_MainMenu_Map 0.674
[2015.04.28-13.12.31:612][ 33]LogRenderer:Warning: Reallocating scene render targets to support 1672x912 (Frame:4195).
[2015.04.28-13.12.33:190][201]LogPackageName: SearchForPackageOnDisk took   0.100s to resolve PrototypeLevel_Map.umap
[2015.04.28-13.12.33:288][202]LogPackageName: SearchForPackageOnDisk took   0.091s to resolve PrototypeLevel_Map.umap
[2015.04.28-13.12.33:288][202]LogNet: Browse: /Game/Maps/PrototypeLevel_Map
[2015.04.28-13.12.33:288][202]LogLoad: LoadMap: /Game/Maps/PrototypeLevel_Map
[2015.04.28-13.12.33:310][202]LogParticles: Destroying 0 GPU particle simulations for FXSystem 0x00000000113DA520
[2015.04.28-13.12.33:311][202]Cmd: MEM
[2015.04.28-13.12.33:329][202]LogMemory: Platform Memory Stats for Windows
[2015.04.28-13.12.33:329][202]LogMemory: Process Physical Memory: 575.06 MB used, 579.88 MB peak
[2015.04.28-13.12.33:329][202]LogMemory: Process Virtual Memory: 480.71 MB used, 484.97 MB peak
[2015.04.28-13.12.33:329][202]LogMemory: Physical Memory: 3339.97 MB used, 8136.00 MB total
[2015.04.28-13.12.33:329][202]LogMemory: Virtual Memory: 1022.09 MB used, 8388608.00 MB total
[2015.04.28-13.12.33:329][202]LogMemory: 
[2015.04.28-13.12.33:329][202]Allocator Stats for TBB: (not implemented)
[2015.04.28-13.12.33:469][202]LogWorld: Game class is 'BP_GameMode_C'
[2015.04.28-13.12.33:471][202]LogAIModule: Creating AISystem for world PrototypeLevel_Map
[2015.04.28-13.12.33:472][202]LogWorld: Bringing World /Game/Maps/UEDPIE_0_PrototypeLevel_Map.PrototypeLevel_Map up for play (max tick rate 0) at 2015.04.28-18.42.33
[2015.04.28-13.12.33:473][202]LogWorld: Bringing up level for play took: 0.001246
[2015.04.28-13.12.33:473][202]LogGameMode: Warning - PATHS NOT DEFINED or NO PLAYERSTART with positive rating
[2015.04.28-13.16.28:820][562]LogParticles: Destroying 0 GPU particle simulations for FXSystem 0x0000000011398CC0
[2015.04.28-13.16.32:381][753]LogContentBrowser:Verbose: The content browser source was changed by the sources view to '/Game/Maps'
[2015.04.28-13.17.04:279][115]Cmd: OBJ SAVEPACKAGE PACKAGE="/Game/Maps/MainMenu_Map" FILE="D:/GitHub Repositories/UMGMenuSystem/Content/Maps/MainMenu_Map.umap" SILENT=true AUTOSAVING=false KEEPDIRTY=false
[2015.04.28-13.17.04:363][115]LogSavePackage: Save=54.295059ms
[2015.04.28-13.17.04:363][115]LogSavePackage: Moving 'D:/GitHub Repositories/UMGMenuSystem/Saved/MainMenu_MapBA51B48442CA8F615BE28EAB3766FC08.tmp' to 'D:/GitHub Repositories/UMGMenuSystem/Content/Maps/MainMenu_Map.umap'
[2015.04.28-13.17.04:378][115]LogFileHelpers: Saving map 'MainMenu_Map' took 0.266
[2015.04.28-13.17.05:561][245]BlueprintLog: New page: Pre-PIE auto-recompile
[2015.04.28-13.17.05:564][245]LogPlayLevel: [PIE] Compiling BP_MainMenuActor before PIE...
[2015.04.28-13.17.05:684][245]LogPlayLevel: [PIE] Compiling BP_InGameActor before PIE...
[2015.04.28-13.17.05:765][245]LogPlayLevel: [PIE] Compiling WidgetBP_VideoOptionScreen before PIE...
[2015.04.28-13.17.06:095][245]LogPlayLevel: [PIE] Compiling WidgetBP_Anti-Aliasing before PIE...
[2015.04.28-13.17.06:167][245]LogPlayLevel: [PIE] Compiling WidgetBP_Effects before PIE...
[2015.04.28-13.17.06:239][245]LogPlayLevel: [PIE] Compiling WidgetBP_ScreenResolution before PIE...
[2015.04.28-13.17.06:309][245]LogPlayLevel: [PIE] Compiling WidgetBP_Shadows before PIE...
[2015.04.28-13.17.06:380][245]LogPlayLevel: [PIE] Compiling WidgetBP_Textures before PIE...
[2015.04.28-13.17.06:452][245]LogPlayLevel: [PIE] Compiling BP_MyHUD before PIE...
[2015.04.28-13.17.06:594][245]LogPlayLevel: PIE:  Blueprint regeneration took 1033 ms (9 blueprints)
[2015.04.28-13.17.06:595][245]PIE: New page: PIE session: MainMenu_Map (Apr 29, 2015, 12:17:06 AM)
[2015.04.28-13.17.06:597][245]LogPlayLevel: PIE: StaticDuplicateObject took: (0.001663s)
[2015.04.28-13.17.06:598][245]LogPlayLevel: PIE: World Init took: (0.000446s)
[2015.04.28-13.17.06:598][245]LogPlayLevel: PIE: Created PIE world by copying editor world from /Game/Maps/MainMenu_Map.MainMenu_Map to /Game/Maps/UEDPIE_0_MainMenu_Map.MainMenu_Map (0.002270s)
[2015.04.28-13.17.06:632][245]LogWorld: Game class is 'BP_GameMode_C'
[2015.04.28-13.17.06:634][245]LogAIModule: Creating AISystem for world MainMenu_Map
[2015.04.28-13.17.06:636][245]LogWorld: Bringing World /Game/Maps/UEDPIE_0_MainMenu_Map.MainMenu_Map up for play (max tick rate 0) at 2015.04.28-18.47.06
[2015.04.28-13.17.06:637][245]LogWorld: Bringing up level for play took: 0.001839
[2015.04.28-13.17.06:640][245]Cmd: R.SetRes 1280x720
[2015.04.28-13.17.06:640][245]r.SetRes = "1280x720"
[2015.04.28-13.17.06:641][245]Cmd: r.PostProcessAAQuality 2
[2015.04.28-13.17.06:641][245]r.PostProcessAAQuality = "2"
[2015.04.28-13.17.06:641][245]Cmd: sg.EffectsQuality 1
[2015.04.28-13.17.06:641][245]LogConsoleManager:Warning: Console variable 'r.MaterialQualityLevel' wasn't set (Priority Console < Scalability)
[2015.04.28-13.17.06:641][245]sg.EffectsQuality = "1"
[2015.04.28-13.17.06:641][245]Cmd: sg.ShadowQuality 1
[2015.04.28-13.17.06:641][245]sg.ShadowQuality = "1"
[2015.04.28-13.17.06:641][245]Cmd: sg.TextureQuality 1
[2015.04.28-13.17.06:641][245]LogConsoleManager:Warning: Console variable 'r.Streaming.PoolSize' wasn't set (Priority Code < Scalability)
[2015.04.28-13.17.06:641][245]sg.TextureQuality = "1"
[2015.04.28-13.17.06:668][245]PIE: Info Play in editor start time for /Game/Maps/UEDPIE_0_MainMenu_Map 1.736
[2015.04.28-13.17.08:229][415]LogPackageName: SearchForPackageOnDisk took   0.104s to resolve PrototypeLevel_Map.umap
[2015.04.28-13.17.08:329][416]LogPackageName: SearchForPackageOnDisk took   0.094s to resolve PrototypeLevel_Map.umap
[2015.04.28-13.17.08:329][416]LogNet: Browse: /Game/Maps/PrototypeLevel_Map
[2015.04.28-13.17.08:330][416]LogLoad: LoadMap: /Game/Maps/PrototypeLevel_Map
[2015.04.28-13.17.08:352][416]LogParticles: Destroying 0 GPU particle simulations for FXSystem 0x0000000011399E40
[2015.04.28-13.17.08:352][416]Cmd: MEM
[2015.04.28-13.17.08:370][416]LogMemory: Platform Memory Stats for Windows
[2015.04.28-13.17.08:370][416]LogMemory: Process Physical Memory: 585.19 MB used, 585.19 MB peak
[2015.04.28-13.17.08:370][416]LogMemory: Process Virtual Memory: 491.76 MB used, 491.76 MB peak
[2015.04.28-13.17.08:370][416]LogMemory: Physical Memory: 3551.83 MB used, 8136.00 MB total
[2015.04.28-13.17.08:370][416]LogMemory: Virtual Memory: 1021.86 MB used, 8388608.00 MB total
[2015.04.28-13.17.08:370][416]LogMemory: 
[2015.04.28-13.17.08:370][416]Allocator Stats for TBB: (not implemented)
[2015.04.28-13.17.08:502][416]LogWorld: Game class is 'BP_GameMode_C'
[2015.04.28-13.17.08:504][416]LogAIModule: Creating AISystem for world PrototypeLevel_Map
[2015.04.28-13.17.08:505][416]LogWorld: Bringing World /Game/Maps/UEDPIE_0_PrototypeLevel_Map.PrototypeLevel_Map up for play (max tick rate 0) at 2015.04.28-18.47.08
[2015.04.28-13.17.08:505][416]LogWorld: Bringing up level for play took: 0.001369
[2015.04.28-13.17.08:506][416]LogGameMode: Warning - PATHS NOT DEFINED or NO PLAYERSTART with positive rating
[2015.04.28-13.17.15:121][201]LogParticles: Destroying 0 GPU particle simulations for FXSystem 0x000000000D5AD620
[2015.04.28-13.17.17:276][449]LogContentBrowser:Verbose: The content browser source was changed by the sources view to '/Game/Blueprints'
[2015.04.28-13.17.25:384][378]BlueprintLog: New page: Compile BP_MenuFlowGameInstance
[2015.04.28-13.17.25:604][378]BlueprintEditorCompileResults: Info [0392.20] Compile of BP_MenuFlowGameInstance successful! [in 219 ms]
[2015.04.28-13.17.26:273][455]BlueprintLog: New page: Pre-PIE auto-recompile
[2015.04.28-13.17.26:277][455]LogPlayLevel: [PIE] Compiling BP_MainMenuActor before PIE...
[2015.04.28-13.17.26:403][455]LogPlayLevel: [PIE] Compiling BP_MyController before PIE...
[2015.04.28-13.17.26:469][455]LogPlayLevel: [PIE] Compiling BP_InGameActor before PIE...
[2015.04.28-13.17.26:553][455]LogPlayLevel: [PIE] Compiling WidgetBP_VideoOptionScreen before PIE...
[2015.04.28-13.17.26:888][455]LogPlayLevel: [PIE] Compiling WidgetBP_Anti-Aliasing before PIE...
[2015.04.28-13.17.26:965][455]LogPlayLevel: [PIE] Compiling WidgetBP_Effects before PIE...
[2015.04.28-13.17.27:040][455]LogPlayLevel: [PIE] Compiling WidgetBP_ScreenResolution before PIE...
[2015.04.28-13.17.27:111][455]LogPlayLevel: [PIE] Compiling WidgetBP_Shadows before PIE...
[2015.04.28-13.17.27:186][455]LogPlayLevel: [PIE] Compiling WidgetBP_Textures before PIE...
[2015.04.28-13.17.27:260][455]LogPlayLevel: [PIE] Compiling WidgetBP_MainMenuScreen before PIE...
[2015.04.28-13.17.27:328][455]LogPlayLevel: [PIE] Compiling WidgetBP_OptionsMenuScreen before PIE...
[2015.04.28-13.17.27:390][455]LogPlayLevel: [PIE] Compiling WidgetBP_InGameMenu before PIE...
[2015.04.28-13.17.27:455][455]LogPlayLevel: [PIE] Compiling BP_MyHUD before PIE...
[2015.04.28-13.17.27:605][455]LogPlayLevel: PIE:  Blueprint regeneration took 1331 ms (13 blueprints)
[2015.04.28-13.17.27:605][455]PIE: New page: PIE session: MainMenu_Map (Apr 29, 2015, 12:17:27 AM)
[2015.04.28-13.17.27:613][455]LogPlayLevel: PIE: StaticDuplicateObject took: (0.001877s)
[2015.04.28-13.17.27:614][455]LogPlayLevel: PIE: World Init took: (0.000479s)
[2015.04.28-13.17.27:614][455]LogPlayLevel: PIE: Created PIE world by copying editor world from /Game/Maps/MainMenu_Map.MainMenu_Map to /Game/Maps/UEDPIE_0_MainMenu_Map.MainMenu_Map (0.002526s)
[2015.04.28-13.17.27:648][455]LogWorld: Game class is 'BP_GameMode_C'
[2015.04.28-13.17.27:650][455]LogAIModule: Creating AISystem for world MainMenu_Map
[2015.04.28-13.17.27:651][455]LogWorld: Bringing World /Game/Maps/UEDPIE_0_MainMenu_Map.MainMenu_Map up for play (max tick rate 0) at 2015.04.28-18.47.27
[2015.04.28-13.17.27:652][455]LogWorld: Bringing up level for play took: 0.001607
[2015.04.28-13.17.27:652][455]LogGameMode: Warning - PATHS NOT DEFINED or NO PLAYERSTART with positive rating
[2015.04.28-13.17.27:653][455]Cmd: R.SetRes 1280x720
[2015.04.28-13.17.27:654][455]r.SetRes = "1280x720"
[2015.04.28-13.17.27:654][455]Cmd: r.PostProcessAAQuality 2
[2015.04.28-13.17.27:654][455]r.PostProcessAAQuality = "2"
[2015.04.28-13.17.27:654][455]Cmd: sg.EffectsQuality 1
[2015.04.28-13.17.27:654][455]LogConsoleManager:Warning: Console variable 'r.MaterialQualityLevel' wasn't set (Priority Console < Scalability)
[2015.04.28-13.17.27:654][455]sg.EffectsQuality = "1"
[2015.04.28-13.17.27:654][455]Cmd: sg.ShadowQuality 1
[2015.04.28-13.17.27:654][455]sg.ShadowQuality = "1"
[2015.04.28-13.17.27:654][455]Cmd: sg.TextureQuality 1
[2015.04.28-13.17.27:654][455]LogConsoleManager:Warning: Console variable 'r.Streaming.PoolSize' wasn't set (Priority Code < Scalability)
[2015.04.28-13.17.27:654][455]sg.TextureQuality = "1"
[2015.04.28-13.17.27:668][455]PIE: Info Play in editor start time for /Game/Maps/UEDPIE_0_MainMenu_Map 0.736
[2015.04.28-13.17.28:703][563]LogPackageName: SearchForPackageOnDisk took   0.094s to resolve PrototypeLevel_Map.umap
[2015.04.28-13.17.28:795][563]LogPackageName: SearchForPackageOnDisk took   0.092s to resolve PrototypeLevel_Map.umap
[2015.04.28-13.17.28:795][563]LogNet: Browse: /Game/Maps/PrototypeLevel_Map
[2015.04.28-13.17.28:796][563]LogLoad: LoadMap: /Game/Maps/PrototypeLevel_Map
[2015.04.28-13.17.28:818][563]LogParticles: Destroying 0 GPU particle simulations for FXSystem 0x000000000D5AFD80
[2015.04.28-13.17.28:818][563]Cmd: MEM
[2015.04.28-13.17.28:836][563]LogMemory: Platform Memory Stats for Windows
[2015.04.28-13.17.28:836][563]LogMemory: Process Physical Memory: 595.02 MB used, 595.02 MB peak
[2015.04.28-13.17.28:836][563]LogMemory: Process Virtual Memory: 498.73 MB used, 499.98 MB peak
[2015.04.28-13.17.28:836][563]LogMemory: Physical Memory: 3562.38 MB used, 8136.00 MB total
[2015.04.28-13.17.28:836][563]LogMemory: Virtual Memory: 1038.36 MB used, 8388608.00 MB total
[2015.04.28-13.17.28:836][563]LogMemory: 
[2015.04.28-13.17.28:836][563]Allocator Stats for TBB: (not implemented)
[2015.04.28-13.17.28:971][563]LogWorld: Game class is 'BP_GameMode_C'
[2015.04.28-13.17.28:973][563]LogAIModule: Creating AISystem for world PrototypeLevel_Map
[2015.04.28-13.17.28:974][563]LogWorld: Bringing World /Game/Maps/UEDPIE_0_PrototypeLevel_Map.PrototypeLevel_Map up for play (max tick rate 0) at 2015.04.28-18.47.28
[2015.04.28-13.17.28:975][563]LogWorld: Bringing up level for play took: 0.001251
[2015.04.28-13.17.28:975][563]LogGameMode: Warning - PATHS NOT DEFINED or NO PLAYERSTART with positive rating
[2015.04.28-13.17.31:592][876]Set new viewmode: Wireframe
[2015.04.28-13.17.31:840][899]LogParticles: Destroying 0 GPU particle simulations for FXSystem 0x000000000D5AF9C0
[2015.04.28-13.17.36:879][457]BlueprintLog: New page: Compile BP_MenuFlowGameInstance
[2015.04.28-13.17.37:103][457]BlueprintEditorCompileResults: Info [0403.70] Compile of BP_MenuFlowGameInstance successful! [in 224 ms]
[2015.04.28-13.17.37:629][517]BlueprintLog: New page: Pre-PIE auto-recompile
[2015.04.28-13.17.37:633][517]LogPlayLevel: [PIE] Compiling BP_MainMenuActor before PIE...
[2015.04.28-13.17.37:755][517]LogPlayLevel: [PIE] Compiling BP_MyController before PIE...
[2015.04.28-13.17.37:819][517]LogPlayLevel: [PIE] Compiling BP_InGameActor before PIE...
[2015.04.28-13.17.37:901][517]LogPlayLevel: [PIE] Compiling WidgetBP_VideoOptionScreen before PIE...
[2015.04.28-13.17.38:230][517]LogPlayLevel: [PIE] Compiling WidgetBP_Anti-Aliasing before PIE...
[2015.04.28-13.17.38:303][517]LogPlayLevel: [PIE] Compiling WidgetBP_Effects before PIE...
[2015.04.28-13.17.38:378][517]LogPlayLevel: [PIE] Compiling WidgetBP_ScreenResolution before PIE...
[2015.04.28-13.17.38:450][517]LogPlayLevel: [PIE] Compiling WidgetBP_Shadows before PIE...
[2015.04.28-13.17.38:524][517]LogPlayLevel: [PIE] Compiling WidgetBP_Textures before PIE...
[2015.04.28-13.17.38:599][517]LogPlayLevel: [PIE] Compiling WidgetBP_MainMenuScreen before PIE...
[2015.04.28-13.17.38:669][517]LogPlayLevel: [PIE] Compiling WidgetBP_OptionsMenuScreen before PIE...
[2015.04.28-13.17.38:730][517]LogPlayLevel: [PIE] Compiling WidgetBP_InGameMenu before PIE...
[2015.04.28-13.17.38:796][517]LogPlayLevel: [PIE] Compiling BP_MyHUD before PIE...
[2015.04.28-13.17.38:946][517]LogPlayLevel: PIE:  Blueprint regeneration took 1317 ms (13 blueprints)
[2015.04.28-13.17.38:947][517]PIE: New page: PIE session: MainMenu_Map (Apr 29, 2015, 12:17:38 AM)
[2015.04.28-13.17.38:954][517]LogPlayLevel: PIE: StaticDuplicateObject took: (0.001406s)
[2015.04.28-13.17.38:955][517]LogPlayLevel: PIE: World Init took: (0.000420s)
[2015.04.28-13.17.38:955][517]LogPlayLevel: PIE: Created PIE world by copying editor world from /Game/Maps/MainMenu_Map.MainMenu_Map to /Game/Maps/UEDPIE_0_MainMenu_Map.MainMenu_Map (0.001951s)
[2015.04.28-13.17.38:995][517]LogWorld: Game class is 'BP_GameMode_C'
[2015.04.28-13.17.38:997][517]LogAIModule: Creating AISystem for world MainMenu_Map
[2015.04.28-13.17.38:998][517]LogWorld: Bringing World /Game/Maps/UEDPIE_0_MainMenu_Map.MainMenu_Map up for play (max tick rate 0) at 2015.04.28-18.47.38
[2015.04.28-13.17.38:998][517]LogWorld: Bringing up level for play took: 0.001390
[2015.04.28-13.17.38:999][517]LogGameMode: Warning - PATHS NOT DEFINED or NO PLAYERSTART with positive rating
[2015.04.28-13.17.39:000][517]Cmd: R.SetRes 1280x720
[2015.04.28-13.17.39:000][517]r.SetRes = "1280x720"
[2015.04.28-13.17.39:000][517]Cmd: r.PostProcessAAQuality 2
[2015.04.28-13.17.39:000][517]r.PostProcessAAQuality = "2"
[2015.04.28-13.17.39:000][517]Cmd: sg.EffectsQuality 1
[2015.04.28-13.17.39:000][517]LogConsoleManager:Warning: Console variable 'r.MaterialQualityLevel' wasn't set (Priority Console < Scalability)
[2015.04.28-13.17.39:000][517]sg.EffectsQuality = "1"
[2015.04.28-13.17.39:000][517]Cmd: sg.ShadowQuality 1
[2015.04.28-13.17.39:000][517]sg.ShadowQuality = "1"
[2015.04.28-13.17.39:000][517]Cmd: sg.TextureQuality 1
[2015.04.28-13.17.39:000][517]LogConsoleManager:Warning: Console variable 'r.Streaming.PoolSize' wasn't set (Priority Code < Scalability)
[2015.04.28-13.17.39:000][517]sg.TextureQuality = "1"
[2015.04.28-13.17.39:015][517]PIE: Info Play in editor start time for /Game/Maps/UEDPIE_0_MainMenu_Map 2.082
[2015.04.28-13.18.10:895][318]LogPackageName: SearchForPackageOnDisk took   0.094s to resolve PrototypeLevel_Map.umap
[2015.04.28-13.18.10:995][319]LogPackageName: SearchForPackageOnDisk took   0.092s to resolve PrototypeLevel_Map.umap
[2015.04.28-13.18.10:995][319]LogNet: Browse: /Game/Maps/PrototypeLevel_Map
[2015.04.28-13.18.10:995][319]LogLoad: LoadMap: /Game/Maps/PrototypeLevel_Map
[2015.04.28-13.18.11:017][319]LogParticles: Destroying 0 GPU particle simulations for FXSystem 0x000000002B37B060
[2015.04.28-13.18.11:017][319]Cmd: MEM
[2015.04.28-13.18.11:035][319]LogMemory: Platform Memory Stats for Windows
[2015.04.28-13.18.11:036][319]LogMemory: Process Physical Memory: 597.17 MB used, 599.38 MB peak
[2015.04.28-13.18.11:036][319]LogMemory: Process Virtual Memory: 500.02 MB used, 504.80 MB peak
[2015.04.28-13.18.11:036][319]LogMemory: Physical Memory: 3574.92 MB used, 8136.00 MB total
[2015.04.28-13.18.11:036][319]LogMemory: Virtual Memory: 1044.42 MB used, 8388608.00 MB total
[2015.04.28-13.18.11:036][319]LogMemory: 
[2015.04.28-13.18.11:036][319]Allocator Stats for TBB: (not implemented)
[2015.04.28-13.18.11:170][319]LogWorld: Game class is 'BP_GameMode_C'
[2015.04.28-13.18.11:172][319]LogAIModule: Creating AISystem for world PrototypeLevel_Map
[2015.04.28-13.18.11:173][319]LogWorld: Bringing World /Game/Maps/UEDPIE_0_PrototypeLevel_Map.PrototypeLevel_Map up for play (max tick rate 0) at 2015.04.28-18.48.11
[2015.04.28-13.18.11:173][319]LogWorld: Bringing up level for play took: 0.001185
[2015.04.28-13.18.11:174][319]LogGameMode: Warning - PATHS NOT DEFINED or NO PLAYERSTART with positive rating
[2015.04.28-13.18.12:674][487]LogPackageName: SearchForPackageOnDisk took   0.091s to resolve MainMenu_Map.umap
[2015.04.28-13.18.12:764][487]LogPackageName: SearchForPackageOnDisk took   0.090s to resolve MainMenu_Map.umap
[2015.04.28-13.18.12:764][487]LogNet: Browse: /Game/Maps/MainMenu_Map
[2015.04.28-13.18.12:764][487]LogLoad: LoadMap: /Game/Maps/MainMenu_Map
[2015.04.28-13.18.12:786][487]LogParticles: Destroying 0 GPU particle simulations for FXSystem 0x000000002B37BF60
[2015.04.28-13.18.12:786][487]Cmd: MEM
[2015.04.28-13.18.12:804][487]LogMemory: Platform Memory Stats for Windows
[2015.04.28-13.18.12:804][487]LogMemory: Process Physical Memory: 595.92 MB used, 599.38 MB peak
[2015.04.28-13.18.12:804][487]LogMemory: Process Virtual Memory: 498.77 MB used, 504.80 MB peak
[2015.04.28-13.18.12:804][487]LogMemory: Physical Memory: 3575.65 MB used, 8136.00 MB total
[2015.04.28-13.18.12:804][487]LogMemory: Virtual Memory: 1043.17 MB used, 8388608.00 MB total
[2015.04.28-13.18.12:804][487]LogMemory: 
[2015.04.28-13.18.12:804][487]Allocator Stats for TBB: (not implemented)
[2015.04.28-13.18.12:806][487]LogPlayLevel: PIE: StaticDuplicateObject took: (0.001376s)
[2015.04.28-13.18.12:806][487]LogPlayLevel: PIE: World Init took: (0.000412s)
[2015.04.28-13.18.12:806][487]LogPlayLevel: PIE: Created PIE world by copying editor world from /Game/Maps/MainMenu_Map.MainMenu_Map to /Game/Maps/UEDPIE_0_MainMenu_Map.MainMenu_Map (0.001915s)
[2015.04.28-13.18.12:807][487]LogWorld: Game class is 'BP_GameMode_C'
[2015.04.28-13.18.12:809][487]LogAIModule: Creating AISystem for world MainMenu_Map
[2015.04.28-13.18.12:811][487]LogWorld: Bringing World /Game/Maps/UEDPIE_0_MainMenu_Map.MainMenu_Map up for play (max tick rate 0) at 2015.04.28-18.48.12
[2015.04.28-13.18.12:811][487]LogWorld: Bringing up level for play took: 0.001408
[2015.04.28-13.18.12:812][487]LogGameMode: Warning - PATHS NOT DEFINED or NO PLAYERSTART with positive rating
[2015.04.28-13.18.15:060][750]LogParticles: Destroying 0 GPU particle simulations for FXSystem 0x0000000028818FE0
[2015.04.28-13.18.24:837][860]BlueprintLog: New page: Compile BP_MenuFlowGameInstance
[2015.04.28-13.18.25:061][860]BlueprintEditorCompileResults: Info [0451.65] Compile of BP_MenuFlowGameInstance successful! [in 223 ms]
[2015.04.28-13.18.25:514][911]BlueprintLog: New page: Pre-PIE auto-recompile
[2015.04.28-13.18.25:518][911]LogPlayLevel: [PIE] Compiling BP_MainMenuActor before PIE...
[2015.04.28-13.18.25:642][911]LogPlayLevel: [PIE] Compiling BP_MyController before PIE...
[2015.04.28-13.18.25:707][911]LogPlayLevel: [PIE] Compiling BP_InGameActor before PIE...
[2015.04.28-13.18.25:788][911]LogPlayLevel: [PIE] Compiling WidgetBP_VideoOptionScreen before PIE...
[2015.04.28-13.18.26:121][911]LogPlayLevel: [PIE] Compiling WidgetBP_Anti-Aliasing before PIE...
[2015.04.28-13.18.26:196][911]LogPlayLevel: [PIE] Compiling WidgetBP_Effects before PIE...
[2015.04.28-13.18.26:270][911]LogPlayLevel: [PIE] Compiling WidgetBP_ScreenResolution before PIE...
[2015.04.28-13.18.26:342][911]LogPlayLevel: [PIE] Compiling WidgetBP_Shadows before PIE...
[2015.04.28-13.18.26:415][911]LogPlayLevel: [PIE] Compiling WidgetBP_Textures before PIE...
[2015.04.28-13.18.26:488][911]LogPlayLevel: [PIE] Compiling WidgetBP_MainMenuScreen before PIE...
[2015.04.28-13.18.26:555][911]LogPlayLevel: [PIE] Compiling WidgetBP_OptionsMenuScreen before PIE...
[2015.04.28-13.18.26:615][911]LogPlayLevel: [PIE] Compiling WidgetBP_InGameMenu before PIE...
[2015.04.28-13.18.26:681][911]LogPlayLevel: [PIE] Compiling BP_MyHUD before PIE...
[2015.04.28-13.18.26:830][911]LogPlayLevel: PIE:  Blueprint regeneration took 1316 ms (13 blueprints)
[2015.04.28-13.18.26:830][911]PIE: New page: PIE session: MainMenu_Map (Apr 29, 2015, 12:18:26 AM)
[2015.04.28-13.18.26:839][911]LogPlayLevel: PIE: StaticDuplicateObject took: (0.001742s)
[2015.04.28-13.18.26:839][911]LogPlayLevel: PIE: World Init took: (0.000404s)
[2015.04.28-13.18.26:839][911]LogPlayLevel: PIE: Created PIE world by copying editor world from /Game/Maps/MainMenu_Map.MainMenu_Map to /Game/Maps/UEDPIE_0_MainMenu_Map.MainMenu_Map (0.002281s)
[2015.04.28-13.18.26:873][911]LogWorld: Game class is 'BP_GameMode_C'
[2015.04.28-13.18.26:875][911]LogAIModule: Creating AISystem for world MainMenu_Map
[2015.04.28-13.18.26:876][911]LogWorld: Bringing World /Game/Maps/UEDPIE_0_MainMenu_Map.MainMenu_Map up for play (max tick rate 0) at 2015.04.28-18.48.26
[2015.04.28-13.18.26:877][911]LogWorld: Bringing up level for play took: 0.001440
[2015.04.28-13.18.26:877][911]LogGameMode: Warning - PATHS NOT DEFINED or NO PLAYERSTART with positive rating
[2015.04.28-13.18.26:878][911]Cmd: R.SetRes 1280x720
[2015.04.28-13.18.26:879][911]r.SetRes = "1280x720"
[2015.04.28-13.18.26:879][911]Cmd: r.PostProcessAAQuality 2
[2015.04.28-13.18.26:879][911]r.PostProcessAAQuality = "2"
[2015.04.28-13.18.26:879][911]Cmd: sg.EffectsQuality 1
[2015.04.28-13.18.26:879][911]LogConsoleManager:Warning: Console variable 'r.MaterialQualityLevel' wasn't set (Priority Console < Scalability)
[2015.04.28-13.18.26:879][911]sg.EffectsQuality = "1"
[2015.04.28-13.18.26:879][911]Cmd: sg.ShadowQuality 1
[2015.04.28-13.18.26:879][911]sg.ShadowQuality = "1"
[2015.04.28-13.18.26:879][911]Cmd: sg.TextureQuality 1
[2015.04.28-13.18.26:879][911]LogConsoleManager:Warning: Console variable 'r.Streaming.PoolSize' wasn't set (Priority Code < Scalability)
[2015.04.28-13.18.26:879][911]sg.TextureQuality = "1"
[2015.04.28-13.18.26:893][911]PIE: Info Play in editor start time for /Game/Maps/UEDPIE_0_MainMenu_Map 1.958
[2015.04.28-13.18.28:388][ 68]LogPackageName: SearchForPackageOnDisk took   0.092s to resolve PrototypeLevel_Map.umap
[2015.04.28-13.18.28:487][ 69]LogPackageName: SearchForPackageOnDisk took   0.091s to resolve PrototypeLevel_Map.umap
[2015.04.28-13.18.28:487][ 69]LogNet: Browse: /Game/Maps/PrototypeLevel_Map
[2015.04.28-13.18.28:487][ 69]LogLoad: LoadMap: /Game/Maps/PrototypeLevel_Map
[2015.04.28-13.18.28:510][ 69]LogParticles: Destroying 0 GPU particle simulations for FXSystem 0x00000000298EF060
[2015.04.28-13.18.28:510][ 69]Cmd: MEM
[2015.04.28-13.18.28:529][ 69]LogMemory: Platform Memory Stats for Windows
[2015.04.28-13.18.28:529][ 69]LogMemory: Process Physical Memory: 612.85 MB used, 612.85 MB peak
[2015.04.28-13.18.28:529][ 69]LogMemory: Process Virtual Memory: 514.87 MB used, 514.87 MB peak
[2015.04.28-13.18.28:529][ 69]LogMemory: Physical Memory: 3593.22 MB used, 8136.00 MB total
[2015.04.28-13.18.28:529][ 69]LogMemory: Virtual Memory: 1059.23 MB used, 8388608.00 MB total
[2015.04.28-13.18.28:529][ 69]LogMemory: 
[2015.04.28-13.18.28:529][ 69]Allocator Stats for TBB: (not implemented)
[2015.04.28-13.18.28:665][ 69]LogWorld: Game class is 'BP_GameMode_C'
[2015.04.28-13.18.28:667][ 69]LogAIModule: Creating AISystem for world PrototypeLevel_Map
[2015.04.28-13.18.28:668][ 69]LogWorld: Bringing World /Game/Maps/UEDPIE_0_PrototypeLevel_Map.PrototypeLevel_Map up for play (max tick rate 0) at 2015.04.28-18.48.28
[2015.04.28-13.18.28:669][ 69]LogWorld: Bringing up level for play took: 0.001279
[2015.04.28-13.18.28:669][ 69]LogGameMode: Warning - PATHS NOT DEFINED or NO PLAYERSTART with positive rating
[2015.04.28-13.18.29:775][190]LogPackageName: SearchForPackageOnDisk took   0.091s to resolve MainMenu_Map.umap
[2015.04.28-13.18.29:867][190]LogPackageName: SearchForPackageOnDisk took   0.092s to resolve MainMenu_Map.umap
[2015.04.28-13.18.29:867][190]LogNet: Browse: /Game/Maps/MainMenu_Map
[2015.04.28-13.18.29:867][190]LogLoad: LoadMap: /Game/Maps/MainMenu_Map
[2015.04.28-13.18.29:889][190]LogParticles: Destroying 0 GPU particle simulations for FXSystem 0x00000000298EE840
[2015.04.28-13.18.29:889][190]Cmd: MEM
[2015.04.28-13.18.29:909][190]LogMemory: Platform Memory Stats for Windows
[2015.04.28-13.18.29:909][190]LogMemory: Process Physical Memory: 611.60 MB used, 614.63 MB peak
[2015.04.28-13.18.29:909][190]LogMemory: Process Virtual Memory: 513.62 MB used, 519.73 MB peak
[2015.04.28-13.18.29:909][190]LogMemory: Physical Memory: 3592.07 MB used, 8136.00 MB total
[2015.04.28-13.18.29:909][190]LogMemory: Virtual Memory: 1057.98 MB used, 8388608.00 MB total
[2015.04.28-13.18.29:909][190]LogMemory: 
[2015.04.28-13.18.29:909][190]Allocator Stats for TBB: (not implemented)
[2015.04.28-13.18.29:910][190]LogPlayLevel: PIE: StaticDuplicateObject took: (0.001370s)
[2015.04.28-13.18.29:911][190]LogPlayLevel: PIE: World Init took: (0.000435s)
[2015.04.28-13.18.29:911][190]LogPlayLevel: PIE: Created PIE world by copying editor world from /Game/Maps/MainMenu_Map.MainMenu_Map to /Game/Maps/UEDPIE_0_MainMenu_Map.MainMenu_Map (0.001935s)
[2015.04.28-13.18.29:912][190]LogWorld: Game class is 'BP_GameMode_C'
[2015.04.28-13.18.29:914][190]LogAIModule: Creating AISystem for world MainMenu_Map
[2015.04.28-13.18.29:915][190]LogWorld: Bringing World /Game/Maps/UEDPIE_0_MainMenu_Map.MainMenu_Map up for play (max tick rate 0) at 2015.04.28-18.48.29
[2015.04.28-13.18.29:916][190]LogWorld: Bringing up level for play took: 0.001494
[2015.04.28-13.18.29:916][190]LogGameMode: Warning - PATHS NOT DEFINED or NO PLAYERSTART with positive rating
[2015.04.28-13.18.31:637][389]LogParticles: Destroying 0 GPU particle simulations for FXSystem 0x00000000298ED260
[2015.04.28-13.18.37:125][ 24]BlueprintLog: New page: Compile BP_MenuFlowGameInstance
[2015.04.28-13.18.37:349][ 24]BlueprintEditorCompileResults: Info [0463.94] Compile of BP_MenuFlowGameInstance successful! [in 224 ms]
[2015.04.28-13.18.37:785][ 73]BlueprintLog: New page: Pre-PIE auto-recompile
[2015.04.28-13.18.37:788][ 73]LogPlayLevel: [PIE] Compiling BP_MainMenuActor before PIE...
[2015.04.28-13.18.37:912][ 73]LogPlayLevel: [PIE] Compiling BP_MyController before PIE...
[2015.04.28-13.18.37:976][ 73]LogPlayLevel: [PIE] Compiling BP_InGameActor before PIE...
[2015.04.28-13.18.38:057][ 73]LogPlayLevel: [PIE] Compiling WidgetBP_VideoOptionScreen before PIE...
[2015.04.28-13.18.38:385][ 73]LogPlayLevel: [PIE] Compiling WidgetBP_Anti-Aliasing before PIE...
[2015.04.28-13.18.38:459][ 73]LogPlayLevel: [PIE] Compiling WidgetBP_Effects before PIE...
[2015.04.28-13.18.38:532][ 73]LogPlayLevel: [PIE] Compiling WidgetBP_ScreenResolution before PIE...
[2015.04.28-13.18.38:602][ 73]LogPlayLevel: [PIE] Compiling WidgetBP_Shadows before PIE...
[2015.04.28-13.18.38:675][ 73]LogPlayLevel: [PIE] Compiling WidgetBP_Textures before PIE...
[2015.04.28-13.18.38:748][ 73]LogPlayLevel: [PIE] Compiling WidgetBP_MainMenuScreen before PIE...
[2015.04.28-13.18.38:815][ 73]LogPlayLevel: [PIE] Compiling WidgetBP_OptionsMenuScreen before PIE...
[2015.04.28-13.18.38:876][ 73]LogPlayLevel: [PIE] Compiling WidgetBP_InGameMenu before PIE...
[2015.04.28-13.18.38:941][ 73]LogPlayLevel: [PIE] Compiling BP_MyHUD before PIE...
[2015.04.28-13.18.39:087][ 73]LogPlayLevel: PIE:  Blueprint regeneration took 1301 ms (13 blueprints)
[2015.04.28-13.18.39:087][ 73]PIE: New page: PIE session: MainMenu_Map (Apr 29, 2015, 12:18:39 AM)
[2015.04.28-13.18.39:094][ 73]LogPlayLevel: PIE: StaticDuplicateObject took: (0.001222s)
[2015.04.28-13.18.39:095][ 73]LogPlayLevel: PIE: World Init took: (0.000441s)
[2015.04.28-13.18.39:095][ 73]LogPlayLevel: PIE: Created PIE world by copying editor world from /Game/Maps/MainMenu_Map.MainMenu_Map to /Game/Maps/UEDPIE_0_MainMenu_Map.MainMenu_Map (0.001807s)
[2015.04.28-13.18.39:132][ 73]LogWorld: Game class is 'BP_GameMode_C'
[2015.04.28-13.18.39:134][ 73]LogAIModule: Creating AISystem for world MainMenu_Map
[2015.04.28-13.18.39:135][ 73]LogWorld: Bringing World /Game/Maps/UEDPIE_0_MainMenu_Map.MainMenu_Map up for play (max tick rate 0) at 2015.04.28-18.48.39
[2015.04.28-13.18.39:136][ 73]LogWorld: Bringing up level for play took: 0.001510
[2015.04.28-13.18.39:136][ 73]LogGameMode: Warning - PATHS NOT DEFINED or NO PLAYERSTART with positive rating
[2015.04.28-13.18.39:137][ 73]Cmd: R.SetRes 1280x720
[2015.04.28-13.18.39:137][ 73]r.SetRes = "1280x720"
[2015.04.28-13.18.39:137][ 73]Cmd: r.PostProcessAAQuality 2
[2015.04.28-13.18.39:137][ 73]r.PostProcessAAQuality = "2"
[2015.04.28-13.18.39:138][ 73]Cmd: sg.EffectsQuality 1
[2015.04.28-13.18.39:138][ 73]LogConsoleManager:Warning: Console variable 'r.MaterialQualityLevel' wasn't set (Priority Console < Scalability)
[2015.04.28-13.18.39:138][ 73]sg.EffectsQuality = "1"
[2015.04.28-13.18.39:138][ 73]Cmd: sg.ShadowQuality 1
[2015.04.28-13.18.39:138][ 73]sg.ShadowQuality = "1"
[2015.04.28-13.18.39:138][ 73]Cmd: sg.TextureQuality 1
[2015.04.28-13.18.39:138][ 73]LogConsoleManager:Warning: Console variable 'r.Streaming.PoolSize' wasn't set (Priority Code < Scalability)
[2015.04.28-13.18.39:138][ 73]sg.TextureQuality = "1"
[2015.04.28-13.18.39:152][ 73]PIE: Info Play in editor start time for /Game/Maps/UEDPIE_0_MainMenu_Map 2.218
[2015.04.28-13.18.40:516][219]LogPackageName: SearchForPackageOnDisk took   0.099s to resolve PrototypeLevel_Map.umap
[2015.04.28-13.18.40:616][220]LogPackageName: SearchForPackageOnDisk took   0.092s to resolve PrototypeLevel_Map.umap
[2015.04.28-13.18.40:616][220]LogNet: Browse: /Game/Maps/PrototypeLevel_Map
[2015.04.28-13.18.40:616][220]LogLoad: LoadMap: /Game/Maps/PrototypeLevel_Map
[2015.04.28-13.18.40:637][220]LogParticles: Destroying 0 GPU particle simulations for FXSystem 0x0000000028819D00
[2015.04.28-13.18.40:637][220]Cmd: MEM
[2015.04.28-13.18.40:655][220]LogMemory: Platform Memory Stats for Windows
[2015.04.28-13.18.40:655][220]LogMemory: Process Physical Memory: 612.66 MB used, 614.63 MB peak
[2015.04.28-13.18.40:655][220]LogMemory: Process Virtual Memory: 515.07 MB used, 519.73 MB peak
[2015.04.28-13.18.40:655][220]LogMemory: Physical Memory: 3589.02 MB used, 8136.00 MB total
[2015.04.28-13.18.40:655][220]LogMemory: Virtual Memory: 1059.42 MB used, 8388608.00 MB total
[2015.04.28-13.18.40:655][220]LogMemory: 
[2015.04.28-13.18.40:655][220]Allocator Stats for TBB: (not implemented)
[2015.04.28-13.18.40:789][220]LogWorld: Game class is 'BP_GameMode_C'
[2015.04.28-13.18.40:791][220]LogAIModule: Creating AISystem for world PrototypeLevel_Map
[2015.04.28-13.18.40:792][220]LogWorld: Bringing World /Game/Maps/UEDPIE_0_PrototypeLevel_Map.PrototypeLevel_Map up for play (max tick rate 0) at 2015.04.28-18.48.40
[2015.04.28-13.18.40:793][220]LogWorld: Bringing up level for play took: 0.001239
[2015.04.28-13.18.40:793][220]LogGameMode: Warning - PATHS NOT DEFINED or NO PLAYERSTART with positive rating
[2015.04.28-13.18.49:913][307]LogParticles: Destroying 0 GPU particle simulations for FXSystem 0x00000000202FFCE0
[2015.04.28-13.24.26:126][987]BlueprintLog: New page: Compile BP_MenuFlowGameInstance
[2015.04.28-13.24.26:350][987]BlueprintEditorCompileResults: Info [0812.93] Compile of BP_MenuFlowGameInstance successful! [in 224 ms]
[2015.04.28-13.24.26:664][ 16]Cmd: OBJ SAVEPACKAGE PACKAGE="/Game/Blueprints/BP_MenuFlowGameInstance" FILE="D:/GitHub Repositories/UMGMenuSystem/Content/Blueprints/BP_MenuFlowGameInstance.uasset" SILENT=true
[2015.04.28-13.24.26:857][ 16]LogSavePackage: Save=165.387634ms
[2015.04.28-13.24.26:857][ 16]LogSavePackage: Moving 'D:/GitHub Repositories/UMGMenuSystem/Saved/BP_MenuFlowGameInstance09ED8A26408397458FCC58979E762534.tmp' to 'D:/GitHub Repositories/UMGMenuSystem/Content/Blueprints/BP_MenuFlowGameInstance.uasset'
[2015.04.28-13.24.27:144][ 48]BlueprintLog: New page: Pre-PIE auto-recompile
[2015.04.28-13.24.27:147][ 48]LogPlayLevel: [PIE] Compiling BP_MainMenuActor before PIE...
[2015.04.28-13.24.27:271][ 48]LogPlayLevel: [PIE] Compiling BP_MyController before PIE...
[2015.04.28-13.24.27:338][ 48]LogPlayLevel: [PIE] Compiling BP_InGameActor before PIE...
[2015.04.28-13.24.27:422][ 48]LogPlayLevel: [PIE] Compiling WidgetBP_VideoOptionScreen before PIE...
[2015.04.28-13.24.27:761][ 48]LogPlayLevel: [PIE] Compiling WidgetBP_Anti-Aliasing before PIE...
[2015.04.28-13.24.27:835][ 48]LogPlayLevel: [PIE] Compiling WidgetBP_Effects before PIE...
[2015.04.28-13.24.27:912][ 48]LogPlayLevel: [PIE] Compiling WidgetBP_ScreenResolution before PIE...
[2015.04.28-13.24.27:983][ 48]LogPlayLevel: [PIE] Compiling WidgetBP_Shadows before PIE...
[2015.04.28-13.24.28:059][ 48]LogPlayLevel: [PIE] Compiling WidgetBP_Textures before PIE...
[2015.04.28-13.24.28:133][ 48]LogPlayLevel: [PIE] Compiling WidgetBP_MainMenuScreen before PIE...
[2015.04.28-13.24.28:200][ 48]LogPlayLevel: [PIE] Compiling WidgetBP_OptionsMenuScreen before PIE...
[2015.04.28-13.24.28:263][ 48]LogPlayLevel: [PIE] Compiling WidgetBP_InGameMenu before PIE...
[2015.04.28-13.24.28:327][ 48]LogPlayLevel: [PIE] Compiling BP_MyHUD before PIE...
[2015.04.28-13.24.28:475][ 48]LogPlayLevel: PIE:  Blueprint regeneration took 1330 ms (13 blueprints)
[2015.04.28-13.24.28:475][ 48]PIE: New page: PIE session: MainMenu_Map (Apr 29, 2015, 12:24:28 AM)
[2015.04.28-13.24.28:483][ 48]LogPlayLevel: PIE: StaticDuplicateObject took: (0.001692s)
[2015.04.28-13.24.28:483][ 48]LogPlayLevel: PIE: World Init took: (0.000465s)
[2015.04.28-13.24.28:483][ 48]LogPlayLevel: PIE: Created PIE world by copying editor world from /Game/Maps/MainMenu_Map.MainMenu_Map to /Game/Maps/UEDPIE_0_MainMenu_Map.MainMenu_Map (0.002290s)
[2015.04.28-13.24.28:516][ 48]LogWorld: Game class is 'BP_GameMode_C'
[2015.04.28-13.24.28:518][ 48]LogAIModule: Creating AISystem for world MainMenu_Map
[2015.04.28-13.24.28:520][ 48]LogWorld: Bringing World /Game/Maps/UEDPIE_0_MainMenu_Map.MainMenu_Map up for play (max tick rate 0) at 2015.04.28-18.54.28
[2015.04.28-13.24.28:520][ 48]LogWorld: Bringing up level for play took: 0.001404
[2015.04.28-13.24.28:521][ 48]LogGameMode: Warning - PATHS NOT DEFINED or NO PLAYERSTART with positive rating
[2015.04.28-13.24.28:522][ 48]Cmd: R.SetRes 1280x720
[2015.04.28-13.24.28:522][ 48]r.SetRes = "1280x720"
[2015.04.28-13.24.28:522][ 48]Cmd: r.PostProcessAAQuality 2
[2015.04.28-13.24.28:522][ 48]r.PostProcessAAQuality = "2"
[2015.04.28-13.24.28:522][ 48]Cmd: sg.EffectsQuality 1
[2015.04.28-13.24.28:522][ 48]LogConsoleManager:Warning: Console variable 'r.MaterialQualityLevel' wasn't set (Priority Console < Scalability)
[2015.04.28-13.24.28:522][ 48]sg.EffectsQuality = "1"
[2015.04.28-13.24.28:522][ 48]Cmd: sg.ShadowQuality 1
[2015.04.28-13.24.28:522][ 48]sg.ShadowQuality = "1"
[2015.04.28-13.24.28:522][ 48]Cmd: sg.TextureQuality 1
[2015.04.28-13.24.28:522][ 48]LogConsoleManager:Warning: Console variable 'r.Streaming.PoolSize' wasn't set (Priority Code < Scalability)
[2015.04.28-13.24.28:522][ 48]sg.TextureQuality = "1"
[2015.04.28-13.24.28:534][ 48]PIE: Info Play in editor start time for /Game/Maps/UEDPIE_0_MainMenu_Map 1.591
[2015.04.28-13.24.29:791][178]LogPackageName: SearchForPackageOnDisk took   0.100s to resolve PrototypeLevel_Map.umap
[2015.04.28-13.24.29:888][179]LogPackageName: SearchForPackageOnDisk took   0.091s to resolve PrototypeLevel_Map.umap
[2015.04.28-13.24.29:888][179]LogNet: Browse: /Game/Maps/PrototypeLevel_Map
[2015.04.28-13.24.29:888][179]LogLoad: LoadMap: /Game/Maps/PrototypeLevel_Map
[2015.04.28-13.24.29:910][179]LogParticles: Destroying 0 GPU particle simulations for FXSystem 0x000000000D0998A0
[2015.04.28-13.24.29:910][179]Cmd: MEM
[2015.04.28-13.24.29:930][179]LogMemory: Platform Memory Stats for Windows
[2015.04.28-13.24.29:930][179]LogMemory: Process Physical Memory: 618.63 MB used, 618.63 MB peak
[2015.04.28-13.24.29:930][179]LogMemory: Process Virtual Memory: 523.09 MB used, 523.09 MB peak
[2015.04.28-13.24.29:930][179]LogMemory: Physical Memory: 3641.39 MB used, 8136.00 MB total
[2015.04.28-13.24.29:930][179]LogMemory: Virtual Memory: 1053.11 MB used, 8388608.00 MB total
[2015.04.28-13.24.29:930][179]LogMemory: 
[2015.04.28-13.24.29:930][179]Allocator Stats for TBB: (not implemented)
[2015.04.28-13.24.30:071][179]LogWorld: Game class is 'BP_GameMode_C'
[2015.04.28-13.24.30:073][179]LogAIModule: Creating AISystem for world PrototypeLevel_Map
[2015.04.28-13.24.30:074][179]LogWorld: Bringing World /Game/Maps/UEDPIE_0_PrototypeLevel_Map.PrototypeLevel_Map up for play (max tick rate 0) at 2015.04.28-18.54.30
[2015.04.28-13.24.30:074][179]LogWorld: Bringing up level for play took: 0.001218
[2015.04.28-13.24.30:075][179]LogGameMode: Warning - PATHS NOT DEFINED or NO PLAYERSTART with positive rating
[2015.04.28-13.24.32:038][403]LogPackageName: SearchForPackageOnDisk took   0.091s to resolve MainMenu_Map.umap
[2015.04.28-13.24.32:129][403]LogPackageName: SearchForPackageOnDisk took   0.091s to resolve MainMenu_Map.umap
[2015.04.28-13.24.32:129][403]LogNet: Browse: /Game/Maps/MainMenu_Map
[2015.04.28-13.24.32:129][403]LogLoad: LoadMap: /Game/Maps/MainMenu_Map
[2015.04.28-13.24.32:150][403]LogParticles: Destroying 0 GPU particle simulations for FXSystem 0x00000000202E8A40
[2015.04.28-13.24.32:150][403]Cmd: MEM
[2015.04.28-13.24.32:168][403]LogMemory: Platform Memory Stats for Windows
[2015.04.28-13.24.32:168][403]LogMemory: Process Physical Memory: 620.61 MB used, 622.63 MB peak
[2015.04.28-13.24.32:168][403]LogMemory: Process Virtual Memory: 523.09 MB used, 525.13 MB peak
[2015.04.28-13.24.32:168][403]LogMemory: Physical Memory: 3645.68 MB used, 8136.00 MB total
[2015.04.28-13.24.32:168][403]LogMemory: Virtual Memory: 1053.11 MB used, 8388608.00 MB total
[2015.04.28-13.24.32:168][403]LogMemory: 
[2015.04.28-13.24.32:168][403]Allocator Stats for TBB: (not implemented)
[2015.04.28-13.24.32:170][403]LogPlayLevel: PIE: StaticDuplicateObject took: (0.001359s)
[2015.04.28-13.24.32:170][403]LogPlayLevel: PIE: World Init took: (0.000403s)
[2015.04.28-13.24.32:170][403]LogPlayLevel: PIE: Created PIE world by copying editor world from /Game/Maps/MainMenu_Map.MainMenu_Map to /Game/Maps/UEDPIE_0_MainMenu_Map.MainMenu_Map (0.001896s)
[2015.04.28-13.24.32:171][403]LogWorld: Game class is 'BP_GameMode_C'
[2015.04.28-13.24.32:173][403]LogAIModule: Creating AISystem for world MainMenu_Map
[2015.04.28-13.24.32:175][403]LogWorld: Bringing World /Game/Maps/UEDPIE_0_MainMenu_Map.MainMenu_Map up for play (max tick rate 0) at 2015.04.28-18.54.32
[2015.04.28-13.24.32:175][403]LogWorld: Bringing up level for play took: 0.001488
[2015.04.28-13.24.32:175][403]LogGameMode: Warning - PATHS NOT DEFINED or NO PLAYERSTART with positive rating
[2015.04.28-13.24.36:249][884]LogParticles: Destroying 0 GPU particle simulations for FXSystem 0x00000000202FD800
[2015.04.28-13.24.41:727][534]BlueprintLog: New page: Compile BP_MenuFlowGameInstance
[2015.04.28-13.24.41:945][534]BlueprintEditorCompileResults: Info [0828.53] Compile of BP_MenuFlowGameInstance successful! [in 217 ms]
[2015.04.28-13.24.42:421][584]Cmd: OBJ SAVEPACKAGE PACKAGE="/Game/Blueprints/BP_MenuFlowGameInstance" FILE="D:/GitHub Repositories/UMGMenuSystem/Content/Blueprints/BP_MenuFlowGameInstance.uasset" SILENT=true
[2015.04.28-13.24.42:492][584]LogSavePackage: Save=62.839954ms
[2015.04.28-13.24.42:492][584]LogSavePackage: Moving 'D:/GitHub Repositories/UMGMenuSystem/Saved/BP_MenuFlowGameInstance13C826EF486770DE6B732D8AB2666D10.tmp' to 'D:/GitHub Repositories/UMGMenuSystem/Content/Blueprints/BP_MenuFlowGameInstance.uasset'
[2015.04.28-13.24.48:650][292]LogParticles: Destroying 0 GPU particle simulations for FXSystem 0x000000002643DD00
[2015.04.28-13.24.48:853][292]Cmd: OBJ SAVEPACKAGE PACKAGE="/Game/Maps/MainMenu_Map" FILE="D:/GitHub Repositories/UMGMenuSystem/Content/Maps/MainMenu_Map.umap" SILENT=true AUTOSAVING=false KEEPDIRTY=false
[2015.04.28-13.24.48:933][292]LogSavePackage: Save=51.292171ms
[2015.04.28-13.24.48:933][292]LogSavePackage: Moving 'D:/GitHub Repositories/UMGMenuSystem/Saved/MainMenu_Map165A57504897C03CE7B621A7ADB1871C.tmp' to 'D:/GitHub Repositories/UMGMenuSystem/Content/Maps/MainMenu_Map.umap'
[2015.04.28-13.24.48:949][292]LogFileHelpers: Saving map 'MainMenu_Map' took 0.262
[2015.04.28-13.24.51:317][508]Cmd: QUIT_EDITOR
[2015.04.28-13.24.51:812][508]LogExit: Preparing to exit.
[2015.04.28-13.24.52:605][508]LogExit: Editor shut down
[2015.04.28-13.24.52:605][508]LogExit: Transaction tracking system shut down
[2015.04.28-13.24.52:608][508]LogParticles: Destroying 0 GPU particle simulations for FXSystem 0x00000000191591C0
[2015.04.28-13.24.52:608][508]LogParticles: Destroying 0 GPU particle simulations for FXSystem 0x000000001CDF5800
[2015.04.28-13.24.52:608][508]LogParticles: Destroying 0 GPU particle simulations for FXSystem 0x000000000CD88A40
[2015.04.28-13.24.52:677][508]LogExit: Object subsystem successfully closed.
[2015.04.28-13.24.52:737][508]LogModuleManager: Shutting down and abandoning module CrashTracker (177)
[2015.04.28-13.24.52:737][508]LogModuleManager: Shutting down and abandoning module SuperSearch (176)
[2015.04.28-13.24.52:737][508]LogModuleManager: Shutting down and abandoning module SceneOutliner (175)
[2015.04.28-13.24.52:737][508]LogModuleManager: Shutting down and abandoning module EditorWidgets (174)
[2015.04.28-13.24.52:737][508]LogModuleManager: Shutting down and abandoning module CollectionManager (173)
[2015.04.28-13.24.52:738][508]LogModuleManager: Shutting down and abandoning module StatsViewer (172)
[2015.04.28-13.24.52:738][508]LogModuleManager: Shutting down and abandoning module FoliageEdit (171)
[2015.04.28-13.24.52:738][508]LogModuleManager: Shutting down and abandoning module LandscapeEditor (170)
[2015.04.28-13.24.52:738][508]LogModuleManager: Shutting down and abandoning module MeshPaint (169)
[2015.04.28-13.24.52:738][508]LogModuleManager: Shutting down and abandoning module ActorPickerMode (168)
[2015.04.28-13.24.52:738][508]LogModuleManager: Shutting down and abandoning module GeometryMode (167)
[2015.04.28-13.24.52:738][508]LogModuleManager: Shutting down and abandoning module TextureAlignMode (166)
[2015.04.28-13.24.52:738][508]LogModuleManager: Shutting down and abandoning module BspMode (165)
[2015.04.28-13.24.52:738][508]LogModuleManager: Shutting down and abandoning module PlacementMode (164)
[2015.04.28-13.24.52:738][508]LogModuleManager: Shutting down and abandoning module AutomationWorker (163)
[2015.04.28-13.24.52:738][508]LogModuleManager: Shutting down and abandoning module CharacterAI (162)
[2015.04.28-13.24.52:738][508]LogModuleManager: Shutting down and abandoning module SmartSnapping (161)
[2015.04.28-13.24.52:738][508]LogModuleManager: Shutting down and abandoning module ViewportSnapping (160)
[2015.04.28-13.24.52:738][508]LogModuleManager: Shutting down and abandoning module LogVisualizer (159)
[2015.04.28-13.24.52:738][508]LogModuleManager: Shutting down and abandoning module GameProjectGeneration (158)
[2015.04.28-13.24.52:738][508]LogModuleManager: Shutting down and abandoning module IntroTutorials (157)
[2015.04.28-13.24.52:738][508]LogModuleManager: Shutting down and abandoning module EditorLiveStreaming (156)
[2015.04.28-13.24.52:738][508]LogModuleManager: Shutting down and abandoning module HardwareTargeting (155)
[2015.04.28-13.24.52:738][508]LogModuleManager: Shutting down and abandoning module DeviceProfileEditor (154)
[2015.04.28-13.24.52:738][508]LogModuleManager: Shutting down and abandoning module UndoHistory (153)
[2015.04.28-13.24.52:738][508]LogModuleManager: Shutting down and abandoning module GameplayTagsEditor (152)
[2015.04.28-13.24.52:738][508]LogModuleManager: Shutting down and abandoning module UserFeedback (151)
[2015.04.28-13.24.52:738][508]LogModuleManager: Shutting down and abandoning module XmlParser (150)
[2015.04.28-13.24.52:738][508]LogModuleManager: Shutting down and abandoning module Blutility (149)
[2015.04.28-13.24.52:738][508]LogModuleManager: Shutting down and abandoning module IOSPlatformEditor (148)
[2015.04.28-13.24.52:738][508]LogModuleManager: Shutting down and abandoning module IOSRuntimeSettings (147)
[2015.04.28-13.24.52:738][508]LogModuleManager: Shutting down and abandoning module AndroidDeviceDetection (146)
[2015.04.28-13.24.52:843][508]LogModuleManager: Shutting down and abandoning module AndroidPlatformEditor (145)
[2015.04.28-13.24.52:843][508]LogModuleManager: Shutting down and abandoning module AndroidRuntimeSettings (144)
[2015.04.28-13.24.52:843][508]LogModuleManager: Shutting down and abandoning module ProjectTargetPlatformEditor (143)
[2015.04.28-13.24.52:843][508]LogModuleManager: Shutting down and abandoning module ProjectSettingsViewer (142)
[2015.04.28-13.24.52:843][508]LogModuleManager: Shutting down and abandoning module InputBindingEditor (141)
[2015.04.28-13.24.52:844][508]LogModuleManager: Shutting down and abandoning module EditorSettingsViewer (140)
[2015.04.28-13.24.52:844][508]LogModuleManager: Shutting down and abandoning module SettingsEditor (139)
[2015.04.28-13.24.52:844][508]LogModuleManager: Shutting down and abandoning module ProjectLauncher (138)
[2015.04.28-13.24.52:844][508]LogModuleManager: Shutting down and abandoning module SessionFrontend (137)
[2015.04.28-13.24.52:844][508]LogModuleManager: Shutting down and abandoning module ProfilerClient (136)
[2015.04.28-13.24.52:844][508]LogModuleManager: Shutting down and abandoning module TargetDeviceServices (135)
[2015.04.28-13.24.52:844][508]LogModuleManager: Shutting down and abandoning module DeviceManager (134)
[2015.04.28-13.24.52:845][508]LogModuleManager: Shutting down and abandoning module AutomationController (133)
[2015.04.28-13.24.52:845][508]LogModuleManager: Shutting down and abandoning module AutomationWindow (132)
[2015.04.28-13.24.52:845][508]LogModuleManager: Shutting down and abandoning module Layers (131)
[2015.04.28-13.24.52:845][508]LogModuleManager: Shutting down and abandoning module ComponentVisualizers (130)
[2015.04.28-13.24.52:845][508]LogModuleManager: Shutting down and abandoning module DetailCustomizations (129)
[2015.04.28-13.24.52:845][508]LogModuleManager: Shutting down and abandoning module PackagesDialog (128)
[2015.04.28-13.24.52:845][508]LogModuleManager: Shutting down and abandoning module AssetRegistry (127)
[2015.04.28-13.24.52:973][508]LogModuleManager: Shutting down and abandoning module Persona (126)
[2015.04.28-13.24.52:973][508]LogModuleManager: Shutting down and abandoning module SlateReflector (125)
[2015.04.28-13.24.52:974][508]LogModuleManager: Shutting down and abandoning module LevelEditor (124)
[2015.04.28-13.24.52:975][508]LogModuleManager: Shutting down and abandoning module Kismet (123)
[2015.04.28-13.24.52:975][508]LogModuleManager: Shutting down and abandoning module GraphEditor (122)
[2015.04.28-13.24.52:975][508]LogModuleManager: Shutting down and abandoning module ClassViewer (121)
[2015.04.28-13.24.52:975][508]LogModuleManager: Shutting down and abandoning module Toolbox (120)
[2015.04.28-13.24.52:975][508]LogModuleManager: Shutting down and abandoning module ModuleUI (119)
[2015.04.28-13.24.52:975][508]LogModuleManager: Shutting down and abandoning module MovieSceneTools (118)
[2015.04.28-13.24.52:975][508]LogModuleManager: Shutting down and abandoning module OutputLog (117)
[2015.04.28-13.24.52:975][508]LogModuleManager: Shutting down and abandoning module GammaUI (116)
[2015.04.28-13.24.52:975][508]LogModuleManager: Shutting down and abandoning module Documentation (115)
[2015.04.28-13.24.52:975][508]LogModuleManager: Shutting down and abandoning module GameLiveStreaming (114)
[2015.04.28-13.24.52:975][508]LogModuleManager: Shutting down and abandoning module StreamingPauseRendering (113)
[2015.04.28-13.24.52:975][508]LogModuleManager: Shutting down and abandoning module HTTP (112)
[2015.04.28-13.24.52:975][508]LogModuleManager: Shutting down and abandoning module AnalyticsET (111)
[2015.04.28-13.24.52:975][508]LogModuleManager: Shutting down and abandoning module Analytics (110)
[2015.04.28-13.24.52:976][508]LogModuleManager: Shutting down and abandoning module AITestSuite (109)
[2015.04.28-13.24.52:976][508]LogModuleManager: Shutting down and abandoning module GameplayDebugger (108)
[2015.04.28-13.24.52:976][508]LogModuleManager: Shutting down and abandoning module AIModule (107)
[2015.04.28-13.24.52:976][508]LogModuleManager: Shutting down and abandoning module ProfilerService (106)
[2015.04.28-13.24.53:178][508]LogModuleManager: Shutting down and abandoning module TaskGraph (105)
[2015.04.28-13.24.53:178][508]LogModuleManager: Shutting down and abandoning module SlateRemote (104)
[2015.04.28-13.24.53:178][508]LogModuleManager: Shutting down and abandoning module ScriptEditorPlugin (103)
[2015.04.28-13.24.53:178][508]LogModuleManager: Shutting down and abandoning module CustomMeshComponent (102)
[2015.04.28-13.24.53:178][508]LogModuleManager: Shutting down and abandoning module CableComponent (101)
[2015.04.28-13.24.53:178][508]LogModuleManager: Shutting down and abandoning module MessagingDebugger (100)
[2015.04.28-13.24.53:178][508]LogModuleManager: Shutting down and abandoning module MediaPlayerEditor (99)
[2015.04.28-13.24.53:179][508]LogModuleManager: Shutting down and abandoning module SpeedTreeImporter (98)
[2015.04.28-13.24.53:179][508]LogModuleManager: Shutting down and abandoning module PluginsEditor (97)
[2015.04.28-13.24.53:179][508]LogModuleManager: Shutting down and abandoning module MainFrame (96)
[2015.04.28-13.24.53:179][508]LogModuleManager: Shutting down and abandoning module EpicSurvey (95)
[2015.04.28-13.24.53:179][508]LogModuleManager: Shutting down and abandoning module DesktopPlatform (94)
[2015.04.28-13.24.53:179][508]LogModuleManager: Shutting down and abandoning module DirectoryWatcher (93)
[2015.04.28-13.24.53:179][508]LogModuleManager: Shutting down and abandoning module HotReload (92)
[2015.04.28-13.24.53:180][508]LogModuleManager: Shutting down and abandoning module VisualStudioSourceCodeAccess (91)
[2015.04.28-13.24.53:180][508]LogModuleManager: Shutting down and abandoning module UObjectPlugin (90)
[2015.04.28-13.24.53:180][508]LogModuleManager: Shutting down and abandoning module SubversionSourceControl (89)
[2015.04.28-13.24.53:180][508]LogModuleManager: Shutting down and abandoning module PerforceSourceControl (88)
[2015.04.28-13.24.53:180][508]LogModuleManager: Shutting down and abandoning module SourceControl (87)
[2015.04.28-13.24.53:180][508]LogModuleManager: Shutting down and abandoning module GitSourceControl (86)
[2015.04.28-13.24.53:180][508]LogModuleManager: Shutting down and abandoning module BlankPlugin (85)
[2015.04.28-13.24.53:180][508]LogModuleManager: Shutting down and abandoning module PaperTiledImporter (84)
[2015.04.28-13.24.53:180][508]LogModuleManager: Shutting down and abandoning module PaperJsonImporter (83)
[2015.04.28-13.24.53:180][508]LogModuleManager: Shutting down and abandoning module ContentBrowser (82)
[2015.04.28-13.24.53:182][508]LogModuleManager: Shutting down and abandoning module Paper2DEditor (81)
[2015.04.28-13.24.53:182][508]LogModuleManager: Shutting down and abandoning module ScriptPlugin (80)
[2015.04.28-13.24.53:182][508]LogModuleManager: Shutting down and abandoning module UdpMessaging (79)
[2015.04.28-13.24.53:283][508]LogModuleManager: Shutting down and abandoning module Paper2D (78)
[2015.04.28-13.24.53:283][508]LogModuleManager: Shutting down and abandoning module WindowsMoviePlayer (77)
[2015.04.28-13.24.53:289][508]LogModuleManager: Shutting down and abandoning module Media (76)
[2015.04.28-13.24.53:289][508]LogModuleManager: Shutting down and abandoning module WmfMedia (75)
[2015.04.28-13.24.53:289][508]LogModuleManager: Shutting down and abandoning module OnlineBlueprintSupport (74)
[2015.04.28-13.24.53:289][508]LogModuleManager: Shutting down and abandoning module PropertyEditor (73)
[2015.04.28-13.24.53:289][508]LogModuleManager: Shutting down and abandoning module BehaviorTreeEditor (72)
[2015.04.28-13.24.53:290][508]LogModuleManager: Shutting down and abandoning module FunctionalTesting (71)
[2015.04.28-13.24.53:290][508]LogModuleManager: Shutting down and abandoning module CollisionAnalyzer (70)
[2015.04.28-13.24.53:290][508]LogModuleManager: Shutting down and abandoning module WorkspaceMenuStructure (69)
[2015.04.28-13.24.53:290][508]LogModuleManager: Shutting down and abandoning module MessageLog (68)
[2015.04.28-13.24.53:290][508]LogModuleManager: Shutting down and abandoning module Sequencer (67)
[2015.04.28-13.24.53:290][508]LogModuleManager: Shutting down and abandoning module AssetTools (66)
[2015.04.28-13.24.53:290][508]LogModuleManager: Shutting down and abandoning module UMGEditor (65)
[2015.04.28-13.24.53:290][508]LogModuleManager: Shutting down and abandoning module UMG (64)
[2015.04.28-13.24.53:290][508]LogModuleManager: Shutting down and abandoning module Slate (63)
[2015.04.28-13.24.53:290][508]LogModuleManager: Shutting down and abandoning module EditorStyle (62)
[2015.04.28-13.24.53:310][508]LogModuleManager: Shutting down and abandoning module SessionServices (61)
[2015.04.28-13.24.53:310][508]LogModuleManager: Shutting down and abandoning module SourceCodeAccess (60)
[2015.04.28-13.24.53:311][508]LogModuleManager: Shutting down and abandoning module HeadMountedDisplay (59)
[2015.04.28-13.24.53:311][508]LogModuleManager: Shutting down and abandoning module XAudio2 (58)
[2015.04.28-13.24.53:311][508]LogModuleManager: Shutting down and abandoning module Networking (56)
[2015.04.28-13.24.53:311][508]LogModuleManager: Shutting down and abandoning module Core (55)
[2015.04.28-13.24.53:311][508]LogModuleManager: Shutting down and abandoning module KismetCompiler (54)
[2015.04.28-13.24.53:311][508]LogModuleManager: Shutting down and abandoning module PhysXFormats (53)
[2015.04.28-13.24.53:311][508]LogModuleManager: Shutting down and abandoning module MeshUtilities (52)
[2015.04.28-13.24.53:311][508]LogModuleManager: Shutting down and abandoning module DerivedDataCache (51)
[2015.04.28-13.24.53:357][508]LogDerivedDataCache: Shutdown
[2015.04.28-13.24.53:357][508]LogModuleManager: Shutting down and abandoning module ShaderFormatOpenGL (50)
[2015.04.28-13.24.53:357][508]LogModuleManager: Shutting down and abandoning module ShaderFormatD3D (49)
[2015.04.28-13.24.53:357][508]LogModuleManager: Shutting down and abandoning module MetalShaderFormat (48)
[2015.04.28-13.24.53:357][508]LogModuleManager: Shutting down and abandoning module TextureFormatUncompressed (47)
[2015.04.28-13.24.53:357][508]LogModuleManager: Shutting down and abandoning module TextureFormatPVR (46)
[2015.04.28-13.24.53:357][508]LogModuleManager: Shutting down and abandoning module TextureFormatIntelISPCTexComp (45)
[2015.04.28-13.24.53:357][508]LogModuleManager: Shutting down and abandoning module TextureFormatDXT (44)
[2015.04.28-13.24.53:357][508]LogModuleManager: Shutting down and abandoning module ImageWrapper (43)
[2015.04.28-13.24.53:357][508]LogModuleManager: Shutting down and abandoning module TextureFormatASTC (42)
[2015.04.28-13.24.53:357][508]LogModuleManager: Shutting down and abandoning module TextureFormatAndroid (41)
[2015.04.28-13.24.53:357][508]LogModuleManager: Shutting down and abandoning module AudioFormatOpus (40)
[2015.04.28-13.24.53:357][508]LogModuleManager: Shutting down and abandoning module AudioFormatOgg (39)
[2015.04.28-13.24.53:357][508]LogModuleManager: Shutting down and abandoning module AudioFormatADPCM (38)
[2015.04.28-13.24.53:357][508]LogModuleManager: Shutting down and abandoning module LinuxTargetPlatform (37)
[2015.04.28-13.24.53:357][508]LogModuleManager: Shutting down and abandoning module LinuxServerTargetPlatform (36)
[2015.04.28-13.24.53:357][508]LogModuleManager: Shutting down and abandoning module LinuxNoEditorTargetPlatform (35)
[2015.04.28-13.24.53:357][508]LogModuleManager: Shutting down and abandoning module Messaging (34)
[2015.04.28-13.24.53:357][508]LogModuleManager: Shutting down and abandoning module IOSTargetPlatform (33)
[2015.04.28-13.24.53:357][508]LogModuleManager: Shutting down and abandoning module HTML5TargetPlatform (32)
[2015.04.28-13.24.53:357][508]LogModuleManager: Shutting down and abandoning module Android_PVRTCTargetPlatform (31)
[2015.04.28-13.24.53:357][508]LogModuleManager: Shutting down and abandoning module Android_ETC2TargetPlatform (30)
[2015.04.28-13.24.53:357][508]LogModuleManager: Shutting down and abandoning module Android_ETC1TargetPlatform (29)
[2015.04.28-13.24.53:357][508]LogModuleManager: Shutting down and abandoning module Android_ES31TargetPlatform (28)
[2015.04.28-13.24.53:357][508]LogModuleManager: Shutting down and abandoning module Android_DXTTargetPlatform (27)
[2015.04.28-13.24.53:357][508]LogModuleManager: Shutting down and abandoning module Android_ATCTargetPlatform (26)
[2015.04.28-13.24.53:357][508]LogModuleManager: Shutting down and abandoning module AndroidTargetPlatform (25)
[2015.04.28-13.24.53:357][508]LogModuleManager: Shutting down and abandoning module WindowsTargetPlatform (24)
[2015.04.28-13.24.53:357][508]LogModuleManager: Shutting down and abandoning module WindowsServerTargetPlatform (23)
[2015.04.28-13.24.53:357][508]LogModuleManager: Shutting down and abandoning module WindowsNoEditorTargetPlatform (22)
[2015.04.28-13.24.53:357][508]LogModuleManager: Shutting down and abandoning module WindowsClientTargetPlatform (21)
[2015.04.28-13.24.53:357][508]LogModuleManager: Shutting down and abandoning module TargetPlatform (20)
[2015.04.28-13.24.53:358][508]LogModuleManager: Shutting down and abandoning module InputCore (19)
[2015.04.28-13.24.53:358][508]LogModuleManager: Shutting down and abandoning module Settings (18)
[2015.04.28-13.24.53:358][508]LogModuleManager: Shutting down and abandoning module OnlineSubsystem (16)
[2015.04.28-13.24.53:358][508]LogModuleManager: Shutting down and abandoning module OculusRift (15)
[2015.04.28-13.24.53:358][508]LogModuleManager: Shutting down and abandoning module ExampleDeviceProfileSelector (14)
[2015.04.28-13.24.53:358][508]LogModuleManager: Shutting down and abandoning module TextureCompressor (13)
[2015.04.28-13.24.53:358][508]LogModuleManager: Shutting down and abandoning module ShaderCore (12)
[2015.04.28-13.24.53:358][508]LogModuleManager: Shutting down and abandoning module Landscape (11)
[2015.04.28-13.24.53:358][508]LogModuleManager: Shutting down and abandoning module SlateRHIRenderer (10)
[2015.04.28-13.24.53:362][508]LogModuleManager: Shutting down and abandoning module OpenGLDrv (9)
[2015.04.28-13.24.53:362][508]LogModuleManager: Shutting down and abandoning module D3D11RHI (8)
[2015.04.28-13.24.53:362][508]LogModuleManager: Shutting down and abandoning module Renderer (7)
[2015.04.28-13.24.53:362][508]LogModuleManager: Shutting down and abandoning module Engine (6)
[2015.04.28-13.24.53:362][508]LogModuleManager: Shutting down and abandoning module CoreUObject (5)
[2015.04.28-13.24.53:362][508]LogModuleManager: Shutting down and abandoning module NetworkFile (4)
[2015.04.28-13.24.53:362][508]LogModuleManager: Shutting down and abandoning module StreamingFile (3)
[2015.04.28-13.24.53:363][508]LogModuleManager: Shutting down and abandoning module SandboxFile (2)
[2015.04.28-13.24.53:363][508]LogModuleManager: Shutting down and abandoning module PakFile (1)
[2015.04.28-13.24.53:363][508]LogExit: Exiting.
[2015.04.28-13.24.53:373][508]Log file closed, 04/28/15 18:54:53
