Log file open, 05/24/15 21:46:40
LogInit:Display: Running engine for game: UMGMenuExample
LogInit: Version: 4.7.6-2513093+++depot+UE4-Releases+4.7
LogInit: API Version: 2455222
LogInit: Compiled (64-bit): Apr 15 2015 12:09:54
LogInit: Compiled with Visual C++: 18.00.21005.01
LogInit: Build Configuration: Development
LogInit: Branch Name: ++depot+UE4-Releases+4.7
LogInit: Command line:  
LogInit: Base directory: C:/Program Files/Epic Games/4.7/Engine/Binaries/Win64/
LogInit: Rocket: 1
[2015.05.24-16.16.40:475][  0]LogTaskGraph: Started task graph with 3 named threads and 6 total threads.
[2015.05.24-16.16.40:559][  0]LogOnline:Warning: No default platform service specified for OnlineSubsystem
[2015.05.24-16.16.40:583][  0]LogInit: Presizing for 0 objects not considered by GC, pre-allocating 0 bytes.
[2015.05.24-16.16.40:594][  0]LogInit: Object subsystem initialized
[2015.05.24-16.16.40:596][  0]LogConsoleResponse:Warning: Skipping Unknown console variable: 'UIScaleRule = ShortestSide'
[2015.05.24-16.16.40:596][  0]LogConsoleResponse:Warning:   Found in ini file 'D:/GitHub Repositories/UMGMenuSystem/Saved/Config/Windows/Engine.ini', in section '[/Script/Engine.RendererSettings]'
[2015.05.24-16.16.40:596][  0]LogConsoleResponse:Warning: Skipping Unknown console variable: 'UIScaleCurve = (EditorCurveData=(Keys=),ExternalCurve=None)'
[2015.05.24-16.16.40:596][  0]LogConsoleResponse:Warning:   Found in ini file 'D:/GitHub Repositories/UMGMenuSystem/Saved/Config/Windows/Engine.ini', in section '[/Script/Engine.RendererSettings]'
[2015.05.24-16.16.40:596][  0]LogConsoleManager:Warning: Console variable 'r.MSAA.CompositingSampleCount' wasn't set (Priority ProjectSetting < Scalability)
[2015.05.24-16.16.40:596][  0]LogInit: Selected Device Profile: [Windows]
[2015.05.24-16.16.40:596][  0]LogInit: Applying CVar settings loaded from the selected device profile: [Windows]
[2015.05.24-16.16.40:615][  0]LogInit: Computer: PROTEUS_CORE
[2015.05.24-16.16.40:615][  0]LogInit: User: Rohit
[2015.05.24-16.16.40:615][  0]LogInit: CPU Page size=4096, Cores=4
[2015.05.24-16.16.40:615][  0]LogInit: High frequency timer resolution =3.027392 MHz
[2015.05.24-16.16.40:615][  0]LogMemory: Memory total: Physical=7.9GB (8GB approx) Virtual=8192.0GB
[2015.05.24-16.16.40:615][  0]LogMemory: Platform Memory Stats for Windows
[2015.05.24-16.16.40:615][  0]LogMemory: Process Physical Memory: 48.30 MB used, 48.30 MB peak
[2015.05.24-16.16.40:615][  0]LogMemory: Process Virtual Memory: 27.04 MB used, 27.04 MB peak
[2015.05.24-16.16.40:615][  0]LogMemory: Physical Memory: 2738.31 MB used, 8136.00 MB total
[2015.05.24-16.16.40:615][  0]LogMemory: Virtual Memory: 282.87 MB used, 8388608.00 MB total
[2015.05.24-16.16.40:659][  0]LogD3D11RHI: Found D3D11 adapter 0: NVIDIA GeForce GTX 660   (Feature Level 11_0)
[2015.05.24-16.16.40:659][  0]LogD3D11RHI: Adapter has 1990MB of dedicated video memory, 0MB of dedicated system memory, and 2048MB of shared system memory, 1 output[s]
[2015.05.24-16.16.40:659][  0]LogD3D11RHI: Chosen D3D11 Adapter Id = 0
[2015.05.24-16.16.40:663][  0]LogRHI: Texture pool is 1361 MB (70% of 1945 MB)
[2015.05.24-16.16.40:674][  0]LogD3D11RHI: Async texture creation enabled
[2015.05.24-16.16.40:742][  0]LogTextLocalizationManager: The requested culture ('en_US') has no localization data; parent culture's ('en') localization data will be used.
[2015.05.24-16.16.40:798][  0]LogTextLocalizationManager:Warning: Loading localization resources contain conflicting entries for (Namespace:UICommands, Key:Save_ToolTip):
Resource: (C:/Program Files/Epic Games/4.7/Engine/Content/Localization/Editor/en/Editor.locres) Hash: (-29098895) String: (Saves the current level to disk)
Resource: (C:/Program Files/Epic Games/4.7/Engine/Content/Localization/Engine/en/Engine.locres) Hash: (-1280300587) String: (Save selected data to vlog file)
[2015.05.24-16.16.40:798][  0]LogTextLocalizationManager:Warning: Loading localization resources contain conflicting entries for (Namespace:ContentBrowser, Key:ImportAssetToolTip):
Resource: (C:/Program Files/Epic Games/4.7/Engine/Content/Localization/Editor/en/Editor.locres) Hash: (-630476809) String: (Import to {0}...)
Resource: (C:/Program Files/Epic Games/4.7/Engine/Content/Localization/Editor/en/Editor.locres) Hash: (1271782899) String: (Imports an asset from file to this folder.)
[2015.05.24-16.16.40:876][  0]LogContentStreaming: Texture pool size is 0.000000MB
[2015.05.24-16.16.45:158][  0]LogTargetPlatformManager:Display: Building Assets For Windows
[2015.05.24-16.16.45:758][  0]LogTargetPlatformManager:Display: Building Assets For Windows
[2015.05.24-16.16.45:827][  0]LogDerivedDataCache:Display: Max Cache Size: 512 MB
[2015.05.24-16.16.45:863][  0]LogDerivedDataCache: Loaded boot cache 0.04s 39MB C:/Users/Rohit/AppData/Local/UnrealEngine/4.7/DerivedDataCache/Boot.ddc.
[2015.05.24-16.16.45:863][  0]LogDerivedDataCache:Display: Loaded Boot cache: C:/Users/Rohit/AppData/Local/UnrealEngine/4.7/DerivedDataCache/Boot.ddc
[2015.05.24-16.16.45:863][  0]LogDerivedDataCache: FDerivedDataBackendGraph:  Pak pak cache file D:/GitHub Repositories/UMGMenuSystem/DerivedDataCache/DDC.ddp not found, will not use a pak cache.
[2015.05.24-16.16.45:863][  0]LogDerivedDataCache: Unable to find inner node Pak for hierarchical cache Hierarchy.
[2015.05.24-16.16.45:984][  0]LogDerivedDataCache:Display: Pak cache opened for reading ../../../Engine/DerivedDataCache/Compressed.ddp.
[2015.05.24-16.16.45:996][  0]LogDerivedDataCache: Using Local data cache path C:/Users/Rohit/AppData/Local/UnrealEngine/Common/DerivedDataCache: Writable
[2015.05.24-16.16.46:323][  0]LogMeshUtilities: No automatic mesh reduction module available
[2015.05.24-16.16.46:323][  0]LogMeshUtilities: No automatic mesh merging module available
[2015.05.24-16.16.46:692][  0]LogInit: WinSock: version 1.1 (2.2), MaxSocks=32767, MaxUdp=65467
[2015.05.24-16.16.46:785][  0]LogSlate:Warning: Failed to load font data from '../../../Engine/Content/Slate/Fonts/Roboto-Italic.ttf'
[2015.05.24-16.16.47:821][  0]UdpMessaging: Initializing bridge on interface 0.0.0.0:0 to multicast group 230.0.0.1:6666.
[2015.05.24-16.16.48:103][  0]SourceControl: Info Source control is disabled
[2015.05.24-16.16.48:103][  0]SourceControl: Info Source control is disabled
[2015.05.24-16.16.48:103][  0]SourceControl: Info Source control is disabled
[2015.05.24-16.16.48:103][  0]LogSourceControl: RunCommandInternalRaw: 'git version'
[2015.05.24-16.16.48:103][  0]LogSourceControl: RunCommandInternalRaw: ExecProcess ReturnCode=2 OutResults=''
[2015.05.24-16.16.48:114][  0]SourceControl: Info Source control is disabled
[2015.05.24-16.16.48:411][  0]LogObj: 24232 objects as part of root set at end of initial load.
[2015.05.24-16.16.48:411][  0]LogUObjectAllocator: 5137168 out of 0 bytes used by permanent object pool.
[2015.05.24-16.16.48:509][  0]LogEngine: Initializing Engine...
[2015.05.24-16.16.50:664][  0]LogInit: XAudio2 using 'Speakers (Realtek High Definition Audio)' : 2 channels at 48 kHz using 32 bits per sample (channel mask 0x3)
[2015.05.24-16.16.50:739][  0]LogInit: FAudioDevice initialized.
[2015.05.24-16.16.50:782][  0]LogAIModule: Creating AISystem for world NewWorld
[2015.05.24-16.16.50:802][  0]LogDerivedDataCache: Saved boot cache 0.02s 39MB C:/Users/Rohit/AppData/Local/UnrealEngine/4.7/DerivedDataCache/Boot.ddc.
[2015.05.24-16.16.50:804][  0]LogInit: Texture streaming: Enabled
[2015.05.24-16.16.50:903][  0]LogAnalytics: Creating configured Analytics provider AnalyticsET
[2015.05.24-16.16.50:903][  0]LogAnalytics: ET APIKey = Rocket.Release. APIServer = http://et2.epicgames.com/ET2/. AppVersion = 4.7.6-2513093+++depot+UE4-Releases+4.7
[2015.05.24-16.16.50:903][  0]LogAnalytics: ET APIKey = Rocket.Release. DataRouterUploadURL = https://datarouter-public-service-gamedev.ol.epicgames.net/datarouter/api/v1/public/data. AppVersion = 4.7.6-2513093+++depot+UE4-Releases+4.7
[2015.05.24-16.16.50:903][  0]LogAnalytics: SetUserId 013718ab4e6dec0f6374d59520a1ab13|7b8e2bb8b466411588cadfe08ecd7de9|6951b782-1f02-4763-a464-5016cbe33e2c
[2015.05.24-16.16.50:903][  0]LogAnalytics: AnalyticsET::StartSession [Rocket.Release]
[2015.05.24-16.16.51:699][  0]LogInit: Transaction tracking system initialized
[2015.05.24-16.16.51:910][  0]BlueprintLog: New page: Editor Load
[2015.05.24-16.16.51:951][  0]LogAssetRegistry: FAssetRegistry took 0.0097 seconds to start up
[2015.05.24-16.16.51:951][  0]LogDirectoryWatcher:Warning: Failed to begin reading directory changes for ../../../Engine/Plugins/Experimental/CharacterAI/Content/. Error: 0
[2015.05.24-16.16.52:660][  0]LogTargetPlatformManager:Display: Building Assets For Windows
[2015.05.24-16.16.53:211][  0]LogTargetPlatformManager:Display: Building Assets For Windows
[2015.05.24-16.16.53:501][  0]LogLinker:Warning: Can't find file '/Game/ProjectAtlas/FirstPersonOverview'
[2015.05.24-16.16.53:501][  0]LogLinker:Warning: Can't find file '/Game/ProjectAtlas/FirstPersonOverview'
[2015.05.24-16.16.53:501][  0]LogUObjectGlobals:Warning: Failed to find object 'Class /Game/ProjectAtlas/FirstPersonOverview.FirstPersonOverview_C'
[2015.05.24-16.16.53:552][  0]LogSlate:Warning: Failed to load font data from '../../../Engine/Content/Editor/Slate/Fonts/Roboto-Regular.ttf'
[2015.05.24-16.16.53:553][  0]LogSlate:Warning: Failed to load font data from '../../../Engine/Content/Editor/Slate/Fonts/Roboto-Bold.ttf'
[2015.05.24-16.16.53:559][  0]LogConsoleResponse:Display: 
[2015.05.24-16.16.53:708][  0]LogCook:Display: Done creating registry. It took  0.00s.
[2015.05.24-16.16.53:892][  0]SourceControl: Info Source control is disabled
[2015.05.24-16.16.53:892][  0]Cmd: MAP LOAD FILE="D:/GitHub Repositories/UMGMenuSystem/Content/Maps/MainMenu_Map.umap" TEMPLATE=0 SHOWPROGRESS=1 FEATURELEVEL=3
[2015.05.24-16.16.53:940][  0]LightingResults: New page: Lighting Build
[2015.05.24-16.16.53:979][  0]MapCheck: New page: Map Check
[2015.05.24-16.16.53:980][  0]LightingResults: New page: Lighting Build
[2015.05.24-16.16.53:990][  0]LogParticles: Destroying 0 GPU particle simulations for FXSystem 0x0000000013D49F80
[2015.05.24-16.16.57:312][  0]LogLinker:Warning: CreateImport: Object 'StateChanged__DelegateSignature' isn't imported, because its outer is a placeholder. Archive: 'D:/GitHub Repositories/UMGMenuSystem/Content/Blueprints/BP_MainMenuActor.uasset'
[2015.05.24-16.16.58:116][  0]LogEditorServer: Finished looking for orphan Actors (0.000 secs)
[2015.05.24-16.16.58:119][  0]LogAIModule: Creating AISystem for world MainMenu_Map
[2015.05.24-16.16.58:119][  0]Cmd: MAP CHECKDEP
[2015.05.24-16.16.58:120][  0]MapCheck: New page: MainMenu_Map - May 25, 2015, 3:16:58 AM
[2015.05.24-16.16.58:222][  0]MapCheck: Info Map check complete: 0 Error(s), 0 Warning(s), took 102.157ms to complete.
[2015.05.24-16.16.58:222][  0]LogFileHelpers: Loading map 'MainMenu_Map' took 4.329
[2015.05.24-16.16.58:363][  0]LogCollectionManager: Loaded 0 collections in 0.002000 seconds
[2015.05.24-16.16.58:378][  0]LogContentBrowser: Native class hierarchy populated in 0.0151 seconds. Added 1696 classes and 261 folders.
[2015.05.24-16.16.58:415][  0]LogContentBrowser: Native class hierarchy updated for 'SceneOutliner' in 0.0024 seconds. Added 1 classes and 2 folders.
[2015.05.24-16.16.58:518][  0]LogCrashTracker: Crashtracker disabled due to settings.
[2015.05.24-16.16.58:520][  0]LogSlate:Warning: Failed to load font data from 'Veranda'
[2015.05.24-16.16.58:526][  0]LogUObjectGlobals:Warning: Failed to find object 'Class None.'
[2015.05.24-16.16.58:572][  0]LogLoad: Full Startup: 20.70 seconds (BP compile: 1.14 seconds)
[2015.05.24-16.16.58:930][  0]LogContentBrowser:Verbose: The content browser source was changed by the sources view to '/Game/UI/Widgets'
[2015.05.24-16.16.59:120][  0]LogRenderer:Warning: Reallocating scene render targets to support 1208x576 (Frame:2).
[2015.05.24-16.17.02:254][ 10]LogAssetRegistry: Asset discovery search completed in 10.3121 seconds
[2015.05.24-16.19.12:572][613]LogContentBrowser:Verbose: The content browser source was changed by the sources view to '/Game/Blueprints'
[2015.05.24-16.19.21:831][634]LogContentBrowser:Verbose: The content browser source was changed by the sources view to '/Game/UI/Widgets'
[2015.05.24-16.19.57:157][733]BlueprintLog: New page: Compile WidgetBP_GameScreen
[2015.05.24-16.19.57:244][733]LogParticles: Destroying 0 GPU particle simulations for FXSystem 0x000000001D9DEDE0
[2015.05.24-16.19.57:245][733]LogParticles: Destroying 0 GPU particle simulations for FXSystem 0x000000001D9DE700
[2015.05.24-16.19.57:245][733]LogParticles: Destroying 0 GPU particle simulations for FXSystem 0x000000001FD50CC0
[2015.05.24-16.19.57:246][733]LogParticles: Destroying 0 GPU particle simulations for FXSystem 0x000000001FD519E0
[2015.05.24-16.19.57:246][733]LogParticles: Destroying 0 GPU particle simulations for FXSystem 0x0000000023406CA0
[2015.05.24-16.19.57:246][733]LogParticles: Destroying 0 GPU particle simulations for FXSystem 0x0000000023404540
[2015.05.24-16.19.57:247][733]LogParticles: Destroying 0 GPU particle simulations for FXSystem 0x000000001A4AD9E0
[2015.05.24-16.19.57:282][733]BlueprintEditorCompileResults: Info [0199.41] Compile of WidgetBP_GameScreen successful! [in 124 ms]
[2015.05.24-16.19.57:822][790]Cmd: OBJ SAVEPACKAGE PACKAGE="/Game/UI/Widgets/WidgetBP_GameScreen" FILE="D:/GitHub Repositories/UMGMenuSystem/Content/UI/Widgets/WidgetBP_GameScreen.uasset" SILENT=true
[2015.05.24-16.19.58:072][790]LogSavePackage: Save=18.160847ms
[2015.05.24-16.19.58:072][790]LogSavePackage: Moving 'D:/GitHub Repositories/UMGMenuSystem/Saved/WidgetBP_GameScreen3D51BDB346E310BB5DB85BBDBF120932.tmp' to 'D:/GitHub Repositories/UMGMenuSystem/Content/UI/Widgets/WidgetBP_GameScreen.uasset'
[2015.05.24-16.20.10:107][155]BlueprintLog: New page: Compile WidgetBP_InGameMenu
[2015.05.24-16.20.10:175][155]LogParticles: Destroying 0 GPU particle simulations for FXSystem 0x000000002C06F740
[2015.05.24-16.20.10:194][155]BlueprintEditorCompileResults: Info [0212.32] Compile of WidgetBP_InGameMenu successful! [in 86 ms]
[2015.05.24-16.20.27:091][ 26]BlueprintLog: New page: Compile WidgetBP_InGameMenu
[2015.05.24-16.20.27:169][ 26]BlueprintEditorCompileResults: Info [0229.30] Compile of WidgetBP_InGameMenu successful! [in 78 ms]
[2015.05.24-16.20.28:254][146]Cmd: OBJ SAVEPACKAGE PACKAGE="/Game/UI/Widgets/WidgetBP_InGameMenu" FILE="D:/GitHub Repositories/UMGMenuSystem/Content/UI/Widgets/WidgetBP_InGameMenu.uasset" SILENT=true
[2015.05.24-16.20.28:298][146]LogSavePackage: Save=34.860699ms
[2015.05.24-16.20.28:298][146]LogSavePackage: Moving 'D:/GitHub Repositories/UMGMenuSystem/Saved/WidgetBP_InGameMenu7E131D6F4205B73B2FE9CDACCE78FD08.tmp' to 'D:/GitHub Repositories/UMGMenuSystem/Content/UI/Widgets/WidgetBP_InGameMenu.uasset'
[2015.05.24-16.21.47:347][956]LogEditorTransaction: Undo Move Widget
[2015.05.24-16.21.50:018][225]LogEditorTransaction: Undo Move Widget
[2015.05.24-16.22.30:595][ 41]BlueprintLog: New page: Compile WidgetBP_LoadingScreen
[2015.05.24-16.22.30:681][ 41]LogParticles: Destroying 0 GPU particle simulations for FXSystem 0x000000001368E980
[2015.05.24-16.22.30:681][ 41]BlueprintEditorCompileResults: Info [0352.81] Compile of WidgetBP_LoadingScreen successful! [in 86 ms]
[2015.05.24-16.22.31:068][ 80]Cmd: OBJ SAVEPACKAGE PACKAGE="/Game/UI/Widgets/WidgetBP_LoadingScreen" FILE="D:/GitHub Repositories/UMGMenuSystem/Content/UI/Widgets/WidgetBP_LoadingScreen.uasset" SILENT=true
[2015.05.24-16.22.31:089][ 80]LogSavePackage: Save=10.997915ms
[2015.05.24-16.22.31:089][ 80]LogSavePackage: Moving 'D:/GitHub Repositories/UMGMenuSystem/Saved/WidgetBP_LoadingScreen07F18E914B7E5DEBD90AFCAEE552958E.tmp' to 'D:/GitHub Repositories/UMGMenuSystem/Content/UI/Widgets/WidgetBP_LoadingScreen.uasset'
[2015.05.24-16.22.39:012][  9]BlueprintLog: New page: Compile WidgetBP_LoadingScreen
[2015.05.24-16.22.39:084][  9]BlueprintEditorCompileResults: Info [0361.21] Compile of WidgetBP_LoadingScreen successful! [in 71 ms]
[2015.05.24-16.22.39:434][ 45]Cmd: OBJ SAVEPACKAGE PACKAGE="/Game/UI/Widgets/WidgetBP_LoadingScreen" FILE="D:/GitHub Repositories/UMGMenuSystem/Content/UI/Widgets/WidgetBP_LoadingScreen.uasset" SILENT=true
[2015.05.24-16.22.39:453][ 45]LogSavePackage: Save=10.042968ms
[2015.05.24-16.22.39:453][ 45]LogSavePackage: Moving 'D:/GitHub Repositories/UMGMenuSystem/Saved/WidgetBP_LoadingScreenBE364D5B41240B590F507B81B3A6858E.tmp' to 'D:/GitHub Repositories/UMGMenuSystem/Content/UI/Widgets/WidgetBP_LoadingScreen.uasset'
[2015.05.24-16.23.15:268][584]Cmd: OBJ SAVEPACKAGE PACKAGE="/Game/UI/Widgets/WidgetBP_LoadingScreen" FILE="D:/GitHub Repositories/UMGMenuSystem/Content/UI/Widgets/WidgetBP_LoadingScreen.uasset" SILENT=true
[2015.05.24-16.23.15:289][584]LogSavePackage: Save=11.764582ms
[2015.05.24-16.23.15:289][584]LogSavePackage: Moving 'D:/GitHub Repositories/UMGMenuSystem/Saved/WidgetBP_LoadingScreen5EEE27874ABA9DCD6814A7B8F7C637C5.tmp' to 'D:/GitHub Repositories/UMGMenuSystem/Content/UI/Widgets/WidgetBP_LoadingScreen.uasset'
[2015.05.24-16.23.33:195][666]BlueprintLog: New page: Compile WidgetBP_LoadingScreen
[2015.05.24-16.23.33:262][666]LogParticles: Destroying 0 GPU particle simulations for FXSystem 0x000000002CAA1080
[2015.05.24-16.23.33:262][666]BlueprintEditorCompileResults: Info [0415.39] Compile of WidgetBP_LoadingScreen successful! [in 66 ms]
[2015.05.24-16.23.33:638][704]Cmd: OBJ SAVEPACKAGE PACKAGE="/Game/UI/Widgets/WidgetBP_LoadingScreen" FILE="D:/GitHub Repositories/UMGMenuSystem/Content/UI/Widgets/WidgetBP_LoadingScreen.uasset" SILENT=true
[2015.05.24-16.23.33:673][704]LogSavePackage: Save=13.034982ms
[2015.05.24-16.23.33:673][704]LogSavePackage: Moving 'D:/GitHub Repositories/UMGMenuSystem/Saved/WidgetBP_LoadingScreenFE381997414EB0844E54F2BFE27BD225.tmp' to 'D:/GitHub Repositories/UMGMenuSystem/Content/UI/Widgets/WidgetBP_LoadingScreen.uasset'
[2015.05.24-16.24.02:902][855]BlueprintLog: New page: Compile WidgetBP_MainMenuScreen
[2015.05.24-16.24.02:974][855]LogParticles: Destroying 0 GPU particle simulations for FXSystem 0x0000000022727E20
[2015.05.24-16.24.02:975][855]LogParticles: Destroying 0 GPU particle simulations for FXSystem 0x0000000022727C40
[2015.05.24-16.24.02:997][855]BlueprintEditorCompileResults: Info [0445.12] Compile of WidgetBP_MainMenuScreen successful! [in 94 ms]
[2015.05.24-16.24.03:466][898]Cmd: OBJ SAVEPACKAGE PACKAGE="/Game/UI/Widgets/WidgetBP_MainMenuScreen" FILE="D:/GitHub Repositories/UMGMenuSystem/Content/UI/Widgets/WidgetBP_MainMenuScreen.uasset" SILENT=true
[2015.05.24-16.24.03:522][898]LogSavePackage: Save=45.631687ms
[2015.05.24-16.24.03:522][898]LogSavePackage: Moving 'D:/GitHub Repositories/UMGMenuSystem/Saved/WidgetBP_MainMenuScreenFFF884874D193701B3B128B7E602B0A1.tmp' to 'D:/GitHub Repositories/UMGMenuSystem/Content/UI/Widgets/WidgetBP_MainMenuScreen.uasset'
[2015.05.24-16.24.37:478][161]LogEditorTransaction: Undo Changed Anchors
[2015.05.24-16.25.22:677][200]BlueprintLog: New page: Compile WidgetBP_OptionsMenuScreen
[2015.05.24-16.25.22:767][200]LogParticles: Destroying 0 GPU particle simulations for FXSystem 0x0000000023406E80
[2015.05.24-16.25.22:767][200]BlueprintEditorCompileResults: Info [0524.89] Compile of WidgetBP_OptionsMenuScreen successful! [in 89 ms]
[2015.05.24-16.25.23:100][229]Cmd: OBJ SAVEPACKAGE PACKAGE="/Game/UI/Widgets/WidgetBP_OptionsMenuScreen" FILE="D:/GitHub Repositories/UMGMenuSystem/Content/UI/Widgets/WidgetBP_OptionsMenuScreen.uasset" SILENT=true
[2015.05.24-16.25.23:177][229]LogSavePackage: Save=48.493225ms
[2015.05.24-16.25.23:177][229]LogSavePackage: Moving 'D:/GitHub Repositories/UMGMenuSystem/Saved/WidgetBP_OptionsMenuScreen97A442374CECECD432935ABD9EEF5459.tmp' to 'D:/GitHub Repositories/UMGMenuSystem/Content/UI/Widgets/WidgetBP_OptionsMenuScreen.uasset'
[2015.05.24-16.26.13:415][651]BlueprintLog: New page: Compile WidgetBP_VideoOptionScreen
[2015.05.24-16.26.13:703][651]LogParticles: Destroying 0 GPU particle simulations for FXSystem 0x000000001A4AD3A0
[2015.05.24-16.26.13:735][651]BlueprintEditorCompileResults: Info [0575.86] Compile of WidgetBP_VideoOptionScreen successful! [in 319 ms]
[2015.05.24-16.26.30:396][738]BlueprintLog: New page: Compile WidgetBP_VideoOptionScreen
[2015.05.24-16.26.30:704][738]BlueprintEditorCompileResults: Info [0592.83] Compile of WidgetBP_VideoOptionScreen successful! [in 306 ms]
[2015.05.24-16.26.31:197][784]Cmd: OBJ SAVEPACKAGE PACKAGE="/Game/UI/Widgets/WidgetBP_VideoOptionScreen" FILE="D:/GitHub Repositories/UMGMenuSystem/Content/UI/Widgets/WidgetBP_VideoOptionScreen.uasset" SILENT=true
[2015.05.24-16.26.31:782][784]LogSavePackage: Save=484.022217ms
[2015.05.24-16.26.31:782][784]LogSavePackage: Moving 'D:/GitHub Repositories/UMGMenuSystem/Saved/WidgetBP_VideoOptionScreen1E9266EF4B6F5F911B52B9903EAB036D.tmp' to 'D:/GitHub Repositories/UMGMenuSystem/Content/UI/Widgets/WidgetBP_VideoOptionScreen.uasset'
[2015.05.24-16.26.36:438][300]LogParticles: Destroying 0 GPU particle simulations for FXSystem 0x000000000CC94F40
[2015.05.24-16.26.40:080][695]Cmd: OBJ SAVEPACKAGE PACKAGE="/Game/Maps/MainMenu_Map" FILE="D:/GitHub Repositories/UMGMenuSystem/Saved/Autosaves/Game/Maps/UEDPCMainMenu_Map.umap" SILENT=true AUTOSAVING=true KEEPDIRTY=true
[2015.05.24-16.26.40:143][695]LogSavePackage: Save=52.036209ms
[2015.05.24-16.26.40:143][695]LogSavePackage: Moving 'D:/GitHub Repositories/UMGMenuSystem/Saved/UEDPCMainMenu_MapF82D835B446B413B5DC2B49F24770C6E.tmp' to 'D:/GitHub Repositories/UMGMenuSystem/Saved/Autosaves/Game/Maps/UEDPCMainMenu_Map.umap'
[2015.05.24-16.27.57:059][568]LogContentBrowser:Verbose: The content browser source was changed by the sources view to '/Game/Textures'
[2015.05.24-16.27.57:423][607]LogContentBrowser:Verbose: The content browser source was changed by the sources view to '/Game/Blueprints'
[2015.05.24-16.28.04:585][418]Cmd: OBJ SAVEPACKAGE PACKAGE="/Game/Maps/MainMenu_Map" FILE="D:/GitHub Repositories/UMGMenuSystem/Content/Maps/MainMenu_Map.umap" SILENT=true AUTOSAVING=false KEEPDIRTY=false
[2015.05.24-16.28.04:688][418]LogSavePackage: Save=71.789841ms
[2015.05.24-16.28.04:688][418]LogSavePackage: Moving 'D:/GitHub Repositories/UMGMenuSystem/Saved/MainMenu_Map3167BE5C4ADC9C34FD0F608058E25C05.tmp' to 'D:/GitHub Repositories/UMGMenuSystem/Content/Maps/MainMenu_Map.umap'
[2015.05.24-16.28.04:702][418]LogFileHelpers: Saving map 'MainMenu_Map' took 0.314
[2015.05.24-16.28.05:708][538]LogContentBrowser:Verbose: The content browser source was changed by the sources view to '/Game/UI/Widgets'
[2015.05.24-16.32.32:592][435]LogEditorViewport: Clicking on Actor (LMB): BP_Sky_Sphere_C (BP_Sky_Shere)
[2015.05.24-16.32.33:478][540]Cmd: DELETE
[2015.05.24-16.32.33:478][540]Cmd: ACTOR DELETE
[2015.05.24-16.32.33:479][540]LogEditorActor: Deleted Actor: BP_Sky_Sphere_C
[2015.05.24-16.32.33:496][540]LogParticles: Destroying 0 GPU particle simulations for FXSystem 0x000000000CC95DA0
[2015.05.24-16.32.33:497][540]LogParticles: Destroying 0 GPU particle simulations for FXSystem 0x000000001DC77CE0
[2015.05.24-16.32.33:497][540]LogParticles: Destroying 0 GPU particle simulations for FXSystem 0x000000001A4AD300
[2015.05.24-16.32.33:497][540]LogParticles: Destroying 0 GPU particle simulations for FXSystem 0x0000000023406700
[2015.05.24-16.32.33:497][540]LogParticles: Destroying 0 GPU particle simulations for FXSystem 0x000000002CAA1620
[2015.05.24-16.32.33:497][540]LogParticles: Destroying 0 GPU particle simulations for FXSystem 0x000000002C06FEC0
[2015.05.24-16.32.33:505][540]LogEditorActor: Deleted 1 Actors (0.027 secs)
[2015.05.24-16.32.34:658][678]LogEditorViewport: Clicking on Actor (LMB): DirectionalLight (Light Source)
[2015.05.24-16.32.35:161][734]Cmd: DELETE
[2015.05.24-16.32.35:161][734]Cmd: ACTOR DELETE
[2015.05.24-16.32.35:162][734]LogEditorActor: Deleted Actor: DirectionalLight
[2015.05.24-16.32.35:183][734]LogEditorActor: Deleted 1 Actors (0.022 secs)
[2015.05.24-16.32.35:849][813]LogEditorViewport: Clicking on Actor (LMB): AtmosphericFog (Atmospheric Fog)
[2015.05.24-16.32.36:166][849]Cmd: DELETE
[2015.05.24-16.32.36:166][849]Cmd: ACTOR DELETE
[2015.05.24-16.32.36:166][849]LogEditorActor: Deleted Actor: AtmosphericFog
[2015.05.24-16.32.36:186][849]LogEditorActor: Deleted 1 Actors (0.020 secs)
[2015.05.24-16.32.38:915][174]LogEditorViewport: Clicking on Actor (LMB): BP_MainMenuActor_C (BP_MainMenuActor)
[2015.05.24-16.32.43:783][752]LogEditorActor: Deleted Actor: StaticMeshActor
[2015.05.24-16.32.43:801][752]LogEditorActor: Deleted 1 Actors (0.019 secs)
[2015.05.24-16.33.00:310][712]LogEditorTransaction: Undo Changed Anchors
[2015.05.24-16.33.09:417][736]LogEditorTransaction: Undo Changed Anchors
[2015.05.24-16.33.11:287][921]LogEditorTransaction: Undo Clicking on Actors
[2015.05.24-16.33.59:649][ 63]BlueprintLog: New page: Compile WidgetBP_LoadingScreen
[2015.05.24-16.33.59:714][ 63]BlueprintEditorCompileResults: Info [1041.83] Compile of WidgetBP_LoadingScreen successful! [in 63 ms]
[2015.05.24-16.34.00:144][109]Cmd: OBJ SAVEPACKAGE PACKAGE="/Game/UI/Widgets/WidgetBP_LoadingScreen" FILE="D:/GitHub Repositories/UMGMenuSystem/Content/UI/Widgets/WidgetBP_LoadingScreen.uasset" SILENT=true
[2015.05.24-16.34.00:188][109]LogSavePackage: Save=32.646912ms
[2015.05.24-16.34.00:188][109]LogSavePackage: Moving 'D:/GitHub Repositories/UMGMenuSystem/Saved/WidgetBP_LoadingScreen559296E443D1C7DC3CAFF988EF7ACEF6.tmp' to 'D:/GitHub Repositories/UMGMenuSystem/Content/UI/Widgets/WidgetBP_LoadingScreen.uasset'
[2015.05.24-16.34.03:587][513]LogEditorViewport: Clicking on Actor (LMB): AmbientSound (ShooterGame_Music_Cue)
[2015.05.24-16.34.05:456][735]LogEditorViewport: Clicking on Actor (LMB): BP_MainMenuActor_C (BP_MainMenuActor)
[2015.05.24-16.34.08:336][ 78]LogContentBrowser:Verbose: The content browser source was changed by the sources view to '/Game/Blueprints'
[2015.05.24-16.34.14:357][725]LogContentBrowser:Verbose: The content browser source was changed by the sources view to '/Game/Maps'
[2015.05.24-16.34.14:864][785]LogContentBrowser:Verbose: The content browser source was changed by the sources view to '/Game/Sound'
[2015.05.24-16.34.16:150][939]LogContentBrowser:Verbose: The content browser source was changed by the sources view to '/Game/Blueprints'
[2015.05.24-16.34.31:031][583]LogLinker:Warning: CreateImport: Object 'StateChanged__DelegateSignature' isn't imported, because its outer is a placeholder. Archive: 'D:/GitHub Repositories/UMGMenuSystem/Content/Blueprints/BP_InGameActor.uasset'
[2015.05.24-16.34.39:784][524]LogParticles: Destroying 0 GPU particle simulations for FXSystem 0x000000001368D9E0
[2015.05.24-16.34.39:785][524]LogParticles: Destroying 0 GPU particle simulations for FXSystem 0x000000000D1A9620
[2015.05.24-16.34.39:785][524]LogParticles: Destroying 0 GPU particle simulations for FXSystem 0x000000002B74D9E0
[2015.05.24-16.34.39:794][524]LogParticles: Destroying 0 GPU particle simulations for FXSystem 0x000000000F7F3F60
[2015.05.24-16.34.40:003][524]Cmd: OBJ SAVEPACKAGE PACKAGE="/Game/Maps/MainMenu_Map" FILE="D:/GitHub Repositories/UMGMenuSystem/Content/Maps/MainMenu_Map.umap" SILENT=true AUTOSAVING=false KEEPDIRTY=false
[2015.05.24-16.34.40:076][524]LogSavePackage: Save=43.166859ms
[2015.05.24-16.34.40:076][524]LogSavePackage: Moving 'D:/GitHub Repositories/UMGMenuSystem/Saved/MainMenu_MapB9C14E1241FE403FF691CD97FCC9BC20.tmp' to 'D:/GitHub Repositories/UMGMenuSystem/Content/Maps/MainMenu_Map.umap'
[2015.05.24-16.34.40:090][524]LogFileHelpers: Saving map 'MainMenu_Map' took 0.264
[2015.05.24-16.35.05:633][564]LogParticles: Destroying 0 GPU particle simulations for FXSystem 0x000000000D1A8220
[2015.05.24-16.35.08:353][818]Cmd: QUIT_EDITOR
[2015.05.24-16.35.08:853][818]LogExit: Preparing to exit.
[2015.05.24-16.35.09:047][818]LogExit: Editor shut down
[2015.05.24-16.35.09:047][818]LogExit: Transaction tracking system shut down
[2015.05.24-16.35.09:049][818]LogParticles: Destroying 0 GPU particle simulations for FXSystem 0x0000000016130B80
[2015.05.24-16.35.09:049][818]LogParticles: Destroying 0 GPU particle simulations for FXSystem 0x000000001DE8D6C0
[2015.05.24-16.35.09:050][818]LogParticles: Destroying 0 GPU particle simulations for FXSystem 0x000000001A241DA0
[2015.05.24-16.35.09:133][818]LogExit: Object subsystem successfully closed.
[2015.05.24-16.35.09:201][818]LogModuleManager: Shutting down and abandoning module SequencerWidgets (178)
[2015.05.24-16.35.09:201][818]LogModuleManager: Shutting down and abandoning module CrashTracker (177)
[2015.05.24-16.35.09:201][818]LogModuleManager: Shutting down and abandoning module SuperSearch (176)
[2015.05.24-16.35.09:201][818]LogModuleManager: Shutting down and abandoning module SceneOutliner (175)
[2015.05.24-16.35.09:201][818]LogModuleManager: Shutting down and abandoning module EditorWidgets (174)
[2015.05.24-16.35.09:201][818]LogModuleManager: Shutting down and abandoning module CollectionManager (173)
[2015.05.24-16.35.09:201][818]LogModuleManager: Shutting down and abandoning module StatsViewer (172)
[2015.05.24-16.35.09:201][818]LogModuleManager: Shutting down and abandoning module FoliageEdit (171)
[2015.05.24-16.35.09:201][818]LogModuleManager: Shutting down and abandoning module LandscapeEditor (170)
[2015.05.24-16.35.09:201][818]LogModuleManager: Shutting down and abandoning module MeshPaint (169)
[2015.05.24-16.35.09:201][818]LogModuleManager: Shutting down and abandoning module ActorPickerMode (168)
[2015.05.24-16.35.09:201][818]LogModuleManager: Shutting down and abandoning module GeometryMode (167)
[2015.05.24-16.35.09:201][818]LogModuleManager: Shutting down and abandoning module TextureAlignMode (166)
[2015.05.24-16.35.09:201][818]LogModuleManager: Shutting down and abandoning module BspMode (165)
[2015.05.24-16.35.09:201][818]LogModuleManager: Shutting down and abandoning module PlacementMode (164)
[2015.05.24-16.35.09:201][818]LogModuleManager: Shutting down and abandoning module AutomationWorker (163)
[2015.05.24-16.35.09:201][818]LogModuleManager: Shutting down and abandoning module CharacterAI (162)
[2015.05.24-16.35.09:201][818]LogModuleManager: Shutting down and abandoning module SmartSnapping (161)
[2015.05.24-16.35.09:201][818]LogModuleManager: Shutting down and abandoning module ViewportSnapping (160)
[2015.05.24-16.35.09:201][818]LogModuleManager: Shutting down and abandoning module LogVisualizer (159)
[2015.05.24-16.35.09:201][818]LogModuleManager: Shutting down and abandoning module GameProjectGeneration (158)
[2015.05.24-16.35.09:201][818]LogModuleManager: Shutting down and abandoning module IntroTutorials (157)
[2015.05.24-16.35.09:202][818]LogModuleManager: Shutting down and abandoning module EditorLiveStreaming (156)
[2015.05.24-16.35.09:202][818]LogModuleManager: Shutting down and abandoning module HardwareTargeting (155)
[2015.05.24-16.35.09:202][818]LogModuleManager: Shutting down and abandoning module DeviceProfileEditor (154)
[2015.05.24-16.35.09:202][818]LogModuleManager: Shutting down and abandoning module UndoHistory (153)
[2015.05.24-16.35.09:202][818]LogModuleManager: Shutting down and abandoning module GameplayTagsEditor (152)
[2015.05.24-16.35.09:202][818]LogModuleManager: Shutting down and abandoning module UserFeedback (151)
[2015.05.24-16.35.09:202][818]LogModuleManager: Shutting down and abandoning module XmlParser (150)
[2015.05.24-16.35.09:202][818]LogModuleManager: Shutting down and abandoning module Blutility (149)
[2015.05.24-16.35.09:202][818]LogModuleManager: Shutting down and abandoning module IOSPlatformEditor (148)
[2015.05.24-16.35.09:202][818]LogModuleManager: Shutting down and abandoning module IOSRuntimeSettings (147)
[2015.05.24-16.35.09:202][818]LogModuleManager: Shutting down and abandoning module AndroidDeviceDetection (146)
[2015.05.24-16.35.09:372][818]LogModuleManager: Shutting down and abandoning module AndroidPlatformEditor (145)
[2015.05.24-16.35.09:372][818]LogModuleManager: Shutting down and abandoning module AndroidRuntimeSettings (144)
[2015.05.24-16.35.09:372][818]LogModuleManager: Shutting down and abandoning module ProjectTargetPlatformEditor (143)
[2015.05.24-16.35.09:372][818]LogModuleManager: Shutting down and abandoning module ProjectSettingsViewer (142)
[2015.05.24-16.35.09:373][818]LogModuleManager: Shutting down and abandoning module InputBindingEditor (141)
[2015.05.24-16.35.09:373][818]LogModuleManager: Shutting down and abandoning module EditorSettingsViewer (140)
[2015.05.24-16.35.09:373][818]LogModuleManager: Shutting down and abandoning module SettingsEditor (139)
[2015.05.24-16.35.09:373][818]LogModuleManager: Shutting down and abandoning module ProjectLauncher (138)
[2015.05.24-16.35.09:373][818]LogModuleManager: Shutting down and abandoning module SessionFrontend (137)
[2015.05.24-16.35.09:373][818]LogModuleManager: Shutting down and abandoning module ProfilerClient (136)
[2015.05.24-16.35.09:373][818]LogModuleManager: Shutting down and abandoning module TargetDeviceServices (135)
[2015.05.24-16.35.09:373][818]LogModuleManager: Shutting down and abandoning module DeviceManager (134)
[2015.05.24-16.35.09:374][818]LogModuleManager: Shutting down and abandoning module AutomationController (133)
[2015.05.24-16.35.09:374][818]LogModuleManager: Shutting down and abandoning module AutomationWindow (132)
[2015.05.24-16.35.09:374][818]LogModuleManager: Shutting down and abandoning module Layers (131)
[2015.05.24-16.35.09:374][818]LogModuleManager: Shutting down and abandoning module ComponentVisualizers (130)
[2015.05.24-16.35.09:374][818]LogModuleManager: Shutting down and abandoning module DetailCustomizations (129)
[2015.05.24-16.35.09:374][818]LogModuleManager: Shutting down and abandoning module PackagesDialog (128)
[2015.05.24-16.35.09:374][818]LogModuleManager: Shutting down and abandoning module AssetRegistry (127)
[2015.05.24-16.35.09:430][818]LogModuleManager: Shutting down and abandoning module Persona (126)
[2015.05.24-16.35.09:430][818]LogModuleManager: Shutting down and abandoning module SlateReflector (125)
[2015.05.24-16.35.09:430][818]LogModuleManager: Shutting down and abandoning module LevelEditor (124)
[2015.05.24-16.35.09:431][818]LogModuleManager: Shutting down and abandoning module Kismet (123)
[2015.05.24-16.35.09:431][818]LogModuleManager: Shutting down and abandoning module GraphEditor (122)
[2015.05.24-16.35.09:431][818]LogModuleManager: Shutting down and abandoning module ClassViewer (121)
[2015.05.24-16.35.09:431][818]LogModuleManager: Shutting down and abandoning module Toolbox (120)
[2015.05.24-16.35.09:431][818]LogModuleManager: Shutting down and abandoning module ModuleUI (119)
[2015.05.24-16.35.09:431][818]LogModuleManager: Shutting down and abandoning module MovieSceneTools (118)
[2015.05.24-16.35.09:431][818]LogModuleManager: Shutting down and abandoning module OutputLog (117)
[2015.05.24-16.35.09:431][818]LogModuleManager: Shutting down and abandoning module GammaUI (116)
[2015.05.24-16.35.09:431][818]LogModuleManager: Shutting down and abandoning module Documentation (115)
[2015.05.24-16.35.09:432][818]LogModuleManager: Shutting down and abandoning module GameLiveStreaming (114)
[2015.05.24-16.35.09:432][818]LogModuleManager: Shutting down and abandoning module StreamingPauseRendering (113)
[2015.05.24-16.35.09:432][818]LogModuleManager: Shutting down and abandoning module HTTP (112)
[2015.05.24-16.35.09:432][818]LogModuleManager: Shutting down and abandoning module AnalyticsET (111)
[2015.05.24-16.35.09:432][818]LogModuleManager: Shutting down and abandoning module Analytics (110)
[2015.05.24-16.35.09:432][818]LogModuleManager: Shutting down and abandoning module AITestSuite (109)
[2015.05.24-16.35.09:432][818]LogModuleManager: Shutting down and abandoning module GameplayDebugger (108)
[2015.05.24-16.35.09:432][818]LogModuleManager: Shutting down and abandoning module AIModule (107)
[2015.05.24-16.35.09:432][818]LogModuleManager: Shutting down and abandoning module ProfilerService (106)
[2015.05.24-16.35.09:530][818]LogModuleManager: Shutting down and abandoning module TaskGraph (105)
[2015.05.24-16.35.09:530][818]LogModuleManager: Shutting down and abandoning module SlateRemote (104)
[2015.05.24-16.35.09:530][818]LogModuleManager: Shutting down and abandoning module ScriptEditorPlugin (103)
[2015.05.24-16.35.09:530][818]LogModuleManager: Shutting down and abandoning module CustomMeshComponent (102)
[2015.05.24-16.35.09:530][818]LogModuleManager: Shutting down and abandoning module CableComponent (101)
[2015.05.24-16.35.09:530][818]LogModuleManager: Shutting down and abandoning module MessagingDebugger (100)
[2015.05.24-16.35.09:530][818]LogModuleManager: Shutting down and abandoning module MediaPlayerEditor (99)
[2015.05.24-16.35.09:530][818]LogModuleManager: Shutting down and abandoning module SpeedTreeImporter (98)
[2015.05.24-16.35.09:530][818]LogModuleManager: Shutting down and abandoning module PluginsEditor (97)
[2015.05.24-16.35.09:530][818]LogModuleManager: Shutting down and abandoning module MainFrame (96)
[2015.05.24-16.35.09:530][818]LogModuleManager: Shutting down and abandoning module EpicSurvey (95)
[2015.05.24-16.35.09:530][818]LogModuleManager: Shutting down and abandoning module DesktopPlatform (94)
[2015.05.24-16.35.09:530][818]LogModuleManager: Shutting down and abandoning module DirectoryWatcher (93)
[2015.05.24-16.35.09:531][818]LogModuleManager: Shutting down and abandoning module HotReload (92)
[2015.05.24-16.35.09:531][818]LogModuleManager: Shutting down and abandoning module VisualStudioSourceCodeAccess (91)
[2015.05.24-16.35.09:531][818]LogModuleManager: Shutting down and abandoning module UObjectPlugin (90)
[2015.05.24-16.35.09:531][818]LogModuleManager: Shutting down and abandoning module SubversionSourceControl (89)
[2015.05.24-16.35.09:531][818]LogModuleManager: Shutting down and abandoning module PerforceSourceControl (88)
[2015.05.24-16.35.09:531][818]LogModuleManager: Shutting down and abandoning module SourceControl (87)
[2015.05.24-16.35.09:531][818]LogModuleManager: Shutting down and abandoning module GitSourceControl (86)
[2015.05.24-16.35.09:531][818]LogModuleManager: Shutting down and abandoning module BlankPlugin (85)
[2015.05.24-16.35.09:531][818]LogModuleManager: Shutting down and abandoning module PaperTiledImporter (84)
[2015.05.24-16.35.09:531][818]LogModuleManager: Shutting down and abandoning module PaperJsonImporter (83)
[2015.05.24-16.35.09:531][818]LogModuleManager: Shutting down and abandoning module ContentBrowser (82)
[2015.05.24-16.35.09:532][818]LogModuleManager: Shutting down and abandoning module Paper2DEditor (81)
[2015.05.24-16.35.09:532][818]LogModuleManager: Shutting down and abandoning module ScriptPlugin (80)
[2015.05.24-16.35.09:532][818]LogModuleManager: Shutting down and abandoning module UdpMessaging (79)
[2015.05.24-16.35.09:632][818]LogModuleManager: Shutting down and abandoning module Paper2D (78)
[2015.05.24-16.35.09:632][818]LogModuleManager: Shutting down and abandoning module WindowsMoviePlayer (77)
[2015.05.24-16.35.09:637][818]LogModuleManager: Shutting down and abandoning module Media (76)
[2015.05.24-16.35.09:637][818]LogModuleManager: Shutting down and abandoning module WmfMedia (75)
[2015.05.24-16.35.09:637][818]LogModuleManager: Shutting down and abandoning module OnlineBlueprintSupport (74)
[2015.05.24-16.35.09:637][818]LogModuleManager: Shutting down and abandoning module PropertyEditor (73)
[2015.05.24-16.35.09:637][818]LogModuleManager: Shutting down and abandoning module BehaviorTreeEditor (72)
[2015.05.24-16.35.09:637][818]LogModuleManager: Shutting down and abandoning module FunctionalTesting (71)
[2015.05.24-16.35.09:637][818]LogModuleManager: Shutting down and abandoning module CollisionAnalyzer (70)
[2015.05.24-16.35.09:637][818]LogModuleManager: Shutting down and abandoning module WorkspaceMenuStructure (69)
[2015.05.24-16.35.09:638][818]LogModuleManager: Shutting down and abandoning module MessageLog (68)
[2015.05.24-16.35.09:638][818]LogModuleManager: Shutting down and abandoning module Sequencer (67)
[2015.05.24-16.35.09:638][818]LogModuleManager: Shutting down and abandoning module AssetTools (66)
[2015.05.24-16.35.09:638][818]LogModuleManager: Shutting down and abandoning module UMGEditor (65)
[2015.05.24-16.35.09:638][818]LogModuleManager: Shutting down and abandoning module UMG (64)
[2015.05.24-16.35.09:638][818]LogModuleManager: Shutting down and abandoning module Slate (63)
[2015.05.24-16.35.09:638][818]LogModuleManager: Shutting down and abandoning module EditorStyle (62)
[2015.05.24-16.35.09:650][818]LogModuleManager: Shutting down and abandoning module SessionServices (61)
[2015.05.24-16.35.09:650][818]LogModuleManager: Shutting down and abandoning module SourceCodeAccess (60)
[2015.05.24-16.35.09:650][818]LogModuleManager: Shutting down and abandoning module HeadMountedDisplay (59)
[2015.05.24-16.35.09:650][818]LogModuleManager: Shutting down and abandoning module XAudio2 (58)
[2015.05.24-16.35.09:650][818]LogModuleManager: Shutting down and abandoning module Networking (56)
[2015.05.24-16.35.09:650][818]LogModuleManager: Shutting down and abandoning module Core (55)
[2015.05.24-16.35.09:650][818]LogModuleManager: Shutting down and abandoning module KismetCompiler (54)
[2015.05.24-16.35.09:650][818]LogModuleManager: Shutting down and abandoning module PhysXFormats (53)
[2015.05.24-16.35.09:650][818]LogModuleManager: Shutting down and abandoning module MeshUtilities (52)
[2015.05.24-16.35.09:650][818]LogModuleManager: Shutting down and abandoning module DerivedDataCache (51)
[2015.05.24-16.35.09:697][818]LogDerivedDataCache: Shutdown
[2015.05.24-16.35.09:697][818]LogModuleManager: Shutting down and abandoning module ShaderFormatOpenGL (50)
[2015.05.24-16.35.09:697][818]LogModuleManager: Shutting down and abandoning module ShaderFormatD3D (49)
[2015.05.24-16.35.09:697][818]LogModuleManager: Shutting down and abandoning module MetalShaderFormat (48)
[2015.05.24-16.35.09:697][818]LogModuleManager: Shutting down and abandoning module TextureFormatUncompressed (47)
[2015.05.24-16.35.09:697][818]LogModuleManager: Shutting down and abandoning module TextureFormatPVR (46)
[2015.05.24-16.35.09:697][818]LogModuleManager: Shutting down and abandoning module TextureFormatIntelISPCTexComp (45)
[2015.05.24-16.35.09:697][818]LogModuleManager: Shutting down and abandoning module TextureFormatDXT (44)
[2015.05.24-16.35.09:697][818]LogModuleManager: Shutting down and abandoning module ImageWrapper (43)
[2015.05.24-16.35.09:697][818]LogModuleManager: Shutting down and abandoning module TextureFormatASTC (42)
[2015.05.24-16.35.09:697][818]LogModuleManager: Shutting down and abandoning module TextureFormatAndroid (41)
[2015.05.24-16.35.09:697][818]LogModuleManager: Shutting down and abandoning module AudioFormatOpus (40)
[2015.05.24-16.35.09:697][818]LogModuleManager: Shutting down and abandoning module AudioFormatOgg (39)
[2015.05.24-16.35.09:697][818]LogModuleManager: Shutting down and abandoning module AudioFormatADPCM (38)
[2015.05.24-16.35.09:697][818]LogModuleManager: Shutting down and abandoning module LinuxTargetPlatform (37)
[2015.05.24-16.35.09:697][818]LogModuleManager: Shutting down and abandoning module LinuxServerTargetPlatform (36)
[2015.05.24-16.35.09:697][818]LogModuleManager: Shutting down and abandoning module LinuxNoEditorTargetPlatform (35)
[2015.05.24-16.35.09:697][818]LogModuleManager: Shutting down and abandoning module Messaging (34)
[2015.05.24-16.35.09:698][818]LogModuleManager: Shutting down and abandoning module IOSTargetPlatform (33)
[2015.05.24-16.35.09:698][818]LogModuleManager: Shutting down and abandoning module HTML5TargetPlatform (32)
[2015.05.24-16.35.09:698][818]LogModuleManager: Shutting down and abandoning module Android_PVRTCTargetPlatform (31)
[2015.05.24-16.35.09:698][818]LogModuleManager: Shutting down and abandoning module Android_ETC2TargetPlatform (30)
[2015.05.24-16.35.09:698][818]LogModuleManager: Shutting down and abandoning module Android_ETC1TargetPlatform (29)
[2015.05.24-16.35.09:698][818]LogModuleManager: Shutting down and abandoning module Android_ES31TargetPlatform (28)
[2015.05.24-16.35.09:698][818]LogModuleManager: Shutting down and abandoning module Android_DXTTargetPlatform (27)
[2015.05.24-16.35.09:698][818]LogModuleManager: Shutting down and abandoning module Android_ATCTargetPlatform (26)
[2015.05.24-16.35.09:698][818]LogModuleManager: Shutting down and abandoning module AndroidTargetPlatform (25)
[2015.05.24-16.35.09:698][818]LogModuleManager: Shutting down and abandoning module WindowsTargetPlatform (24)
[2015.05.24-16.35.09:698][818]LogModuleManager: Shutting down and abandoning module WindowsServerTargetPlatform (23)
[2015.05.24-16.35.09:698][818]LogModuleManager: Shutting down and abandoning module WindowsNoEditorTargetPlatform (22)
[2015.05.24-16.35.09:698][818]LogModuleManager: Shutting down and abandoning module WindowsClientTargetPlatform (21)
[2015.05.24-16.35.09:698][818]LogModuleManager: Shutting down and abandoning module TargetPlatform (20)
[2015.05.24-16.35.09:698][818]LogModuleManager: Shutting down and abandoning module InputCore (19)
[2015.05.24-16.35.09:698][818]LogModuleManager: Shutting down and abandoning module Settings (18)
[2015.05.24-16.35.09:698][818]LogModuleManager: Shutting down and abandoning module OnlineSubsystem (16)
[2015.05.24-16.35.09:698][818]LogModuleManager: Shutting down and abandoning module OculusRift (15)
[2015.05.24-16.35.09:698][818]LogModuleManager: Shutting down and abandoning module ExampleDeviceProfileSelector (14)
[2015.05.24-16.35.09:698][818]LogModuleManager: Shutting down and abandoning module TextureCompressor (13)
[2015.05.24-16.35.09:699][818]LogModuleManager: Shutting down and abandoning module ShaderCore (12)
[2015.05.24-16.35.09:699][818]LogModuleManager: Shutting down and abandoning module Landscape (11)
[2015.05.24-16.35.09:699][818]LogModuleManager: Shutting down and abandoning module SlateRHIRenderer (10)
[2015.05.24-16.35.09:712][818]LogModuleManager: Shutting down and abandoning module OpenGLDrv (9)
[2015.05.24-16.35.09:712][818]LogModuleManager: Shutting down and abandoning module D3D11RHI (8)
[2015.05.24-16.35.09:712][818]LogModuleManager: Shutting down and abandoning module Renderer (7)
[2015.05.24-16.35.09:712][818]LogModuleManager: Shutting down and abandoning module Engine (6)
[2015.05.24-16.35.09:712][818]LogModuleManager: Shutting down and abandoning module CoreUObject (5)
[2015.05.24-16.35.09:712][818]LogModuleManager: Shutting down and abandoning module NetworkFile (4)
[2015.05.24-16.35.09:712][818]LogModuleManager: Shutting down and abandoning module StreamingFile (3)
[2015.05.24-16.35.09:712][818]LogModuleManager: Shutting down and abandoning module SandboxFile (2)
[2015.05.24-16.35.09:712][818]LogModuleManager: Shutting down and abandoning module PakFile (1)
[2015.05.24-16.35.09:713][818]LogExit: Exiting.
[2015.05.24-16.35.09:728][818]Log file closed, 05/24/15 22:05:09
