Log file open, 04/28/15 18:14:40
LogInit:Display: Running engine for game: UMGMenuExample
LogInit: Version: 4.7.6-2513093+++depot+UE4-Releases+4.7
LogInit: API Version: 2455222
LogInit: Compiled (64-bit): Apr 15 2015 12:09:54
LogInit: Compiled with Visual C++: 18.00.21005.01
LogInit: Build Configuration: Development
LogInit: Branch Name: ++depot+UE4-Releases+4.7
LogInit: Command line:  /Temp/Autosaves/Game/Maps/UEDPCMainMenu_Map -game -PIEVIACONSOLE -ResX=1280 -ResY=720  -Multiprocess 
LogInit: Base directory: C:/Program Files/Epic Games/4.7/Engine/Binaries/Win64/
LogInit: Rocket: 1
[2015.04.28-12.44.40:887][  0]LogTaskGraph: Started task graph with 3 named threads and 6 total threads.
[2015.04.28-12.44.40:945][  0]LogOnline:Warning: No default platform service specified for OnlineSubsystem
[2015.04.28-12.44.40:963][  0]LogInit: Presizing for 0 objects not considered by GC, pre-allocating 0 bytes.
[2015.04.28-12.44.40:973][  0]LogInit: Object subsystem initialized
[2015.04.28-12.44.40:974][  0]LogConsoleResponse:Warning: Skipping Unknown console variable: 'UIScaleRule = ShortestSide'
[2015.04.28-12.44.40:974][  0]LogConsoleResponse:Warning:   Found in ini file 'D:/GitHub Repositories/UMGMenuSystem/Saved/Config/Windows/Engine.ini', in section '[/Script/Engine.RendererSettings]'
[2015.04.28-12.44.40:974][  0]LogConsoleResponse:Warning: Skipping Unknown console variable: 'UIScaleCurve = (EditorCurveData=(Keys=),ExternalCurve=None)'
[2015.04.28-12.44.40:974][  0]LogConsoleResponse:Warning:   Found in ini file 'D:/GitHub Repositories/UMGMenuSystem/Saved/Config/Windows/Engine.ini', in section '[/Script/Engine.RendererSettings]'
[2015.04.28-12.44.40:975][  0]LogConsoleManager:Warning: Console variable 'r.MSAA.CompositingSampleCount' wasn't set (Priority ProjectSetting < Scalability)
[2015.04.28-12.44.40:975][  0]LogInit: Selected Device Profile: [Windows]
[2015.04.28-12.44.40:975][  0]LogInit: Applying CVar settings loaded from the selected device profile: [Windows]
[2015.04.28-12.44.40:979][  0]LogInit: Computer: PROTEUS_CORE
[2015.04.28-12.44.40:979][  0]LogInit: User: Rohit
[2015.04.28-12.44.40:979][  0]LogInit: CPU Page size=4096, Cores=4
[2015.04.28-12.44.40:979][  0]LogInit: High frequency timer resolution =3.027421 MHz
[2015.04.28-12.44.40:979][  0]LogMemory: Memory total: Physical=7.9GB (8GB approx) Virtual=8192.0GB
[2015.04.28-12.44.40:979][  0]LogMemory: Platform Memory Stats for Windows
[2015.04.28-12.44.40:979][  0]LogMemory: Process Physical Memory: 49.29 MB used, 49.29 MB peak
[2015.04.28-12.44.40:979][  0]LogMemory: Process Virtual Memory: 26.63 MB used, 26.63 MB peak
[2015.04.28-12.44.40:979][  0]LogMemory: Physical Memory: 3266.28 MB used, 8136.00 MB total
[2015.04.28-12.44.40:979][  0]LogMemory: Virtual Memory: 280.86 MB used, 8388608.00 MB total
[2015.04.28-12.44.41:023][  0]LogD3D11RHI: Found D3D11 adapter 0: NVIDIA GeForce GTX 660   (Feature Level 11_0)
[2015.04.28-12.44.41:023][  0]LogD3D11RHI: Adapter has 1990MB of dedicated video memory, 0MB of dedicated system memory, and 2048MB of shared system memory, 1 output[s]
[2015.04.28-12.44.41:023][  0]LogD3D11RHI: Chosen D3D11 Adapter Id = 0
[2015.04.28-12.44.41:028][  0]LogRHI: Texture pool is 1361 MB (70% of 1945 MB)
[2015.04.28-12.44.41:038][  0]LogD3D11RHI: Async texture creation enabled
[2015.04.28-12.44.41:106][  0]LogTextLocalizationManager: The requested culture ('en_US') has no localization data; parent culture's ('en') localization data will be used.
[2015.04.28-12.44.41:166][  0]LogTextLocalizationManager:Warning: Loading localization resources contain conflicting entries for (Namespace:UICommands, Key:Save_ToolTip):
Resource: (C:/Program Files/Epic Games/4.7/Engine/Content/Localization/Editor/en/Editor.locres) Hash: (-29098895) String: (Saves the current level to disk)
Resource: (C:/Program Files/Epic Games/4.7/Engine/Content/Localization/Engine/en/Engine.locres) Hash: (-1280300587) String: (Save selected data to vlog file)
[2015.04.28-12.44.41:166][  0]LogTextLocalizationManager:Warning: Loading localization resources contain conflicting entries for (Namespace:ContentBrowser, Key:ImportAssetToolTip):
Resource: (C:/Program Files/Epic Games/4.7/Engine/Content/Localization/Editor/en/Editor.locres) Hash: (-630476809) String: (Import to {0}...)
Resource: (C:/Program Files/Epic Games/4.7/Engine/Content/Localization/Editor/en/Editor.locres) Hash: (1271782899) String: (Imports an asset from file to this folder.)
[2015.04.28-12.44.41:248][  0]LogContentStreaming: Texture pool size is 700.000000MB
[2015.04.28-12.44.43:613][  0]LogTargetPlatformManager:Display: Building Assets For Windows
[2015.04.28-12.44.44:263][  0]LogTargetPlatformManager:Display: Building Assets For Windows
[2015.04.28-12.44.44:345][  0]LogDerivedDataCache:Display: Max Cache Size: 512 MB
[2015.04.28-12.44.44:382][  0]LogDerivedDataCache: Loaded boot cache 0.04s 39MB C:/Users/Rohit/AppData/Local/UnrealEngine/4.7/DerivedDataCache/Boot.ddc.
[2015.04.28-12.44.44:382][  0]LogDerivedDataCache:Display: Loaded Boot cache: C:/Users/Rohit/AppData/Local/UnrealEngine/4.7/DerivedDataCache/Boot.ddc
[2015.04.28-12.44.44:382][  0]LogDerivedDataCache: FDerivedDataBackendGraph:  Pak pak cache file D:/GitHub Repositories/UMGMenuSystem/DerivedDataCache/DDC.ddp not found, will not use a pak cache.
[2015.04.28-12.44.44:382][  0]LogDerivedDataCache: Unable to find inner node Pak for hierarchical cache Hierarchy.
[2015.04.28-12.44.44:502][  0]LogDerivedDataCache:Display: Pak cache opened for reading ../../../Engine/DerivedDataCache/Compressed.ddp.
[2015.04.28-12.44.44:514][  0]LogDerivedDataCache: Using Local data cache path C:/Users/Rohit/AppData/Local/UnrealEngine/Common/DerivedDataCache: Writable
[2015.04.28-12.44.44:813][  0]LogMeshUtilities: No automatic mesh reduction module available
[2015.04.28-12.44.44:813][  0]LogMeshUtilities: No automatic mesh merging module available
[2015.04.28-12.44.45:133][  0]LogInit: WinSock: version 1.1 (2.2), MaxSocks=32767, MaxUdp=65467
[2015.04.28-12.44.45:588][  0]LogWindowsMoviePlayer: Unable to load movie: D:/GitHub Repositories/UMGMenuSystem/Content/Movies/Default_Startup.mp4
[2015.04.28-12.44.45:751][  0]LogSourceControl: RunCommandInternalRaw: 'git version'
[2015.04.28-12.44.45:751][  0]LogSourceControl: RunCommandInternalRaw: ExecProcess ReturnCode=2 OutResults=''
[2015.04.28-12.44.45:794][  0]SourceControl: Info Source control is disabled
[2015.04.28-12.44.45:794][  0]SourceControl: Info Source control is disabled
[2015.04.28-12.44.45:794][  0]SourceControl: Info Source control is disabled
[2015.04.28-12.44.45:808][  0]SourceControl: Info Source control is disabled
[2015.04.28-12.44.45:940][  0]LogObj: 23971 objects as part of root set at end of initial load.
[2015.04.28-12.44.45:940][  0]LogUObjectAllocator: 4988928 out of 0 bytes used by permanent object pool.
[2015.04.28-12.44.46:024][  0]LogAutomationTest:Warning: ERR: Transient text cannot be serialized "Testing Transient serialization detection".
[2015.04.28-12.44.46:024][  0]LogEngine: Initializing Engine...
[2015.04.28-12.44.48:182][  0]LogInit: XAudio2 using 'Speakers (Realtek High Definition Audio)' : 2 channels at 48 kHz using 32 bits per sample (channel mask 0x3)
[2015.04.28-12.44.48:227][  0]LogInit: FAudioDevice initialized.
[2015.04.28-12.44.48:229][  0]LogInit: Texture streaming: Enabled
[2015.04.28-12.44.48:316][  0]LogAnalytics: Creating configured Analytics provider AnalyticsET
[2015.04.28-12.44.48:316][  0]LogAnalytics: ET APIKey = Rocket.Release. APIServer = http://et2.epicgames.com/ET2/. AppVersion = 4.7.6-2513093+++depot+UE4-Releases+4.7
[2015.04.28-12.44.48:316][  0]LogAnalytics: ET APIKey = Rocket.Release. DataRouterUploadURL = https://datarouter-public-service-gamedev.ol.epicgames.net/datarouter/api/v1/public/data. AppVersion = 4.7.6-2513093+++depot+UE4-Releases+4.7
[2015.04.28-12.44.48:316][  0]LogAnalytics: SetUserId 013718ab4e6dec0f6374d59520a1ab13|7b8e2bb8b466411588cadfe08ecd7de9|6951b782-1f02-4763-a464-5016cbe33e2c
[2015.04.28-12.44.48:316][  0]LogAnalytics: AnalyticsET::StartSession [Rocket.Release]
[2015.04.28-12.44.48:393][  0]LogNet: Browse: /Temp/Autosaves/Game/Maps/UEDPCMainMenu_Map?Name=Player
[2015.04.28-12.44.48:400][  0]LogLoad: LoadMap: /Temp/Autosaves/Game/Maps/UEDPCMainMenu_Map?Name=Player
[2015.04.28-12.44.48:410][  0]LogMemory: Platform Memory Stats for Windows
[2015.04.28-12.44.48:410][  0]LogMemory: Process Physical Memory: 284.71 MB used, 290.15 MB peak
[2015.04.28-12.44.48:410][  0]LogMemory: Process Virtual Memory: 241.89 MB used, 250.40 MB peak
[2015.04.28-12.44.48:410][  0]LogMemory: Physical Memory: 3455.90 MB used, 8136.00 MB total
[2015.04.28-12.44.48:410][  0]LogMemory: Virtual Memory: 665.95 MB used, 8388608.00 MB total
[2015.04.28-12.44.48:410][  0]LogMemory: 
[2015.04.28-12.44.48:410][  0]Allocator Stats for TBB: (not implemented)
[2015.04.28-12.44.48:563][  0]LogLinker:Warning: CreateImport: Object 'StateChanged__DelegateSignature' isn't imported, because its outer is a placeholder. Archive: 'D:/GitHub Repositories/UMGMenuSystem/Content/Blueprints/BP_MainMenuActor.uasset'
[2015.04.28-12.44.49:268][  0]LogWorld: Game class is 'BP_GameMode_C'
[2015.04.28-12.44.49:323][  0]LogAIModule: Creating AISystem for world MainMenu_Map
[2015.04.28-12.44.49:324][  0]LogWorld: Bringing World /Temp/Autosaves/Game/Maps/UEDPCMainMenu_Map.MainMenu_Map up for play (max tick rate 0) at 2015.04.28-18.14.49
[2015.04.28-12.44.49:324][  0]LogWorld: Bringing up level for play took: 0.001374
[2015.04.28-12.44.49:325][  0]LogGameMode: Warning - PATHS NOT DEFINED or NO PLAYERSTART with positive rating
[2015.04.28-12.44.49:326][  0]r.SetRes = "1280x720F"
[2015.04.28-12.44.49:326][  0]r.PostProcessAAQuality = "2"
[2015.04.28-12.44.49:326][  0]LogConsoleManager:Warning: Console variable 'r.MaterialQualityLevel' wasn't set (Priority Console < Scalability)
[2015.04.28-12.44.49:326][  0]sg.EffectsQuality = "1"
[2015.04.28-12.44.49:326][  0]sg.ShadowQuality = "1"
[2015.04.28-12.44.49:326][  0]sg.TextureQuality = "1"
[2015.04.28-12.44.49:329][  0]LogInit:Display: Game Engine Initialized.
[2015.04.28-12.44.49:604][  0]LogLoad: Full Startup: 10.80 seconds (BP compile: 0.37 seconds)
[2015.04.28-12.44.49:628][  0]LogContentStreaming: Texture pool size now 400 MB
[2015.04.28-12.44.50:104][  0]LogRenderer:Warning: Reallocating scene render targets to support 1120x632 (Frame:2).
[2015.04.28-12.44.55:574][306]r.SetRes = "1920x1080F"
[2015.04.28-12.44.55:608][306]LogRenderer:Warning: Reallocating scene render targets to support 1672x944 (Frame:308).
[2015.04.28-12.45.00:719][595]r.ScreenPercentage = "100"
[2015.04.28-12.45.00:721][596]LogRenderer:Warning: Reallocating scene render targets to support 1920x1080 (Frame:598).
[2015.04.28-12.45.00:751][597]r.ScreenPercentage = "100"
[2015.04.28-12.45.00:788][598]r.ScreenPercentage = "100"
[2015.04.28-12.45.00:804][599]r.ScreenPercentage = "98"
[2015.04.28-12.45.00:806][600]LogRenderer:Warning: Reallocating scene render targets to support 1888x1064 (Frame:602).
[2015.04.28-12.45.00:820][600]r.ScreenPercentage = "96"
[2015.04.28-12.45.00:836][601]LogRenderer:Warning: Reallocating scene render targets to support 1848x1040 (Frame:603).
[2015.04.28-12.45.00:836][601]r.ScreenPercentage = "93"
[2015.04.28-12.45.00:837][601]r.ScreenPercentage = "90"
[2015.04.28-12.45.00:852][602]LogRenderer:Warning: Reallocating scene render targets to support 1728x976 (Frame:604).
[2015.04.28-12.45.00:852][602]r.ScreenPercentage = "90"
[2015.04.28-12.45.00:852][602]r.ScreenPercentage = "86"
[2015.04.28-12.45.00:860][603]LogRenderer:Warning: Reallocating scene render targets to support 1656x936 (Frame:605).
[2015.04.28-12.45.00:868][603]r.ScreenPercentage = "86"
[2015.04.28-12.45.00:884][604]r.ScreenPercentage = "81"
[2015.04.28-12.45.00:900][605]LogRenderer:Warning: Reallocating scene render targets to support 1560x880 (Frame:607).
[2015.04.28-12.45.00:900][605]r.ScreenPercentage = "76"
[2015.04.28-12.45.00:903][606]LogRenderer:Warning: Reallocating scene render targets to support 1464x824 (Frame:608).
[2015.04.28-12.45.00:917][606]r.ScreenPercentage = "71"
[2015.04.28-12.45.01:009][607]LogRenderer:Warning: Reallocating scene render targets to support 1368x768 (Frame:609).
[2015.04.28-12.45.01:010][607]r.ScreenPercentage = "66"
[2015.04.28-12.45.01:039][608]LogRenderer:Warning: Reallocating scene render targets to support 1272x720 (Frame:610).
[2015.04.28-12.45.01:039][608]r.ScreenPercentage = "42"
[2015.04.28-12.45.01:065][609]LogRenderer:Warning: Reallocating scene render targets to support 808x456 (Frame:611).
[2015.04.28-12.45.01:065][609]r.ScreenPercentage = "39"
[2015.04.28-12.45.01:085][610]LogRenderer:Warning: Reallocating scene render targets to support 752x424 (Frame:612).
[2015.04.28-12.45.01:085][610]r.ScreenPercentage = "38"
[2015.04.28-12.45.01:101][611]LogRenderer:Warning: Reallocating scene render targets to support 736x416 (Frame:613).
[2015.04.28-12.45.01:101][611]r.ScreenPercentage = "37"
[2015.04.28-12.45.01:117][612]LogRenderer:Warning: Reallocating scene render targets to support 712x400 (Frame:614).
[2015.04.28-12.45.01:117][612]r.ScreenPercentage = "37"
[2015.04.28-12.45.01:133][613]r.ScreenPercentage = "36"
[2015.04.28-12.45.01:135][614]LogRenderer:Warning: Reallocating scene render targets to support 696x392 (Frame:616).
[2015.04.28-12.45.01:149][614]r.ScreenPercentage = "35"
[2015.04.28-12.45.01:151][615]LogRenderer:Warning: Reallocating scene render targets to support 672x384 (Frame:617).
[2015.04.28-12.45.02:263][683]r.ScreenPercentage = "34"
[2015.04.28-12.45.02:265][684]LogRenderer:Warning: Reallocating scene render targets to support 656x368 (Frame:686).
[2015.04.28-12.45.02:278][684]r.ScreenPercentage = "34"
[2015.04.28-12.45.02:295][685]r.ScreenPercentage = "35"
[2015.04.28-12.45.02:297][686]LogRenderer:Warning: Reallocating scene render targets to support 672x384 (Frame:688).
[2015.04.28-12.45.02:311][686]r.ScreenPercentage = "36"
[2015.04.28-12.45.02:313][687]LogRenderer:Warning: Reallocating scene render targets to support 696x392 (Frame:689).
[2015.04.28-12.45.02:327][687]r.ScreenPercentage = "37"
[2015.04.28-12.45.02:329][688]LogRenderer:Warning: Reallocating scene render targets to support 712x400 (Frame:690).
[2015.04.28-12.45.02:343][688]r.ScreenPercentage = "39"
[2015.04.28-12.45.02:346][689]LogRenderer:Warning: Reallocating scene render targets to support 752x424 (Frame:691).
[2015.04.28-12.45.02:359][689]r.ScreenPercentage = "41"
[2015.04.28-12.45.02:361][690]LogRenderer:Warning: Reallocating scene render targets to support 792x448 (Frame:692).
[2015.04.28-12.45.02:375][690]r.ScreenPercentage = "43"
[2015.04.28-12.45.02:377][691]LogRenderer:Warning: Reallocating scene render targets to support 832x472 (Frame:693).
[2015.04.28-12.45.02:392][691]r.ScreenPercentage = "46"
[2015.04.28-12.45.02:394][692]LogRenderer:Warning: Reallocating scene render targets to support 888x504 (Frame:694).
[2015.04.28-12.45.02:408][692]r.ScreenPercentage = "49"
[2015.04.28-12.45.02:410][693]LogRenderer:Warning: Reallocating scene render targets to support 944x536 (Frame:695).
[2015.04.28-12.45.02:424][693]r.ScreenPercentage = "52"
[2015.04.28-12.45.02:425][694]LogRenderer:Warning: Reallocating scene render targets to support 1000x568 (Frame:696).
[2015.04.28-12.45.02:440][694]r.ScreenPercentage = "55"
[2015.04.28-12.45.02:440][694]r.ScreenPercentage = "58"
[2015.04.28-12.45.02:442][695]LogRenderer:Warning: Reallocating scene render targets to support 1120x632 (Frame:697).
[2015.04.28-12.45.02:456][695]r.ScreenPercentage = "58"
[2015.04.28-12.45.02:456][695]r.ScreenPercentage = "60"
[2015.04.28-12.45.02:458][696]LogRenderer:Warning: Reallocating scene render targets to support 1152x648 (Frame:698).
[2015.04.28-12.45.02:472][696]r.ScreenPercentage = "61"
[2015.04.28-12.45.02:474][697]LogRenderer:Warning: Reallocating scene render targets to support 1176x664 (Frame:699).
[2015.04.28-12.45.02:488][697]r.ScreenPercentage = "64"
[2015.04.28-12.45.02:490][698]LogRenderer:Warning: Reallocating scene render targets to support 1232x696 (Frame:700).
[2015.04.28-12.45.02:504][698]r.ScreenPercentage = "67"
[2015.04.28-12.45.02:507][699]LogRenderer:Warning: Reallocating scene render targets to support 1288x728 (Frame:701).
[2015.04.28-12.45.02:521][699]r.ScreenPercentage = "71"
[2015.04.28-12.45.02:523][700]LogRenderer:Warning: Reallocating scene render targets to support 1368x768 (Frame:702).
[2015.04.28-12.45.02:537][700]r.ScreenPercentage = "74"
[2015.04.28-12.45.02:539][701]LogRenderer:Warning: Reallocating scene render targets to support 1424x800 (Frame:703).
[2015.04.28-12.45.02:553][701]r.ScreenPercentage = "77"
[2015.04.28-12.45.02:554][702]LogRenderer:Warning: Reallocating scene render targets to support 1480x832 (Frame:704).
[2015.04.28-12.45.02:569][702]r.ScreenPercentage = "81"
[2015.04.28-12.45.02:570][703]LogRenderer:Warning: Reallocating scene render targets to support 1560x880 (Frame:705).
[2015.04.28-12.45.02:585][703]r.ScreenPercentage = "83"
[2015.04.28-12.45.02:587][704]LogRenderer:Warning: Reallocating scene render targets to support 1600x904 (Frame:706).
[2015.04.28-12.45.02:601][704]r.ScreenPercentage = "87"
[2015.04.28-12.45.02:602][705]LogRenderer:Warning: Reallocating scene render targets to support 1672x944 (Frame:707).
[2015.04.28-12.45.02:617][705]r.ScreenPercentage = "88"
[2015.04.28-12.45.02:619][706]LogRenderer:Warning: Reallocating scene render targets to support 1696x952 (Frame:708).
[2015.04.28-12.45.02:633][706]r.ScreenPercentage = "89"
[2015.04.28-12.45.02:635][707]LogRenderer:Warning: Reallocating scene render targets to support 1712x968 (Frame:709).
[2015.04.28-12.45.02:649][707]r.ScreenPercentage = "89"
[2015.04.28-12.45.02:666][708]r.ScreenPercentage = "90"
[2015.04.28-12.45.02:667][709]LogRenderer:Warning: Reallocating scene render targets to support 1728x976 (Frame:711).
[2015.04.28-12.45.02:714][711]r.ScreenPercentage = "90"
[2015.04.28-12.45.06:521][947]r.ScreenPercentage = "88"
[2015.04.28-12.45.06:523][948]LogRenderer:Warning: Reallocating scene render targets to support 1696x952 (Frame:950).
[2015.04.28-12.45.06:762][962]r.ScreenPercentage = "88"
[2015.04.28-12.45.06:811][965]r.ScreenPercentage = "88"
[2015.04.28-12.45.06:827][966]r.ScreenPercentage = "88"
[2015.04.28-12.45.06:843][967]r.ScreenPercentage = "87"
[2015.04.28-12.45.06:845][968]LogRenderer:Warning: Reallocating scene render targets to support 1672x944 (Frame:970).
[2015.04.28-12.45.06:859][968]r.ScreenPercentage = "86"
[2015.04.28-12.45.06:862][969]LogRenderer:Warning: Reallocating scene render targets to support 1656x936 (Frame:971).
[2015.04.28-12.45.06:875][969]r.ScreenPercentage = "86"
[2015.04.28-12.45.06:891][970]r.ScreenPercentage = "85"
[2015.04.28-12.45.06:893][971]LogRenderer:Warning: Reallocating scene render targets to support 1632x920 (Frame:973).
[2015.04.28-12.45.06:908][971]r.ScreenPercentage = "84"
[2015.04.28-12.45.06:909][972]LogRenderer:Warning: Reallocating scene render targets to support 1616x912 (Frame:974).
[2015.04.28-12.45.06:924][972]r.ScreenPercentage = "83"
[2015.04.28-12.45.06:924][972]r.ScreenPercentage = "83"
[2015.04.28-12.45.06:926][973]LogRenderer:Warning: Reallocating scene render targets to support 1600x904 (Frame:975).
[2015.04.28-12.45.06:940][973]r.ScreenPercentage = "82"
[2015.04.28-12.45.06:956][974]LogRenderer:Warning: Reallocating scene render targets to support 1576x888 (Frame:976).
[2015.04.28-12.45.06:956][974]r.ScreenPercentage = "81"
[2015.04.28-12.45.06:958][975]LogRenderer:Warning: Reallocating scene render targets to support 1560x880 (Frame:977).
[2015.04.28-12.45.06:972][975]r.ScreenPercentage = "80"
[2015.04.28-12.45.06:988][976]LogRenderer:Warning: Reallocating scene render targets to support 1536x864 (Frame:978).
[2015.04.28-12.45.06:988][976]r.ScreenPercentage = "79"
[2015.04.28-12.45.06:991][977]LogRenderer:Warning: Reallocating scene render targets to support 1520x856 (Frame:979).
[2015.04.28-12.45.07:004][977]r.ScreenPercentage = "77"
[2015.04.28-12.45.07:007][978]LogRenderer:Warning: Reallocating scene render targets to support 1480x832 (Frame:980).
[2015.04.28-12.45.07:021][978]r.ScreenPercentage = "75"
[2015.04.28-12.45.07:022][979]LogRenderer:Warning: Reallocating scene render targets to support 1440x816 (Frame:981).
[2015.04.28-12.45.07:037][979]r.ScreenPercentage = "74"
[2015.04.28-12.45.07:039][980]LogRenderer:Warning: Reallocating scene render targets to support 1424x800 (Frame:982).
[2015.04.28-12.45.07:053][980]r.ScreenPercentage = "73"
[2015.04.28-12.45.07:055][981]LogRenderer:Warning: Reallocating scene render targets to support 1408x792 (Frame:983).
[2015.04.28-12.45.07:069][981]r.ScreenPercentage = "72"
[2015.04.28-12.45.07:071][982]LogRenderer:Warning: Reallocating scene render targets to support 1384x784 (Frame:984).
[2015.04.28-12.45.07:085][982]r.ScreenPercentage = "71"
[2015.04.28-12.45.07:087][983]LogRenderer:Warning: Reallocating scene render targets to support 1368x768 (Frame:985).
[2015.04.28-12.45.07:101][983]r.ScreenPercentage = "70"
[2015.04.28-12.45.07:103][984]LogRenderer:Warning: Reallocating scene render targets to support 1344x760 (Frame:986).
[2015.04.28-12.45.07:117][984]r.ScreenPercentage = "70"
[2015.04.28-12.45.07:166][987]r.ScreenPercentage = "69"
[2015.04.28-12.45.07:168][988]LogRenderer:Warning: Reallocating scene render targets to support 1328x752 (Frame:990).
[2015.04.28-12.45.07:182][988]r.ScreenPercentage = "68"
[2015.04.28-12.45.07:184][989]LogRenderer:Warning: Reallocating scene render targets to support 1312x736 (Frame:991).
[2015.04.28-12.45.07:198][989]r.ScreenPercentage = "68"
[2015.04.28-12.45.07:214][990]r.ScreenPercentage = "68"
[2015.04.28-12.45.07:246][992]r.ScreenPercentage = "67"
[2015.04.28-12.45.07:249][993]LogRenderer:Warning: Reallocating scene render targets to support 1288x728 (Frame:995).
[2015.04.28-12.45.07:279][994]r.ScreenPercentage = "67"
[2015.04.28-12.45.07:327][997]r.ScreenPercentage = "66"
[2015.04.28-12.45.07:329][998]LogRenderer:Warning: Reallocating scene render targets to support 1272x720 (Frame:1000).
[2015.04.28-12.45.07:343][998]r.ScreenPercentage = "66"
[2015.04.28-12.45.10:860][216]Closing by request
[2015.04.28-12.45.10:860][216]LogWindows: FPlatformMisc::RequestExit(0)
[2015.04.28-12.45.11:129][217]LogExit: Preparing to exit.
[2015.04.28-12.45.11:203][217]LogExit: Game engine shut down
[2015.04.28-12.45.11:204][217]LogParticles: Destroying 0 GPU particle simulations for FXSystem 0x000000000D9F0CC0
[2015.04.28-12.45.11:264][217]LogExit: Object subsystem successfully closed.
[2015.04.28-12.45.11:308][217]LogModuleManager: Shutting down and abandoning module AndroidDeviceDetection (106)
[2015.04.28-12.45.11:627][217]LogModuleManager: Shutting down and abandoning module AutomationWorker (105)
[2015.04.28-12.45.11:627][217]LogModuleManager: Shutting down and abandoning module CharacterAI (104)
[2015.04.28-12.45.11:627][217]LogModuleManager: Shutting down and abandoning module AITestSuite (103)
[2015.04.28-12.45.11:627][217]LogModuleManager: Shutting down and abandoning module GameplayDebugger (102)
[2015.04.28-12.45.11:627][217]LogModuleManager: Shutting down and abandoning module AIModule (101)
[2015.04.28-12.45.11:627][217]LogModuleManager: Shutting down and abandoning module GameLiveStreaming (100)
[2015.04.28-12.45.11:627][217]LogModuleManager: Shutting down and abandoning module StreamingPauseRendering (99)
[2015.04.28-12.45.11:627][217]LogModuleManager: Shutting down and abandoning module HTTP (98)
[2015.04.28-12.45.11:627][217]LogModuleManager: Shutting down and abandoning module AnalyticsET (97)
[2015.04.28-12.45.11:627][217]LogModuleManager: Shutting down and abandoning module Analytics (96)
[2015.04.28-12.45.11:627][217]LogModuleManager: Shutting down and abandoning module ProfilerService (95)
[2015.04.28-12.45.11:730][217]LogModuleManager: Shutting down and abandoning module TaskGraph (94)
[2015.04.28-12.45.11:730][217]LogModuleManager: Shutting down and abandoning module SlateRemote (93)
[2015.04.28-12.45.11:730][217]LogModuleManager: Shutting down and abandoning module CustomMeshComponent (92)
[2015.04.28-12.45.11:730][217]LogModuleManager: Shutting down and abandoning module CableComponent (91)
[2015.04.28-12.45.11:730][217]LogModuleManager: Shutting down and abandoning module DesktopPlatform (90)
[2015.04.28-12.45.11:730][217]LogModuleManager: Shutting down and abandoning module DirectoryWatcher (89)
[2015.04.28-12.45.11:730][217]LogModuleManager: Shutting down and abandoning module HotReload (88)
[2015.04.28-12.45.11:730][217]LogModuleManager: Shutting down and abandoning module VisualStudioSourceCodeAccess (87)
[2015.04.28-12.45.11:730][217]LogModuleManager: Shutting down and abandoning module UObjectPlugin (86)
[2015.04.28-12.45.11:730][217]LogModuleManager: Shutting down and abandoning module SubversionSourceControl (85)
[2015.04.28-12.45.11:730][217]LogModuleManager: Shutting down and abandoning module GitSourceControl (84)
[2015.04.28-12.45.11:730][217]LogModuleManager: Shutting down and abandoning module SourceControl (83)
[2015.04.28-12.45.11:730][217]LogModuleManager: Shutting down and abandoning module PerforceSourceControl (82)
[2015.04.28-12.45.11:730][217]LogModuleManager: Shutting down and abandoning module BlankPlugin (81)
[2015.04.28-12.45.11:730][217]LogModuleManager: Shutting down and abandoning module ScriptPlugin (80)
[2015.04.28-12.45.11:730][217]LogModuleManager: Shutting down and abandoning module UdpMessaging (79)
[2015.04.28-12.45.11:730][217]LogModuleManager: Shutting down and abandoning module Paper2D (78)
[2015.04.28-12.45.11:730][217]LogModuleManager: Shutting down and abandoning module WindowsMoviePlayer (77)
[2015.04.28-12.45.11:732][217]LogModuleManager: Shutting down and abandoning module Media (76)
[2015.04.28-12.45.11:732][217]LogModuleManager: Shutting down and abandoning module WmfMedia (75)
[2015.04.28-12.45.11:732][217]LogModuleManager: Shutting down and abandoning module OnlineBlueprintSupport (74)
[2015.04.28-12.45.11:732][217]LogModuleManager: Shutting down and abandoning module PropertyEditor (73)
[2015.04.28-12.45.11:732][217]LogModuleManager: Shutting down and abandoning module BehaviorTreeEditor (72)
[2015.04.28-12.45.11:732][217]LogModuleManager: Shutting down and abandoning module FunctionalTesting (71)
[2015.04.28-12.45.11:732][217]LogModuleManager: Shutting down and abandoning module CollisionAnalyzer (70)
[2015.04.28-12.45.11:732][217]LogModuleManager: Shutting down and abandoning module WorkspaceMenuStructure (69)
[2015.04.28-12.45.11:732][217]LogModuleManager: Shutting down and abandoning module MessageLog (68)
[2015.04.28-12.45.11:732][217]LogModuleManager: Shutting down and abandoning module Sequencer (67)
[2015.04.28-12.45.11:732][217]LogModuleManager: Shutting down and abandoning module AssetTools (66)
[2015.04.28-12.45.11:732][217]LogModuleManager: Shutting down and abandoning module UMGEditor (65)
[2015.04.28-12.45.11:732][217]LogModuleManager: Shutting down and abandoning module UMG (64)
[2015.04.28-12.45.11:732][217]LogModuleManager: Shutting down and abandoning module Slate (63)
[2015.04.28-12.45.11:732][217]LogModuleManager: Shutting down and abandoning module EditorStyle (62)
[2015.04.28-12.45.11:737][217]LogModuleManager: Shutting down and abandoning module SessionServices (61)
[2015.04.28-12.45.11:737][217]LogModuleManager: Shutting down and abandoning module SourceCodeAccess (60)
[2015.04.28-12.45.11:737][217]LogModuleManager: Shutting down and abandoning module HeadMountedDisplay (59)
[2015.04.28-12.45.11:737][217]LogModuleManager: Shutting down and abandoning module XAudio2 (58)
[2015.04.28-12.45.11:737][217]LogModuleManager: Shutting down and abandoning module Networking (56)
[2015.04.28-12.45.11:737][217]LogModuleManager: Shutting down and abandoning module Core (55)
[2015.04.28-12.45.11:737][217]LogModuleManager: Shutting down and abandoning module KismetCompiler (54)
[2015.04.28-12.45.11:737][217]LogModuleManager: Shutting down and abandoning module PhysXFormats (53)
[2015.04.28-12.45.11:737][217]LogModuleManager: Shutting down and abandoning module MeshUtilities (52)
[2015.04.28-12.45.11:737][217]LogModuleManager: Shutting down and abandoning module DerivedDataCache (51)
[2015.04.28-12.45.12:006][217]LogDerivedDataCache: Shutdown
[2015.04.28-12.45.12:006][217]LogModuleManager: Shutting down and abandoning module ShaderFormatOpenGL (50)
[2015.04.28-12.45.12:006][217]LogModuleManager: Shutting down and abandoning module ShaderFormatD3D (49)
[2015.04.28-12.45.12:006][217]LogModuleManager: Shutting down and abandoning module MetalShaderFormat (48)
[2015.04.28-12.45.12:006][217]LogModuleManager: Shutting down and abandoning module TextureFormatUncompressed (47)
[2015.04.28-12.45.12:006][217]LogModuleManager: Shutting down and abandoning module TextureFormatPVR (46)
[2015.04.28-12.45.12:006][217]LogModuleManager: Shutting down and abandoning module TextureFormatIntelISPCTexComp (45)
[2015.04.28-12.45.12:006][217]LogModuleManager: Shutting down and abandoning module TextureFormatDXT (44)
[2015.04.28-12.45.12:006][217]LogModuleManager: Shutting down and abandoning module ImageWrapper (43)
[2015.04.28-12.45.12:006][217]LogModuleManager: Shutting down and abandoning module TextureFormatASTC (42)
[2015.04.28-12.45.12:006][217]LogModuleManager: Shutting down and abandoning module TextureFormatAndroid (41)
[2015.04.28-12.45.12:006][217]LogModuleManager: Shutting down and abandoning module AudioFormatOpus (40)
[2015.04.28-12.45.12:006][217]LogModuleManager: Shutting down and abandoning module AudioFormatOgg (39)
[2015.04.28-12.45.12:006][217]LogModuleManager: Shutting down and abandoning module AudioFormatADPCM (38)
[2015.04.28-12.45.12:006][217]LogModuleManager: Shutting down and abandoning module LinuxTargetPlatform (37)
[2015.04.28-12.45.12:006][217]LogModuleManager: Shutting down and abandoning module LinuxServerTargetPlatform (36)
[2015.04.28-12.45.12:006][217]LogModuleManager: Shutting down and abandoning module LinuxNoEditorTargetPlatform (35)
[2015.04.28-12.45.12:006][217]LogModuleManager: Shutting down and abandoning module Messaging (34)
[2015.04.28-12.45.12:006][217]LogModuleManager: Shutting down and abandoning module IOSTargetPlatform (33)
[2015.04.28-12.45.12:006][217]LogModuleManager: Shutting down and abandoning module HTML5TargetPlatform (32)
[2015.04.28-12.45.12:006][217]LogModuleManager: Shutting down and abandoning module Android_PVRTCTargetPlatform (31)
[2015.04.28-12.45.12:006][217]LogModuleManager: Shutting down and abandoning module Android_ETC2TargetPlatform (30)
[2015.04.28-12.45.12:006][217]LogModuleManager: Shutting down and abandoning module Android_ETC1TargetPlatform (29)
[2015.04.28-12.45.12:006][217]LogModuleManager: Shutting down and abandoning module Android_ES31TargetPlatform (28)
[2015.04.28-12.45.12:006][217]LogModuleManager: Shutting down and abandoning module Android_DXTTargetPlatform (27)
[2015.04.28-12.45.12:006][217]LogModuleManager: Shutting down and abandoning module Android_ATCTargetPlatform (26)
[2015.04.28-12.45.12:006][217]LogModuleManager: Shutting down and abandoning module AndroidTargetPlatform (25)
[2015.04.28-12.45.12:006][217]LogModuleManager: Shutting down and abandoning module WindowsTargetPlatform (24)
[2015.04.28-12.45.12:006][217]LogModuleManager: Shutting down and abandoning module WindowsServerTargetPlatform (23)
[2015.04.28-12.45.12:006][217]LogModuleManager: Shutting down and abandoning module WindowsNoEditorTargetPlatform (22)
[2015.04.28-12.45.12:006][217]LogModuleManager: Shutting down and abandoning module WindowsClientTargetPlatform (21)
[2015.04.28-12.45.12:006][217]LogModuleManager: Shutting down and abandoning module TargetPlatform (20)
[2015.04.28-12.45.12:006][217]LogModuleManager: Shutting down and abandoning module InputCore (19)
[2015.04.28-12.45.12:006][217]LogModuleManager: Shutting down and abandoning module Settings (18)
[2015.04.28-12.45.12:006][217]LogModuleManager: Shutting down and abandoning module OnlineSubsystem (16)
[2015.04.28-12.45.12:006][217]LogModuleManager: Shutting down and abandoning module OculusRift (15)
[2015.04.28-12.45.12:006][217]LogModuleManager: Shutting down and abandoning module ExampleDeviceProfileSelector (14)
[2015.04.28-12.45.12:006][217]LogModuleManager: Shutting down and abandoning module TextureCompressor (13)
[2015.04.28-12.45.12:006][217]LogModuleManager: Shutting down and abandoning module ShaderCore (12)
[2015.04.28-12.45.12:006][217]LogModuleManager: Shutting down and abandoning module Landscape (11)
[2015.04.28-12.45.12:006][217]LogModuleManager: Shutting down and abandoning module SlateRHIRenderer (10)
[2015.04.28-12.45.12:007][217]LogModuleManager: Shutting down and abandoning module OpenGLDrv (9)
[2015.04.28-12.45.12:007][217]LogModuleManager: Shutting down and abandoning module D3D11RHI (8)
[2015.04.28-12.45.12:007][217]LogModuleManager: Shutting down and abandoning module Renderer (7)
[2015.04.28-12.45.12:007][217]LogModuleManager: Shutting down and abandoning module Engine (6)
[2015.04.28-12.45.12:007][217]LogModuleManager: Shutting down and abandoning module CoreUObject (5)
[2015.04.28-12.45.12:007][217]LogModuleManager: Shutting down and abandoning module NetworkFile (4)
[2015.04.28-12.45.12:007][217]LogModuleManager: Shutting down and abandoning module StreamingFile (3)
[2015.04.28-12.45.12:007][217]LogModuleManager: Shutting down and abandoning module SandboxFile (2)
[2015.04.28-12.45.12:007][217]LogModuleManager: Shutting down and abandoning module PakFile (1)
[2015.04.28-12.45.12:007][217]LogExit: Exiting.
[2015.04.28-12.45.12:008][217]Log file closed, 04/28/15 18:15:12
