Log file open, 04/16/15 00:15:30
LogInit:Display: Running engine for game: UMGMenuExample
LogInit: Version: 4.7.5-2503383+++depot+UE4-Releases+4.7
LogInit: API Version: 2455222
LogInit: Compiled (64-bit): Apr  6 2015 23:21:51
LogInit: Compiled with Visual C++: 18.00.21005.01
LogInit: Build Configuration: Development
LogInit: Branch Name: ++depot+UE4-Releases+4.7
LogInit: Command line:  
LogInit: Base directory: C:/Program Files/Epic Games/4.7/Engine/Binaries/Win64/
LogInit: Rocket: 1
[2015.04.15-18.45.30:980][  0]LogTaskGraph: Started task graph with 3 named threads and 6 total threads.
[2015.04.15-18.45.31:056][  0]LogOnline:Warning: No default platform service specified for OnlineSubsystem
[2015.04.15-18.45.31:112][  0]LogInit: Presizing for 0 objects not considered by GC, pre-allocating 0 bytes.
[2015.04.15-18.45.31:122][  0]LogInit: Object subsystem initialized
[2015.04.15-18.45.31:124][  0]LogConsoleResponse:Warning: Skipping Unknown console variable: 'UIScaleRule = ShortestSide'
[2015.04.15-18.45.31:124][  0]LogConsoleResponse:Warning:   Found in ini file 'D:/GitHub Repositories/UMGMenuSystem/Saved/Config/Windows/Engine.ini', in section '[/Script/Engine.RendererSettings]'
[2015.04.15-18.45.31:124][  0]LogConsoleResponse:Warning: Skipping Unknown console variable: 'UIScaleCurve = (EditorCurveData=(Keys=),ExternalCurve=None)'
[2015.04.15-18.45.31:124][  0]LogConsoleResponse:Warning:   Found in ini file 'D:/GitHub Repositories/UMGMenuSystem/Saved/Config/Windows/Engine.ini', in section '[/Script/Engine.RendererSettings]'
[2015.04.15-18.45.31:125][  0]LogConsoleManager:Warning: Console variable 'r.MSAA.CompositingSampleCount' wasn't set (Priority ProjectSetting < Scalability)
[2015.04.15-18.45.31:125][  0]LogInit: Selected Device Profile: [Windows]
[2015.04.15-18.45.31:125][  0]LogInit: Applying CVar settings loaded from the selected device profile: [Windows]
[2015.04.15-18.45.31:131][  0]LogInit: Computer: PROTEUS_CORE
[2015.04.15-18.45.31:131][  0]LogInit: User: Rohit
[2015.04.15-18.45.31:131][  0]LogInit: CPU Page size=4096, Cores=4
[2015.04.15-18.45.31:131][  0]LogInit: High frequency timer resolution =3.027421 MHz
[2015.04.15-18.45.31:131][  0]LogMemory: Memory total: Physical=7.9GB (8GB approx) Virtual=8192.0GB
[2015.04.15-18.45.31:132][  0]LogMemory: Platform Memory Stats for Windows
[2015.04.15-18.45.31:132][  0]LogMemory: Process Physical Memory: 47.27 MB used, 47.27 MB peak
[2015.04.15-18.45.31:132][  0]LogMemory: Process Virtual Memory: 24.57 MB used, 26.00 MB peak
[2015.04.15-18.45.31:132][  0]LogMemory: Physical Memory: 4834.22 MB used, 8136.00 MB total
[2015.04.15-18.45.31:132][  0]LogMemory: Virtual Memory: 278.72 MB used, 8388608.00 MB total
[2015.04.15-18.45.31:200][  0]LogD3D11RHI: Found D3D11 adapter 0: NVIDIA GeForce GTX 660   (Feature Level 11_0)
[2015.04.15-18.45.31:200][  0]LogD3D11RHI: Adapter has 1989MB of dedicated video memory, 0MB of dedicated system memory, and 2048MB of shared system memory, 1 output[s]
[2015.04.15-18.45.31:200][  0]LogD3D11RHI: Chosen D3D11 Adapter Id = 0
[2015.04.15-18.45.31:205][  0]LogRHI: Texture pool is 1361 MB (70% of 1945 MB)
[2015.04.15-18.45.31:215][  0]LogD3D11RHI: Async texture creation enabled
[2015.04.15-18.45.31:382][  0]LogTextLocalizationManager: The requested culture ('en_US') has no localization data; parent culture's ('en') localization data will be used.
[2015.04.15-18.45.31:437][  0]LogTextLocalizationManager:Warning: Loading localization resources contain conflicting entries for (Namespace:UICommands, Key:Save_ToolTip):
Resource: (C:/Program Files/Epic Games/4.7/Engine/Content/Localization/Editor/en/Editor.locres) Hash: (-29098895) String: (Saves the current level to disk)
Resource: (C:/Program Files/Epic Games/4.7/Engine/Content/Localization/Engine/en/Engine.locres) Hash: (-1280300587) String: (Save selected data to vlog file)
[2015.04.15-18.45.31:437][  0]LogTextLocalizationManager:Warning: Loading localization resources contain conflicting entries for (Namespace:ContentBrowser, Key:ImportAssetToolTip):
Resource: (C:/Program Files/Epic Games/4.7/Engine/Content/Localization/Editor/en/Editor.locres) Hash: (-630476809) String: (Import to {0}...)
Resource: (C:/Program Files/Epic Games/4.7/Engine/Content/Localization/Editor/en/Editor.locres) Hash: (1271782899) String: (Imports an asset from file to this folder.)
[2015.04.15-18.45.31:513][  0]LogContentStreaming: Texture pool size is 0.000000MB
[2015.04.15-18.45.34:308][  0]LogTargetPlatformManager:Display: Building Assets For Windows
[2015.04.15-18.45.35:064][  0]LogTargetPlatformManager:Display: Building Assets For Windows
[2015.04.15-18.45.35:152][  0]LogDerivedDataCache:Display: Max Cache Size: 512 MB
[2015.04.15-18.45.35:188][  0]LogDerivedDataCache: Loaded boot cache 0.03s 39MB C:/Users/Rohit/AppData/Local/UnrealEngine/4.7/DerivedDataCache/Boot.ddc.
[2015.04.15-18.45.35:188][  0]LogDerivedDataCache:Display: Loaded Boot cache: C:/Users/Rohit/AppData/Local/UnrealEngine/4.7/DerivedDataCache/Boot.ddc
[2015.04.15-18.45.35:188][  0]LogDerivedDataCache: FDerivedDataBackendGraph:  Pak pak cache file D:/GitHub Repositories/UMGMenuSystem/DerivedDataCache/DDC.ddp not found, will not use a pak cache.
[2015.04.15-18.45.35:188][  0]LogDerivedDataCache: Unable to find inner node Pak for hierarchical cache Hierarchy.
[2015.04.15-18.45.35:300][  0]LogDerivedDataCache:Display: Pak cache opened for reading ../../../Engine/DerivedDataCache/Compressed.ddp.
[2015.04.15-18.45.35:313][  0]LogDerivedDataCache: Using Local data cache path C:/Users/Rohit/AppData/Local/UnrealEngine/Common/DerivedDataCache: Writable
[2015.04.15-18.45.35:651][  0]LogMeshUtilities: No automatic mesh reduction module available
[2015.04.15-18.45.35:651][  0]LogMeshUtilities: No automatic mesh merging module available
[2015.04.15-18.45.36:066][  0]LogInit: WinSock: version 1.1 (2.2), MaxSocks=32767, MaxUdp=65467
[2015.04.15-18.45.36:206][  0]LogSlate:Warning: Failed to load font data from '../../../Engine/Content/Slate/Fonts/Roboto-Italic.ttf'
[2015.04.15-18.45.37:534][  0]UdpMessaging: Initializing bridge on interface 0.0.0.0:0 to multicast group 230.0.0.1:6666.
[2015.04.15-18.45.37:923][  0]SourceControl: Info Source control is disabled
[2015.04.15-18.45.37:923][  0]SourceControl: Info Source control is disabled
[2015.04.15-18.45.37:923][  0]SourceControl: Info Source control is disabled
[2015.04.15-18.45.37:923][  0]LogSourceControl: RunCommandInternalRaw: 'git version'
[2015.04.15-18.45.37:923][  0]LogSourceControl: RunCommandInternalRaw: ExecProcess ReturnCode=2 OutResults=''
[2015.04.15-18.45.37:938][  0]SourceControl: Info Source control is disabled
[2015.04.15-18.45.38:314][  0]LogObj: 24232 objects as part of root set at end of initial load.
[2015.04.15-18.45.38:314][  0]LogUObjectAllocator: 5137176 out of 0 bytes used by permanent object pool.
[2015.04.15-18.45.38:424][  0]LogEngine: Initializing Engine...
[2015.04.15-18.45.40:579][  0]LogInit: XAudio2 using 'Speakers (Realtek High Definition Audio)' : 2 channels at 48 kHz using 32 bits per sample (channel mask 0x3)
[2015.04.15-18.45.40:622][  0]LogInit: FAudioDevice initialized.
[2015.04.15-18.45.40:686][  0]LogAIModule: Creating AISystem for world NewWorld
[2015.04.15-18.45.40:710][  0]LogDerivedDataCache: Saved boot cache 0.02s 39MB C:/Users/Rohit/AppData/Local/UnrealEngine/4.7/DerivedDataCache/Boot.ddc.
[2015.04.15-18.45.40:712][  0]LogInit: Texture streaming: Enabled
[2015.04.15-18.45.40:830][  0]LogAnalytics: Creating configured Analytics provider AnalyticsET
[2015.04.15-18.45.40:830][  0]LogAnalytics: ET APIKey = Rocket.Release. APIServer = http://et2.epicgames.com/ET2/. AppVersion = 4.7.5-2503383+++depot+UE4-Releases+4.7
[2015.04.15-18.45.40:830][  0]LogAnalytics: ET APIKey = Rocket.Release. DataRouterUploadURL = https://datarouter-public-service-gamedev.ol.epicgames.net/datarouter/api/v1/public/data. AppVersion = 4.7.5-2503383+++depot+UE4-Releases+4.7
[2015.04.15-18.45.40:830][  0]LogAnalytics: SetUserId 013718ab4e6dec0f6374d59520a1ab13|7b8e2bb8b466411588cadfe08ecd7de9|6951b782-1f02-4763-a464-5016cbe33e2c
[2015.04.15-18.45.40:831][  0]LogAnalytics: AnalyticsET::StartSession [Rocket.Release]
[2015.04.15-18.45.41:728][  0]LogInit: Transaction tracking system initialized
[2015.04.15-18.45.42:082][  0]BlueprintLog: New page: Editor Load
[2015.04.15-18.45.42:135][  0]LogAssetRegistry: FAssetRegistry took 0.0097 seconds to start up
[2015.04.15-18.45.42:135][  0]LogDirectoryWatcher:Warning: Failed to begin reading directory changes for ../../../Engine/Plugins/Experimental/CharacterAI/Content/. Error: 0
[2015.04.15-18.45.42:980][  0]LogTargetPlatformManager:Display: Building Assets For Windows
[2015.04.15-18.45.43:418][  0]LogTargetPlatformManager:Display: Building Assets For Windows
[2015.04.15-18.45.43:911][  0]LogSlate:Warning: Failed to load font data from '../../../Engine/Content/Editor/Slate/Fonts/Roboto-Regular.ttf'
[2015.04.15-18.45.43:911][  0]LogSlate:Warning: Failed to load font data from '../../../Engine/Content/Editor/Slate/Fonts/Roboto-Bold.ttf'
[2015.04.15-18.45.43:955][  0]LogConsoleResponse:Display: 
[2015.04.15-18.45.44:123][  0]LogCook:Display: Done creating registry. It took  0.00s.
[2015.04.15-18.45.44:408][  0]SourceControl: Info Source control is disabled
[2015.04.15-18.45.44:408][  0]Cmd: MAP LOAD FILE="D:/GitHub Repositories/UMGMenuSystem/Content/Maps/MainMenu_Map.umap" TEMPLATE=0 SHOWPROGRESS=1 FEATURELEVEL=3
[2015.04.15-18.45.44:412][  0]LightingResults: New page: Lighting Build
[2015.04.15-18.45.44:430][  0]MapCheck: New page: Map Check
[2015.04.15-18.45.44:430][  0]LightingResults: New page: Lighting Build
[2015.04.15-18.45.44:437][  0]LogParticles: Destroying 0 GPU particle simulations for FXSystem 0x000000001341E980
[2015.04.15-18.45.47:019][  0]LogBlueprint:Warning: [WidgetBP_MainMenuScreen] CreatePinForVariable: 'MainMenuSoundtrack' variable not found. Base class was probably changed.
[2015.04.15-18.45.47:049][  0]LogBlueprint:Warning: [compiler] Warning Could not find a variable named "MainMenuSoundtrack" in 'BP_GameMode_C'.
Make sure 'BP_GameMode_C' has been compiled for  Get MainMenuSoundtrack 
[2015.04.15-18.45.47:054][  0]LogBlueprint:Warning: [compiler] Warning [0018.80] Compile of WidgetBP_MainMenuScreen successful, but with 1 Warning(s) [in 26 ms]
[2015.04.15-18.45.47:054][  0]LogBlueprint:Warning: [compiler] Warning [0018.80] Compile of WidgetBP_MainMenuScreen successful, but with 2 Warning(s) [in 0 ms]
[2015.04.15-18.45.47:054][  0]LogBlueprint:Warning: [compiler] Warning [0018.80] Compile of WidgetBP_MainMenuScreen successful, but with 3 Warning(s) [in 0 ms]
[2015.04.15-18.45.47:054][  0]LogBlueprint:Warning: [compiler] Warning [0018.80] Compile of WidgetBP_MainMenuScreen successful, but with 4 Warning(s) [in 0 ms]
[2015.04.15-18.45.47:056][  0]LogBlueprint:Warning: [WidgetBP_MainMenuScreen] CreatePinForVariable: 'MainMenuSoundtrack' variable not found. Base class was probably changed.
[2015.04.15-18.45.47:083][  0]LogBlueprint:Warning: [compiler] Warning Could not find a variable named "MainMenuSoundtrack" in 'BP_GameMode_C'.
Make sure 'BP_GameMode_C' has been compiled for  Get MainMenuSoundtrack 
[2015.04.15-18.45.47:088][  0]LogBlueprint:Warning: [compiler] Warning [0018.84] Compile of WidgetBP_MainMenuScreen successful, but with 1 Warning(s) [in 28 ms]
[2015.04.15-18.45.47:088][  0]LogBlueprint:Warning: [compiler] Warning [0018.84] Compile of WidgetBP_MainMenuScreen successful, but with 2 Warning(s) [in 0 ms]
[2015.04.15-18.45.47:621][  0]LogEditorServer: Finished looking for orphan Actors (0.000 secs)
[2015.04.15-18.45.47:624][  0]LogAIModule: Creating AISystem for world MainMenu_Map
[2015.04.15-18.45.47:624][  0]Cmd: MAP CHECKDEP
[2015.04.15-18.45.47:624][  0]MapCheck: New page: MainMenu_Map - Apr 16, 2015, 5:45:47 AM
[2015.04.15-18.45.47:786][  0]MapCheck: Info Map check complete: 0 Error(s), 0 Warning(s), took 161.128ms to complete.
[2015.04.15-18.45.47:786][  0]LogFileHelpers: Loading map 'MainMenu_Map' took 3.378
[2015.04.15-18.45.47:934][  0]LogCollectionManager: Loaded 0 collections in 0.002641 seconds
[2015.04.15-18.45.47:952][  0]LogContentBrowser: Native class hierarchy populated in 0.0179 seconds. Added 1696 classes and 261 folders.
[2015.04.15-18.45.48:016][  0]LogContentBrowser: Native class hierarchy updated for 'SceneOutliner' in 0.0043 seconds. Added 1 classes and 2 folders.
[2015.04.15-18.45.48:096][  0]LogCrashTracker: Crashtracker disabled due to settings.
[2015.04.15-18.45.48:097][  0]LogSlate:Warning: Failed to load font data from 'Veranda'
[2015.04.15-18.45.48:101][  0]LogUObjectGlobals:Warning: Failed to find object 'Class None.'
[2015.04.15-18.45.48:134][  0]LogLoad: Full Startup: 19.88 seconds (BP compile: 1.35 seconds)
[2015.04.15-18.45.48:482][  0]LogContentBrowser:Verbose: The content browser source was changed by the sources view to '/Game/Blueprints'
[2015.04.15-18.45.48:663][  0]LogRenderer:Warning: Reallocating scene render targets to support 1208x576 (Frame:2).
[2015.04.15-18.45.49:487][  3]LogAssetRegistry: Asset discovery search completed in 7.3625 seconds
[2015.04.15-18.48.04:377][ 40]Cmd: OBJ SAVEPACKAGE PACKAGE="/Game/Maps/MainMenu_Map" FILE="D:/GitHub Repositories/UMGMenuSystem/Saved/Autosaves/Game/Maps/UEDPCMainMenu_Map.umap" SILENT=true AUTOSAVING=true KEEPDIRTY=true
[2015.04.15-18.48.04:436][ 40]LogSavePackage: Save=55.547279ms
[2015.04.15-18.48.04:436][ 40]LogSavePackage: Moving 'D:/GitHub Repositories/UMGMenuSystem/Saved/UEDPCMainMenu_MapB1CE937347D3AED78326A78527420095.tmp' to 'D:/GitHub Repositories/UMGMenuSystem/Saved/Autosaves/Game/Maps/UEDPCMainMenu_Map.umap'
[2015.04.15-18.48.51:856][752]BlueprintLog: New page: Compile BP_MenuFlowGameInstance
[2015.04.15-18.48.52:014][752]BlueprintEditorCompileResults: Info [0203.76] Compile of BP_MenuFlowGameInstance successful! [in 157 ms]
[2015.04.15-18.50.10:298][ 61]BlueprintLog: New page: Compile BP_MenuFlowGameInstance
[2015.04.15-18.50.10:454][ 61]BlueprintEditorCompileResults: Info [0282.19] Compile of BP_MenuFlowGameInstance successful! [in 155 ms]
[2015.04.15-18.50.10:891][106]Cmd: OBJ SAVEPACKAGE PACKAGE="/Game/Blueprints/BP_MenuFlowGameInstance" FILE="D:/GitHub Repositories/UMGMenuSystem/Content/Blueprints/BP_MenuFlowGameInstance.uasset" SILENT=true
[2015.04.15-18.50.10:984][106]LogSavePackage: Save=62.721371ms
[2015.04.15-18.50.10:984][106]LogSavePackage: Moving 'D:/GitHub Repositories/UMGMenuSystem/Saved/BP_MenuFlowGameInstanceF287094A4860C61A0042D6B36803EC5D.tmp' to 'D:/GitHub Repositories/UMGMenuSystem/Content/Blueprints/BP_MenuFlowGameInstance.uasset'
[2015.04.15-18.50.22:682][442]LogUObjectArray:Warning: Invalid object index -842150451
[2015.04.15-18.51.06:895][442]LogOutputDevice: === Handled error: ===

Ensure condition failed: false [File:D:\BuildFarm\buildmachine_++depot+UE4-Releases+4.7\Engine\Source\Editor\UnrealEd\Private\Kismet2\KismetDebugUtilities.cpp] [Line: 862]
Error: Invalid (but non-null) property associated with pin; cannot get variable value
Stack: 
UE4Editor-Core.dll!FWindowsPlatformStackWalk::StackWalkAndDump() (0x000007feee089ed6) + 0 bytes [d:\buildfarm\buildmachine_++depot+ue4-releases+4.7\engine\source\runtime\core\private\windows\windowsplatformstackwalk.cpp:174]
UE4Editor-Core.dll!FDebug::EnsureFailed() (0x000007feedef2ffd) + 0 bytes [d:\buildfarm\buildmachine_++depot+ue4-releases+4.7\engine\source\runtime\core\private\misc\outputdevice.cpp:279]
UE4Editor-UnrealEd.dll!FKismetDebugUtilities::GetWatchText() (0x000007fee98c6212) + 0 bytes [d:\buildfarm\buildmachine_++depot+ue4-releases+4.7\engine\source\editor\unrealed\private\kismet2\kismetdebugutilities.cpp:863]
UE4Editor-BlueprintGraph.dll!UK2Node::GetPinHoverText() (0x000007fee7b547cd) + 16 bytes [d:\buildfarm\buildmachine_++depot+ue4-releases+4.7\engine\source\editor\blueprintgraph\private\k2node.cpp:1221]
UE4Editor-GraphEditor.dll!SGraphPin::GetTooltip() (0x000007fee8315091) + 0 bytes [d:\buildfarm\buildmachine_++depot+ue4-releases+4.7\engine\source\editor\grapheditor\private\sgraphpin.cpp:976]
UE4Editor-GraphEditor.dll!TMemberFunctionCaller<SGraphPin,FText (__cdecl SGraphPin::*)(void)const __ptr64>::operator()<>() (0x000007fee81a9e90) + 15 bytes [d:\buildfarm\buildmachine_++depot+ue4-releases+4.7\engine\source\runtime\core\public\delegates\delegateinstanceinterface_variadics.h:161]
UE4Editor-GraphEditor.dll!TTupleImpl<TIntegerSequence<> >::ApplyAfter_ExplicitReturnType<FText,TMemberFunctionCaller<SGraphPin,FText (__cdecl SGraphPin::*)(void)const __ptr64> >() (0x000007fee81addf9) + 19 bytes [d:\buildfarm\buildmachine_++depot+ue4-releases+4.7\engine\source\runtime\core\public\delegates\tuple.h:113]
UE4Editor-GraphEditor.dll!TBaseSPMethodDelegateInstance<1,SGraphPin,0,FText __cdecl(void)>::Execute() (0x000007fee82da159) + 36 bytes [d:\buildfarm\buildmachine_++depot+ue4-releases+4.7\engine\source\runtime\core\public\delegates\delegateinstancesimpl_variadics.inl:282]
UE4Editor-Slate.dll!TBaseDelegate<FText>::Execute() (0x000007feeacb4fda) + 6 bytes [d:\buildfarm\buildmachine_++depot+ue4-releases+4.7\engine\source\runtime\core\public\delegates\delegatesignatureimpl_variadics.inl:439]
UE4Editor-Slate.dll!TAttribute<FText>::Get() (0x000007feeacbd3d8) + 14 bytes [d:\buildfarm\buildmachine_++depot+ue4-releases+4.7\engine\source\runtime\core\public\misc\attribute.h:135]
UE4Editor-Slate.dll!SToolTip::IsEmpty() (0x000007feeada0542) + 30 bytes [d:\buildfarm\buildmachine_++depot+ue4-releases+4.7\engine\source\runtime\slate\private\widgets\stooltip.cpp:84]
UE4Editor-Slate.dll!FSlateApplication::UpdateToolTip() (0x000007feead16034) + 20 bytes [d:\buildfarm\buildmachine_++depot+ue4-releases+4.7\engine\source\runtime\slate\private\framework\application\slateapplication.cpp:2663]
UE4Editor-Slate.dll!FSlateApplication::Tick() (0x000007feead0ff34) + 10 bytes [d:\buildfarm\buildmachine_++depot+ue4-releases+4.7\engine\source\runtime\slate\private\framework\application\slateapplication.cpp:1236]
UE4Editor.exe!FEngineLoop::Tick() (0x000000013f49036f) + 0 bytes [d:\buildfarm\buildmachine_++depot+ue4-releases+4.7\engine\source\runtime\launch\private\launchengineloop.cpp:2284]
UE4Editor.exe!GuardedMain() (0x000000013f48267c) + 0 bytes [d:\buildfarm\buildmachine_++depot+ue4-releases+4.7\engine\source\runtime\launch\private\launch.cpp:142]
UE4Editor.exe!GuardedMainWrapper() (0x000000013f4826ea) + 5 bytes [d:\buildfarm\buildmachine_++depot+ue4-releases+4.7\engine\source\runtime\launch\private\windows\launchwindows.cpp:126]
UE4Editor.exe!WinMain() (0x000000013f492219) + 17 bytes [d:\buildfarm\buildmachine_++depot+ue4-releases+4.7\engine\source\runtime\launch\private\windows\launchwindows.cpp:202]
UE4Editor.exe!__tmainCRTStartup() (0x000000013f493159) + 21 bytes [f:\dd\vctools\crt\crtw32\dllstuff\crtexe.c:618]
kernel32.dll!UnknownFunction (0x00000000774d652d) + 0 bytes [UnknownFile:0]
ntdll.dll!UnknownFunction (0x000000007770c521) + 0 bytes [UnknownFile:0]
ntdll.dll!UnknownFunction (0x000000007770c521) + 0 bytes [UnknownFile:0]

[2015.04.15-18.51.58:528][839]LogUObjectGlobals:Warning: Failed to find object 'Object None.'
[2015.04.15-18.53.21:390][ 76]BlueprintLog: New page: Compile BP_MainMenuActor
[2015.04.15-18.53.21:505][ 76]BlueprintEditorCompileResults: Info [0473.24] Compile of BP_MainMenuActor successful! [in 114 ms]
[2015.04.15-18.53.22:003][123]Cmd: OBJ SAVEPACKAGE PACKAGE="/Game/Blueprints/BP_MainMenuActor" FILE="D:/GitHub Repositories/UMGMenuSystem/Content/Blueprints/BP_MainMenuActor.uasset" SILENT=true
[2015.04.15-18.53.22:194][123]LogSavePackage: Save=139.942215ms
[2015.04.15-18.53.22:194][123]LogSavePackage: Moving 'D:/GitHub Repositories/UMGMenuSystem/Saved/BP_MainMenuActor4882F1DA421A5D9432C8018E7839540B.tmp' to 'D:/GitHub Repositories/UMGMenuSystem/Content/Blueprints/BP_MainMenuActor.uasset'
[2015.04.15-18.53.42:454][379]BlueprintLog: New page: Compile BP_MainMenuActor
[2015.04.15-18.53.42:560][379]BlueprintEditorCompileResults: Info [0494.30] Compile of BP_MainMenuActor successful! [in 106 ms]
[2015.04.15-18.53.42:902][412]Cmd: OBJ SAVEPACKAGE PACKAGE="/Game/Blueprints/BP_MainMenuActor" FILE="D:/GitHub Repositories/UMGMenuSystem/Content/Blueprints/BP_MainMenuActor.uasset" SILENT=true
[2015.04.15-18.53.43:009][412]LogSavePackage: Save=105.438591ms
[2015.04.15-18.53.43:009][412]LogSavePackage: Moving 'D:/GitHub Repositories/UMGMenuSystem/Saved/BP_MainMenuActorA110E09D441C2DC3B63366B8D7219629.tmp' to 'D:/GitHub Repositories/UMGMenuSystem/Content/Blueprints/BP_MainMenuActor.uasset'
[2015.04.15-18.53.59:419][111]Cmd: OBJ SAVEPACKAGE PACKAGE="/Game/Maps/MainMenu_Map" FILE="D:/GitHub Repositories/UMGMenuSystem/Saved/Autosaves/Game/Maps/UEDPCMainMenu_Map.umap" SILENT=true AUTOSAVING=true KEEPDIRTY=true
[2015.04.15-18.53.59:497][111]LogSavePackage: Save=70.576904ms
[2015.04.15-18.53.59:497][111]LogSavePackage: Moving 'D:/GitHub Repositories/UMGMenuSystem/Saved/UEDPCMainMenu_Map7F5C79F3414BFD2FD979B885A7E4D07B.tmp' to 'D:/GitHub Repositories/UMGMenuSystem/Saved/Autosaves/Game/Maps/UEDPCMainMenu_Map.umap'
[2015.04.15-19.01.13:106][301]BlueprintLog: New page: Compile BP_MenuFlowGameInstance
[2015.04.15-19.01.13:242][301]LogParticles: Destroying 0 GPU particle simulations for FXSystem 0x000000000D2B67A0
[2015.04.15-19.01.13:272][301]BlueprintEditorCompileResults: Info [0945.00] Compile of BP_MenuFlowGameInstance successful! [in 165 ms]
[2015.04.15-19.01.15:452][351]Cmd: OBJ SAVEPACKAGE PACKAGE="/Game/Blueprints/BP_MenuFlowGameInstance" FILE="D:/GitHub Repositories/UMGMenuSystem/Content/Blueprints/BP_MenuFlowGameInstance.uasset" SILENT=true
[2015.04.15-19.01.15:538][351]LogSavePackage: Save=61.735054ms
[2015.04.15-19.01.15:538][351]LogSavePackage: Moving 'D:/GitHub Repositories/UMGMenuSystem/Saved/BP_MenuFlowGameInstance79CDD50D42265992691DA1BAC003D27C.tmp' to 'D:/GitHub Repositories/UMGMenuSystem/Content/Blueprints/BP_MenuFlowGameInstance.uasset'
[2015.04.15-19.01.15:602][351]Cmd: OBJ SAVEPACKAGE PACKAGE="/Game/Maps/MainMenu_Map" FILE="D:/GitHub Repositories/UMGMenuSystem/Saved/Autosaves/Game/Maps/UEDPCMainMenu_Map.umap" SILENT=true AUTOSAVING=true KEEPDIRTY=true
[2015.04.15-19.01.15:678][351]LogSavePackage: Save=54.556335ms
[2015.04.15-19.01.15:678][351]LogSavePackage: Moving 'D:/GitHub Repositories/UMGMenuSystem/Saved/UEDPCMainMenu_Map8016C8DB442845DADDC6AB9DFD0501FA.tmp' to 'D:/GitHub Repositories/UMGMenuSystem/Saved/Autosaves/Game/Maps/UEDPCMainMenu_Map.umap'
[2015.04.15-19.01.39:211][249]Cmd: OBJ SAVEPACKAGE PACKAGE="/Game/Maps/MainMenu_Map" FILE="D:/GitHub Repositories/UMGMenuSystem/Content/Maps/MainMenu_Map.umap" SILENT=true AUTOSAVING=false KEEPDIRTY=false
[2015.04.15-19.01.39:284][249]LogSavePackage: Save=53.652927ms
[2015.04.15-19.01.39:284][249]LogSavePackage: Moving 'D:/GitHub Repositories/UMGMenuSystem/Saved/MainMenu_Map03F2085D4DAADBBCB35DD5BDFBAE0725.tmp' to 'D:/GitHub Repositories/UMGMenuSystem/Content/Maps/MainMenu_Map.umap'
[2015.04.15-19.01.39:318][249]LogFileHelpers: Saving map 'MainMenu_Map' took 0.276
[2015.04.15-19.01.41:109][367]Cmd: QUIT_EDITOR
[2015.04.15-19.01.41:586][367]LogExit: Preparing to exit.
[2015.04.15-19.01.42:008][367]LogExit: Editor shut down
[2015.04.15-19.01.42:009][367]LogExit: Transaction tracking system shut down
[2015.04.15-19.01.42:010][367]LogParticles: Destroying 0 GPU particle simulations for FXSystem 0x0000000011475D00
[2015.04.15-19.01.42:012][367]LogParticles: Destroying 0 GPU particle simulations for FXSystem 0x000000000CC07CE0
[2015.04.15-19.01.42:012][367]LogParticles: Destroying 0 GPU particle simulations for FXSystem 0x000000001FA68400
[2015.04.15-19.01.42:013][367]LogParticles: Destroying 0 GPU particle simulations for FXSystem 0x000000001BECDBC0
[2015.04.15-19.01.42:013][367]LogParticles: Destroying 0 GPU particle simulations for FXSystem 0x000000001E981760
[2015.04.15-19.01.42:119][367]LogExit: Object subsystem successfully closed.
[2015.04.15-19.01.42:206][367]LogModuleManager: Shutting down and abandoning module CrashTracker (177)
[2015.04.15-19.01.42:206][367]LogModuleManager: Shutting down and abandoning module SuperSearch (176)
[2015.04.15-19.01.42:206][367]LogModuleManager: Shutting down and abandoning module SceneOutliner (175)
[2015.04.15-19.01.42:206][367]LogModuleManager: Shutting down and abandoning module EditorWidgets (174)
[2015.04.15-19.01.42:206][367]LogModuleManager: Shutting down and abandoning module CollectionManager (173)
[2015.04.15-19.01.42:206][367]LogModuleManager: Shutting down and abandoning module StatsViewer (172)
[2015.04.15-19.01.42:206][367]LogModuleManager: Shutting down and abandoning module FoliageEdit (171)
[2015.04.15-19.01.42:206][367]LogModuleManager: Shutting down and abandoning module LandscapeEditor (170)
[2015.04.15-19.01.42:206][367]LogModuleManager: Shutting down and abandoning module MeshPaint (169)
[2015.04.15-19.01.42:206][367]LogModuleManager: Shutting down and abandoning module ActorPickerMode (168)
[2015.04.15-19.01.42:206][367]LogModuleManager: Shutting down and abandoning module GeometryMode (167)
[2015.04.15-19.01.42:206][367]LogModuleManager: Shutting down and abandoning module TextureAlignMode (166)
[2015.04.15-19.01.42:206][367]LogModuleManager: Shutting down and abandoning module BspMode (165)
[2015.04.15-19.01.42:207][367]LogModuleManager: Shutting down and abandoning module PlacementMode (164)
[2015.04.15-19.01.42:207][367]LogModuleManager: Shutting down and abandoning module AutomationWorker (163)
[2015.04.15-19.01.42:207][367]LogModuleManager: Shutting down and abandoning module CharacterAI (162)
[2015.04.15-19.01.42:207][367]LogModuleManager: Shutting down and abandoning module SmartSnapping (161)
[2015.04.15-19.01.42:207][367]LogModuleManager: Shutting down and abandoning module ViewportSnapping (160)
[2015.04.15-19.01.42:207][367]LogModuleManager: Shutting down and abandoning module LogVisualizer (159)
[2015.04.15-19.01.42:207][367]LogModuleManager: Shutting down and abandoning module GameProjectGeneration (158)
[2015.04.15-19.01.42:207][367]LogModuleManager: Shutting down and abandoning module IntroTutorials (157)
[2015.04.15-19.01.42:207][367]LogModuleManager: Shutting down and abandoning module EditorLiveStreaming (156)
[2015.04.15-19.01.42:207][367]LogModuleManager: Shutting down and abandoning module HardwareTargeting (155)
[2015.04.15-19.01.42:207][367]LogModuleManager: Shutting down and abandoning module DeviceProfileEditor (154)
[2015.04.15-19.01.42:207][367]LogModuleManager: Shutting down and abandoning module UndoHistory (153)
[2015.04.15-19.01.42:207][367]LogModuleManager: Shutting down and abandoning module GameplayTagsEditor (152)
[2015.04.15-19.01.42:207][367]LogModuleManager: Shutting down and abandoning module UserFeedback (151)
[2015.04.15-19.01.42:207][367]LogModuleManager: Shutting down and abandoning module XmlParser (150)
[2015.04.15-19.01.42:207][367]LogModuleManager: Shutting down and abandoning module Blutility (149)
[2015.04.15-19.01.42:207][367]LogModuleManager: Shutting down and abandoning module IOSPlatformEditor (148)
[2015.04.15-19.01.42:207][367]LogModuleManager: Shutting down and abandoning module IOSRuntimeSettings (147)
[2015.04.15-19.01.42:207][367]LogModuleManager: Shutting down and abandoning module AndroidDeviceDetection (146)
[2015.04.15-19.01.43:049][367]LogModuleManager: Shutting down and abandoning module AndroidPlatformEditor (145)
[2015.04.15-19.01.43:049][367]LogModuleManager: Shutting down and abandoning module AndroidRuntimeSettings (144)
[2015.04.15-19.01.43:049][367]LogModuleManager: Shutting down and abandoning module ProjectTargetPlatformEditor (143)
[2015.04.15-19.01.43:049][367]LogModuleManager: Shutting down and abandoning module ProjectSettingsViewer (142)
[2015.04.15-19.01.43:049][367]LogModuleManager: Shutting down and abandoning module InputBindingEditor (141)
[2015.04.15-19.01.43:072][367]LogModuleManager: Shutting down and abandoning module EditorSettingsViewer (140)
[2015.04.15-19.01.43:072][367]LogModuleManager: Shutting down and abandoning module SettingsEditor (139)
[2015.04.15-19.01.43:072][367]LogModuleManager: Shutting down and abandoning module ProjectLauncher (138)
[2015.04.15-19.01.43:089][367]LogModuleManager: Shutting down and abandoning module SessionFrontend (137)
[2015.04.15-19.01.43:092][367]LogModuleManager: Shutting down and abandoning module ProfilerClient (136)
[2015.04.15-19.01.43:102][367]LogModuleManager: Shutting down and abandoning module TargetDeviceServices (135)
[2015.04.15-19.01.43:102][367]LogModuleManager: Shutting down and abandoning module DeviceManager (134)
[2015.04.15-19.01.43:112][367]LogModuleManager: Shutting down and abandoning module AutomationController (133)
[2015.04.15-19.01.43:120][367]LogModuleManager: Shutting down and abandoning module AutomationWindow (132)
[2015.04.15-19.01.43:129][367]LogModuleManager: Shutting down and abandoning module Layers (131)
[2015.04.15-19.01.43:147][367]LogModuleManager: Shutting down and abandoning module ComponentVisualizers (130)
[2015.04.15-19.01.43:147][367]LogModuleManager: Shutting down and abandoning module DetailCustomizations (129)
[2015.04.15-19.01.43:147][367]LogModuleManager: Shutting down and abandoning module PackagesDialog (128)
[2015.04.15-19.01.43:147][367]LogModuleManager: Shutting down and abandoning module AssetRegistry (127)
[2015.04.15-19.01.43:282][367]LogModuleManager: Shutting down and abandoning module Persona (126)
[2015.04.15-19.01.43:312][367]LogModuleManager: Shutting down and abandoning module SlateReflector (125)
[2015.04.15-19.01.43:325][367]LogModuleManager: Shutting down and abandoning module LevelEditor (124)
[2015.04.15-19.01.43:328][367]LogModuleManager: Shutting down and abandoning module Kismet (123)
[2015.04.15-19.01.43:328][367]LogModuleManager: Shutting down and abandoning module GraphEditor (122)
[2015.04.15-19.01.43:328][367]LogModuleManager: Shutting down and abandoning module ClassViewer (121)
[2015.04.15-19.01.43:328][367]LogModuleManager: Shutting down and abandoning module Toolbox (120)
[2015.04.15-19.01.43:328][367]LogModuleManager: Shutting down and abandoning module ModuleUI (119)
[2015.04.15-19.01.43:332][367]LogModuleManager: Shutting down and abandoning module MovieSceneTools (118)
[2015.04.15-19.01.43:332][367]LogModuleManager: Shutting down and abandoning module OutputLog (117)
[2015.04.15-19.01.43:332][367]LogModuleManager: Shutting down and abandoning module GammaUI (116)
[2015.04.15-19.01.43:336][367]LogModuleManager: Shutting down and abandoning module Documentation (115)
[2015.04.15-19.01.43:336][367]LogModuleManager: Shutting down and abandoning module GameLiveStreaming (114)
[2015.04.15-19.01.43:336][367]LogModuleManager: Shutting down and abandoning module StreamingPauseRendering (113)
[2015.04.15-19.01.43:336][367]LogModuleManager: Shutting down and abandoning module HTTP (112)
[2015.04.15-19.01.43:336][367]LogModuleManager: Shutting down and abandoning module AnalyticsET (111)
[2015.04.15-19.01.43:336][367]LogModuleManager: Shutting down and abandoning module Analytics (110)
[2015.04.15-19.01.43:336][367]LogModuleManager: Shutting down and abandoning module AITestSuite (109)
[2015.04.15-19.01.43:336][367]LogModuleManager: Shutting down and abandoning module GameplayDebugger (108)
[2015.04.15-19.01.43:336][367]LogModuleManager: Shutting down and abandoning module AIModule (107)
[2015.04.15-19.01.43:336][367]LogModuleManager: Shutting down and abandoning module ProfilerService (106)
[2015.04.15-19.01.43:556][367]LogModuleManager: Shutting down and abandoning module TaskGraph (105)
[2015.04.15-19.01.43:556][367]LogModuleManager: Shutting down and abandoning module SlateRemote (104)
[2015.04.15-19.01.43:556][367]LogModuleManager: Shutting down and abandoning module ScriptEditorPlugin (103)
[2015.04.15-19.01.43:556][367]LogModuleManager: Shutting down and abandoning module CustomMeshComponent (102)
[2015.04.15-19.01.43:556][367]LogModuleManager: Shutting down and abandoning module CableComponent (101)
[2015.04.15-19.01.43:556][367]LogModuleManager: Shutting down and abandoning module MessagingDebugger (100)
[2015.04.15-19.01.43:567][367]LogModuleManager: Shutting down and abandoning module MediaPlayerEditor (99)
[2015.04.15-19.01.43:577][367]LogModuleManager: Shutting down and abandoning module SpeedTreeImporter (98)
[2015.04.15-19.01.43:578][367]LogModuleManager: Shutting down and abandoning module PluginsEditor (97)
[2015.04.15-19.01.43:584][367]LogModuleManager: Shutting down and abandoning module MainFrame (96)
[2015.04.15-19.01.43:584][367]LogModuleManager: Shutting down and abandoning module EpicSurvey (95)
[2015.04.15-19.01.43:590][367]LogModuleManager: Shutting down and abandoning module DesktopPlatform (94)
[2015.04.15-19.01.43:590][367]LogModuleManager: Shutting down and abandoning module DirectoryWatcher (93)
[2015.04.15-19.01.43:591][367]LogModuleManager: Shutting down and abandoning module HotReload (92)
[2015.04.15-19.01.43:591][367]LogModuleManager: Shutting down and abandoning module VisualStudioSourceCodeAccess (91)
[2015.04.15-19.01.43:591][367]LogModuleManager: Shutting down and abandoning module UObjectPlugin (90)
[2015.04.15-19.01.43:591][367]LogModuleManager: Shutting down and abandoning module SubversionSourceControl (89)
[2015.04.15-19.01.43:591][367]LogModuleManager: Shutting down and abandoning module PerforceSourceControl (88)
[2015.04.15-19.01.43:591][367]LogModuleManager: Shutting down and abandoning module SourceControl (87)
[2015.04.15-19.01.43:591][367]LogModuleManager: Shutting down and abandoning module GitSourceControl (86)
[2015.04.15-19.01.43:591][367]LogModuleManager: Shutting down and abandoning module BlankPlugin (85)
[2015.04.15-19.01.43:591][367]LogModuleManager: Shutting down and abandoning module PaperTiledImporter (84)
[2015.04.15-19.01.43:591][367]LogModuleManager: Shutting down and abandoning module PaperJsonImporter (83)
[2015.04.15-19.01.43:591][367]LogModuleManager: Shutting down and abandoning module ContentBrowser (82)
[2015.04.15-19.01.43:593][367]LogModuleManager: Shutting down and abandoning module Paper2DEditor (81)
[2015.04.15-19.01.43:595][367]LogModuleManager: Shutting down and abandoning module ScriptPlugin (80)
[2015.04.15-19.01.43:595][367]LogModuleManager: Shutting down and abandoning module UdpMessaging (79)
[2015.04.15-19.01.43:695][367]LogModuleManager: Shutting down and abandoning module Paper2D (78)
[2015.04.15-19.01.43:695][367]LogModuleManager: Shutting down and abandoning module WindowsMoviePlayer (77)
[2015.04.15-19.01.43:700][367]LogModuleManager: Shutting down and abandoning module Media (76)
[2015.04.15-19.01.43:700][367]LogModuleManager: Shutting down and abandoning module WmfMedia (75)
[2015.04.15-19.01.43:700][367]LogModuleManager: Shutting down and abandoning module OnlineBlueprintSupport (74)
[2015.04.15-19.01.43:700][367]LogModuleManager: Shutting down and abandoning module PropertyEditor (73)
[2015.04.15-19.01.43:700][367]LogModuleManager: Shutting down and abandoning module BehaviorTreeEditor (72)
[2015.04.15-19.01.43:700][367]LogModuleManager: Shutting down and abandoning module FunctionalTesting (71)
[2015.04.15-19.01.43:700][367]LogModuleManager: Shutting down and abandoning module CollisionAnalyzer (70)
[2015.04.15-19.01.43:700][367]LogModuleManager: Shutting down and abandoning module WorkspaceMenuStructure (69)
[2015.04.15-19.01.43:701][367]LogModuleManager: Shutting down and abandoning module MessageLog (68)
[2015.04.15-19.01.43:701][367]LogModuleManager: Shutting down and abandoning module Sequencer (67)
[2015.04.15-19.01.43:701][367]LogModuleManager: Shutting down and abandoning module AssetTools (66)
[2015.04.15-19.01.43:701][367]LogModuleManager: Shutting down and abandoning module UMGEditor (65)
[2015.04.15-19.01.43:701][367]LogModuleManager: Shutting down and abandoning module UMG (64)
[2015.04.15-19.01.43:701][367]LogModuleManager: Shutting down and abandoning module Slate (63)
[2015.04.15-19.01.43:701][367]LogModuleManager: Shutting down and abandoning module EditorStyle (62)
[2015.04.15-19.01.43:718][367]LogModuleManager: Shutting down and abandoning module SessionServices (61)
[2015.04.15-19.01.43:718][367]LogModuleManager: Shutting down and abandoning module SourceCodeAccess (60)
[2015.04.15-19.01.43:718][367]LogModuleManager: Shutting down and abandoning module HeadMountedDisplay (59)
[2015.04.15-19.01.43:718][367]LogModuleManager: Shutting down and abandoning module XAudio2 (58)
[2015.04.15-19.01.43:718][367]LogModuleManager: Shutting down and abandoning module Networking (56)
[2015.04.15-19.01.43:718][367]LogModuleManager: Shutting down and abandoning module Core (55)
[2015.04.15-19.01.43:718][367]LogModuleManager: Shutting down and abandoning module KismetCompiler (54)
[2015.04.15-19.01.43:718][367]LogModuleManager: Shutting down and abandoning module PhysXFormats (53)
[2015.04.15-19.01.43:718][367]LogModuleManager: Shutting down and abandoning module MeshUtilities (52)
[2015.04.15-19.01.43:718][367]LogModuleManager: Shutting down and abandoning module DerivedDataCache (51)
[2015.04.15-19.01.43:764][367]LogDerivedDataCache: Shutdown
[2015.04.15-19.01.43:764][367]LogModuleManager: Shutting down and abandoning module ShaderFormatOpenGL (50)
[2015.04.15-19.01.43:764][367]LogModuleManager: Shutting down and abandoning module ShaderFormatD3D (49)
[2015.04.15-19.01.43:764][367]LogModuleManager: Shutting down and abandoning module MetalShaderFormat (48)
[2015.04.15-19.01.43:764][367]LogModuleManager: Shutting down and abandoning module TextureFormatUncompressed (47)
[2015.04.15-19.01.43:764][367]LogModuleManager: Shutting down and abandoning module TextureFormatPVR (46)
[2015.04.15-19.01.43:764][367]LogModuleManager: Shutting down and abandoning module TextureFormatIntelISPCTexComp (45)
[2015.04.15-19.01.43:764][367]LogModuleManager: Shutting down and abandoning module TextureFormatDXT (44)
[2015.04.15-19.01.43:764][367]LogModuleManager: Shutting down and abandoning module ImageWrapper (43)
[2015.04.15-19.01.43:764][367]LogModuleManager: Shutting down and abandoning module TextureFormatASTC (42)
[2015.04.15-19.01.43:764][367]LogModuleManager: Shutting down and abandoning module TextureFormatAndroid (41)
[2015.04.15-19.01.43:764][367]LogModuleManager: Shutting down and abandoning module AudioFormatOpus (40)
[2015.04.15-19.01.43:764][367]LogModuleManager: Shutting down and abandoning module AudioFormatOgg (39)
[2015.04.15-19.01.43:764][367]LogModuleManager: Shutting down and abandoning module AudioFormatADPCM (38)
[2015.04.15-19.01.43:764][367]LogModuleManager: Shutting down and abandoning module LinuxTargetPlatform (37)
[2015.04.15-19.01.43:764][367]LogModuleManager: Shutting down and abandoning module LinuxServerTargetPlatform (36)
[2015.04.15-19.01.43:764][367]LogModuleManager: Shutting down and abandoning module LinuxNoEditorTargetPlatform (35)
[2015.04.15-19.01.43:764][367]LogModuleManager: Shutting down and abandoning module Messaging (34)
[2015.04.15-19.01.43:764][367]LogModuleManager: Shutting down and abandoning module IOSTargetPlatform (33)
[2015.04.15-19.01.43:764][367]LogModuleManager: Shutting down and abandoning module HTML5TargetPlatform (32)
[2015.04.15-19.01.43:764][367]LogModuleManager: Shutting down and abandoning module Android_PVRTCTargetPlatform (31)
[2015.04.15-19.01.43:764][367]LogModuleManager: Shutting down and abandoning module Android_ETC2TargetPlatform (30)
[2015.04.15-19.01.43:764][367]LogModuleManager: Shutting down and abandoning module Android_ETC1TargetPlatform (29)
[2015.04.15-19.01.43:764][367]LogModuleManager: Shutting down and abandoning module Android_ES31TargetPlatform (28)
[2015.04.15-19.01.43:764][367]LogModuleManager: Shutting down and abandoning module Android_DXTTargetPlatform (27)
[2015.04.15-19.01.43:764][367]LogModuleManager: Shutting down and abandoning module Android_ATCTargetPlatform (26)
[2015.04.15-19.01.43:764][367]LogModuleManager: Shutting down and abandoning module AndroidTargetPlatform (25)
[2015.04.15-19.01.43:764][367]LogModuleManager: Shutting down and abandoning module WindowsTargetPlatform (24)
[2015.04.15-19.01.43:764][367]LogModuleManager: Shutting down and abandoning module WindowsServerTargetPlatform (23)
[2015.04.15-19.01.43:764][367]LogModuleManager: Shutting down and abandoning module WindowsNoEditorTargetPlatform (22)
[2015.04.15-19.01.43:764][367]LogModuleManager: Shutting down and abandoning module WindowsClientTargetPlatform (21)
[2015.04.15-19.01.43:764][367]LogModuleManager: Shutting down and abandoning module TargetPlatform (20)
[2015.04.15-19.01.43:764][367]LogModuleManager: Shutting down and abandoning module InputCore (19)
[2015.04.15-19.01.43:764][367]LogModuleManager: Shutting down and abandoning module Settings (18)
[2015.04.15-19.01.43:764][367]LogModuleManager: Shutting down and abandoning module OnlineSubsystem (16)
[2015.04.15-19.01.43:764][367]LogModuleManager: Shutting down and abandoning module OculusRift (15)
[2015.04.15-19.01.43:764][367]LogModuleManager: Shutting down and abandoning module ExampleDeviceProfileSelector (14)
[2015.04.15-19.01.43:764][367]LogModuleManager: Shutting down and abandoning module TextureCompressor (13)
[2015.04.15-19.01.43:765][367]LogModuleManager: Shutting down and abandoning module ShaderCore (12)
[2015.04.15-19.01.43:765][367]LogModuleManager: Shutting down and abandoning module Landscape (11)
[2015.04.15-19.01.43:765][367]LogModuleManager: Shutting down and abandoning module SlateRHIRenderer (10)
[2015.04.15-19.01.43:769][367]LogModuleManager: Shutting down and abandoning module OpenGLDrv (9)
[2015.04.15-19.01.43:769][367]LogModuleManager: Shutting down and abandoning module D3D11RHI (8)
[2015.04.15-19.01.43:769][367]LogModuleManager: Shutting down and abandoning module Renderer (7)
[2015.04.15-19.01.43:769][367]LogModuleManager: Shutting down and abandoning module Engine (6)
[2015.04.15-19.01.43:769][367]LogModuleManager: Shutting down and abandoning module CoreUObject (5)
[2015.04.15-19.01.43:769][367]LogModuleManager: Shutting down and abandoning module NetworkFile (4)
[2015.04.15-19.01.43:769][367]LogModuleManager: Shutting down and abandoning module StreamingFile (3)
[2015.04.15-19.01.43:769][367]LogModuleManager: Shutting down and abandoning module SandboxFile (2)
[2015.04.15-19.01.43:769][367]LogModuleManager: Shutting down and abandoning module PakFile (1)
[2015.04.15-19.01.43:770][367]LogExit: Exiting.
[2015.04.15-19.01.43:784][367]Log file closed, 04/16/15 00:31:43
