Log file open, 04/29/15 22:34:42
LogInit:Display: Running engine for game: UMGMenuExample
LogInit: Version: 4.7.6-2513093+++depot+UE4-Releases+4.7
LogInit: API Version: 2455222
LogInit: Compiled (64-bit): Apr 15 2015 12:09:54
LogInit: Compiled with Visual C++: 18.00.21005.01
LogInit: Build Configuration: Development
LogInit: Branch Name: ++depot+UE4-Releases+4.7
LogInit: Command line:  
LogInit: Base directory: C:/Program Files/Epic Games/4.7/Engine/Binaries/Win64/
LogInit: Rocket: 1
[2015.04.29-17.04.42:528][  0]LogTaskGraph: Started task graph with 3 named threads and 6 total threads.
[2015.04.29-17.04.42:612][  0]LogOnline:Warning: No default platform service specified for OnlineSubsystem
[2015.04.29-17.04.42:651][  0]LogInit: Presizing for 0 objects not considered by GC, pre-allocating 0 bytes.
[2015.04.29-17.04.42:660][  0]LogInit: Object subsystem initialized
[2015.04.29-17.04.42:662][  0]LogConsoleResponse:Warning: Skipping Unknown console variable: 'UIScaleRule = ShortestSide'
[2015.04.29-17.04.42:662][  0]LogConsoleResponse:Warning:   Found in ini file 'D:/GitHub Repositories/UMGMenuSystem/Saved/Config/Windows/Engine.ini', in section '[/Script/Engine.RendererSettings]'
[2015.04.29-17.04.42:662][  0]LogConsoleResponse:Warning: Skipping Unknown console variable: 'UIScaleCurve = (EditorCurveData=(Keys=),ExternalCurve=None)'
[2015.04.29-17.04.42:662][  0]LogConsoleResponse:Warning:   Found in ini file 'D:/GitHub Repositories/UMGMenuSystem/Saved/Config/Windows/Engine.ini', in section '[/Script/Engine.RendererSettings]'
[2015.04.29-17.04.42:662][  0]LogConsoleManager:Warning: Console variable 'r.MSAA.CompositingSampleCount' wasn't set (Priority ProjectSetting < Scalability)
[2015.04.29-17.04.42:662][  0]LogInit: Selected Device Profile: [Windows]
[2015.04.29-17.04.42:662][  0]LogInit: Applying CVar settings loaded from the selected device profile: [Windows]
[2015.04.29-17.04.42:668][  0]LogInit: Computer: PROTEUS_CORE
[2015.04.29-17.04.42:668][  0]LogInit: User: Rohit
[2015.04.29-17.04.42:668][  0]LogInit: CPU Page size=4096, Cores=4
[2015.04.29-17.04.42:668][  0]LogInit: High frequency timer resolution =3.027353 MHz
[2015.04.29-17.04.42:668][  0]LogMemory: Memory total: Physical=7.9GB (8GB approx) Virtual=8192.0GB
[2015.04.29-17.04.42:668][  0]LogMemory: Platform Memory Stats for Windows
[2015.04.29-17.04.42:668][  0]LogMemory: Process Physical Memory: 47.64 MB used, 47.64 MB peak
[2015.04.29-17.04.42:668][  0]LogMemory: Process Virtual Memory: 26.63 MB used, 26.63 MB peak
[2015.04.29-17.04.42:668][  0]LogMemory: Physical Memory: 3117.68 MB used, 8136.00 MB total
[2015.04.29-17.04.42:668][  0]LogMemory: Virtual Memory: 280.86 MB used, 8388608.00 MB total
[2015.04.29-17.04.42:726][  0]LogD3D11RHI: Found D3D11 adapter 0: NVIDIA GeForce GTX 660   (Feature Level 11_0)
[2015.04.29-17.04.42:726][  0]LogD3D11RHI: Adapter has 1990MB of dedicated video memory, 0MB of dedicated system memory, and 2048MB of shared system memory, 1 output[s]
[2015.04.29-17.04.42:726][  0]LogD3D11RHI: Chosen D3D11 Adapter Id = 0
[2015.04.29-17.04.42:731][  0]LogRHI: Texture pool is 1361 MB (70% of 1945 MB)
[2015.04.29-17.04.42:740][  0]LogD3D11RHI: Async texture creation enabled
[2015.04.29-17.04.42:900][  0]LogTextLocalizationManager: The requested culture ('en_US') has no localization data; parent culture's ('en') localization data will be used.
[2015.04.29-17.04.42:954][  0]LogTextLocalizationManager:Warning: Loading localization resources contain conflicting entries for (Namespace:UICommands, Key:Save_ToolTip):
Resource: (C:/Program Files/Epic Games/4.7/Engine/Content/Localization/Editor/en/Editor.locres) Hash: (-29098895) String: (Saves the current level to disk)
Resource: (C:/Program Files/Epic Games/4.7/Engine/Content/Localization/Engine/en/Engine.locres) Hash: (-1280300587) String: (Save selected data to vlog file)
[2015.04.29-17.04.42:954][  0]LogTextLocalizationManager:Warning: Loading localization resources contain conflicting entries for (Namespace:ContentBrowser, Key:ImportAssetToolTip):
Resource: (C:/Program Files/Epic Games/4.7/Engine/Content/Localization/Editor/en/Editor.locres) Hash: (-630476809) String: (Import to {0}...)
Resource: (C:/Program Files/Epic Games/4.7/Engine/Content/Localization/Editor/en/Editor.locres) Hash: (1271782899) String: (Imports an asset from file to this folder.)
[2015.04.29-17.04.43:028][  0]LogContentStreaming: Texture pool size is 0.000000MB
[2015.04.29-17.04.46:099][  0]LogTargetPlatformManager:Display: Building Assets For Windows
[2015.04.29-17.04.46:832][  0]LogTargetPlatformManager:Display: Building Assets For Windows
[2015.04.29-17.04.46:917][  0]LogDerivedDataCache:Display: Max Cache Size: 512 MB
[2015.04.29-17.04.46:950][  0]LogDerivedDataCache: Loaded boot cache 0.03s 39MB C:/Users/Rohit/AppData/Local/UnrealEngine/4.7/DerivedDataCache/Boot.ddc.
[2015.04.29-17.04.46:950][  0]LogDerivedDataCache:Display: Loaded Boot cache: C:/Users/Rohit/AppData/Local/UnrealEngine/4.7/DerivedDataCache/Boot.ddc
[2015.04.29-17.04.46:951][  0]LogDerivedDataCache: FDerivedDataBackendGraph:  Pak pak cache file D:/GitHub Repositories/UMGMenuSystem/DerivedDataCache/DDC.ddp not found, will not use a pak cache.
[2015.04.29-17.04.46:951][  0]LogDerivedDataCache: Unable to find inner node Pak for hierarchical cache Hierarchy.
[2015.04.29-17.04.47:067][  0]LogDerivedDataCache:Display: Pak cache opened for reading ../../../Engine/DerivedDataCache/Compressed.ddp.
[2015.04.29-17.04.47:079][  0]LogDerivedDataCache: Using Local data cache path C:/Users/Rohit/AppData/Local/UnrealEngine/Common/DerivedDataCache: Writable
[2015.04.29-17.04.47:436][  0]LogMeshUtilities: No automatic mesh reduction module available
[2015.04.29-17.04.47:436][  0]LogMeshUtilities: No automatic mesh merging module available
[2015.04.29-17.04.47:840][  0]LogInit: WinSock: version 1.1 (2.2), MaxSocks=32767, MaxUdp=65467
[2015.04.29-17.04.47:969][  0]LogSlate:Warning: Failed to load font data from '../../../Engine/Content/Slate/Fonts/Roboto-Italic.ttf'
[2015.04.29-17.04.49:283][  0]UdpMessaging: Initializing bridge on interface 0.0.0.0:0 to multicast group 230.0.0.1:6666.
[2015.04.29-17.04.49:676][  0]SourceControl: Info Source control is disabled
[2015.04.29-17.04.49:676][  0]SourceControl: Info Source control is disabled
[2015.04.29-17.04.49:676][  0]SourceControl: Info Source control is disabled
[2015.04.29-17.04.49:676][  0]LogSourceControl: RunCommandInternalRaw: 'git version'
[2015.04.29-17.04.49:676][  0]LogSourceControl: RunCommandInternalRaw: ExecProcess ReturnCode=2 OutResults=''
[2015.04.29-17.04.49:690][  0]SourceControl: Info Source control is disabled
[2015.04.29-17.04.50:040][  0]LogObj: 24232 objects as part of root set at end of initial load.
[2015.04.29-17.04.50:040][  0]LogUObjectAllocator: 5137176 out of 0 bytes used by permanent object pool.
[2015.04.29-17.04.50:145][  0]LogEngine: Initializing Engine...
[2015.04.29-17.04.52:331][  0]LogInit: XAudio2 using 'Speakers (Realtek High Definition Audio)' : 2 channels at 48 kHz using 32 bits per sample (channel mask 0x3)
[2015.04.29-17.04.52:373][  0]LogInit: FAudioDevice initialized.
[2015.04.29-17.04.52:431][  0]LogAIModule: Creating AISystem for world NewWorld
[2015.04.29-17.04.52:450][  0]LogDerivedDataCache: Saved boot cache 0.02s 39MB C:/Users/Rohit/AppData/Local/UnrealEngine/4.7/DerivedDataCache/Boot.ddc.
[2015.04.29-17.04.52:452][  0]LogInit: Texture streaming: Enabled
[2015.04.29-17.04.52:566][  0]LogAnalytics: Creating configured Analytics provider AnalyticsET
[2015.04.29-17.04.52:566][  0]LogAnalytics: ET APIKey = Rocket.Release. APIServer = http://et2.epicgames.com/ET2/. AppVersion = 4.7.6-2513093+++depot+UE4-Releases+4.7
[2015.04.29-17.04.52:566][  0]LogAnalytics: ET APIKey = Rocket.Release. DataRouterUploadURL = https://datarouter-public-service-gamedev.ol.epicgames.net/datarouter/api/v1/public/data. AppVersion = 4.7.6-2513093+++depot+UE4-Releases+4.7
[2015.04.29-17.04.52:566][  0]LogAnalytics: SetUserId 013718ab4e6dec0f6374d59520a1ab13|7b8e2bb8b466411588cadfe08ecd7de9|6951b782-1f02-4763-a464-5016cbe33e2c
[2015.04.29-17.04.52:566][  0]LogAnalytics: AnalyticsET::StartSession [Rocket.Release]
[2015.04.29-17.04.52:647][  0]LogInit: Transaction tracking system initialized
[2015.04.29-17.04.52:969][  0]BlueprintLog: New page: Editor Load
[2015.04.29-17.04.53:020][  0]LogAssetRegistry: FAssetRegistry took 0.0099 seconds to start up
[2015.04.29-17.04.53:020][  0]LogDirectoryWatcher:Warning: Failed to begin reading directory changes for ../../../Engine/Plugins/Experimental/CharacterAI/Content/. Error: 0
[2015.04.29-17.04.53:774][  0]LogTargetPlatformManager:Display: Building Assets For Windows
[2015.04.29-17.04.54:193][  0]LogTargetPlatformManager:Display: Building Assets For Windows
[2015.04.29-17.04.54:646][  0]LogSlate:Warning: Failed to load font data from '../../../Engine/Content/Editor/Slate/Fonts/Roboto-Regular.ttf'
[2015.04.29-17.04.54:647][  0]LogSlate:Warning: Failed to load font data from '../../../Engine/Content/Editor/Slate/Fonts/Roboto-Bold.ttf'
[2015.04.29-17.04.54:653][  0]LogConsoleResponse:Display: 
[2015.04.29-17.04.54:821][  0]LogCook:Display: Done creating registry. It took  0.00s.
[2015.04.29-17.04.55:088][  0]SourceControl: Info Source control is disabled
[2015.04.29-17.04.55:088][  0]Cmd: MAP LOAD FILE="D:/GitHub Repositories/UMGMenuSystem/Content/Maps/MainMenu_Map.umap" TEMPLATE=0 SHOWPROGRESS=1 FEATURELEVEL=3
[2015.04.29-17.04.55:129][  0]LightingResults: New page: Lighting Build
[2015.04.29-17.04.55:185][  0]MapCheck: New page: Map Check
[2015.04.29-17.04.55:185][  0]LightingResults: New page: Lighting Build
[2015.04.29-17.04.55:193][  0]LogParticles: Destroying 0 GPU particle simulations for FXSystem 0x0000000013D02980
[2015.04.29-17.04.58:577][  0]LogLinker:Warning: CreateImport: Object 'StateChanged__DelegateSignature' isn't imported, because its outer is a placeholder. Archive: 'D:/GitHub Repositories/UMGMenuSystem/Content/Blueprints/BP_MainMenuActor.uasset'
[2015.04.29-17.04.59:268][  0]LogEditorServer: Finished looking for orphan Actors (0.000 secs)
[2015.04.29-17.04.59:272][  0]LogAIModule: Creating AISystem for world MainMenu_Map
[2015.04.29-17.04.59:273][  0]Cmd: MAP CHECKDEP
[2015.04.29-17.04.59:273][  0]MapCheck: New page: MainMenu_Map - Apr 30, 2015, 4:04:59 AM
[2015.04.29-17.04.59:426][  0]MapCheck: Info Map check complete: 0 Error(s), 0 Warning(s), took 153.166ms to complete.
[2015.04.29-17.04.59:426][  0]LogFileHelpers: Loading map 'MainMenu_Map' took 4.338
[2015.04.29-17.04.59:587][  0]LogCollectionManager: Loaded 0 collections in 0.002158 seconds
[2015.04.29-17.04.59:602][  0]LogContentBrowser: Native class hierarchy populated in 0.0152 seconds. Added 1696 classes and 261 folders.
[2015.04.29-17.04.59:657][  0]LogContentBrowser: Native class hierarchy updated for 'SceneOutliner' in 0.0039 seconds. Added 1 classes and 2 folders.
[2015.04.29-17.04.59:737][  0]LogCrashTracker: Crashtracker disabled due to settings.
[2015.04.29-17.04.59:738][  0]LogSlate:Warning: Failed to load font data from 'Veranda'
[2015.04.29-17.04.59:744][  0]LogUObjectGlobals:Warning: Failed to find object 'Class None.'
[2015.04.29-17.04.59:777][  0]LogLoad: Full Startup: 19.82 seconds (BP compile: 1.32 seconds)
[2015.04.29-17.05.00:155][  0]LogContentBrowser:Verbose: The content browser source was changed by the sources view to '/Game/Blueprints'
[2015.04.29-17.05.00:337][  0]LogRenderer:Warning: Reallocating scene render targets to support 1208x576 (Frame:2).
[2015.04.29-17.05.03:134][  9]LogAssetRegistry: Asset discovery search completed in 10.1246 seconds
[2015.04.29-17.27.57:474][809]Cmd: OBJ SAVEPACKAGE PACKAGE="/Game/Maps/MainMenu_Map" FILE="D:/GitHub Repositories/UMGMenuSystem/Saved/Autosaves/Game/Maps/UEDPCMainMenu_Map.umap" SILENT=true AUTOSAVING=true KEEPDIRTY=true
[2015.04.29-17.27.57:748][809]LogSavePackage: Save=74.413193ms
[2015.04.29-17.27.57:748][809]LogSavePackage: Moving 'D:/GitHub Repositories/UMGMenuSystem/Saved/UEDPCMainMenu_Map0138BD2E4EEB597BE063AFA0D1CEE27B.tmp' to 'D:/GitHub Repositories/UMGMenuSystem/Saved/Autosaves/Game/Maps/UEDPCMainMenu_Map.umap'
[2015.04.29-17.28.32:674][656]Cmd: OBJ SAVEPACKAGE PACKAGE="/Game/Maps/MainMenu_Map" FILE="D:/GitHub Repositories/UMGMenuSystem/Content/Maps/MainMenu_Map.umap" SILENT=true AUTOSAVING=false KEEPDIRTY=false
[2015.04.29-17.28.32:739][656]LogSavePackage: Save=43.254948ms
[2015.04.29-17.28.32:739][656]LogSavePackage: Moving 'D:/GitHub Repositories/UMGMenuSystem/Saved/MainMenu_Map815D861C4D53FF7EF5C8ADB37E9EFFC1.tmp' to 'D:/GitHub Repositories/UMGMenuSystem/Content/Maps/MainMenu_Map.umap'
[2015.04.29-17.28.32:755][656]LogFileHelpers: Saving map 'MainMenu_Map' took 0.234
[2015.04.29-17.28.33:349][657]Cmd: QUIT_EDITOR
[2015.04.29-17.28.33:850][657]LogExit: Preparing to exit.
[2015.04.29-17.28.34:448][657]LogExit: Editor shut down
[2015.04.29-17.28.34:449][657]LogExit: Transaction tracking system shut down
[2015.04.29-17.28.34:450][657]LogParticles: Destroying 0 GPU particle simulations for FXSystem 0x0000000019BB4B80
[2015.04.29-17.28.34:450][657]LogParticles: Destroying 0 GPU particle simulations for FXSystem 0x000000001DD34FE0
[2015.04.29-17.28.34:450][657]LogParticles: Destroying 0 GPU particle simulations for FXSystem 0x00000000186756C0
[2015.04.29-17.28.34:493][657]LogExit: Object subsystem successfully closed.
[2015.04.29-17.28.34:561][657]LogModuleManager: Shutting down and abandoning module CrashTracker (177)
[2015.04.29-17.28.34:561][657]LogModuleManager: Shutting down and abandoning module SuperSearch (176)
[2015.04.29-17.28.34:561][657]LogModuleManager: Shutting down and abandoning module SceneOutliner (175)
[2015.04.29-17.28.34:561][657]LogModuleManager: Shutting down and abandoning module EditorWidgets (174)
[2015.04.29-17.28.34:561][657]LogModuleManager: Shutting down and abandoning module CollectionManager (173)
[2015.04.29-17.28.34:561][657]LogModuleManager: Shutting down and abandoning module StatsViewer (172)
[2015.04.29-17.28.34:561][657]LogModuleManager: Shutting down and abandoning module FoliageEdit (171)
[2015.04.29-17.28.34:561][657]LogModuleManager: Shutting down and abandoning module LandscapeEditor (170)
[2015.04.29-17.28.34:561][657]LogModuleManager: Shutting down and abandoning module MeshPaint (169)
[2015.04.29-17.28.34:561][657]LogModuleManager: Shutting down and abandoning module ActorPickerMode (168)
[2015.04.29-17.28.34:561][657]LogModuleManager: Shutting down and abandoning module GeometryMode (167)
[2015.04.29-17.28.34:561][657]LogModuleManager: Shutting down and abandoning module TextureAlignMode (166)
[2015.04.29-17.28.34:561][657]LogModuleManager: Shutting down and abandoning module BspMode (165)
[2015.04.29-17.28.34:561][657]LogModuleManager: Shutting down and abandoning module PlacementMode (164)
[2015.04.29-17.28.34:561][657]LogModuleManager: Shutting down and abandoning module AutomationWorker (163)
[2015.04.29-17.28.34:561][657]LogModuleManager: Shutting down and abandoning module CharacterAI (162)
[2015.04.29-17.28.34:561][657]LogModuleManager: Shutting down and abandoning module SmartSnapping (161)
[2015.04.29-17.28.34:561][657]LogModuleManager: Shutting down and abandoning module ViewportSnapping (160)
[2015.04.29-17.28.34:561][657]LogModuleManager: Shutting down and abandoning module LogVisualizer (159)
[2015.04.29-17.28.34:561][657]LogModuleManager: Shutting down and abandoning module GameProjectGeneration (158)
[2015.04.29-17.28.34:561][657]LogModuleManager: Shutting down and abandoning module IntroTutorials (157)
[2015.04.29-17.28.34:562][657]LogModuleManager: Shutting down and abandoning module EditorLiveStreaming (156)
[2015.04.29-17.28.34:562][657]LogModuleManager: Shutting down and abandoning module HardwareTargeting (155)
[2015.04.29-17.28.34:562][657]LogModuleManager: Shutting down and abandoning module DeviceProfileEditor (154)
[2015.04.29-17.28.34:562][657]LogModuleManager: Shutting down and abandoning module UndoHistory (153)
[2015.04.29-17.28.34:562][657]LogModuleManager: Shutting down and abandoning module GameplayTagsEditor (152)
[2015.04.29-17.28.34:562][657]LogModuleManager: Shutting down and abandoning module UserFeedback (151)
[2015.04.29-17.28.34:562][657]LogModuleManager: Shutting down and abandoning module XmlParser (150)
[2015.04.29-17.28.34:562][657]LogModuleManager: Shutting down and abandoning module Blutility (149)
[2015.04.29-17.28.34:562][657]LogModuleManager: Shutting down and abandoning module IOSPlatformEditor (148)
[2015.04.29-17.28.34:562][657]LogModuleManager: Shutting down and abandoning module IOSRuntimeSettings (147)
[2015.04.29-17.28.34:562][657]LogModuleManager: Shutting down and abandoning module AndroidDeviceDetection (146)
[2015.04.29-17.28.35:396][657]LogModuleManager: Shutting down and abandoning module AndroidPlatformEditor (145)
[2015.04.29-17.28.35:396][657]LogModuleManager: Shutting down and abandoning module AndroidRuntimeSettings (144)
[2015.04.29-17.28.35:396][657]LogModuleManager: Shutting down and abandoning module ProjectTargetPlatformEditor (143)
[2015.04.29-17.28.35:396][657]LogModuleManager: Shutting down and abandoning module ProjectSettingsViewer (142)
[2015.04.29-17.28.35:396][657]LogModuleManager: Shutting down and abandoning module InputBindingEditor (141)
[2015.04.29-17.28.35:397][657]LogModuleManager: Shutting down and abandoning module EditorSettingsViewer (140)
[2015.04.29-17.28.35:397][657]LogModuleManager: Shutting down and abandoning module SettingsEditor (139)
[2015.04.29-17.28.35:397][657]LogModuleManager: Shutting down and abandoning module ProjectLauncher (138)
[2015.04.29-17.28.35:397][657]LogModuleManager: Shutting down and abandoning module SessionFrontend (137)
[2015.04.29-17.28.35:397][657]LogModuleManager: Shutting down and abandoning module ProfilerClient (136)
[2015.04.29-17.28.35:397][657]LogModuleManager: Shutting down and abandoning module TargetDeviceServices (135)
[2015.04.29-17.28.35:397][657]LogModuleManager: Shutting down and abandoning module DeviceManager (134)
[2015.04.29-17.28.35:398][657]LogModuleManager: Shutting down and abandoning module AutomationController (133)
[2015.04.29-17.28.35:398][657]LogModuleManager: Shutting down and abandoning module AutomationWindow (132)
[2015.04.29-17.28.35:398][657]LogModuleManager: Shutting down and abandoning module Layers (131)
[2015.04.29-17.28.35:398][657]LogModuleManager: Shutting down and abandoning module ComponentVisualizers (130)
[2015.04.29-17.28.35:398][657]LogModuleManager: Shutting down and abandoning module DetailCustomizations (129)
[2015.04.29-17.28.35:398][657]LogModuleManager: Shutting down and abandoning module PackagesDialog (128)
[2015.04.29-17.28.35:398][657]LogModuleManager: Shutting down and abandoning module AssetRegistry (127)
[2015.04.29-17.28.35:516][657]LogModuleManager: Shutting down and abandoning module Persona (126)
[2015.04.29-17.28.35:516][657]LogModuleManager: Shutting down and abandoning module SlateReflector (125)
[2015.04.29-17.28.35:516][657]LogModuleManager: Shutting down and abandoning module LevelEditor (124)
[2015.04.29-17.28.35:517][657]LogModuleManager: Shutting down and abandoning module Kismet (123)
[2015.04.29-17.28.35:517][657]LogModuleManager: Shutting down and abandoning module GraphEditor (122)
[2015.04.29-17.28.35:517][657]LogModuleManager: Shutting down and abandoning module ClassViewer (121)
[2015.04.29-17.28.35:517][657]LogModuleManager: Shutting down and abandoning module Toolbox (120)
[2015.04.29-17.28.35:517][657]LogModuleManager: Shutting down and abandoning module ModuleUI (119)
[2015.04.29-17.28.35:517][657]LogModuleManager: Shutting down and abandoning module MovieSceneTools (118)
[2015.04.29-17.28.35:517][657]LogModuleManager: Shutting down and abandoning module OutputLog (117)
[2015.04.29-17.28.35:517][657]LogModuleManager: Shutting down and abandoning module GammaUI (116)
[2015.04.29-17.28.35:517][657]LogModuleManager: Shutting down and abandoning module Documentation (115)
[2015.04.29-17.28.35:517][657]LogModuleManager: Shutting down and abandoning module GameLiveStreaming (114)
[2015.04.29-17.28.35:517][657]LogModuleManager: Shutting down and abandoning module StreamingPauseRendering (113)
[2015.04.29-17.28.35:517][657]LogModuleManager: Shutting down and abandoning module HTTP (112)
[2015.04.29-17.28.35:518][657]LogModuleManager: Shutting down and abandoning module AnalyticsET (111)
[2015.04.29-17.28.35:518][657]LogModuleManager: Shutting down and abandoning module Analytics (110)
[2015.04.29-17.28.35:518][657]LogModuleManager: Shutting down and abandoning module AITestSuite (109)
[2015.04.29-17.28.35:518][657]LogModuleManager: Shutting down and abandoning module GameplayDebugger (108)
[2015.04.29-17.28.35:518][657]LogModuleManager: Shutting down and abandoning module AIModule (107)
[2015.04.29-17.28.35:518][657]LogModuleManager: Shutting down and abandoning module ProfilerService (106)
[2015.04.29-17.28.35:680][657]LogModuleManager: Shutting down and abandoning module TaskGraph (105)
[2015.04.29-17.28.35:680][657]LogModuleManager: Shutting down and abandoning module SlateRemote (104)
[2015.04.29-17.28.35:680][657]LogModuleManager: Shutting down and abandoning module ScriptEditorPlugin (103)
[2015.04.29-17.28.35:680][657]LogModuleManager: Shutting down and abandoning module CustomMeshComponent (102)
[2015.04.29-17.28.35:680][657]LogModuleManager: Shutting down and abandoning module CableComponent (101)
[2015.04.29-17.28.35:680][657]LogModuleManager: Shutting down and abandoning module MessagingDebugger (100)
[2015.04.29-17.28.35:680][657]LogModuleManager: Shutting down and abandoning module MediaPlayerEditor (99)
[2015.04.29-17.28.35:680][657]LogModuleManager: Shutting down and abandoning module SpeedTreeImporter (98)
[2015.04.29-17.28.35:680][657]LogModuleManager: Shutting down and abandoning module PluginsEditor (97)
[2015.04.29-17.28.35:680][657]LogModuleManager: Shutting down and abandoning module MainFrame (96)
[2015.04.29-17.28.35:680][657]LogModuleManager: Shutting down and abandoning module EpicSurvey (95)
[2015.04.29-17.28.35:680][657]LogModuleManager: Shutting down and abandoning module DesktopPlatform (94)
[2015.04.29-17.28.35:680][657]LogModuleManager: Shutting down and abandoning module DirectoryWatcher (93)
[2015.04.29-17.28.35:680][657]LogModuleManager: Shutting down and abandoning module HotReload (92)
[2015.04.29-17.28.35:680][657]LogModuleManager: Shutting down and abandoning module VisualStudioSourceCodeAccess (91)
[2015.04.29-17.28.35:680][657]LogModuleManager: Shutting down and abandoning module UObjectPlugin (90)
[2015.04.29-17.28.35:680][657]LogModuleManager: Shutting down and abandoning module SubversionSourceControl (89)
[2015.04.29-17.28.35:680][657]LogModuleManager: Shutting down and abandoning module PerforceSourceControl (88)
[2015.04.29-17.28.35:680][657]LogModuleManager: Shutting down and abandoning module SourceControl (87)
[2015.04.29-17.28.35:680][657]LogModuleManager: Shutting down and abandoning module GitSourceControl (86)
[2015.04.29-17.28.35:680][657]LogModuleManager: Shutting down and abandoning module BlankPlugin (85)
[2015.04.29-17.28.35:680][657]LogModuleManager: Shutting down and abandoning module PaperTiledImporter (84)
[2015.04.29-17.28.35:680][657]LogModuleManager: Shutting down and abandoning module PaperJsonImporter (83)
[2015.04.29-17.28.35:680][657]LogModuleManager: Shutting down and abandoning module ContentBrowser (82)
[2015.04.29-17.28.35:681][657]LogModuleManager: Shutting down and abandoning module Paper2DEditor (81)
[2015.04.29-17.28.35:681][657]LogModuleManager: Shutting down and abandoning module ScriptPlugin (80)
[2015.04.29-17.28.35:681][657]LogModuleManager: Shutting down and abandoning module UdpMessaging (79)
[2015.04.29-17.28.35:781][657]LogModuleManager: Shutting down and abandoning module Paper2D (78)
[2015.04.29-17.28.35:781][657]LogModuleManager: Shutting down and abandoning module WindowsMoviePlayer (77)
[2015.04.29-17.28.35:787][657]LogModuleManager: Shutting down and abandoning module Media (76)
[2015.04.29-17.28.35:787][657]LogModuleManager: Shutting down and abandoning module WmfMedia (75)
[2015.04.29-17.28.35:787][657]LogModuleManager: Shutting down and abandoning module OnlineBlueprintSupport (74)
[2015.04.29-17.28.35:787][657]LogModuleManager: Shutting down and abandoning module PropertyEditor (73)
[2015.04.29-17.28.35:787][657]LogModuleManager: Shutting down and abandoning module BehaviorTreeEditor (72)
[2015.04.29-17.28.35:787][657]LogModuleManager: Shutting down and abandoning module FunctionalTesting (71)
[2015.04.29-17.28.35:788][657]LogModuleManager: Shutting down and abandoning module CollisionAnalyzer (70)
[2015.04.29-17.28.35:788][657]LogModuleManager: Shutting down and abandoning module WorkspaceMenuStructure (69)
[2015.04.29-17.28.35:788][657]LogModuleManager: Shutting down and abandoning module MessageLog (68)
[2015.04.29-17.28.35:788][657]LogModuleManager: Shutting down and abandoning module Sequencer (67)
[2015.04.29-17.28.35:788][657]LogModuleManager: Shutting down and abandoning module AssetTools (66)
[2015.04.29-17.28.35:788][657]LogModuleManager: Shutting down and abandoning module UMGEditor (65)
[2015.04.29-17.28.35:788][657]LogModuleManager: Shutting down and abandoning module UMG (64)
[2015.04.29-17.28.35:788][657]LogModuleManager: Shutting down and abandoning module Slate (63)
[2015.04.29-17.28.35:788][657]LogModuleManager: Shutting down and abandoning module EditorStyle (62)
[2015.04.29-17.28.35:805][657]LogModuleManager: Shutting down and abandoning module SessionServices (61)
[2015.04.29-17.28.35:805][657]LogModuleManager: Shutting down and abandoning module SourceCodeAccess (60)
[2015.04.29-17.28.35:805][657]LogModuleManager: Shutting down and abandoning module HeadMountedDisplay (59)
[2015.04.29-17.28.35:805][657]LogModuleManager: Shutting down and abandoning module XAudio2 (58)
[2015.04.29-17.28.35:805][657]LogModuleManager: Shutting down and abandoning module Networking (56)
[2015.04.29-17.28.35:805][657]LogModuleManager: Shutting down and abandoning module Core (55)
[2015.04.29-17.28.35:805][657]LogModuleManager: Shutting down and abandoning module KismetCompiler (54)
[2015.04.29-17.28.35:805][657]LogModuleManager: Shutting down and abandoning module PhysXFormats (53)
[2015.04.29-17.28.35:806][657]LogModuleManager: Shutting down and abandoning module MeshUtilities (52)
[2015.04.29-17.28.35:806][657]LogModuleManager: Shutting down and abandoning module DerivedDataCache (51)
[2015.04.29-17.28.35:888][657]LogDerivedDataCache: Shutdown
[2015.04.29-17.28.35:888][657]LogModuleManager: Shutting down and abandoning module ShaderFormatOpenGL (50)
[2015.04.29-17.28.35:888][657]LogModuleManager: Shutting down and abandoning module ShaderFormatD3D (49)
[2015.04.29-17.28.35:888][657]LogModuleManager: Shutting down and abandoning module MetalShaderFormat (48)
[2015.04.29-17.28.35:888][657]LogModuleManager: Shutting down and abandoning module TextureFormatUncompressed (47)
[2015.04.29-17.28.35:888][657]LogModuleManager: Shutting down and abandoning module TextureFormatPVR (46)
[2015.04.29-17.28.35:888][657]LogModuleManager: Shutting down and abandoning module TextureFormatIntelISPCTexComp (45)
[2015.04.29-17.28.35:888][657]LogModuleManager: Shutting down and abandoning module TextureFormatDXT (44)
[2015.04.29-17.28.35:888][657]LogModuleManager: Shutting down and abandoning module ImageWrapper (43)
[2015.04.29-17.28.35:888][657]LogModuleManager: Shutting down and abandoning module TextureFormatASTC (42)
[2015.04.29-17.28.35:888][657]LogModuleManager: Shutting down and abandoning module TextureFormatAndroid (41)
[2015.04.29-17.28.35:888][657]LogModuleManager: Shutting down and abandoning module AudioFormatOpus (40)
[2015.04.29-17.28.35:888][657]LogModuleManager: Shutting down and abandoning module AudioFormatOgg (39)
[2015.04.29-17.28.35:888][657]LogModuleManager: Shutting down and abandoning module AudioFormatADPCM (38)
[2015.04.29-17.28.35:888][657]LogModuleManager: Shutting down and abandoning module LinuxTargetPlatform (37)
[2015.04.29-17.28.35:888][657]LogModuleManager: Shutting down and abandoning module LinuxServerTargetPlatform (36)
[2015.04.29-17.28.35:888][657]LogModuleManager: Shutting down and abandoning module LinuxNoEditorTargetPlatform (35)
[2015.04.29-17.28.35:889][657]LogModuleManager: Shutting down and abandoning module Messaging (34)
[2015.04.29-17.28.35:889][657]LogModuleManager: Shutting down and abandoning module IOSTargetPlatform (33)
[2015.04.29-17.28.35:889][657]LogModuleManager: Shutting down and abandoning module HTML5TargetPlatform (32)
[2015.04.29-17.28.35:889][657]LogModuleManager: Shutting down and abandoning module Android_PVRTCTargetPlatform (31)
[2015.04.29-17.28.35:889][657]LogModuleManager: Shutting down and abandoning module Android_ETC2TargetPlatform (30)
[2015.04.29-17.28.35:889][657]LogModuleManager: Shutting down and abandoning module Android_ETC1TargetPlatform (29)
[2015.04.29-17.28.35:889][657]LogModuleManager: Shutting down and abandoning module Android_ES31TargetPlatform (28)
[2015.04.29-17.28.35:889][657]LogModuleManager: Shutting down and abandoning module Android_DXTTargetPlatform (27)
[2015.04.29-17.28.35:889][657]LogModuleManager: Shutting down and abandoning module Android_ATCTargetPlatform (26)
[2015.04.29-17.28.35:889][657]LogModuleManager: Shutting down and abandoning module AndroidTargetPlatform (25)
[2015.04.29-17.28.35:889][657]LogModuleManager: Shutting down and abandoning module WindowsTargetPlatform (24)
[2015.04.29-17.28.35:889][657]LogModuleManager: Shutting down and abandoning module WindowsServerTargetPlatform (23)
[2015.04.29-17.28.35:889][657]LogModuleManager: Shutting down and abandoning module WindowsNoEditorTargetPlatform (22)
[2015.04.29-17.28.35:889][657]LogModuleManager: Shutting down and abandoning module WindowsClientTargetPlatform (21)
[2015.04.29-17.28.35:889][657]LogModuleManager: Shutting down and abandoning module TargetPlatform (20)
[2015.04.29-17.28.35:889][657]LogModuleManager: Shutting down and abandoning module InputCore (19)
[2015.04.29-17.28.35:889][657]LogModuleManager: Shutting down and abandoning module Settings (18)
[2015.04.29-17.28.35:889][657]LogModuleManager: Shutting down and abandoning module OnlineSubsystem (16)
[2015.04.29-17.28.35:889][657]LogModuleManager: Shutting down and abandoning module OculusRift (15)
[2015.04.29-17.28.35:889][657]LogModuleManager: Shutting down and abandoning module ExampleDeviceProfileSelector (14)
[2015.04.29-17.28.35:889][657]LogModuleManager: Shutting down and abandoning module TextureCompressor (13)
[2015.04.29-17.28.35:890][657]LogModuleManager: Shutting down and abandoning module ShaderCore (12)
[2015.04.29-17.28.35:890][657]LogModuleManager: Shutting down and abandoning module Landscape (11)
[2015.04.29-17.28.35:890][657]LogModuleManager: Shutting down and abandoning module SlateRHIRenderer (10)
[2015.04.29-17.28.35:894][657]LogModuleManager: Shutting down and abandoning module OpenGLDrv (9)
[2015.04.29-17.28.35:894][657]LogModuleManager: Shutting down and abandoning module D3D11RHI (8)
[2015.04.29-17.28.35:894][657]LogModuleManager: Shutting down and abandoning module Renderer (7)
[2015.04.29-17.28.35:894][657]LogModuleManager: Shutting down and abandoning module Engine (6)
[2015.04.29-17.28.35:894][657]LogModuleManager: Shutting down and abandoning module CoreUObject (5)
[2015.04.29-17.28.35:894][657]LogModuleManager: Shutting down and abandoning module NetworkFile (4)
[2015.04.29-17.28.35:894][657]LogModuleManager: Shutting down and abandoning module StreamingFile (3)
[2015.04.29-17.28.35:894][657]LogModuleManager: Shutting down and abandoning module SandboxFile (2)
[2015.04.29-17.28.35:894][657]LogModuleManager: Shutting down and abandoning module PakFile (1)
[2015.04.29-17.28.35:895][657]LogExit: Exiting.
[2015.04.29-17.28.35:910][657]Log file closed, 04/29/15 22:58:35
