Log file open, 04/19/15 20:21:14
LogInit:Display: Running engine for game: UMGMenuExample
LogInit: Version: 4.7.5-2503383+++depot+UE4-Releases+4.7
LogInit: API Version: 2455222
LogInit: Compiled (64-bit): Apr  6 2015 23:21:51
LogInit: Compiled with Visual C++: 18.00.21005.01
LogInit: Build Configuration: Development
LogInit: Branch Name: ++depot+UE4-Releases+4.7
LogInit: Command line:  /Temp/Autosaves/Game/Maps/UEDPCMainMenu_Map -game -PIEVIACONSOLE -ResX=1280 -ResY=720  -Multiprocess 
LogInit: Base directory: C:/Program Files/Epic Games/4.7/Engine/Binaries/Win64/
LogInit: Rocket: 1
[2015.04.19-14.51.14:842][  0]LogTaskGraph: Started task graph with 3 named threads and 6 total threads.
[2015.04.19-14.51.14:902][  0]LogOnline:Warning: No default platform service specified for OnlineSubsystem
[2015.04.19-14.51.14:942][  0]LogInit: Presizing for 0 objects not considered by GC, pre-allocating 0 bytes.
[2015.04.19-14.51.14:951][  0]LogInit: Object subsystem initialized
[2015.04.19-14.51.14:953][  0]LogConsoleResponse:Warning: Skipping Unknown console variable: 'UIScaleRule = ShortestSide'
[2015.04.19-14.51.14:953][  0]LogConsoleResponse:Warning:   Found in ini file 'D:/GitHub Repositories/UMGMenuSystem/Saved/Config/Windows/Engine.ini', in section '[/Script/Engine.RendererSettings]'
[2015.04.19-14.51.14:953][  0]LogConsoleResponse:Warning: Skipping Unknown console variable: 'UIScaleCurve = (EditorCurveData=(Keys=),ExternalCurve=None)'
[2015.04.19-14.51.14:953][  0]LogConsoleResponse:Warning:   Found in ini file 'D:/GitHub Repositories/UMGMenuSystem/Saved/Config/Windows/Engine.ini', in section '[/Script/Engine.RendererSettings]'
[2015.04.19-14.51.14:953][  0]LogConsoleManager:Warning: Console variable 'r.MSAA.CompositingSampleCount' wasn't set (Priority ProjectSetting < Scalability)
[2015.04.19-14.51.14:954][  0]LogInit: Selected Device Profile: [Windows]
[2015.04.19-14.51.14:954][  0]LogInit: Applying CVar settings loaded from the selected device profile: [Windows]
[2015.04.19-14.51.14:957][  0]LogInit: Computer: PROTEUS_CORE
[2015.04.19-14.51.14:957][  0]LogInit: User: Rohit
[2015.04.19-14.51.14:957][  0]LogInit: CPU Page size=4096, Cores=4
[2015.04.19-14.51.14:958][  0]LogInit: High frequency timer resolution =3.027373 MHz
[2015.04.19-14.51.14:958][  0]LogMemory: Memory total: Physical=7.9GB (8GB approx) Virtual=8192.0GB
[2015.04.19-14.51.14:958][  0]LogMemory: Platform Memory Stats for Windows
[2015.04.19-14.51.14:958][  0]LogMemory: Process Physical Memory: 49.15 MB used, 49.15 MB peak
[2015.04.19-14.51.14:958][  0]LogMemory: Process Virtual Memory: 26.67 MB used, 26.67 MB peak
[2015.04.19-14.51.14:958][  0]LogMemory: Physical Memory: 4513.07 MB used, 8136.00 MB total
[2015.04.19-14.51.14:958][  0]LogMemory: Virtual Memory: 280.86 MB used, 8388608.00 MB total
[2015.04.19-14.51.15:018][  0]LogD3D11RHI: Found D3D11 adapter 0: NVIDIA GeForce GTX 660   (Feature Level 11_0)
[2015.04.19-14.51.15:018][  0]LogD3D11RHI: Adapter has 1989MB of dedicated video memory, 0MB of dedicated system memory, and 2048MB of shared system memory, 1 output[s]
[2015.04.19-14.51.15:018][  0]LogD3D11RHI: Chosen D3D11 Adapter Id = 0
[2015.04.19-14.51.15:025][  0]LogRHI: Texture pool is 1361 MB (70% of 1945 MB)
[2015.04.19-14.51.15:036][  0]LogD3D11RHI: Async texture creation enabled
[2015.04.19-14.51.15:221][  0]LogTextLocalizationManager: The requested culture ('en_US') has no localization data; parent culture's ('en') localization data will be used.
[2015.04.19-14.51.15:280][  0]LogTextLocalizationManager:Warning: Loading localization resources contain conflicting entries for (Namespace:UICommands, Key:Save_ToolTip):
Resource: (C:/Program Files/Epic Games/4.7/Engine/Content/Localization/Editor/en/Editor.locres) Hash: (-29098895) String: (Saves the current level to disk)
Resource: (C:/Program Files/Epic Games/4.7/Engine/Content/Localization/Engine/en/Engine.locres) Hash: (-1280300587) String: (Save selected data to vlog file)
[2015.04.19-14.51.15:280][  0]LogTextLocalizationManager:Warning: Loading localization resources contain conflicting entries for (Namespace:ContentBrowser, Key:ImportAssetToolTip):
Resource: (C:/Program Files/Epic Games/4.7/Engine/Content/Localization/Editor/en/Editor.locres) Hash: (-630476809) String: (Import to {0}...)
Resource: (C:/Program Files/Epic Games/4.7/Engine/Content/Localization/Editor/en/Editor.locres) Hash: (1271782899) String: (Imports an asset from file to this folder.)
[2015.04.19-14.51.15:366][  0]LogContentStreaming: Texture pool size is 1000.000000MB
[2015.04.19-14.51.18:690][  0]LogTargetPlatformManager:Display: Building Assets For Windows
[2015.04.19-14.51.19:446][  0]LogTargetPlatformManager:Display: Building Assets For Windows
[2015.04.19-14.51.19:533][  0]LogDerivedDataCache:Display: Max Cache Size: 512 MB
[2015.04.19-14.51.19:572][  0]LogDerivedDataCache: Loaded boot cache 0.04s 39MB C:/Users/Rohit/AppData/Local/UnrealEngine/4.7/DerivedDataCache/Boot.ddc.
[2015.04.19-14.51.19:572][  0]LogDerivedDataCache:Display: Loaded Boot cache: C:/Users/Rohit/AppData/Local/UnrealEngine/4.7/DerivedDataCache/Boot.ddc
[2015.04.19-14.51.19:572][  0]LogDerivedDataCache: FDerivedDataBackendGraph:  Pak pak cache file D:/GitHub Repositories/UMGMenuSystem/DerivedDataCache/DDC.ddp not found, will not use a pak cache.
[2015.04.19-14.51.19:572][  0]LogDerivedDataCache: Unable to find inner node Pak for hierarchical cache Hierarchy.
[2015.04.19-14.51.19:689][  0]LogDerivedDataCache:Display: Pak cache opened for reading ../../../Engine/DerivedDataCache/Compressed.ddp.
[2015.04.19-14.51.19:701][  0]LogDerivedDataCache: Using Local data cache path C:/Users/Rohit/AppData/Local/UnrealEngine/Common/DerivedDataCache: Writable
[2015.04.19-14.51.20:006][  0]LogMeshUtilities: No automatic mesh reduction module available
[2015.04.19-14.51.20:006][  0]LogMeshUtilities: No automatic mesh merging module available
[2015.04.19-14.51.20:331][  0]LogInit: WinSock: version 1.1 (2.2), MaxSocks=32767, MaxUdp=65467
[2015.04.19-14.51.21:051][  0]LogWindowsMoviePlayer: Unable to load movie: D:/GitHub Repositories/UMGMenuSystem/Content/Movies/Default_Startup.mp4
[2015.04.19-14.51.21:314][  0]LogSourceControl: RunCommandInternalRaw: 'git version'
[2015.04.19-14.51.21:314][  0]LogSourceControl: RunCommandInternalRaw: ExecProcess ReturnCode=2 OutResults=''
[2015.04.19-14.51.21:371][  0]SourceControl: Info Source control is disabled
[2015.04.19-14.51.21:371][  0]SourceControl: Info Source control is disabled
[2015.04.19-14.51.21:371][  0]SourceControl: Info Source control is disabled
[2015.04.19-14.51.21:387][  0]SourceControl: Info Source control is disabled
[2015.04.19-14.51.21:556][  0]LogObj: 23971 objects as part of root set at end of initial load.
[2015.04.19-14.51.21:556][  0]LogUObjectAllocator: 4988928 out of 0 bytes used by permanent object pool.
[2015.04.19-14.51.21:662][  0]LogAutomationTest:Warning: ERR: Transient text cannot be serialized "Testing Transient serialization detection".
[2015.04.19-14.51.21:662][  0]LogEngine: Initializing Engine...
[2015.04.19-14.51.23:851][  0]LogInit: XAudio2 using 'Speakers (Realtek High Definition Audio)' : 2 channels at 48 kHz using 32 bits per sample (channel mask 0x3)
[2015.04.19-14.51.23:894][  0]LogInit: FAudioDevice initialized.
[2015.04.19-14.51.23:896][  0]LogInit: Texture streaming: Enabled
[2015.04.19-14.51.23:998][  0]LogAnalytics: Creating configured Analytics provider AnalyticsET
[2015.04.19-14.51.23:998][  0]LogAnalytics: ET APIKey = Rocket.Release. APIServer = http://et2.epicgames.com/ET2/. AppVersion = 4.7.5-2503383+++depot+UE4-Releases+4.7
[2015.04.19-14.51.23:998][  0]LogAnalytics: ET APIKey = Rocket.Release. DataRouterUploadURL = https://datarouter-public-service-gamedev.ol.epicgames.net/datarouter/api/v1/public/data. AppVersion = 4.7.5-2503383+++depot+UE4-Releases+4.7
[2015.04.19-14.51.23:998][  0]LogAnalytics: SetUserId 013718ab4e6dec0f6374d59520a1ab13|7b8e2bb8b466411588cadfe08ecd7de9|6951b782-1f02-4763-a464-5016cbe33e2c
[2015.04.19-14.51.23:998][  0]LogAnalytics: AnalyticsET::StartSession [Rocket.Release]
[2015.04.19-14.51.24:089][  0]LogNet: Browse: /Temp/Autosaves/Game/Maps/UEDPCMainMenu_Map?Name=Player
[2015.04.19-14.51.24:089][  0]LogLoad: LoadMap: /Temp/Autosaves/Game/Maps/UEDPCMainMenu_Map?Name=Player
[2015.04.19-14.51.24:098][  0]LogMemory: Platform Memory Stats for Windows
[2015.04.19-14.51.24:099][  0]LogMemory: Process Physical Memory: 285.60 MB used, 293.39 MB peak
[2015.04.19-14.51.24:099][  0]LogMemory: Process Virtual Memory: 242.84 MB used, 254.05 MB peak
[2015.04.19-14.51.24:099][  0]LogMemory: Physical Memory: 4700.76 MB used, 8136.00 MB total
[2015.04.19-14.51.24:099][  0]LogMemory: Virtual Memory: 671.95 MB used, 8388608.00 MB total
[2015.04.19-14.51.24:099][  0]LogMemory: 
[2015.04.19-14.51.24:099][  0]Allocator Stats for TBB: (not implemented)
[2015.04.19-14.51.24:255][  0]LogLinker:Warning: CreateImport: Object 'StateChanged__DelegateSignature' isn't imported, because its outer is a placeholder. Archive: 'D:/GitHub Repositories/UMGMenuSystem/Content/Blueprints/BP_MainMenuActor.uasset'
[2015.04.19-14.51.24:646][  0]LogBlueprint:Warning: [WidgetBP_MainMenuScreen] CreatePinForVariable: 'MainMenuSoundtrack' variable not found. Base class was probably changed.
[2015.04.19-14.51.24:652][  0]LogBlueprint:Warning: [compiler] Warning Could not find a variable named "MainMenuSoundtrack" in 'BP_GameMode_C'.
Make sure 'BP_GameMode_C' has been compiled for  Get MainMenuSoundtrack 
[2015.04.19-14.51.24:654][  0]LogBlueprint:Warning: [compiler] Warning [0012.03] Compile of WidgetBP_MainMenuScreen successful, but with 1 Warning(s) [in 5 ms]
[2015.04.19-14.51.24:654][  0]LogBlueprint:Warning: [compiler] Warning [0012.03] Compile of WidgetBP_MainMenuScreen successful, but with 2 Warning(s) [in 0 ms]
[2015.04.19-14.51.24:654][  0]LogBlueprint:Warning: [compiler] Warning [0012.03] Compile of WidgetBP_MainMenuScreen successful, but with 3 Warning(s) [in 0 ms]
[2015.04.19-14.51.24:654][  0]LogBlueprint:Warning: [compiler] Warning [0012.03] Compile of WidgetBP_MainMenuScreen successful, but with 4 Warning(s) [in 0 ms]
[2015.04.19-14.51.24:867][  0]LogBlueprint:Warning: [WidgetBP_MainMenuScreen] CreatePinForVariable: 'MainMenuSoundtrack' variable not found. Base class was probably changed.
[2015.04.19-14.51.24:872][  0]LogBlueprint:Warning: [compiler] Warning Could not find a variable named "MainMenuSoundtrack" in 'BP_GameMode_C'.
Make sure 'BP_GameMode_C' has been compiled for  Get MainMenuSoundtrack 
[2015.04.19-14.51.24:874][  0]LogBlueprint:Warning: [compiler] Warning [0012.25] Compile of WidgetBP_MainMenuScreen successful, but with 1 Warning(s) [in 5 ms]
[2015.04.19-14.51.24:874][  0]LogBlueprint:Warning: [compiler] Warning [0012.25] Compile of WidgetBP_MainMenuScreen successful, but with 2 Warning(s) [in 0 ms]
[2015.04.19-14.51.24:977][  0]LogWorld: Game class is 'BP_GameMode_C'
[2015.04.19-14.51.25:042][  0]LogAIModule: Creating AISystem for world MainMenu_Map
[2015.04.19-14.51.25:043][  0]LogWorld: Bringing World /Temp/Autosaves/Game/Maps/UEDPCMainMenu_Map.MainMenu_Map up for play (max tick rate 0) at 2015.04.19-20.21.25
[2015.04.19-14.51.25:044][  0]LogWorld: Bringing up level for play took: 0.001626
[2015.04.19-14.51.25:045][  0]r.SetRes = "1280x720F"
[2015.04.19-14.51.25:045][  0]r.PostProcessAAQuality = "2"
[2015.04.19-14.51.25:045][  0]LogConsoleManager:Warning: Console variable 'r.MaterialQualityLevel' wasn't set (Priority Console < Scalability)
[2015.04.19-14.51.25:045][  0]sg.EffectsQuality = "1"
[2015.04.19-14.51.25:046][  0]sg.ShadowQuality = "1"
[2015.04.19-14.51.25:046][  0]sg.TextureQuality = "1"
[2015.04.19-14.51.25:050][  0]LogInit:Display: Game Engine Initialized.
[2015.04.19-14.51.25:318][  0]LogLoad: Full Startup: 12.70 seconds (BP compile: 0.37 seconds)
[2015.04.19-14.51.25:339][  0]LogContentStreaming: Texture pool size now 400 MB
[2015.04.19-14.51.25:777][  0]LogRenderer:Warning: Reallocating scene render targets to support 1280x720 (Frame:2).
[2015.04.19-14.51.31:013][293]r.ScreenPercentage = "98"
[2015.04.19-14.51.31:016][294]LogRenderer:Warning: Reallocating scene render targets to support 1256x712 (Frame:295).
[2015.04.19-14.51.31:028][294]r.ScreenPercentage = "98"
[2015.04.19-14.51.31:044][295]r.ScreenPercentage = "98"
[2015.04.19-14.51.31:045][295]r.ScreenPercentage = "97"
[2015.04.19-14.51.31:047][296]LogRenderer:Warning: Reallocating scene render targets to support 1248x704 (Frame:297).
[2015.04.19-14.51.31:060][296]r.ScreenPercentage = "96"
[2015.04.19-14.51.31:065][297]LogRenderer:Warning: Reallocating scene render targets to support 1232x696 (Frame:298).
[2015.04.19-14.51.31:077][297]r.ScreenPercentage = "95"
[2015.04.19-14.51.31:093][298]LogRenderer:Warning: Reallocating scene render targets to support 1216x688 (Frame:299).
[2015.04.19-14.51.31:093][298]r.ScreenPercentage = "92"
[2015.04.19-14.51.31:100][299]LogRenderer:Warning: Reallocating scene render targets to support 1184x664 (Frame:300).
[2015.04.19-14.51.31:109][299]r.ScreenPercentage = "88"
[2015.04.19-14.51.31:125][300]LogRenderer:Warning: Reallocating scene render targets to support 1128x640 (Frame:301).
[2015.04.19-14.51.31:125][300]r.ScreenPercentage = "84"
[2015.04.19-14.51.31:138][301]LogRenderer:Warning: Reallocating scene render targets to support 1080x608 (Frame:302).
[2015.04.19-14.51.31:141][301]r.ScreenPercentage = "80"
[2015.04.19-14.51.31:157][302]LogRenderer:Warning: Reallocating scene render targets to support 1024x576 (Frame:303).
[2015.04.19-14.51.31:157][302]r.ScreenPercentage = "77"
[2015.04.19-14.51.31:185][303]LogRenderer:Warning: Reallocating scene render targets to support 992x560 (Frame:304).
[2015.04.19-14.51.31:185][303]r.ScreenPercentage = "74"
[2015.04.19-14.51.31:205][304]LogRenderer:Warning: Reallocating scene render targets to support 952x536 (Frame:305).
[2015.04.19-14.51.31:205][304]r.ScreenPercentage = "69"
[2015.04.19-14.51.31:219][305]LogRenderer:Warning: Reallocating scene render targets to support 888x504 (Frame:306).
[2015.04.19-14.51.31:222][305]r.ScreenPercentage = "66"
[2015.04.19-14.51.31:238][306]LogRenderer:Warning: Reallocating scene render targets to support 848x480 (Frame:307).
[2015.04.19-14.51.31:238][306]r.ScreenPercentage = "64"
[2015.04.19-14.51.31:254][307]LogRenderer:Warning: Reallocating scene render targets to support 824x464 (Frame:308).
[2015.04.19-14.51.31:254][307]r.ScreenPercentage = "63"
[2015.04.19-14.51.31:256][308]LogRenderer:Warning: Reallocating scene render targets to support 808x456 (Frame:309).
[2015.04.19-14.51.31:270][308]r.ScreenPercentage = "61"
[2015.04.19-14.51.31:272][309]LogRenderer:Warning: Reallocating scene render targets to support 784x440 (Frame:310).
[2015.04.19-14.51.31:286][309]r.ScreenPercentage = "59"
[2015.04.19-14.51.31:288][310]LogRenderer:Warning: Reallocating scene render targets to support 760x432 (Frame:311).
[2015.04.19-14.51.31:302][310]r.ScreenPercentage = "58"
[2015.04.19-14.51.31:318][311]LogRenderer:Warning: Reallocating scene render targets to support 744x424 (Frame:312).
[2015.04.19-14.51.31:318][311]r.ScreenPercentage = "56"
[2015.04.19-14.51.31:320][312]LogRenderer:Warning: Reallocating scene render targets to support 720x408 (Frame:313).
[2015.04.19-14.51.31:334][312]r.ScreenPercentage = "54"
[2015.04.19-14.51.31:336][313]LogRenderer:Warning: Reallocating scene render targets to support 696x392 (Frame:314).
[2015.04.19-14.51.31:351][313]r.ScreenPercentage = "53"
[2015.04.19-14.51.31:352][314]LogRenderer:Warning: Reallocating scene render targets to support 680x384 (Frame:315).
[2015.04.19-14.51.31:367][314]r.ScreenPercentage = "51"
[2015.04.19-14.51.31:368][315]LogRenderer:Warning: Reallocating scene render targets to support 656x368 (Frame:316).
[2015.04.19-14.51.31:383][315]r.ScreenPercentage = "49"
[2015.04.19-14.51.31:384][316]LogRenderer:Warning: Reallocating scene render targets to support 632x360 (Frame:317).
[2015.04.19-14.51.31:399][316]r.ScreenPercentage = "48"
[2015.04.19-14.51.31:401][317]LogRenderer:Warning: Reallocating scene render targets to support 616x352 (Frame:318).
[2015.04.19-14.51.31:431][318]r.ScreenPercentage = "47"
[2015.04.19-14.51.31:433][319]LogRenderer:Warning: Reallocating scene render targets to support 608x344 (Frame:320).
[2015.04.19-14.51.35:255][555]Closing by request
[2015.04.19-14.51.35:255][555]LogWindows: FPlatformMisc::RequestExit(0)
[2015.04.19-14.51.35:609][556]LogExit: Preparing to exit.
[2015.04.19-14.51.35:689][556]LogExit: Game engine shut down
[2015.04.19-14.51.35:690][556]LogParticles: Destroying 0 GPU particle simulations for FXSystem 0x000000000AFEDDA0
[2015.04.19-14.51.35:751][556]LogExit: Object subsystem successfully closed.
[2015.04.19-14.51.35:799][556]LogModuleManager: Shutting down and abandoning module AndroidDeviceDetection (106)
[2015.04.19-14.51.36:362][556]LogModuleManager: Shutting down and abandoning module AutomationWorker (105)
[2015.04.19-14.51.36:362][556]LogModuleManager: Shutting down and abandoning module CharacterAI (104)
[2015.04.19-14.51.36:362][556]LogModuleManager: Shutting down and abandoning module AITestSuite (103)
[2015.04.19-14.51.36:362][556]LogModuleManager: Shutting down and abandoning module GameplayDebugger (102)
[2015.04.19-14.51.36:362][556]LogModuleManager: Shutting down and abandoning module AIModule (101)
[2015.04.19-14.51.36:362][556]LogModuleManager: Shutting down and abandoning module GameLiveStreaming (100)
[2015.04.19-14.51.36:362][556]LogModuleManager: Shutting down and abandoning module StreamingPauseRendering (99)
[2015.04.19-14.51.36:362][556]LogModuleManager: Shutting down and abandoning module HTTP (98)
[2015.04.19-14.51.36:362][556]LogModuleManager: Shutting down and abandoning module AnalyticsET (97)
[2015.04.19-14.51.36:362][556]LogModuleManager: Shutting down and abandoning module Analytics (96)
[2015.04.19-14.51.36:362][556]LogModuleManager: Shutting down and abandoning module ProfilerService (95)
[2015.04.19-14.51.36:364][556]LogModuleManager: Shutting down and abandoning module TaskGraph (94)
[2015.04.19-14.51.36:364][556]LogModuleManager: Shutting down and abandoning module SlateRemote (93)
[2015.04.19-14.51.36:364][556]LogModuleManager: Shutting down and abandoning module CustomMeshComponent (92)
[2015.04.19-14.51.36:364][556]LogModuleManager: Shutting down and abandoning module CableComponent (91)
[2015.04.19-14.51.36:364][556]LogModuleManager: Shutting down and abandoning module DesktopPlatform (90)
[2015.04.19-14.51.36:364][556]LogModuleManager: Shutting down and abandoning module DirectoryWatcher (89)
[2015.04.19-14.51.36:364][556]LogModuleManager: Shutting down and abandoning module HotReload (88)
[2015.04.19-14.51.36:364][556]LogModuleManager: Shutting down and abandoning module VisualStudioSourceCodeAccess (87)
[2015.04.19-14.51.36:364][556]LogModuleManager: Shutting down and abandoning module UObjectPlugin (86)
[2015.04.19-14.51.36:364][556]LogModuleManager: Shutting down and abandoning module SubversionSourceControl (85)
[2015.04.19-14.51.36:364][556]LogModuleManager: Shutting down and abandoning module GitSourceControl (84)
[2015.04.19-14.51.36:364][556]LogModuleManager: Shutting down and abandoning module SourceControl (83)
[2015.04.19-14.51.36:364][556]LogModuleManager: Shutting down and abandoning module PerforceSourceControl (82)
[2015.04.19-14.51.36:364][556]LogModuleManager: Shutting down and abandoning module BlankPlugin (81)
[2015.04.19-14.51.36:364][556]LogModuleManager: Shutting down and abandoning module ScriptPlugin (80)
[2015.04.19-14.51.36:364][556]LogModuleManager: Shutting down and abandoning module UdpMessaging (79)
[2015.04.19-14.51.36:364][556]LogModuleManager: Shutting down and abandoning module Paper2D (78)
[2015.04.19-14.51.36:364][556]LogModuleManager: Shutting down and abandoning module WindowsMoviePlayer (77)
[2015.04.19-14.51.36:366][556]LogModuleManager: Shutting down and abandoning module Media (76)
[2015.04.19-14.51.36:366][556]LogModuleManager: Shutting down and abandoning module WmfMedia (75)
[2015.04.19-14.51.36:366][556]LogModuleManager: Shutting down and abandoning module OnlineBlueprintSupport (74)
[2015.04.19-14.51.36:366][556]LogModuleManager: Shutting down and abandoning module PropertyEditor (73)
[2015.04.19-14.51.36:366][556]LogModuleManager: Shutting down and abandoning module BehaviorTreeEditor (72)
[2015.04.19-14.51.36:366][556]LogModuleManager: Shutting down and abandoning module FunctionalTesting (71)
[2015.04.19-14.51.36:367][556]LogModuleManager: Shutting down and abandoning module CollisionAnalyzer (70)
[2015.04.19-14.51.36:367][556]LogModuleManager: Shutting down and abandoning module WorkspaceMenuStructure (69)
[2015.04.19-14.51.36:367][556]LogModuleManager: Shutting down and abandoning module MessageLog (68)
[2015.04.19-14.51.36:367][556]LogModuleManager: Shutting down and abandoning module Sequencer (67)
[2015.04.19-14.51.36:367][556]LogModuleManager: Shutting down and abandoning module AssetTools (66)
[2015.04.19-14.51.36:367][556]LogModuleManager: Shutting down and abandoning module UMGEditor (65)
[2015.04.19-14.51.36:367][556]LogModuleManager: Shutting down and abandoning module UMG (64)
[2015.04.19-14.51.36:367][556]LogModuleManager: Shutting down and abandoning module Slate (63)
[2015.04.19-14.51.36:367][556]LogModuleManager: Shutting down and abandoning module EditorStyle (62)
[2015.04.19-14.51.36:372][556]LogModuleManager: Shutting down and abandoning module SessionServices (61)
[2015.04.19-14.51.36:372][556]LogModuleManager: Shutting down and abandoning module SourceCodeAccess (60)
[2015.04.19-14.51.36:372][556]LogModuleManager: Shutting down and abandoning module HeadMountedDisplay (59)
[2015.04.19-14.51.36:372][556]LogModuleManager: Shutting down and abandoning module XAudio2 (58)
[2015.04.19-14.51.36:372][556]LogModuleManager: Shutting down and abandoning module Networking (56)
[2015.04.19-14.51.36:372][556]LogModuleManager: Shutting down and abandoning module Core (55)
[2015.04.19-14.51.36:372][556]LogModuleManager: Shutting down and abandoning module KismetCompiler (54)
[2015.04.19-14.51.36:372][556]LogModuleManager: Shutting down and abandoning module PhysXFormats (53)
[2015.04.19-14.51.36:372][556]LogModuleManager: Shutting down and abandoning module MeshUtilities (52)
[2015.04.19-14.51.36:372][556]LogModuleManager: Shutting down and abandoning module DerivedDataCache (51)
[2015.04.19-14.51.36:692][556]LogDerivedDataCache: Shutdown
[2015.04.19-14.51.36:692][556]LogModuleManager: Shutting down and abandoning module ShaderFormatOpenGL (50)
[2015.04.19-14.51.36:692][556]LogModuleManager: Shutting down and abandoning module ShaderFormatD3D (49)
[2015.04.19-14.51.36:692][556]LogModuleManager: Shutting down and abandoning module MetalShaderFormat (48)
[2015.04.19-14.51.36:692][556]LogModuleManager: Shutting down and abandoning module TextureFormatUncompressed (47)
[2015.04.19-14.51.36:692][556]LogModuleManager: Shutting down and abandoning module TextureFormatPVR (46)
[2015.04.19-14.51.36:692][556]LogModuleManager: Shutting down and abandoning module TextureFormatIntelISPCTexComp (45)
[2015.04.19-14.51.36:692][556]LogModuleManager: Shutting down and abandoning module TextureFormatDXT (44)
[2015.04.19-14.51.36:692][556]LogModuleManager: Shutting down and abandoning module ImageWrapper (43)
[2015.04.19-14.51.36:692][556]LogModuleManager: Shutting down and abandoning module TextureFormatASTC (42)
[2015.04.19-14.51.36:692][556]LogModuleManager: Shutting down and abandoning module TextureFormatAndroid (41)
[2015.04.19-14.51.36:692][556]LogModuleManager: Shutting down and abandoning module AudioFormatOpus (40)
[2015.04.19-14.51.36:693][556]LogModuleManager: Shutting down and abandoning module AudioFormatOgg (39)
[2015.04.19-14.51.36:693][556]LogModuleManager: Shutting down and abandoning module AudioFormatADPCM (38)
[2015.04.19-14.51.36:693][556]LogModuleManager: Shutting down and abandoning module LinuxTargetPlatform (37)
[2015.04.19-14.51.36:693][556]LogModuleManager: Shutting down and abandoning module LinuxServerTargetPlatform (36)
[2015.04.19-14.51.36:693][556]LogModuleManager: Shutting down and abandoning module LinuxNoEditorTargetPlatform (35)
[2015.04.19-14.51.36:693][556]LogModuleManager: Shutting down and abandoning module Messaging (34)
[2015.04.19-14.51.36:693][556]LogModuleManager: Shutting down and abandoning module IOSTargetPlatform (33)
[2015.04.19-14.51.36:693][556]LogModuleManager: Shutting down and abandoning module HTML5TargetPlatform (32)
[2015.04.19-14.51.36:693][556]LogModuleManager: Shutting down and abandoning module Android_PVRTCTargetPlatform (31)
[2015.04.19-14.51.36:693][556]LogModuleManager: Shutting down and abandoning module Android_ETC2TargetPlatform (30)
[2015.04.19-14.51.36:693][556]LogModuleManager: Shutting down and abandoning module Android_ETC1TargetPlatform (29)
[2015.04.19-14.51.36:693][556]LogModuleManager: Shutting down and abandoning module Android_ES31TargetPlatform (28)
[2015.04.19-14.51.36:693][556]LogModuleManager: Shutting down and abandoning module Android_DXTTargetPlatform (27)
[2015.04.19-14.51.36:693][556]LogModuleManager: Shutting down and abandoning module Android_ATCTargetPlatform (26)
[2015.04.19-14.51.36:693][556]LogModuleManager: Shutting down and abandoning module AndroidTargetPlatform (25)
[2015.04.19-14.51.36:693][556]LogModuleManager: Shutting down and abandoning module WindowsTargetPlatform (24)
[2015.04.19-14.51.36:693][556]LogModuleManager: Shutting down and abandoning module WindowsServerTargetPlatform (23)
[2015.04.19-14.51.36:693][556]LogModuleManager: Shutting down and abandoning module WindowsNoEditorTargetPlatform (22)
[2015.04.19-14.51.36:693][556]LogModuleManager: Shutting down and abandoning module WindowsClientTargetPlatform (21)
[2015.04.19-14.51.36:693][556]LogModuleManager: Shutting down and abandoning module TargetPlatform (20)
[2015.04.19-14.51.36:693][556]LogModuleManager: Shutting down and abandoning module InputCore (19)
[2015.04.19-14.51.36:693][556]LogModuleManager: Shutting down and abandoning module Settings (18)
[2015.04.19-14.51.36:693][556]LogModuleManager: Shutting down and abandoning module OnlineSubsystem (16)
[2015.04.19-14.51.36:693][556]LogModuleManager: Shutting down and abandoning module OculusRift (15)
[2015.04.19-14.51.36:693][556]LogModuleManager: Shutting down and abandoning module ExampleDeviceProfileSelector (14)
[2015.04.19-14.51.36:693][556]LogModuleManager: Shutting down and abandoning module TextureCompressor (13)
[2015.04.19-14.51.36:693][556]LogModuleManager: Shutting down and abandoning module ShaderCore (12)
[2015.04.19-14.51.36:693][556]LogModuleManager: Shutting down and abandoning module Landscape (11)
[2015.04.19-14.51.36:693][556]LogModuleManager: Shutting down and abandoning module SlateRHIRenderer (10)
[2015.04.19-14.51.36:693][556]LogModuleManager: Shutting down and abandoning module OpenGLDrv (9)
[2015.04.19-14.51.36:693][556]LogModuleManager: Shutting down and abandoning module D3D11RHI (8)
[2015.04.19-14.51.36:693][556]LogModuleManager: Shutting down and abandoning module Renderer (7)
[2015.04.19-14.51.36:693][556]LogModuleManager: Shutting down and abandoning module Engine (6)
[2015.04.19-14.51.36:693][556]LogModuleManager: Shutting down and abandoning module CoreUObject (5)
[2015.04.19-14.51.36:693][556]LogModuleManager: Shutting down and abandoning module NetworkFile (4)
[2015.04.19-14.51.36:693][556]LogModuleManager: Shutting down and abandoning module StreamingFile (3)
[2015.04.19-14.51.36:693][556]LogModuleManager: Shutting down and abandoning module SandboxFile (2)
[2015.04.19-14.51.36:693][556]LogModuleManager: Shutting down and abandoning module PakFile (1)
[2015.04.19-14.51.36:694][556]LogExit: Exiting.
[2015.04.19-14.51.36:695][556]Log file closed, 04/19/15 20:21:36
