Log file open, 04/29/15 22:58:00
LogInit:Display: Running engine for game: UMGMenuExample
LogInit: Version: 4.7.6-2513093+++depot+UE4-Releases+4.7
LogInit: API Version: 2455222
LogInit: Compiled (64-bit): Apr 15 2015 12:09:54
LogInit: Compiled with Visual C++: 18.00.21005.01
LogInit: Build Configuration: Development
LogInit: Branch Name: ++depot+UE4-Releases+4.7
LogInit: Command line:  /Temp/Autosaves/Game/Maps/UEDPCMainMenu_Map -game -PIEVIACONSOLE -ResX=1280 -ResY=720  -Multiprocess 
LogInit: Base directory: C:/Program Files/Epic Games/4.7/Engine/Binaries/Win64/
LogInit: Rocket: 1
[2015.04.29-17.28.00:571][  0]LogTaskGraph: Started task graph with 3 named threads and 6 total threads.
[2015.04.29-17.28.00:630][  0]LogOnline:Warning: No default platform service specified for OnlineSubsystem
[2015.04.29-17.28.00:667][  0]LogInit: Presizing for 0 objects not considered by GC, pre-allocating 0 bytes.
[2015.04.29-17.28.00:676][  0]LogInit: Object subsystem initialized
[2015.04.29-17.28.00:678][  0]LogConsoleResponse:Warning: Skipping Unknown console variable: 'UIScaleRule = ShortestSide'
[2015.04.29-17.28.00:678][  0]LogConsoleResponse:Warning:   Found in ini file 'D:/GitHub Repositories/UMGMenuSystem/Saved/Config/Windows/Engine.ini', in section '[/Script/Engine.RendererSettings]'
[2015.04.29-17.28.00:678][  0]LogConsoleResponse:Warning: Skipping Unknown console variable: 'UIScaleCurve = (EditorCurveData=(Keys=),ExternalCurve=None)'
[2015.04.29-17.28.00:678][  0]LogConsoleResponse:Warning:   Found in ini file 'D:/GitHub Repositories/UMGMenuSystem/Saved/Config/Windows/Engine.ini', in section '[/Script/Engine.RendererSettings]'
[2015.04.29-17.28.00:678][  0]LogConsoleManager:Warning: Console variable 'r.MSAA.CompositingSampleCount' wasn't set (Priority ProjectSetting < Scalability)
[2015.04.29-17.28.00:679][  0]LogInit: Selected Device Profile: [Windows]
[2015.04.29-17.28.00:679][  0]LogInit: Applying CVar settings loaded from the selected device profile: [Windows]
[2015.04.29-17.28.00:683][  0]LogInit: Computer: PROTEUS_CORE
[2015.04.29-17.28.00:683][  0]LogInit: User: Rohit
[2015.04.29-17.28.00:683][  0]LogInit: CPU Page size=4096, Cores=4
[2015.04.29-17.28.00:683][  0]LogInit: High frequency timer resolution =3.027353 MHz
[2015.04.29-17.28.00:683][  0]LogMemory: Memory total: Physical=7.9GB (8GB approx) Virtual=8192.0GB
[2015.04.29-17.28.00:684][  0]LogMemory: Platform Memory Stats for Windows
[2015.04.29-17.28.00:684][  0]LogMemory: Process Physical Memory: 49.23 MB used, 49.23 MB peak
[2015.04.29-17.28.00:684][  0]LogMemory: Process Virtual Memory: 26.51 MB used, 26.51 MB peak
[2015.04.29-17.28.00:684][  0]LogMemory: Physical Memory: 3802.95 MB used, 8136.00 MB total
[2015.04.29-17.28.00:684][  0]LogMemory: Virtual Memory: 280.86 MB used, 8388608.00 MB total
[2015.04.29-17.28.00:743][  0]LogD3D11RHI: Found D3D11 adapter 0: NVIDIA GeForce GTX 660   (Feature Level 11_0)
[2015.04.29-17.28.00:743][  0]LogD3D11RHI: Adapter has 1990MB of dedicated video memory, 0MB of dedicated system memory, and 2048MB of shared system memory, 1 output[s]
[2015.04.29-17.28.00:743][  0]LogD3D11RHI: Chosen D3D11 Adapter Id = 0
[2015.04.29-17.28.00:749][  0]LogRHI: Texture pool is 1361 MB (70% of 1945 MB)
[2015.04.29-17.28.00:759][  0]LogD3D11RHI: Async texture creation enabled
[2015.04.29-17.28.00:928][  0]LogTextLocalizationManager: The requested culture ('en_US') has no localization data; parent culture's ('en') localization data will be used.
[2015.04.29-17.28.00:987][  0]LogTextLocalizationManager:Warning: Loading localization resources contain conflicting entries for (Namespace:UICommands, Key:Save_ToolTip):
Resource: (C:/Program Files/Epic Games/4.7/Engine/Content/Localization/Editor/en/Editor.locres) Hash: (-29098895) String: (Saves the current level to disk)
Resource: (C:/Program Files/Epic Games/4.7/Engine/Content/Localization/Engine/en/Engine.locres) Hash: (-1280300587) String: (Save selected data to vlog file)
[2015.04.29-17.28.00:987][  0]LogTextLocalizationManager:Warning: Loading localization resources contain conflicting entries for (Namespace:ContentBrowser, Key:ImportAssetToolTip):
Resource: (C:/Program Files/Epic Games/4.7/Engine/Content/Localization/Editor/en/Editor.locres) Hash: (-630476809) String: (Import to {0}...)
Resource: (C:/Program Files/Epic Games/4.7/Engine/Content/Localization/Editor/en/Editor.locres) Hash: (1271782899) String: (Imports an asset from file to this folder.)
[2015.04.29-17.28.01:069][  0]LogContentStreaming: Texture pool size is 700.000000MB
[2015.04.29-17.28.03:917][  0]LogTargetPlatformManager:Display: Building Assets For Windows
[2015.04.29-17.28.04:664][  0]LogTargetPlatformManager:Display: Building Assets For Windows
[2015.04.29-17.28.04:749][  0]LogDerivedDataCache:Display: Max Cache Size: 512 MB
[2015.04.29-17.28.04:786][  0]LogDerivedDataCache: Loaded boot cache 0.04s 39MB C:/Users/Rohit/AppData/Local/UnrealEngine/4.7/DerivedDataCache/Boot.ddc.
[2015.04.29-17.28.04:786][  0]LogDerivedDataCache:Display: Loaded Boot cache: C:/Users/Rohit/AppData/Local/UnrealEngine/4.7/DerivedDataCache/Boot.ddc
[2015.04.29-17.28.04:786][  0]LogDerivedDataCache: FDerivedDataBackendGraph:  Pak pak cache file D:/GitHub Repositories/UMGMenuSystem/DerivedDataCache/DDC.ddp not found, will not use a pak cache.
[2015.04.29-17.28.04:786][  0]LogDerivedDataCache: Unable to find inner node Pak for hierarchical cache Hierarchy.
[2015.04.29-17.28.04:904][  0]LogDerivedDataCache:Display: Pak cache opened for reading ../../../Engine/DerivedDataCache/Compressed.ddp.
[2015.04.29-17.28.04:916][  0]LogDerivedDataCache: Using Local data cache path C:/Users/Rohit/AppData/Local/UnrealEngine/Common/DerivedDataCache: Writable
[2015.04.29-17.28.05:227][  0]LogMeshUtilities: No automatic mesh reduction module available
[2015.04.29-17.28.05:227][  0]LogMeshUtilities: No automatic mesh merging module available
[2015.04.29-17.28.05:575][  0]LogInit: WinSock: version 1.1 (2.2), MaxSocks=32767, MaxUdp=65467
[2015.04.29-17.28.06:255][  0]LogWindowsMoviePlayer: Unable to load movie: D:/GitHub Repositories/UMGMenuSystem/Content/Movies/Default_Startup.mp4
[2015.04.29-17.28.06:504][  0]LogSourceControl: RunCommandInternalRaw: 'git version'
[2015.04.29-17.28.06:505][  0]LogSourceControl: RunCommandInternalRaw: ExecProcess ReturnCode=2 OutResults=''
[2015.04.29-17.28.06:560][  0]SourceControl: Info Source control is disabled
[2015.04.29-17.28.06:560][  0]SourceControl: Info Source control is disabled
[2015.04.29-17.28.06:560][  0]SourceControl: Info Source control is disabled
[2015.04.29-17.28.06:575][  0]SourceControl: Info Source control is disabled
[2015.04.29-17.28.06:742][  0]LogObj: 23971 objects as part of root set at end of initial load.
[2015.04.29-17.28.06:742][  0]LogUObjectAllocator: 4988928 out of 0 bytes used by permanent object pool.
[2015.04.29-17.28.06:843][  0]LogAutomationTest:Warning: ERR: Transient text cannot be serialized "Testing Transient serialization detection".
[2015.04.29-17.28.06:843][  0]LogEngine: Initializing Engine...
[2015.04.29-17.28.09:045][  0]LogInit: XAudio2 using 'Speakers (Realtek High Definition Audio)' : 2 channels at 48 kHz using 32 bits per sample (channel mask 0x3)
[2015.04.29-17.28.09:091][  0]LogInit: FAudioDevice initialized.
[2015.04.29-17.28.09:093][  0]LogInit: Texture streaming: Enabled
[2015.04.29-17.28.09:192][  0]LogAnalytics: Creating configured Analytics provider AnalyticsET
[2015.04.29-17.28.09:192][  0]LogAnalytics: ET APIKey = Rocket.Release. APIServer = http://et2.epicgames.com/ET2/. AppVersion = 4.7.6-2513093+++depot+UE4-Releases+4.7
[2015.04.29-17.28.09:192][  0]LogAnalytics: ET APIKey = Rocket.Release. DataRouterUploadURL = https://datarouter-public-service-gamedev.ol.epicgames.net/datarouter/api/v1/public/data. AppVersion = 4.7.6-2513093+++depot+UE4-Releases+4.7
[2015.04.29-17.28.09:192][  0]LogAnalytics: SetUserId 013718ab4e6dec0f6374d59520a1ab13|7b8e2bb8b466411588cadfe08ecd7de9|6951b782-1f02-4763-a464-5016cbe33e2c
[2015.04.29-17.28.09:192][  0]LogAnalytics: AnalyticsET::StartSession [Rocket.Release]
[2015.04.29-17.28.09:280][  0]LogNet: Browse: /Temp/Autosaves/Game/Maps/UEDPCMainMenu_Map?Name=Player
[2015.04.29-17.28.09:281][  0]LogLoad: LoadMap: /Temp/Autosaves/Game/Maps/UEDPCMainMenu_Map?Name=Player
[2015.04.29-17.28.09:291][  0]LogMemory: Platform Memory Stats for Windows
[2015.04.29-17.28.09:291][  0]LogMemory: Process Physical Memory: 288.04 MB used, 295.23 MB peak
[2015.04.29-17.28.09:291][  0]LogMemory: Process Virtual Memory: 245.34 MB used, 256.02 MB peak
[2015.04.29-17.28.09:291][  0]LogMemory: Physical Memory: 3987.36 MB used, 8136.00 MB total
[2015.04.29-17.28.09:291][  0]LogMemory: Virtual Memory: 669.39 MB used, 8388608.00 MB total
[2015.04.29-17.28.09:291][  0]LogMemory: 
[2015.04.29-17.28.09:291][  0]Allocator Stats for TBB: (not implemented)
[2015.04.29-17.28.09:447][  0]LogLinker:Warning: CreateImport: Object 'StateChanged__DelegateSignature' isn't imported, because its outer is a placeholder. Archive: 'D:/GitHub Repositories/UMGMenuSystem/Content/Blueprints/BP_MainMenuActor.uasset'
[2015.04.29-17.28.10:121][  0]LogWorld: Game class is 'BP_GameMode_C'
[2015.04.29-17.28.10:182][  0]LogAIModule: Creating AISystem for world MainMenu_Map
[2015.04.29-17.28.10:183][  0]LogWorld: Bringing World /Temp/Autosaves/Game/Maps/UEDPCMainMenu_Map.MainMenu_Map up for play (max tick rate 0) at 2015.04.29-22.58.10
[2015.04.29-17.28.10:184][  0]LogWorld: Bringing up level for play took: 0.001862
[2015.04.29-17.28.10:185][  0]r.SetRes = "1280x720"
[2015.04.29-17.28.10:185][  0]r.PostProcessAAQuality = "2"
[2015.04.29-17.28.10:186][  0]LogConsoleManager:Warning: Console variable 'r.MaterialQualityLevel' wasn't set (Priority Console < Scalability)
[2015.04.29-17.28.10:186][  0]sg.EffectsQuality = "1"
[2015.04.29-17.28.10:186][  0]sg.ShadowQuality = "1"
[2015.04.29-17.28.10:186][  0]sg.TextureQuality = "1"
[2015.04.29-17.28.10:190][  0]LogInit:Display: Game Engine Initialized.
[2015.04.29-17.28.10:436][  0]LogLoad: Full Startup: 12.07 seconds (BP compile: 0.35 seconds)
[2015.04.29-17.28.10:457][  0]LogContentStreaming: Texture pool size now 400 MB
[2015.04.29-17.28.10:531][  2]LogRenderer:Warning: Reallocating scene render targets to support 1120x632 (Frame:2).
[2015.04.29-17.28.12:768][130]LogEngine: All Windows Closed
[2015.04.29-17.28.12:768][130]LogWindows: FPlatformMisc::RequestExit(0)
[2015.04.29-17.28.12:803][131]LogExit: Preparing to exit.
[2015.04.29-17.28.12:925][131]LogExit: Game engine shut down
[2015.04.29-17.28.12:925][131]LogParticles: Destroying 0 GPU particle simulations for FXSystem 0x000000000A85D760
[2015.04.29-17.28.12:980][131]LogExit: Object subsystem successfully closed.
[2015.04.29-17.28.13:021][131]LogModuleManager: Shutting down and abandoning module AutomationWorker (105)
[2015.04.29-17.28.13:021][131]LogModuleManager: Shutting down and abandoning module CharacterAI (104)
[2015.04.29-17.28.13:021][131]LogModuleManager: Shutting down and abandoning module AITestSuite (103)
[2015.04.29-17.28.13:021][131]LogModuleManager: Shutting down and abandoning module GameplayDebugger (102)
[2015.04.29-17.28.13:021][131]LogModuleManager: Shutting down and abandoning module AIModule (101)
[2015.04.29-17.28.13:021][131]LogModuleManager: Shutting down and abandoning module GameLiveStreaming (100)
[2015.04.29-17.28.13:021][131]LogModuleManager: Shutting down and abandoning module StreamingPauseRendering (99)
[2015.04.29-17.28.13:021][131]LogModuleManager: Shutting down and abandoning module HTTP (98)
[2015.04.29-17.28.13:021][131]LogModuleManager: Shutting down and abandoning module AnalyticsET (97)
[2015.04.29-17.28.13:021][131]LogModuleManager: Shutting down and abandoning module Analytics (96)
[2015.04.29-17.28.13:021][131]LogModuleManager: Shutting down and abandoning module ProfilerService (95)
[2015.04.29-17.28.13:048][131]LogModuleManager: Shutting down and abandoning module TaskGraph (94)
[2015.04.29-17.28.13:048][131]LogModuleManager: Shutting down and abandoning module SlateRemote (93)
[2015.04.29-17.28.13:048][131]LogModuleManager: Shutting down and abandoning module CustomMeshComponent (92)
[2015.04.29-17.28.13:048][131]LogModuleManager: Shutting down and abandoning module CableComponent (91)
[2015.04.29-17.28.13:048][131]LogModuleManager: Shutting down and abandoning module DesktopPlatform (90)
[2015.04.29-17.28.13:048][131]LogModuleManager: Shutting down and abandoning module DirectoryWatcher (89)
[2015.04.29-17.28.13:048][131]LogModuleManager: Shutting down and abandoning module HotReload (88)
[2015.04.29-17.28.13:048][131]LogModuleManager: Shutting down and abandoning module VisualStudioSourceCodeAccess (87)
[2015.04.29-17.28.13:048][131]LogModuleManager: Shutting down and abandoning module UObjectPlugin (86)
[2015.04.29-17.28.13:048][131]LogModuleManager: Shutting down and abandoning module SubversionSourceControl (85)
[2015.04.29-17.28.13:048][131]LogModuleManager: Shutting down and abandoning module GitSourceControl (84)
[2015.04.29-17.28.13:048][131]LogModuleManager: Shutting down and abandoning module SourceControl (83)
[2015.04.29-17.28.13:048][131]LogModuleManager: Shutting down and abandoning module PerforceSourceControl (82)
[2015.04.29-17.28.13:048][131]LogModuleManager: Shutting down and abandoning module BlankPlugin (81)
[2015.04.29-17.28.13:048][131]LogModuleManager: Shutting down and abandoning module ScriptPlugin (80)
[2015.04.29-17.28.13:048][131]LogModuleManager: Shutting down and abandoning module UdpMessaging (79)
[2015.04.29-17.28.13:048][131]LogModuleManager: Shutting down and abandoning module Paper2D (78)
[2015.04.29-17.28.13:048][131]LogModuleManager: Shutting down and abandoning module WindowsMoviePlayer (77)
[2015.04.29-17.28.13:050][131]LogModuleManager: Shutting down and abandoning module Media (76)
[2015.04.29-17.28.13:050][131]LogModuleManager: Shutting down and abandoning module WmfMedia (75)
[2015.04.29-17.28.13:050][131]LogModuleManager: Shutting down and abandoning module OnlineBlueprintSupport (74)
[2015.04.29-17.28.13:050][131]LogModuleManager: Shutting down and abandoning module PropertyEditor (73)
[2015.04.29-17.28.13:050][131]LogModuleManager: Shutting down and abandoning module BehaviorTreeEditor (72)
[2015.04.29-17.28.13:050][131]LogModuleManager: Shutting down and abandoning module FunctionalTesting (71)
[2015.04.29-17.28.13:051][131]LogModuleManager: Shutting down and abandoning module CollisionAnalyzer (70)
[2015.04.29-17.28.13:051][131]LogModuleManager: Shutting down and abandoning module WorkspaceMenuStructure (69)
[2015.04.29-17.28.13:051][131]LogModuleManager: Shutting down and abandoning module MessageLog (68)
[2015.04.29-17.28.13:051][131]LogModuleManager: Shutting down and abandoning module Sequencer (67)
[2015.04.29-17.28.13:051][131]LogModuleManager: Shutting down and abandoning module AssetTools (66)
[2015.04.29-17.28.13:051][131]LogModuleManager: Shutting down and abandoning module UMGEditor (65)
[2015.04.29-17.28.13:051][131]LogModuleManager: Shutting down and abandoning module UMG (64)
[2015.04.29-17.28.13:051][131]LogModuleManager: Shutting down and abandoning module Slate (63)
[2015.04.29-17.28.13:051][131]LogModuleManager: Shutting down and abandoning module EditorStyle (62)
[2015.04.29-17.28.13:055][131]LogModuleManager: Shutting down and abandoning module SessionServices (61)
[2015.04.29-17.28.13:055][131]LogModuleManager: Shutting down and abandoning module SourceCodeAccess (60)
[2015.04.29-17.28.13:055][131]LogModuleManager: Shutting down and abandoning module HeadMountedDisplay (59)
[2015.04.29-17.28.13:055][131]LogModuleManager: Shutting down and abandoning module XAudio2 (58)
[2015.04.29-17.28.13:055][131]LogModuleManager: Shutting down and abandoning module Networking (56)
[2015.04.29-17.28.13:055][131]LogModuleManager: Shutting down and abandoning module Core (55)
[2015.04.29-17.28.13:055][131]LogModuleManager: Shutting down and abandoning module KismetCompiler (54)
[2015.04.29-17.28.13:055][131]LogModuleManager: Shutting down and abandoning module PhysXFormats (53)
[2015.04.29-17.28.13:055][131]LogModuleManager: Shutting down and abandoning module MeshUtilities (52)
[2015.04.29-17.28.13:055][131]LogModuleManager: Shutting down and abandoning module DerivedDataCache (51)
[2015.04.29-17.28.13:407][131]LogDerivedDataCache: Shutdown
[2015.04.29-17.28.13:407][131]LogModuleManager: Shutting down and abandoning module ShaderFormatOpenGL (50)
[2015.04.29-17.28.13:407][131]LogModuleManager: Shutting down and abandoning module ShaderFormatD3D (49)
[2015.04.29-17.28.13:407][131]LogModuleManager: Shutting down and abandoning module MetalShaderFormat (48)
[2015.04.29-17.28.13:407][131]LogModuleManager: Shutting down and abandoning module TextureFormatUncompressed (47)
[2015.04.29-17.28.13:407][131]LogModuleManager: Shutting down and abandoning module TextureFormatPVR (46)
[2015.04.29-17.28.13:407][131]LogModuleManager: Shutting down and abandoning module TextureFormatIntelISPCTexComp (45)
[2015.04.29-17.28.13:407][131]LogModuleManager: Shutting down and abandoning module TextureFormatDXT (44)
[2015.04.29-17.28.13:407][131]LogModuleManager: Shutting down and abandoning module ImageWrapper (43)
[2015.04.29-17.28.13:407][131]LogModuleManager: Shutting down and abandoning module TextureFormatASTC (42)
[2015.04.29-17.28.13:407][131]LogModuleManager: Shutting down and abandoning module TextureFormatAndroid (41)
[2015.04.29-17.28.13:407][131]LogModuleManager: Shutting down and abandoning module AudioFormatOpus (40)
[2015.04.29-17.28.13:407][131]LogModuleManager: Shutting down and abandoning module AudioFormatOgg (39)
[2015.04.29-17.28.13:407][131]LogModuleManager: Shutting down and abandoning module AudioFormatADPCM (38)
[2015.04.29-17.28.13:407][131]LogModuleManager: Shutting down and abandoning module LinuxTargetPlatform (37)
[2015.04.29-17.28.13:407][131]LogModuleManager: Shutting down and abandoning module LinuxServerTargetPlatform (36)
[2015.04.29-17.28.13:407][131]LogModuleManager: Shutting down and abandoning module LinuxNoEditorTargetPlatform (35)
[2015.04.29-17.28.13:407][131]LogModuleManager: Shutting down and abandoning module Messaging (34)
[2015.04.29-17.28.13:407][131]LogModuleManager: Shutting down and abandoning module IOSTargetPlatform (33)
[2015.04.29-17.28.13:407][131]LogModuleManager: Shutting down and abandoning module HTML5TargetPlatform (32)
[2015.04.29-17.28.13:407][131]LogModuleManager: Shutting down and abandoning module Android_PVRTCTargetPlatform (31)
[2015.04.29-17.28.13:407][131]LogModuleManager: Shutting down and abandoning module Android_ETC2TargetPlatform (30)
[2015.04.29-17.28.13:407][131]LogModuleManager: Shutting down and abandoning module Android_ETC1TargetPlatform (29)
[2015.04.29-17.28.13:407][131]LogModuleManager: Shutting down and abandoning module Android_ES31TargetPlatform (28)
[2015.04.29-17.28.13:407][131]LogModuleManager: Shutting down and abandoning module Android_DXTTargetPlatform (27)
[2015.04.29-17.28.13:407][131]LogModuleManager: Shutting down and abandoning module Android_ATCTargetPlatform (26)
[2015.04.29-17.28.13:407][131]LogModuleManager: Shutting down and abandoning module AndroidTargetPlatform (25)
[2015.04.29-17.28.13:407][131]LogModuleManager: Shutting down and abandoning module WindowsTargetPlatform (24)
[2015.04.29-17.28.13:407][131]LogModuleManager: Shutting down and abandoning module WindowsServerTargetPlatform (23)
[2015.04.29-17.28.13:407][131]LogModuleManager: Shutting down and abandoning module WindowsNoEditorTargetPlatform (22)
[2015.04.29-17.28.13:407][131]LogModuleManager: Shutting down and abandoning module WindowsClientTargetPlatform (21)
[2015.04.29-17.28.13:407][131]LogModuleManager: Shutting down and abandoning module TargetPlatform (20)
[2015.04.29-17.28.13:407][131]LogModuleManager: Shutting down and abandoning module InputCore (19)
[2015.04.29-17.28.13:407][131]LogModuleManager: Shutting down and abandoning module Settings (18)
[2015.04.29-17.28.13:407][131]LogModuleManager: Shutting down and abandoning module OnlineSubsystem (16)
[2015.04.29-17.28.13:407][131]LogModuleManager: Shutting down and abandoning module OculusRift (15)
[2015.04.29-17.28.13:407][131]LogModuleManager: Shutting down and abandoning module ExampleDeviceProfileSelector (14)
[2015.04.29-17.28.13:407][131]LogModuleManager: Shutting down and abandoning module TextureCompressor (13)
[2015.04.29-17.28.13:407][131]LogModuleManager: Shutting down and abandoning module ShaderCore (12)
[2015.04.29-17.28.13:407][131]LogModuleManager: Shutting down and abandoning module Landscape (11)
[2015.04.29-17.28.13:407][131]LogModuleManager: Shutting down and abandoning module SlateRHIRenderer (10)
[2015.04.29-17.28.13:408][131]LogModuleManager: Shutting down and abandoning module OpenGLDrv (9)
[2015.04.29-17.28.13:408][131]LogModuleManager: Shutting down and abandoning module D3D11RHI (8)
[2015.04.29-17.28.13:408][131]LogModuleManager: Shutting down and abandoning module Renderer (7)
[2015.04.29-17.28.13:408][131]LogModuleManager: Shutting down and abandoning module Engine (6)
[2015.04.29-17.28.13:408][131]LogModuleManager: Shutting down and abandoning module CoreUObject (5)
[2015.04.29-17.28.13:408][131]LogModuleManager: Shutting down and abandoning module NetworkFile (4)
[2015.04.29-17.28.13:408][131]LogModuleManager: Shutting down and abandoning module StreamingFile (3)
[2015.04.29-17.28.13:408][131]LogModuleManager: Shutting down and abandoning module SandboxFile (2)
[2015.04.29-17.28.13:408][131]LogModuleManager: Shutting down and abandoning module PakFile (1)
[2015.04.29-17.28.13:408][131]LogExit: Exiting.
[2015.04.29-17.28.13:409][131]Log file closed, 04/29/15 22:58:13
