Log file open, 04/19/15 19:42:39
LogInit:Display: Running engine for game: UMGMenuExample
LogInit: Version: 4.7.5-2503383+++depot+UE4-Releases+4.7
LogInit: API Version: 2455222
LogInit: Compiled (64-bit): Apr  6 2015 23:21:51
LogInit: Compiled with Visual C++: 18.00.21005.01
LogInit: Build Configuration: Development
LogInit: Branch Name: ++depot+UE4-Releases+4.7
LogInit: Command line:  /Temp/Autosaves/Game/Maps/UEDPCMainMenu_Map -game -PIEVIACONSOLE -ResX=1280 -ResY=720  -Multiprocess 
LogInit: Base directory: C:/Program Files/Epic Games/4.7/Engine/Binaries/Win64/
LogInit: Rocket: 1
[2015.04.19-14.12.39:243][  0]LogTaskGraph: Started task graph with 3 named threads and 6 total threads.
[2015.04.19-14.12.39:301][  0]LogOnline:Warning: No default platform service specified for OnlineSubsystem
[2015.04.19-14.12.39:322][  0]LogInit: Presizing for 0 objects not considered by GC, pre-allocating 0 bytes.
[2015.04.19-14.12.39:331][  0]LogInit: Object subsystem initialized
[2015.04.19-14.12.39:333][  0]LogConsoleResponse:Warning: Skipping Unknown console variable: 'UIScaleRule = ShortestSide'
[2015.04.19-14.12.39:333][  0]LogConsoleResponse:Warning:   Found in ini file 'D:/GitHub Repositories/UMGMenuSystem/Saved/Config/Windows/Engine.ini', in section '[/Script/Engine.RendererSettings]'
[2015.04.19-14.12.39:333][  0]LogConsoleResponse:Warning: Skipping Unknown console variable: 'UIScaleCurve = (EditorCurveData=(Keys=),ExternalCurve=None)'
[2015.04.19-14.12.39:333][  0]LogConsoleResponse:Warning:   Found in ini file 'D:/GitHub Repositories/UMGMenuSystem/Saved/Config/Windows/Engine.ini', in section '[/Script/Engine.RendererSettings]'
[2015.04.19-14.12.39:333][  0]LogConsoleManager:Warning: Console variable 'r.MSAA.CompositingSampleCount' wasn't set (Priority ProjectSetting < Scalability)
[2015.04.19-14.12.39:333][  0]LogInit: Selected Device Profile: [Windows]
[2015.04.19-14.12.39:333][  0]LogInit: Applying CVar settings loaded from the selected device profile: [Windows]
[2015.04.19-14.12.39:338][  0]LogInit: Computer: PROTEUS_CORE
[2015.04.19-14.12.39:338][  0]LogInit: User: Rohit
[2015.04.19-14.12.39:338][  0]LogInit: CPU Page size=4096, Cores=4
[2015.04.19-14.12.39:338][  0]LogInit: High frequency timer resolution =3.027373 MHz
[2015.04.19-14.12.39:338][  0]LogMemory: Memory total: Physical=7.9GB (8GB approx) Virtual=8192.0GB
[2015.04.19-14.12.39:338][  0]LogMemory: Platform Memory Stats for Windows
[2015.04.19-14.12.39:338][  0]LogMemory: Process Physical Memory: 49.16 MB used, 49.16 MB peak
[2015.04.19-14.12.39:338][  0]LogMemory: Process Virtual Memory: 26.67 MB used, 26.67 MB peak
[2015.04.19-14.12.39:338][  0]LogMemory: Physical Memory: 4203.07 MB used, 8136.00 MB total
[2015.04.19-14.12.39:338][  0]LogMemory: Virtual Memory: 280.86 MB used, 8388608.00 MB total
[2015.04.19-14.12.39:376][  0]LogD3D11RHI: Found D3D11 adapter 0: NVIDIA GeForce GTX 660   (Feature Level 11_0)
[2015.04.19-14.12.39:376][  0]LogD3D11RHI: Adapter has 1989MB of dedicated video memory, 0MB of dedicated system memory, and 2048MB of shared system memory, 1 output[s]
[2015.04.19-14.12.39:376][  0]LogD3D11RHI: Chosen D3D11 Adapter Id = 0
[2015.04.19-14.12.39:382][  0]LogRHI: Texture pool is 1361 MB (70% of 1945 MB)
[2015.04.19-14.12.39:393][  0]LogD3D11RHI: Async texture creation enabled
[2015.04.19-14.12.39:465][  0]LogTextLocalizationManager: The requested culture ('en_US') has no localization data; parent culture's ('en') localization data will be used.
[2015.04.19-14.12.39:524][  0]LogTextLocalizationManager:Warning: Loading localization resources contain conflicting entries for (Namespace:UICommands, Key:Save_ToolTip):
Resource: (C:/Program Files/Epic Games/4.7/Engine/Content/Localization/Editor/en/Editor.locres) Hash: (-29098895) String: (Saves the current level to disk)
Resource: (C:/Program Files/Epic Games/4.7/Engine/Content/Localization/Engine/en/Engine.locres) Hash: (-1280300587) String: (Save selected data to vlog file)
[2015.04.19-14.12.39:524][  0]LogTextLocalizationManager:Warning: Loading localization resources contain conflicting entries for (Namespace:ContentBrowser, Key:ImportAssetToolTip):
Resource: (C:/Program Files/Epic Games/4.7/Engine/Content/Localization/Editor/en/Editor.locres) Hash: (-630476809) String: (Import to {0}...)
Resource: (C:/Program Files/Epic Games/4.7/Engine/Content/Localization/Editor/en/Editor.locres) Hash: (1271782899) String: (Imports an asset from file to this folder.)
[2015.04.19-14.12.39:604][  0]LogContentStreaming: Texture pool size is 1000.000000MB
[2015.04.19-14.12.41:965][  0]LogTargetPlatformManager:Display: Building Assets For Windows
[2015.04.19-14.12.42:601][  0]LogTargetPlatformManager:Display: Building Assets For Windows
[2015.04.19-14.12.42:682][  0]LogDerivedDataCache:Display: Max Cache Size: 512 MB
[2015.04.19-14.12.42:719][  0]LogDerivedDataCache: Loaded boot cache 0.04s 39MB C:/Users/Rohit/AppData/Local/UnrealEngine/4.7/DerivedDataCache/Boot.ddc.
[2015.04.19-14.12.42:719][  0]LogDerivedDataCache:Display: Loaded Boot cache: C:/Users/Rohit/AppData/Local/UnrealEngine/4.7/DerivedDataCache/Boot.ddc
[2015.04.19-14.12.42:719][  0]LogDerivedDataCache: FDerivedDataBackendGraph:  Pak pak cache file D:/GitHub Repositories/UMGMenuSystem/DerivedDataCache/DDC.ddp not found, will not use a pak cache.
[2015.04.19-14.12.42:719][  0]LogDerivedDataCache: Unable to find inner node Pak for hierarchical cache Hierarchy.
[2015.04.19-14.12.42:834][  0]LogDerivedDataCache:Display: Pak cache opened for reading ../../../Engine/DerivedDataCache/Compressed.ddp.
[2015.04.19-14.12.42:847][  0]LogDerivedDataCache: Using Local data cache path C:/Users/Rohit/AppData/Local/UnrealEngine/Common/DerivedDataCache: Writable
[2015.04.19-14.12.43:146][  0]LogMeshUtilities: No automatic mesh reduction module available
[2015.04.19-14.12.43:146][  0]LogMeshUtilities: No automatic mesh merging module available
[2015.04.19-14.12.43:459][  0]LogInit: WinSock: version 1.1 (2.2), MaxSocks=32767, MaxUdp=65467
[2015.04.19-14.12.43:981][  0]LogWindowsMoviePlayer: Unable to load movie: D:/GitHub Repositories/UMGMenuSystem/Content/Movies/Default_Startup.mp4
[2015.04.19-14.12.44:150][  0]LogSourceControl: RunCommandInternalRaw: 'git version'
[2015.04.19-14.12.44:151][  0]LogSourceControl: RunCommandInternalRaw: ExecProcess ReturnCode=2 OutResults=''
[2015.04.19-14.12.44:193][  0]SourceControl: Info Source control is disabled
[2015.04.19-14.12.44:193][  0]SourceControl: Info Source control is disabled
[2015.04.19-14.12.44:193][  0]SourceControl: Info Source control is disabled
[2015.04.19-14.12.44:208][  0]SourceControl: Info Source control is disabled
[2015.04.19-14.12.44:345][  0]LogObj: 23971 objects as part of root set at end of initial load.
[2015.04.19-14.12.44:345][  0]LogUObjectAllocator: 4988928 out of 0 bytes used by permanent object pool.
[2015.04.19-14.12.44:430][  0]LogAutomationTest:Warning: ERR: Transient text cannot be serialized "Testing Transient serialization detection".
[2015.04.19-14.12.44:430][  0]LogEngine: Initializing Engine...
[2015.04.19-14.12.46:605][  0]LogInit: XAudio2 using 'Speakers (Realtek High Definition Audio)' : 2 channels at 48 kHz using 32 bits per sample (channel mask 0x3)
[2015.04.19-14.12.46:647][  0]LogInit: FAudioDevice initialized.
[2015.04.19-14.12.46:649][  0]LogInit: Texture streaming: Enabled
[2015.04.19-14.12.46:741][  0]LogAnalytics: Creating configured Analytics provider AnalyticsET
[2015.04.19-14.12.46:741][  0]LogAnalytics: ET APIKey = Rocket.Release. APIServer = http://et2.epicgames.com/ET2/. AppVersion = 4.7.5-2503383+++depot+UE4-Releases+4.7
[2015.04.19-14.12.46:741][  0]LogAnalytics: ET APIKey = Rocket.Release. DataRouterUploadURL = https://datarouter-public-service-gamedev.ol.epicgames.net/datarouter/api/v1/public/data. AppVersion = 4.7.5-2503383+++depot+UE4-Releases+4.7
[2015.04.19-14.12.46:742][  0]LogAnalytics: SetUserId 013718ab4e6dec0f6374d59520a1ab13|7b8e2bb8b466411588cadfe08ecd7de9|6951b782-1f02-4763-a464-5016cbe33e2c
[2015.04.19-14.12.46:742][  0]LogAnalytics: AnalyticsET::StartSession [Rocket.Release]
[2015.04.19-14.12.46:820][  0]LogNet: Browse: /Temp/Autosaves/Game/Maps/UEDPCMainMenu_Map?Name=Player
[2015.04.19-14.12.46:820][  0]LogLoad: LoadMap: /Temp/Autosaves/Game/Maps/UEDPCMainMenu_Map?Name=Player
[2015.04.19-14.12.46:829][  0]LogMemory: Platform Memory Stats for Windows
[2015.04.19-14.12.46:829][  0]LogMemory: Process Physical Memory: 285.57 MB used, 293.77 MB peak
[2015.04.19-14.12.46:829][  0]LogMemory: Process Virtual Memory: 242.84 MB used, 254.03 MB peak
[2015.04.19-14.12.46:829][  0]LogMemory: Physical Memory: 4400.56 MB used, 8136.00 MB total
[2015.04.19-14.12.46:829][  0]LogMemory: Virtual Memory: 671.95 MB used, 8388608.00 MB total
[2015.04.19-14.12.46:829][  0]LogMemory: 
[2015.04.19-14.12.46:829][  0]Allocator Stats for TBB: (not implemented)
[2015.04.19-14.12.46:987][  0]LogLinker:Warning: CreateImport: Object 'StateChanged__DelegateSignature' isn't imported, because its outer is a placeholder. Archive: 'D:/GitHub Repositories/UMGMenuSystem/Content/Blueprints/BP_MainMenuActor.uasset'
[2015.04.19-14.12.47:378][  0]LogBlueprint:Warning: [WidgetBP_MainMenuScreen] CreatePinForVariable: 'MainMenuSoundtrack' variable not found. Base class was probably changed.
[2015.04.19-14.12.47:383][  0]LogBlueprint:Warning: [compiler] Warning Could not find a variable named "MainMenuSoundtrack" in 'BP_GameMode_C'.
Make sure 'BP_GameMode_C' has been compiled for  Get MainMenuSoundtrack 
[2015.04.19-14.12.47:385][  0]LogBlueprint:Warning: [compiler] Warning [0010.23] Compile of WidgetBP_MainMenuScreen successful, but with 1 Warning(s) [in 5 ms]
[2015.04.19-14.12.47:385][  0]LogBlueprint:Warning: [compiler] Warning [0010.23] Compile of WidgetBP_MainMenuScreen successful, but with 2 Warning(s) [in 0 ms]
[2015.04.19-14.12.47:385][  0]LogBlueprint:Warning: [compiler] Warning [0010.23] Compile of WidgetBP_MainMenuScreen successful, but with 3 Warning(s) [in 0 ms]
[2015.04.19-14.12.47:385][  0]LogBlueprint:Warning: [compiler] Warning [0010.23] Compile of WidgetBP_MainMenuScreen successful, but with 4 Warning(s) [in 0 ms]
[2015.04.19-14.12.47:594][  0]LogBlueprint:Warning: [WidgetBP_MainMenuScreen] CreatePinForVariable: 'MainMenuSoundtrack' variable not found. Base class was probably changed.
[2015.04.19-14.12.47:599][  0]LogBlueprint:Warning: [compiler] Warning Could not find a variable named "MainMenuSoundtrack" in 'BP_GameMode_C'.
Make sure 'BP_GameMode_C' has been compiled for  Get MainMenuSoundtrack 
[2015.04.19-14.12.47:601][  0]LogBlueprint:Warning: [compiler] Warning [0010.45] Compile of WidgetBP_MainMenuScreen successful, but with 1 Warning(s) [in 6 ms]
[2015.04.19-14.12.47:601][  0]LogBlueprint:Warning: [compiler] Warning [0010.45] Compile of WidgetBP_MainMenuScreen successful, but with 2 Warning(s) [in 0 ms]
[2015.04.19-14.12.47:706][  0]LogWorld: Game class is 'BP_GameMode_C'
[2015.04.19-14.12.47:762][  0]LogAIModule: Creating AISystem for world MainMenu_Map
[2015.04.19-14.12.47:763][  0]LogWorld: Bringing World /Temp/Autosaves/Game/Maps/UEDPCMainMenu_Map.MainMenu_Map up for play (max tick rate 0) at 2015.04.19-19.42.47
[2015.04.19-14.12.47:763][  0]LogWorld: Bringing up level for play took: 0.001535
[2015.04.19-14.12.47:764][  0]LogGameMode: Warning - PATHS NOT DEFINED or NO PLAYERSTART with positive rating
[2015.04.19-14.12.47:765][  0]r.SetRes = "1280x720F"
[2015.04.19-14.12.47:765][  0]r.PostProcessAAQuality = "2"
[2015.04.19-14.12.47:765][  0]LogConsoleManager:Warning: Console variable 'r.MaterialQualityLevel' wasn't set (Priority Console < Scalability)
[2015.04.19-14.12.47:765][  0]sg.EffectsQuality = "1"
[2015.04.19-14.12.47:765][  0]sg.ShadowQuality = "1"
[2015.04.19-14.12.47:766][  0]sg.TextureQuality = "1"
[2015.04.19-14.12.47:769][  0]LogInit:Display: Game Engine Initialized.
[2015.04.19-14.12.48:016][  0]LogLoad: Full Startup: 10.86 seconds (BP compile: 0.38 seconds)
[2015.04.19-14.12.48:039][  0]LogContentStreaming: Texture pool size now 400 MB
[2015.04.19-14.12.48:623][  0]LogRenderer:Warning: Reallocating scene render targets to support 1280x720 (Frame:2).
[2015.04.19-14.13.15:764][648]r.SetRes = "1920x1080F"
[2015.04.19-14.13.15:804][648]LogRenderer:Warning: Reallocating scene render targets to support 1920x1080 (Frame:1650).
[2015.04.19-14.13.21:605][978]sg.TextureQuality = "3"
[2015.04.19-14.13.21:637][980]LogContentStreaming: Texture pool size now 1000 MB
[2015.04.19-14.13.23:670][106]LogConsoleManager:Warning: Console variable 'r.MaterialQualityLevel' wasn't set (Priority Console < Scalability)
[2015.04.19-14.13.23:670][106]sg.EffectsQuality = "3"
[2015.04.19-14.13.23:673][107]LogRenderer:Warning: Reallocating scene render targets to support 1920x1080 (Frame:2109).
[2015.04.19-14.13.25:688][231]sg.ShadowQuality = "3"
[2015.04.19-14.13.25:690][232]LogRenderer:Warning: Reallocating scene render targets to support 1920x1080 (Frame:2234).
[2015.04.19-14.13.27:966][368]r.PostProcessAAQuality = "6"
[2015.04.19-14.13.29:061][435]r.ScreenPercentage = "97"
[2015.04.19-14.13.29:063][436]LogRenderer:Warning: Reallocating scene render targets to support 1864x1048 (Frame:2438).
[2015.04.19-14.13.29:128][437]r.ScreenPercentage = "96"
[2015.04.19-14.13.29:137][438]LogRenderer:Warning: Reallocating scene render targets to support 1848x1040 (Frame:2440).
[2015.04.19-14.13.29:144][438]r.ScreenPercentage = "95"
[2015.04.19-14.13.29:267][439]LogRenderer:Warning: Reallocating scene render targets to support 1824x1032 (Frame:2441).
[2015.04.19-14.13.29:267][439]r.ScreenPercentage = "94"
[2015.04.19-14.13.29:268][439]r.ScreenPercentage = "91"
[2015.04.19-14.13.29:291][440]LogRenderer:Warning: Reallocating scene render targets to support 1752x984 (Frame:2442).
[2015.04.19-14.13.29:291][440]r.ScreenPercentage = "91"
[2015.04.19-14.13.29:313][441]r.ScreenPercentage = "89"
[2015.04.19-14.13.29:331][442]LogRenderer:Warning: Reallocating scene render targets to support 1712x968 (Frame:2444).
[2015.04.19-14.13.29:332][442]r.ScreenPercentage = "89"
[2015.04.19-14.13.29:363][443]r.ScreenPercentage = "89"
[2015.04.19-14.13.29:395][445]r.ScreenPercentage = "88"
[2015.04.19-14.13.29:397][446]LogRenderer:Warning: Reallocating scene render targets to support 1696x952 (Frame:2448).
[2015.04.19-14.13.29:411][446]r.ScreenPercentage = "88"
[2015.04.19-14.13.32:427][633]LogNet: Browse: /Game/Maps/PrototypeLevel_Map
[2015.04.19-14.13.32:427][633]LogLoad: LoadMap: /Game/Maps/PrototypeLevel_Map
[2015.04.19-14.13.32:466][633]LogParticles: Destroying 0 GPU particle simulations for FXSystem 0x000000000DAF6200
[2015.04.19-14.13.32:491][633]LogMemory: Platform Memory Stats for Windows
[2015.04.19-14.13.32:491][633]LogMemory: Process Physical Memory: 468.74 MB used, 471.28 MB peak
[2015.04.19-14.13.32:491][633]LogMemory: Process Virtual Memory: 276.05 MB used, 298.77 MB peak
[2015.04.19-14.13.32:491][633]LogMemory: Physical Memory: 4762.31 MB used, 8136.00 MB total
[2015.04.19-14.13.32:491][633]LogMemory: Virtual Memory: 887.01 MB used, 8388608.00 MB total
[2015.04.19-14.13.32:491][633]LogMemory: 
[2015.04.19-14.13.32:491][633]Allocator Stats for TBB: (not implemented)
[2015.04.19-14.13.32:494][633]LogLinker:Warning: CreateImport: Object 'StateChanged__DelegateSignature' isn't imported, because its outer is a placeholder. Archive: 'D:/GitHub Repositories/UMGMenuSystem/Content/Blueprints/BP_InGameActor.uasset'
[2015.04.19-14.13.33:085][633]LogWorld: Game class is 'BP_GameMode_C'
[2015.04.19-14.13.33:087][633]LogAIModule: Creating AISystem for world PrototypeLevel_Map
[2015.04.19-14.13.33:087][633]LogWorld: Bringing World /Game/Maps/PrototypeLevel_Map.PrototypeLevel_Map up for play (max tick rate 0) at 2015.04.19-19.43.33
[2015.04.19-14.13.33:087][633]LogWorld: Bringing up level for play took: 0.000435
[2015.04.19-14.13.33:088][633]LogGameMode: Warning - PATHS NOT DEFINED or NO PLAYERSTART with positive rating
[2015.04.19-14.13.35:529][785]LogNet: Browse: /Game/Maps/MainMenu_Map
[2015.04.19-14.13.35:529][785]LogLoad: LoadMap: /Game/Maps/MainMenu_Map
[2015.04.19-14.13.35:570][785]LogParticles: Destroying 0 GPU particle simulations for FXSystem 0x000000001249EA20
[2015.04.19-14.13.35:577][785]LogMemory: Platform Memory Stats for Windows
[2015.04.19-14.13.35:577][785]LogMemory: Process Physical Memory: 469.58 MB used, 471.39 MB peak
[2015.04.19-14.13.35:577][785]LogMemory: Process Virtual Memory: 276.67 MB used, 298.77 MB peak
[2015.04.19-14.13.35:577][785]LogMemory: Physical Memory: 4759.16 MB used, 8136.00 MB total
[2015.04.19-14.13.35:577][785]LogMemory: Virtual Memory: 887.01 MB used, 8388608.00 MB total
[2015.04.19-14.13.35:577][785]LogMemory: 
[2015.04.19-14.13.35:577][785]Allocator Stats for TBB: (not implemented)
[2015.04.19-14.13.35:750][785]LogLinker:Warning: CreateImport: Object 'StateChanged__DelegateSignature' isn't imported, because its outer is a placeholder. Archive: 'D:/GitHub Repositories/UMGMenuSystem/Content/Blueprints/BP_MainMenuActor.uasset'
[2015.04.19-14.13.36:121][785]LogBlueprint:Warning: [WidgetBP_MainMenuScreen] CreatePinForVariable: 'MainMenuSoundtrack' variable not found. Base class was probably changed.
[2015.04.19-14.13.36:126][785]LogBlueprint:Warning: [compiler] Warning Could not find a variable named "MainMenuSoundtrack" in 'BP_GameMode_C'.
Make sure 'BP_GameMode_C' has been compiled for  Get MainMenuSoundtrack 
[2015.04.19-14.13.36:128][785]LogBlueprint:Warning: [compiler] Warning [0058.97] Compile of WidgetBP_MainMenuScreen successful, but with 1 Warning(s) [in 5 ms]
[2015.04.19-14.13.36:128][785]LogBlueprint:Warning: [compiler] Warning [0058.97] Compile of WidgetBP_MainMenuScreen successful, but with 2 Warning(s) [in 0 ms]
[2015.04.19-14.13.36:128][785]LogBlueprint:Warning: [compiler] Warning [0058.97] Compile of WidgetBP_MainMenuScreen successful, but with 3 Warning(s) [in 0 ms]
[2015.04.19-14.13.36:128][785]LogBlueprint:Warning: [compiler] Warning [0058.97] Compile of WidgetBP_MainMenuScreen successful, but with 4 Warning(s) [in 0 ms]
[2015.04.19-14.13.36:331][785]LogBlueprint:Warning: [WidgetBP_MainMenuScreen] CreatePinForVariable: 'MainMenuSoundtrack' variable not found. Base class was probably changed.
[2015.04.19-14.13.36:336][785]LogBlueprint:Warning: [compiler] Warning Could not find a variable named "MainMenuSoundtrack" in 'BP_GameMode_C'.
Make sure 'BP_GameMode_C' has been compiled for  Get MainMenuSoundtrack 
[2015.04.19-14.13.36:338][785]LogBlueprint:Warning: [compiler] Warning [0059.18] Compile of WidgetBP_MainMenuScreen successful, but with 1 Warning(s) [in 5 ms]
[2015.04.19-14.13.36:338][785]LogBlueprint:Warning: [compiler] Warning [0059.18] Compile of WidgetBP_MainMenuScreen successful, but with 2 Warning(s) [in 0 ms]
[2015.04.19-14.13.36:437][785]LogWorld: Game class is 'BP_GameMode_C'
[2015.04.19-14.13.36:440][785]LogAIModule: Creating AISystem for world MainMenu_Map
[2015.04.19-14.13.36:441][785]LogWorld: Bringing World /Game/Maps/MainMenu_Map.MainMenu_Map up for play (max tick rate 0) at 2015.04.19-19.43.36
[2015.04.19-14.13.36:441][785]LogWorld: Bringing up level for play took: 0.000902
[2015.04.19-14.13.36:441][785]LogGameMode: Warning - PATHS NOT DEFINED or NO PLAYERSTART with positive rating
[2015.04.19-14.13.41:328][ 88]Closing by request
[2015.04.19-14.13.41:328][ 88]LogWindows: FPlatformMisc::RequestExit(0)
[2015.04.19-14.13.41:644][ 89]LogExit: Preparing to exit.
[2015.04.19-14.13.41:766][ 89]LogExit: Game engine shut down
[2015.04.19-14.13.41:825][ 89]LogParticles: Destroying 0 GPU particle simulations for FXSystem 0x000000000D3B2A20
[2015.04.19-14.13.41:825][ 89]LogExit: Object subsystem successfully closed.
[2015.04.19-14.13.41:874][ 89]LogModuleManager: Shutting down and abandoning module AndroidDeviceDetection (106)
[2015.04.19-14.13.42:056][ 89]LogModuleManager: Shutting down and abandoning module AutomationWorker (105)
[2015.04.19-14.13.42:056][ 89]LogModuleManager: Shutting down and abandoning module CharacterAI (104)
[2015.04.19-14.13.42:056][ 89]LogModuleManager: Shutting down and abandoning module AITestSuite (103)
[2015.04.19-14.13.42:056][ 89]LogModuleManager: Shutting down and abandoning module GameplayDebugger (102)
[2015.04.19-14.13.42:056][ 89]LogModuleManager: Shutting down and abandoning module AIModule (101)
[2015.04.19-14.13.42:056][ 89]LogModuleManager: Shutting down and abandoning module GameLiveStreaming (100)
[2015.04.19-14.13.42:056][ 89]LogModuleManager: Shutting down and abandoning module StreamingPauseRendering (99)
[2015.04.19-14.13.42:056][ 89]LogModuleManager: Shutting down and abandoning module HTTP (98)
[2015.04.19-14.13.42:056][ 89]LogModuleManager: Shutting down and abandoning module AnalyticsET (97)
[2015.04.19-14.13.42:056][ 89]LogModuleManager: Shutting down and abandoning module Analytics (96)
[2015.04.19-14.13.42:056][ 89]LogModuleManager: Shutting down and abandoning module ProfilerService (95)
[2015.04.19-14.13.42:137][ 89]LogModuleManager: Shutting down and abandoning module TaskGraph (94)
[2015.04.19-14.13.42:137][ 89]LogModuleManager: Shutting down and abandoning module SlateRemote (93)
[2015.04.19-14.13.42:137][ 89]LogModuleManager: Shutting down and abandoning module CustomMeshComponent (92)
[2015.04.19-14.13.42:137][ 89]LogModuleManager: Shutting down and abandoning module CableComponent (91)
[2015.04.19-14.13.42:137][ 89]LogModuleManager: Shutting down and abandoning module DesktopPlatform (90)
[2015.04.19-14.13.42:137][ 89]LogModuleManager: Shutting down and abandoning module DirectoryWatcher (89)
[2015.04.19-14.13.42:137][ 89]LogModuleManager: Shutting down and abandoning module HotReload (88)
[2015.04.19-14.13.42:137][ 89]LogModuleManager: Shutting down and abandoning module VisualStudioSourceCodeAccess (87)
[2015.04.19-14.13.42:137][ 89]LogModuleManager: Shutting down and abandoning module UObjectPlugin (86)
[2015.04.19-14.13.42:137][ 89]LogModuleManager: Shutting down and abandoning module SubversionSourceControl (85)
[2015.04.19-14.13.42:137][ 89]LogModuleManager: Shutting down and abandoning module GitSourceControl (84)
[2015.04.19-14.13.42:137][ 89]LogModuleManager: Shutting down and abandoning module SourceControl (83)
[2015.04.19-14.13.42:137][ 89]LogModuleManager: Shutting down and abandoning module PerforceSourceControl (82)
[2015.04.19-14.13.42:137][ 89]LogModuleManager: Shutting down and abandoning module BlankPlugin (81)
[2015.04.19-14.13.42:137][ 89]LogModuleManager: Shutting down and abandoning module ScriptPlugin (80)
[2015.04.19-14.13.42:137][ 89]LogModuleManager: Shutting down and abandoning module UdpMessaging (79)
[2015.04.19-14.13.42:137][ 89]LogModuleManager: Shutting down and abandoning module Paper2D (78)
[2015.04.19-14.13.42:137][ 89]LogModuleManager: Shutting down and abandoning module WindowsMoviePlayer (77)
[2015.04.19-14.13.42:139][ 89]LogModuleManager: Shutting down and abandoning module Media (76)
[2015.04.19-14.13.42:139][ 89]LogModuleManager: Shutting down and abandoning module WmfMedia (75)
[2015.04.19-14.13.42:139][ 89]LogModuleManager: Shutting down and abandoning module OnlineBlueprintSupport (74)
[2015.04.19-14.13.42:139][ 89]LogModuleManager: Shutting down and abandoning module PropertyEditor (73)
[2015.04.19-14.13.42:139][ 89]LogModuleManager: Shutting down and abandoning module BehaviorTreeEditor (72)
[2015.04.19-14.13.42:139][ 89]LogModuleManager: Shutting down and abandoning module FunctionalTesting (71)
[2015.04.19-14.13.42:139][ 89]LogModuleManager: Shutting down and abandoning module CollisionAnalyzer (70)
[2015.04.19-14.13.42:139][ 89]LogModuleManager: Shutting down and abandoning module WorkspaceMenuStructure (69)
[2015.04.19-14.13.42:139][ 89]LogModuleManager: Shutting down and abandoning module MessageLog (68)
[2015.04.19-14.13.42:139][ 89]LogModuleManager: Shutting down and abandoning module Sequencer (67)
[2015.04.19-14.13.42:139][ 89]LogModuleManager: Shutting down and abandoning module AssetTools (66)
[2015.04.19-14.13.42:139][ 89]LogModuleManager: Shutting down and abandoning module UMGEditor (65)
[2015.04.19-14.13.42:139][ 89]LogModuleManager: Shutting down and abandoning module UMG (64)
[2015.04.19-14.13.42:139][ 89]LogModuleManager: Shutting down and abandoning module Slate (63)
[2015.04.19-14.13.42:139][ 89]LogModuleManager: Shutting down and abandoning module EditorStyle (62)
[2015.04.19-14.13.42:145][ 89]LogModuleManager: Shutting down and abandoning module SessionServices (61)
[2015.04.19-14.13.42:145][ 89]LogModuleManager: Shutting down and abandoning module SourceCodeAccess (60)
[2015.04.19-14.13.42:145][ 89]LogModuleManager: Shutting down and abandoning module HeadMountedDisplay (59)
[2015.04.19-14.13.42:145][ 89]LogModuleManager: Shutting down and abandoning module XAudio2 (58)
[2015.04.19-14.13.42:145][ 89]LogModuleManager: Shutting down and abandoning module Networking (56)
[2015.04.19-14.13.42:145][ 89]LogModuleManager: Shutting down and abandoning module Core (55)
[2015.04.19-14.13.42:145][ 89]LogModuleManager: Shutting down and abandoning module KismetCompiler (54)
[2015.04.19-14.13.42:145][ 89]LogModuleManager: Shutting down and abandoning module PhysXFormats (53)
[2015.04.19-14.13.42:145][ 89]LogModuleManager: Shutting down and abandoning module MeshUtilities (52)
[2015.04.19-14.13.42:145][ 89]LogModuleManager: Shutting down and abandoning module DerivedDataCache (51)
[2015.04.19-14.13.42:341][ 89]LogDerivedDataCache: Shutdown
[2015.04.19-14.13.42:341][ 89]LogModuleManager: Shutting down and abandoning module ShaderFormatOpenGL (50)
[2015.04.19-14.13.42:341][ 89]LogModuleManager: Shutting down and abandoning module ShaderFormatD3D (49)
[2015.04.19-14.13.42:341][ 89]LogModuleManager: Shutting down and abandoning module MetalShaderFormat (48)
[2015.04.19-14.13.42:341][ 89]LogModuleManager: Shutting down and abandoning module TextureFormatUncompressed (47)
[2015.04.19-14.13.42:341][ 89]LogModuleManager: Shutting down and abandoning module TextureFormatPVR (46)
[2015.04.19-14.13.42:341][ 89]LogModuleManager: Shutting down and abandoning module TextureFormatIntelISPCTexComp (45)
[2015.04.19-14.13.42:341][ 89]LogModuleManager: Shutting down and abandoning module TextureFormatDXT (44)
[2015.04.19-14.13.42:341][ 89]LogModuleManager: Shutting down and abandoning module ImageWrapper (43)
[2015.04.19-14.13.42:341][ 89]LogModuleManager: Shutting down and abandoning module TextureFormatASTC (42)
[2015.04.19-14.13.42:341][ 89]LogModuleManager: Shutting down and abandoning module TextureFormatAndroid (41)
[2015.04.19-14.13.42:341][ 89]LogModuleManager: Shutting down and abandoning module AudioFormatOpus (40)
[2015.04.19-14.13.42:341][ 89]LogModuleManager: Shutting down and abandoning module AudioFormatOgg (39)
[2015.04.19-14.13.42:341][ 89]LogModuleManager: Shutting down and abandoning module AudioFormatADPCM (38)
[2015.04.19-14.13.42:341][ 89]LogModuleManager: Shutting down and abandoning module LinuxTargetPlatform (37)
[2015.04.19-14.13.42:341][ 89]LogModuleManager: Shutting down and abandoning module LinuxServerTargetPlatform (36)
[2015.04.19-14.13.42:341][ 89]LogModuleManager: Shutting down and abandoning module LinuxNoEditorTargetPlatform (35)
[2015.04.19-14.13.42:341][ 89]LogModuleManager: Shutting down and abandoning module Messaging (34)
[2015.04.19-14.13.42:341][ 89]LogModuleManager: Shutting down and abandoning module IOSTargetPlatform (33)
[2015.04.19-14.13.42:341][ 89]LogModuleManager: Shutting down and abandoning module HTML5TargetPlatform (32)
[2015.04.19-14.13.42:341][ 89]LogModuleManager: Shutting down and abandoning module Android_PVRTCTargetPlatform (31)
[2015.04.19-14.13.42:341][ 89]LogModuleManager: Shutting down and abandoning module Android_ETC2TargetPlatform (30)
[2015.04.19-14.13.42:341][ 89]LogModuleManager: Shutting down and abandoning module Android_ETC1TargetPlatform (29)
[2015.04.19-14.13.42:341][ 89]LogModuleManager: Shutting down and abandoning module Android_ES31TargetPlatform (28)
[2015.04.19-14.13.42:341][ 89]LogModuleManager: Shutting down and abandoning module Android_DXTTargetPlatform (27)
[2015.04.19-14.13.42:341][ 89]LogModuleManager: Shutting down and abandoning module Android_ATCTargetPlatform (26)
[2015.04.19-14.13.42:341][ 89]LogModuleManager: Shutting down and abandoning module AndroidTargetPlatform (25)
[2015.04.19-14.13.42:341][ 89]LogModuleManager: Shutting down and abandoning module WindowsTargetPlatform (24)
[2015.04.19-14.13.42:341][ 89]LogModuleManager: Shutting down and abandoning module WindowsServerTargetPlatform (23)
[2015.04.19-14.13.42:341][ 89]LogModuleManager: Shutting down and abandoning module WindowsNoEditorTargetPlatform (22)
[2015.04.19-14.13.42:341][ 89]LogModuleManager: Shutting down and abandoning module WindowsClientTargetPlatform (21)
[2015.04.19-14.13.42:341][ 89]LogModuleManager: Shutting down and abandoning module TargetPlatform (20)
[2015.04.19-14.13.42:341][ 89]LogModuleManager: Shutting down and abandoning module InputCore (19)
[2015.04.19-14.13.42:341][ 89]LogModuleManager: Shutting down and abandoning module Settings (18)
[2015.04.19-14.13.42:341][ 89]LogModuleManager: Shutting down and abandoning module OnlineSubsystem (16)
[2015.04.19-14.13.42:341][ 89]LogModuleManager: Shutting down and abandoning module OculusRift (15)
[2015.04.19-14.13.42:341][ 89]LogModuleManager: Shutting down and abandoning module ExampleDeviceProfileSelector (14)
[2015.04.19-14.13.42:341][ 89]LogModuleManager: Shutting down and abandoning module TextureCompressor (13)
[2015.04.19-14.13.42:341][ 89]LogModuleManager: Shutting down and abandoning module ShaderCore (12)
[2015.04.19-14.13.42:341][ 89]LogModuleManager: Shutting down and abandoning module Landscape (11)
[2015.04.19-14.13.42:342][ 89]LogModuleManager: Shutting down and abandoning module SlateRHIRenderer (10)
[2015.04.19-14.13.42:342][ 89]LogModuleManager: Shutting down and abandoning module OpenGLDrv (9)
[2015.04.19-14.13.42:342][ 89]LogModuleManager: Shutting down and abandoning module D3D11RHI (8)
[2015.04.19-14.13.42:342][ 89]LogModuleManager: Shutting down and abandoning module Renderer (7)
[2015.04.19-14.13.42:342][ 89]LogModuleManager: Shutting down and abandoning module Engine (6)
[2015.04.19-14.13.42:342][ 89]LogModuleManager: Shutting down and abandoning module CoreUObject (5)
[2015.04.19-14.13.42:342][ 89]LogModuleManager: Shutting down and abandoning module NetworkFile (4)
[2015.04.19-14.13.42:342][ 89]LogModuleManager: Shutting down and abandoning module StreamingFile (3)
[2015.04.19-14.13.42:342][ 89]LogModuleManager: Shutting down and abandoning module SandboxFile (2)
[2015.04.19-14.13.42:342][ 89]LogModuleManager: Shutting down and abandoning module PakFile (1)
[2015.04.19-14.13.42:342][ 89]LogExit: Exiting.
[2015.04.19-14.13.42:344][ 89]Log file closed, 04/19/15 19:43:42
