Log file open, 04/28/15 18:26:13
LogInit:Display: Running engine for game: UMGMenuExample
LogInit: Version: 4.7.6-2513093+++depot+UE4-Releases+4.7
LogInit: API Version: 2455222
LogInit: Compiled (64-bit): Apr 15 2015 12:09:54
LogInit: Compiled with Visual C++: 18.00.21005.01
LogInit: Build Configuration: Development
LogInit: Branch Name: ++depot+UE4-Releases+4.7
LogInit: Command line:  /Temp/Autosaves/Game/Maps/UEDPCMainMenu_Map -game -PIEVIACONSOLE -ResX=1280 -ResY=720  -Multiprocess 
LogInit: Base directory: C:/Program Files/Epic Games/4.7/Engine/Binaries/Win64/
LogInit: Rocket: 1
[2015.04.28-12.56.13:157][  0]LogTaskGraph: Started task graph with 3 named threads and 6 total threads.
[2015.04.28-12.56.13:215][  0]LogOnline:Warning: No default platform service specified for OnlineSubsystem
[2015.04.28-12.56.13:234][  0]LogInit: Presizing for 0 objects not considered by GC, pre-allocating 0 bytes.
[2015.04.28-12.56.13:244][  0]LogInit: Object subsystem initialized
[2015.04.28-12.56.13:246][  0]LogConsoleResponse:Warning: Skipping Unknown console variable: 'UIScaleRule = ShortestSide'
[2015.04.28-12.56.13:246][  0]LogConsoleResponse:Warning:   Found in ini file 'D:/GitHub Repositories/UMGMenuSystem/Saved/Config/Windows/Engine.ini', in section '[/Script/Engine.RendererSettings]'
[2015.04.28-12.56.13:246][  0]LogConsoleResponse:Warning: Skipping Unknown console variable: 'UIScaleCurve = (EditorCurveData=(Keys=),ExternalCurve=None)'
[2015.04.28-12.56.13:246][  0]LogConsoleResponse:Warning:   Found in ini file 'D:/GitHub Repositories/UMGMenuSystem/Saved/Config/Windows/Engine.ini', in section '[/Script/Engine.RendererSettings]'
[2015.04.28-12.56.13:246][  0]LogConsoleManager:Warning: Console variable 'r.MSAA.CompositingSampleCount' wasn't set (Priority ProjectSetting < Scalability)
[2015.04.28-12.56.13:247][  0]LogInit: Selected Device Profile: [Windows]
[2015.04.28-12.56.13:247][  0]LogInit: Applying CVar settings loaded from the selected device profile: [Windows]
[2015.04.28-12.56.13:251][  0]LogInit: Computer: PROTEUS_CORE
[2015.04.28-12.56.13:251][  0]LogInit: User: Rohit
[2015.04.28-12.56.13:251][  0]LogInit: CPU Page size=4096, Cores=4
[2015.04.28-12.56.13:251][  0]LogInit: High frequency timer resolution =3.027421 MHz
[2015.04.28-12.56.13:251][  0]LogMemory: Memory total: Physical=7.9GB (8GB approx) Virtual=8192.0GB
[2015.04.28-12.56.13:251][  0]LogMemory: Platform Memory Stats for Windows
[2015.04.28-12.56.13:251][  0]LogMemory: Process Physical Memory: 49.35 MB used, 49.35 MB peak
[2015.04.28-12.56.13:251][  0]LogMemory: Process Virtual Memory: 26.63 MB used, 26.64 MB peak
[2015.04.28-12.56.13:251][  0]LogMemory: Physical Memory: 4113.54 MB used, 8136.00 MB total
[2015.04.28-12.56.13:251][  0]LogMemory: Virtual Memory: 280.86 MB used, 8388608.00 MB total
[2015.04.28-12.56.13:289][  0]LogD3D11RHI: Found D3D11 adapter 0: NVIDIA GeForce GTX 660   (Feature Level 11_0)
[2015.04.28-12.56.13:289][  0]LogD3D11RHI: Adapter has 1990MB of dedicated video memory, 0MB of dedicated system memory, and 2048MB of shared system memory, 1 output[s]
[2015.04.28-12.56.13:289][  0]LogD3D11RHI: Chosen D3D11 Adapter Id = 0
[2015.04.28-12.56.13:296][  0]LogRHI: Texture pool is 1361 MB (70% of 1945 MB)
[2015.04.28-12.56.13:307][  0]LogD3D11RHI: Async texture creation enabled
[2015.04.28-12.56.13:377][  0]LogTextLocalizationManager: The requested culture ('en_US') has no localization data; parent culture's ('en') localization data will be used.
[2015.04.28-12.56.13:438][  0]LogTextLocalizationManager:Warning: Loading localization resources contain conflicting entries for (Namespace:UICommands, Key:Save_ToolTip):
Resource: (C:/Program Files/Epic Games/4.7/Engine/Content/Localization/Editor/en/Editor.locres) Hash: (-29098895) String: (Saves the current level to disk)
Resource: (C:/Program Files/Epic Games/4.7/Engine/Content/Localization/Engine/en/Engine.locres) Hash: (-1280300587) String: (Save selected data to vlog file)
[2015.04.28-12.56.13:438][  0]LogTextLocalizationManager:Warning: Loading localization resources contain conflicting entries for (Namespace:ContentBrowser, Key:ImportAssetToolTip):
Resource: (C:/Program Files/Epic Games/4.7/Engine/Content/Localization/Editor/en/Editor.locres) Hash: (-630476809) String: (Import to {0}...)
Resource: (C:/Program Files/Epic Games/4.7/Engine/Content/Localization/Editor/en/Editor.locres) Hash: (1271782899) String: (Imports an asset from file to this folder.)
[2015.04.28-12.56.13:522][  0]LogContentStreaming: Texture pool size is 700.000000MB
[2015.04.28-12.56.16:011][  0]LogTargetPlatformManager:Display: Building Assets For Windows
[2015.04.28-12.56.16:716][  0]LogTargetPlatformManager:Display: Building Assets For Windows
[2015.04.28-12.56.16:808][  0]LogDerivedDataCache:Display: Max Cache Size: 512 MB
[2015.04.28-12.56.16:850][  0]LogDerivedDataCache: Loaded boot cache 0.04s 39MB C:/Users/Rohit/AppData/Local/UnrealEngine/4.7/DerivedDataCache/Boot.ddc.
[2015.04.28-12.56.16:850][  0]LogDerivedDataCache:Display: Loaded Boot cache: C:/Users/Rohit/AppData/Local/UnrealEngine/4.7/DerivedDataCache/Boot.ddc
[2015.04.28-12.56.16:850][  0]LogDerivedDataCache: FDerivedDataBackendGraph:  Pak pak cache file D:/GitHub Repositories/UMGMenuSystem/DerivedDataCache/DDC.ddp not found, will not use a pak cache.
[2015.04.28-12.56.16:850][  0]LogDerivedDataCache: Unable to find inner node Pak for hierarchical cache Hierarchy.
[2015.04.28-12.56.16:970][  0]LogDerivedDataCache:Display: Pak cache opened for reading ../../../Engine/DerivedDataCache/Compressed.ddp.
[2015.04.28-12.56.16:983][  0]LogDerivedDataCache: Using Local data cache path C:/Users/Rohit/AppData/Local/UnrealEngine/Common/DerivedDataCache: Writable
[2015.04.28-12.56.17:313][  0]LogMeshUtilities: No automatic mesh reduction module available
[2015.04.28-12.56.17:313][  0]LogMeshUtilities: No automatic mesh merging module available
[2015.04.28-12.56.17:659][  0]LogInit: WinSock: version 1.1 (2.2), MaxSocks=32767, MaxUdp=65467
[2015.04.28-12.56.18:239][  0]LogWindowsMoviePlayer: Unable to load movie: D:/GitHub Repositories/UMGMenuSystem/Content/Movies/Default_Startup.mp4
[2015.04.28-12.56.18:433][  0]LogSourceControl: RunCommandInternalRaw: 'git version'
[2015.04.28-12.56.18:434][  0]LogSourceControl: RunCommandInternalRaw: ExecProcess ReturnCode=2 OutResults=''
[2015.04.28-12.56.18:487][  0]SourceControl: Info Source control is disabled
[2015.04.28-12.56.18:487][  0]SourceControl: Info Source control is disabled
[2015.04.28-12.56.18:487][  0]SourceControl: Info Source control is disabled
[2015.04.28-12.56.18:504][  0]SourceControl: Info Source control is disabled
[2015.04.28-12.56.18:666][  0]LogObj: 23971 objects as part of root set at end of initial load.
[2015.04.28-12.56.18:666][  0]LogUObjectAllocator: 4988928 out of 0 bytes used by permanent object pool.
[2015.04.28-12.56.18:754][  0]LogAutomationTest:Warning: ERR: Transient text cannot be serialized "Testing Transient serialization detection".
[2015.04.28-12.56.18:754][  0]LogEngine: Initializing Engine...
[2015.04.28-12.56.21:919][  0]LogInit: XAudio2 using 'Speakers (Realtek High Definition Audio)' : 2 channels at 48 kHz using 32 bits per sample (channel mask 0x3)
[2015.04.28-12.56.21:962][  0]LogInit: FAudioDevice initialized.
[2015.04.28-12.56.21:965][  0]LogInit: Texture streaming: Enabled
[2015.04.28-12.56.22:064][  0]LogAnalytics: Creating configured Analytics provider AnalyticsET
[2015.04.28-12.56.22:064][  0]LogAnalytics: ET APIKey = Rocket.Release. APIServer = http://et2.epicgames.com/ET2/. AppVersion = 4.7.6-2513093+++depot+UE4-Releases+4.7
[2015.04.28-12.56.22:064][  0]LogAnalytics: ET APIKey = Rocket.Release. DataRouterUploadURL = https://datarouter-public-service-gamedev.ol.epicgames.net/datarouter/api/v1/public/data. AppVersion = 4.7.6-2513093+++depot+UE4-Releases+4.7
[2015.04.28-12.56.22:064][  0]LogAnalytics: SetUserId 013718ab4e6dec0f6374d59520a1ab13|7b8e2bb8b466411588cadfe08ecd7de9|6951b782-1f02-4763-a464-5016cbe33e2c
[2015.04.28-12.56.22:064][  0]LogAnalytics: AnalyticsET::StartSession [Rocket.Release]
[2015.04.28-12.56.22:148][  0]LogNet: Browse: /Temp/Autosaves/Game/Maps/UEDPCMainMenu_Map?Name=Player
[2015.04.28-12.56.22:148][  0]LogLoad: LoadMap: /Temp/Autosaves/Game/Maps/UEDPCMainMenu_Map?Name=Player
[2015.04.28-12.56.22:158][  0]LogMemory: Platform Memory Stats for Windows
[2015.04.28-12.56.22:158][  0]LogMemory: Process Physical Memory: 280.91 MB used, 291.11 MB peak
[2015.04.28-12.56.22:158][  0]LogMemory: Process Virtual Memory: 238.48 MB used, 251.97 MB peak
[2015.04.28-12.56.22:158][  0]LogMemory: Physical Memory: 4299.26 MB used, 8136.00 MB total
[2015.04.28-12.56.22:158][  0]LogMemory: Virtual Memory: 662.33 MB used, 8388608.00 MB total
[2015.04.28-12.56.22:158][  0]LogMemory: 
[2015.04.28-12.56.22:158][  0]Allocator Stats for TBB: (not implemented)
[2015.04.28-12.56.22:315][  0]LogLinker:Warning: CreateImport: Object 'StateChanged__DelegateSignature' isn't imported, because its outer is a placeholder. Archive: 'D:/GitHub Repositories/UMGMenuSystem/Content/Blueprints/BP_MainMenuActor.uasset'
[2015.04.28-12.56.23:001][  0]LogWorld: Game class is 'BP_GameMode_C'
[2015.04.28-12.56.23:066][  0]LogAIModule: Creating AISystem for world MainMenu_Map
[2015.04.28-12.56.23:067][  0]LogWorld: Bringing World /Temp/Autosaves/Game/Maps/UEDPCMainMenu_Map.MainMenu_Map up for play (max tick rate 0) at 2015.04.28-18.26.23
[2015.04.28-12.56.23:067][  0]LogWorld: Bringing up level for play took: 0.001017
[2015.04.28-12.56.23:067][  0]LogGameMode: Warning - PATHS NOT DEFINED or NO PLAYERSTART with positive rating
[2015.04.28-12.56.23:068][  0]r.SetRes = "1280x720"
[2015.04.28-12.56.23:068][  0]r.PostProcessAAQuality = "2"
[2015.04.28-12.56.23:068][  0]LogConsoleManager:Warning: Console variable 'r.MaterialQualityLevel' wasn't set (Priority Console < Scalability)
[2015.04.28-12.56.23:068][  0]sg.EffectsQuality = "1"
[2015.04.28-12.56.23:068][  0]sg.ShadowQuality = "1"
[2015.04.28-12.56.23:068][  0]sg.TextureQuality = "1"
[2015.04.28-12.56.23:073][  0]LogInit:Display: Game Engine Initialized.
[2015.04.28-12.56.23:348][  0]LogLoad: Full Startup: 12.25 seconds (BP compile: 0.35 seconds)
[2015.04.28-12.56.23:368][  0]LogContentStreaming: Texture pool size now 400 MB
[2015.04.28-12.56.23:444][  2]LogRenderer:Warning: Reallocating scene render targets to support 1120x632 (Frame:2).
[2015.04.28-12.56.25:222][109]LogNet: Browse: /Game/Maps/PrototypeLevel_Map
[2015.04.28-12.56.25:222][109]LogLoad: LoadMap: /Game/Maps/PrototypeLevel_Map
[2015.04.28-12.56.25:258][109]LogParticles: Destroying 0 GPU particle simulations for FXSystem 0x000000000CB28540
[2015.04.28-12.56.25:280][109]LogMemory: Platform Memory Stats for Windows
[2015.04.28-12.56.25:280][109]LogMemory: Process Physical Memory: 328.46 MB used, 356.48 MB peak
[2015.04.28-12.56.25:280][109]LogMemory: Process Virtual Memory: 267.13 MB used, 302.24 MB peak
[2015.04.28-12.56.25:280][109]LogMemory: Physical Memory: 4327.89 MB used, 8136.00 MB total
[2015.04.28-12.56.25:280][109]LogMemory: Virtual Memory: 717.79 MB used, 8388608.00 MB total
[2015.04.28-12.56.25:280][109]LogMemory: 
[2015.04.28-12.56.25:280][109]Allocator Stats for TBB: (not implemented)
[2015.04.28-12.56.25:283][109]LogLinker:Warning: CreateImport: Object 'StateChanged__DelegateSignature' isn't imported, because its outer is a placeholder. Archive: 'D:/GitHub Repositories/UMGMenuSystem/Content/Blueprints/BP_InGameActor.uasset'
[2015.04.28-12.56.25:881][109]LogWorld: Game class is 'BP_GameMode_C'
[2015.04.28-12.56.25:883][109]LogAIModule: Creating AISystem for world PrototypeLevel_Map
[2015.04.28-12.56.25:883][109]LogWorld: Bringing World /Game/Maps/PrototypeLevel_Map.PrototypeLevel_Map up for play (max tick rate 0) at 2015.04.28-18.26.25
[2015.04.28-12.56.25:883][109]LogWorld: Bringing up level for play took: 0.000569
[2015.04.28-12.56.25:884][109]LogGameMode: Warning - PATHS NOT DEFINED or NO PLAYERSTART with positive rating
[2015.04.28-12.56.36:980][794]LogEngine: All Windows Closed
[2015.04.28-12.56.36:980][794]LogWindows: FPlatformMisc::RequestExit(0)
[2015.04.28-12.56.37:040][795]LogExit: Preparing to exit.
[2015.04.28-12.56.37:098][795]LogExit: Game engine shut down
[2015.04.28-12.56.37:142][795]LogParticles: Destroying 0 GPU particle simulations for FXSystem 0x000000000AAFD620
[2015.04.28-12.56.37:142][795]LogExit: Object subsystem successfully closed.
[2015.04.28-12.56.37:183][795]LogModuleManager: Shutting down and abandoning module AndroidDeviceDetection (106)
[2015.04.28-12.56.37:392][795]LogModuleManager: Shutting down and abandoning module AutomationWorker (105)
[2015.04.28-12.56.37:392][795]LogModuleManager: Shutting down and abandoning module CharacterAI (104)
[2015.04.28-12.56.37:392][795]LogModuleManager: Shutting down and abandoning module AITestSuite (103)
[2015.04.28-12.56.37:392][795]LogModuleManager: Shutting down and abandoning module GameplayDebugger (102)
[2015.04.28-12.56.37:392][795]LogModuleManager: Shutting down and abandoning module AIModule (101)
[2015.04.28-12.56.37:392][795]LogModuleManager: Shutting down and abandoning module GameLiveStreaming (100)
[2015.04.28-12.56.37:392][795]LogModuleManager: Shutting down and abandoning module StreamingPauseRendering (99)
[2015.04.28-12.56.37:392][795]LogModuleManager: Shutting down and abandoning module HTTP (98)
[2015.04.28-12.56.37:393][795]LogModuleManager: Shutting down and abandoning module AnalyticsET (97)
[2015.04.28-12.56.37:393][795]LogModuleManager: Shutting down and abandoning module Analytics (96)
[2015.04.28-12.56.37:393][795]LogModuleManager: Shutting down and abandoning module ProfilerService (95)
[2015.04.28-12.56.37:458][795]LogModuleManager: Shutting down and abandoning module TaskGraph (94)
[2015.04.28-12.56.37:458][795]LogModuleManager: Shutting down and abandoning module SlateRemote (93)
[2015.04.28-12.56.37:458][795]LogModuleManager: Shutting down and abandoning module CustomMeshComponent (92)
[2015.04.28-12.56.37:458][795]LogModuleManager: Shutting down and abandoning module CableComponent (91)
[2015.04.28-12.56.37:458][795]LogModuleManager: Shutting down and abandoning module DesktopPlatform (90)
[2015.04.28-12.56.37:458][795]LogModuleManager: Shutting down and abandoning module DirectoryWatcher (89)
[2015.04.28-12.56.37:458][795]LogModuleManager: Shutting down and abandoning module HotReload (88)
[2015.04.28-12.56.37:458][795]LogModuleManager: Shutting down and abandoning module VisualStudioSourceCodeAccess (87)
[2015.04.28-12.56.37:458][795]LogModuleManager: Shutting down and abandoning module UObjectPlugin (86)
[2015.04.28-12.56.37:458][795]LogModuleManager: Shutting down and abandoning module SubversionSourceControl (85)
[2015.04.28-12.56.37:458][795]LogModuleManager: Shutting down and abandoning module GitSourceControl (84)
[2015.04.28-12.56.37:458][795]LogModuleManager: Shutting down and abandoning module SourceControl (83)
[2015.04.28-12.56.37:458][795]LogModuleManager: Shutting down and abandoning module PerforceSourceControl (82)
[2015.04.28-12.56.37:458][795]LogModuleManager: Shutting down and abandoning module BlankPlugin (81)
[2015.04.28-12.56.37:458][795]LogModuleManager: Shutting down and abandoning module ScriptPlugin (80)
[2015.04.28-12.56.37:458][795]LogModuleManager: Shutting down and abandoning module UdpMessaging (79)
[2015.04.28-12.56.37:459][795]LogModuleManager: Shutting down and abandoning module Paper2D (78)
[2015.04.28-12.56.37:459][795]LogModuleManager: Shutting down and abandoning module WindowsMoviePlayer (77)
[2015.04.28-12.56.37:464][795]LogModuleManager: Shutting down and abandoning module Media (76)
[2015.04.28-12.56.37:464][795]LogModuleManager: Shutting down and abandoning module WmfMedia (75)
[2015.04.28-12.56.37:464][795]LogModuleManager: Shutting down and abandoning module OnlineBlueprintSupport (74)
[2015.04.28-12.56.37:465][795]LogModuleManager: Shutting down and abandoning module PropertyEditor (73)
[2015.04.28-12.56.37:465][795]LogModuleManager: Shutting down and abandoning module BehaviorTreeEditor (72)
[2015.04.28-12.56.37:465][795]LogModuleManager: Shutting down and abandoning module FunctionalTesting (71)
[2015.04.28-12.56.37:465][795]LogModuleManager: Shutting down and abandoning module CollisionAnalyzer (70)
[2015.04.28-12.56.37:465][795]LogModuleManager: Shutting down and abandoning module WorkspaceMenuStructure (69)
[2015.04.28-12.56.37:465][795]LogModuleManager: Shutting down and abandoning module MessageLog (68)
[2015.04.28-12.56.37:465][795]LogModuleManager: Shutting down and abandoning module Sequencer (67)
[2015.04.28-12.56.37:465][795]LogModuleManager: Shutting down and abandoning module AssetTools (66)
[2015.04.28-12.56.37:465][795]LogModuleManager: Shutting down and abandoning module UMGEditor (65)
[2015.04.28-12.56.37:465][795]LogModuleManager: Shutting down and abandoning module UMG (64)
[2015.04.28-12.56.37:465][795]LogModuleManager: Shutting down and abandoning module Slate (63)
[2015.04.28-12.56.37:465][795]LogModuleManager: Shutting down and abandoning module EditorStyle (62)
[2015.04.28-12.56.37:484][795]LogModuleManager: Shutting down and abandoning module SessionServices (61)
[2015.04.28-12.56.37:484][795]LogModuleManager: Shutting down and abandoning module SourceCodeAccess (60)
[2015.04.28-12.56.37:484][795]LogModuleManager: Shutting down and abandoning module HeadMountedDisplay (59)
[2015.04.28-12.56.37:484][795]LogModuleManager: Shutting down and abandoning module XAudio2 (58)
[2015.04.28-12.56.37:484][795]LogModuleManager: Shutting down and abandoning module Networking (56)
[2015.04.28-12.56.37:484][795]LogModuleManager: Shutting down and abandoning module Core (55)
[2015.04.28-12.56.37:484][795]LogModuleManager: Shutting down and abandoning module KismetCompiler (54)
[2015.04.28-12.56.37:484][795]LogModuleManager: Shutting down and abandoning module PhysXFormats (53)
[2015.04.28-12.56.37:484][795]LogModuleManager: Shutting down and abandoning module MeshUtilities (52)
[2015.04.28-12.56.37:484][795]LogModuleManager: Shutting down and abandoning module DerivedDataCache (51)
[2015.04.28-12.56.37:974][795]LogDerivedDataCache: Shutdown
[2015.04.28-12.56.37:974][795]LogModuleManager: Shutting down and abandoning module ShaderFormatOpenGL (50)
[2015.04.28-12.56.37:974][795]LogModuleManager: Shutting down and abandoning module ShaderFormatD3D (49)
[2015.04.28-12.56.37:974][795]LogModuleManager: Shutting down and abandoning module MetalShaderFormat (48)
[2015.04.28-12.56.37:974][795]LogModuleManager: Shutting down and abandoning module TextureFormatUncompressed (47)
[2015.04.28-12.56.37:974][795]LogModuleManager: Shutting down and abandoning module TextureFormatPVR (46)
[2015.04.28-12.56.37:974][795]LogModuleManager: Shutting down and abandoning module TextureFormatIntelISPCTexComp (45)
[2015.04.28-12.56.37:974][795]LogModuleManager: Shutting down and abandoning module TextureFormatDXT (44)
[2015.04.28-12.56.37:974][795]LogModuleManager: Shutting down and abandoning module ImageWrapper (43)
[2015.04.28-12.56.37:974][795]LogModuleManager: Shutting down and abandoning module TextureFormatASTC (42)
[2015.04.28-12.56.37:974][795]LogModuleManager: Shutting down and abandoning module TextureFormatAndroid (41)
[2015.04.28-12.56.37:974][795]LogModuleManager: Shutting down and abandoning module AudioFormatOpus (40)
[2015.04.28-12.56.37:974][795]LogModuleManager: Shutting down and abandoning module AudioFormatOgg (39)
[2015.04.28-12.56.37:974][795]LogModuleManager: Shutting down and abandoning module AudioFormatADPCM (38)
[2015.04.28-12.56.37:974][795]LogModuleManager: Shutting down and abandoning module LinuxTargetPlatform (37)
[2015.04.28-12.56.37:974][795]LogModuleManager: Shutting down and abandoning module LinuxServerTargetPlatform (36)
[2015.04.28-12.56.37:974][795]LogModuleManager: Shutting down and abandoning module LinuxNoEditorTargetPlatform (35)
[2015.04.28-12.56.37:974][795]LogModuleManager: Shutting down and abandoning module Messaging (34)
[2015.04.28-12.56.37:974][795]LogModuleManager: Shutting down and abandoning module IOSTargetPlatform (33)
[2015.04.28-12.56.37:974][795]LogModuleManager: Shutting down and abandoning module HTML5TargetPlatform (32)
[2015.04.28-12.56.37:974][795]LogModuleManager: Shutting down and abandoning module Android_PVRTCTargetPlatform (31)
[2015.04.28-12.56.37:974][795]LogModuleManager: Shutting down and abandoning module Android_ETC2TargetPlatform (30)
[2015.04.28-12.56.37:974][795]LogModuleManager: Shutting down and abandoning module Android_ETC1TargetPlatform (29)
[2015.04.28-12.56.37:974][795]LogModuleManager: Shutting down and abandoning module Android_ES31TargetPlatform (28)
[2015.04.28-12.56.37:974][795]LogModuleManager: Shutting down and abandoning module Android_DXTTargetPlatform (27)
[2015.04.28-12.56.37:974][795]LogModuleManager: Shutting down and abandoning module Android_ATCTargetPlatform (26)
[2015.04.28-12.56.37:974][795]LogModuleManager: Shutting down and abandoning module AndroidTargetPlatform (25)
[2015.04.28-12.56.37:974][795]LogModuleManager: Shutting down and abandoning module WindowsTargetPlatform (24)
[2015.04.28-12.56.37:974][795]LogModuleManager: Shutting down and abandoning module WindowsServerTargetPlatform (23)
[2015.04.28-12.56.37:974][795]LogModuleManager: Shutting down and abandoning module WindowsNoEditorTargetPlatform (22)
[2015.04.28-12.56.37:974][795]LogModuleManager: Shutting down and abandoning module WindowsClientTargetPlatform (21)
[2015.04.28-12.56.37:975][795]LogModuleManager: Shutting down and abandoning module TargetPlatform (20)
[2015.04.28-12.56.37:975][795]LogModuleManager: Shutting down and abandoning module InputCore (19)
[2015.04.28-12.56.37:975][795]LogModuleManager: Shutting down and abandoning module Settings (18)
[2015.04.28-12.56.37:975][795]LogModuleManager: Shutting down and abandoning module OnlineSubsystem (16)
[2015.04.28-12.56.37:975][795]LogModuleManager: Shutting down and abandoning module OculusRift (15)
[2015.04.28-12.56.37:975][795]LogModuleManager: Shutting down and abandoning module ExampleDeviceProfileSelector (14)
[2015.04.28-12.56.37:975][795]LogModuleManager: Shutting down and abandoning module TextureCompressor (13)
[2015.04.28-12.56.37:975][795]LogModuleManager: Shutting down and abandoning module ShaderCore (12)
[2015.04.28-12.56.37:975][795]LogModuleManager: Shutting down and abandoning module Landscape (11)
[2015.04.28-12.56.37:975][795]LogModuleManager: Shutting down and abandoning module SlateRHIRenderer (10)
[2015.04.28-12.56.37:975][795]LogModuleManager: Shutting down and abandoning module OpenGLDrv (9)
[2015.04.28-12.56.37:975][795]LogModuleManager: Shutting down and abandoning module D3D11RHI (8)
[2015.04.28-12.56.37:975][795]LogModuleManager: Shutting down and abandoning module Renderer (7)
[2015.04.28-12.56.37:975][795]LogModuleManager: Shutting down and abandoning module Engine (6)
[2015.04.28-12.56.37:975][795]LogModuleManager: Shutting down and abandoning module CoreUObject (5)
[2015.04.28-12.56.37:975][795]LogModuleManager: Shutting down and abandoning module NetworkFile (4)
[2015.04.28-12.56.37:975][795]LogModuleManager: Shutting down and abandoning module StreamingFile (3)
[2015.04.28-12.56.37:975][795]LogModuleManager: Shutting down and abandoning module SandboxFile (2)
[2015.04.28-12.56.37:975][795]LogModuleManager: Shutting down and abandoning module PakFile (1)
[2015.04.28-12.56.37:975][795]LogExit: Exiting.
[2015.04.28-12.56.37:977][795]Log file closed, 04/28/15 18:26:37
